-- Found ament_cmake: 1.3.10 (/opt/ros/humble/share/ament_cmake/cmake)
-- Found rclcpp: 16.0.10 (/opt/ros/humble/share/rclcpp/cmake)
-- Found rosidl_generator_c: 3.1.5 (/opt/ros/humble/share/rosidl_generator_c/cmake)
-- Found rosidl_adapter: 3.1.5 (/opt/ros/humble/share/rosidl_adapter/cmake)
-- Found rosidl_generator_cpp: 3.1.5 (/opt/ros/humble/share/rosidl_generator_cpp/cmake)
-- Using all available rosidl_typesupport_c: rosidl_typesupport_fastrtps_c;rosidl_typesupport_introspection_c
-- Using all available rosidl_typesupport_cpp: rosidl_typesupport_fastrtps_cpp;rosidl_typesupport_introspection_cpp
-- Found rmw_implementation_cmake: 6.1.2 (/opt/ros/humble/share/rmw_implementation_cmake/cmake)
-- Found rmw_fastrtps_cpp: 6.2.7 (/opt/ros/humble/share/rmw_fastrtps_cpp/cmake)
-- Using RMW implementation 'rmw_fastrtps_cpp' as default
-- Found ament_lint_auto: 0.12.11 (/opt/ros/humble/share/ament_lint_auto/cmake)
-- Added test 'cppcheck' to perform static code analysis on C / C++ code
-- Configured cppcheck include dirs: /home/llw/git/ros2-study/chapt2/chapt3_ws/src/pkg_cpp/include
-- Configured cppcheck exclude dirs and/or files: 
-- Added test 'flake8' to check Python code syntax and style conventions
-- Added test 'lint_cmake' to check CMake code style
-- Added test 'pep257' to check Python code against some of the docstring style conventions in PEP 257
-- Added test 'uncrustify' to check C / C++ code style
-- Configured uncrustify additional arguments: 
-- Added test 'xmllint' to check XML markup files
-- Configuring done
-- Generating done
-- Build files have been written to: /home/llw/git/ros2-study/chapt2/chapt3_ws/build/pkg_cpp
[35m[1mConsolidate compiler generated dependencies of target test_auto[0m
[35m[1mConsolidate compiler generated dependencies of target person_node[0m
[ 16%] [32mBuilding CXX object CMakeFiles/learn_thread.dir/src/learn_thread.cpp.o[0m
[ 33%] [32mBuilding CXX object CMakeFiles/test_auto.dir/src/test_auto.cpp.o[0m
[ 50%] [32mBuilding CXX object CMakeFiles/person_node.dir/src/person_node.cpp.o[0m
[ 66%] [32m[1mLinking CXX executable test_auto[0m
[ 66%] Built target test_auto
[ 83%] [32m[1mLinking CXX executable person_node[0m
[ 83%] Built target person_node
[100%] [32m[1mLinking CXX executable learn_thread[0m
[100%] Built target learn_thread
-- Install configuration: ""
-- Installing: /home/llw/git/ros2-study/chapt2/chapt3_ws/install/pkg_cpp/lib/pkg_cpp/person_node
-- Set runtime path of "/home/llw/git/ros2-study/chapt2/chapt3_ws/install/pkg_cpp/lib/pkg_cpp/person_node" to ""
-- Installing: /home/llw/git/ros2-study/chapt2/chapt3_ws/install/pkg_cpp/lib/pkg_cpp/test_auto
-- Installing: /home/llw/git/ros2-study/chapt2/chapt3_ws/install/pkg_cpp/lib/pkg_cpp/learn_thread
-- Up-to-date: /home/llw/git/ros2-study/chapt2/chapt3_ws/install/pkg_cpp/share/ament_index/resource_index/package_run_dependencies/pkg_cpp
-- Up-to-date: /home/llw/git/ros2-study/chapt2/chapt3_ws/install/pkg_cpp/share/ament_index/resource_index/parent_prefix_path/pkg_cpp
-- Up-to-date: /home/llw/git/ros2-study/chapt2/chapt3_ws/install/pkg_cpp/share/pkg_cpp/environment/ament_prefix_path.sh
-- Installing: /home/llw/git/ros2-study/chapt2/chapt3_ws/install/pkg_cpp/share/pkg_cpp/environment/ament_prefix_path.dsv
-- Up-to-date: /home/llw/git/ros2-study/chapt2/chapt3_ws/install/pkg_cpp/share/pkg_cpp/environment/path.sh
-- Installing: /home/llw/git/ros2-study/chapt2/chapt3_ws/install/pkg_cpp/share/pkg_cpp/environment/path.dsv
-- Up-to-date: /home/llw/git/ros2-study/chapt2/chapt3_ws/install/pkg_cpp/share/pkg_cpp/local_setup.bash
-- Up-to-date: /home/llw/git/ros2-study/chapt2/chapt3_ws/install/pkg_cpp/share/pkg_cpp/local_setup.sh
-- Up-to-date: /home/llw/git/ros2-study/chapt2/chapt3_ws/install/pkg_cpp/share/pkg_cpp/local_setup.zsh
-- Installing: /home/llw/git/ros2-study/chapt2/chapt3_ws/install/pkg_cpp/share/pkg_cpp/local_setup.dsv
-- Installing: /home/llw/git/ros2-study/chapt2/chapt3_ws/install/pkg_cpp/share/pkg_cpp/package.dsv
-- Up-to-date: /home/llw/git/ros2-study/chapt2/chapt3_ws/install/pkg_cpp/share/ament_index/resource_index/packages/pkg_cpp
-- Up-to-date: /home/llw/git/ros2-study/chapt2/chapt3_ws/install/pkg_cpp/share/pkg_cpp/cmake/pkg_cppConfig.cmake
-- Up-to-date: /home/llw/git/ros2-study/chapt2/chapt3_ws/install/pkg_cpp/share/pkg_cpp/cmake/pkg_cppConfig-version.cmake
-- Up-to-date: /home/llw/git/ros2-study/chapt2/chapt3_ws/install/pkg_cpp/share/pkg_cpp/package.xml
