[0.016s] Invoking command in '/home/llw/git/ros2-study/chapt2/chapt3_ws/build/pkg_cpp': CMAKE_PREFIX_PATH=${CMAKE_PREFIX_PATH}:/opt/ros/humble /usr/bin/cmake --build /home/llw/git/ros2-study/chapt2/chapt3_ws/build/pkg_cpp -- -j16 -l16
[0.042s] -- Found ament_cmake: 1.3.10 (/opt/ros/humble/share/ament_cmake/cmake)
[0.173s] -- Found rclcpp: 16.0.10 (/opt/ros/humble/share/rclcpp/cmake)
[0.203s] -- Found rosidl_generator_c: 3.1.5 (/opt/ros/humble/share/rosidl_generator_c/cmake)
[0.206s] -- Found rosidl_adapter: 3.1.5 (/opt/ros/humble/share/rosidl_adapter/cmake)
[0.213s] -- Found rosidl_generator_cpp: 3.1.5 (/opt/ros/humble/share/rosidl_generator_cpp/cmake)
[0.224s] -- Using all available rosidl_typesupport_c: rosidl_typesupport_fastrtps_c;rosidl_typesupport_introspection_c
[0.238s] -- Using all available rosidl_typesupport_cpp: rosidl_typesupport_fastrtps_cpp;rosidl_typesupport_introspection_cpp
[0.275s] -- Found rmw_implementation_cmake: 6.1.2 (/opt/ros/humble/share/rmw_implementation_cmake/cmake)
[0.276s] -- Found rmw_fastrtps_cpp: 6.2.7 (/opt/ros/humble/share/rmw_fastrtps_cpp/cmake)
[0.378s] -- Using RMW implementation 'rmw_fastrtps_cpp' as default
[0.435s] -- Found ament_lint_auto: 0.12.11 (/opt/ros/humble/share/ament_lint_auto/cmake)
[0.527s] -- Added test 'cppcheck' to perform static code analysis on C / C++ code
[0.527s] -- Configured cppcheck include dirs: /home/llw/git/ros2-study/chapt2/chapt3_ws/src/pkg_cpp/include
[0.527s] -- Configured cppcheck exclude dirs and/or files: 
[0.529s] -- Added test 'flake8' to check Python code syntax and style conventions
[0.532s] -- Added test 'lint_cmake' to check CMake code style
[0.533s] -- Added test 'pep257' to check Python code against some of the docstring style conventions in PEP 257
[0.542s] -- Added test 'uncrustify' to check C / C++ code style
[0.542s] -- Configured uncrustify additional arguments: 
[0.544s] -- Added test 'xmllint' to check XML markup files
[0.545s] -- Configuring done
[0.561s] -- Generating done
[0.567s] -- Build files have been written to: /home/llw/git/ros2-study/chapt2/chapt3_ws/build/pkg_cpp
[0.596s] [35m[1mConsolidate compiler generated dependencies of target test_auto[0m
[0.596s] [35m[1mConsolidate compiler generated dependencies of target person_node[0m
[0.606s] [ 16%] [32mBuilding CXX object CMakeFiles/learn_thread.dir/src/learn_thread.cpp.o[0m
[0.609s] [ 33%] [32mBuilding CXX object CMakeFiles/test_auto.dir/src/test_auto.cpp.o[0m
[0.618s] [ 50%] [32mBuilding CXX object CMakeFiles/person_node.dir/src/person_node.cpp.o[0m
[0.872s] [ 66%] [32m[1mLinking CXX executable test_auto[0m
[0.961s] [ 66%] Built target test_auto
[4.019s] [ 83%] [32m[1mLinking CXX executable person_node[0m
[4.145s] [ 83%] Built target person_node
[6.214s] [100%] [32m[1mLinking CXX executable learn_thread[0m
[6.445s] [100%] Built target learn_thread
[6.458s] Invoked command in '/home/llw/git/ros2-study/chapt2/chapt3_ws/build/pkg_cpp' returned '0': CMAKE_PREFIX_PATH=${CMAKE_PREFIX_PATH}:/opt/ros/humble /usr/bin/cmake --build /home/llw/git/ros2-study/chapt2/chapt3_ws/build/pkg_cpp -- -j16 -l16
[6.468s] Invoking command in '/home/llw/git/ros2-study/chapt2/chapt3_ws/build/pkg_cpp': CMAKE_PREFIX_PATH=${CMAKE_PREFIX_PATH}:/opt/ros/humble /usr/bin/cmake --install /home/llw/git/ros2-study/chapt2/chapt3_ws/build/pkg_cpp
[6.475s] -- Install configuration: ""
[6.476s] -- Installing: /home/llw/git/ros2-study/chapt2/chapt3_ws/install/pkg_cpp/lib/pkg_cpp/person_node
[6.476s] -- Set runtime path of "/home/llw/git/ros2-study/chapt2/chapt3_ws/install/pkg_cpp/lib/pkg_cpp/person_node" to ""
[6.476s] -- Installing: /home/llw/git/ros2-study/chapt2/chapt3_ws/install/pkg_cpp/lib/pkg_cpp/test_auto
[6.477s] -- Installing: /home/llw/git/ros2-study/chapt2/chapt3_ws/install/pkg_cpp/lib/pkg_cpp/learn_thread
[6.479s] -- Up-to-date: /home/llw/git/ros2-study/chapt2/chapt3_ws/install/pkg_cpp/share/ament_index/resource_index/package_run_dependencies/pkg_cpp
[6.479s] -- Up-to-date: /home/llw/git/ros2-study/chapt2/chapt3_ws/install/pkg_cpp/share/ament_index/resource_index/parent_prefix_path/pkg_cpp
[6.479s] -- Up-to-date: /home/llw/git/ros2-study/chapt2/chapt3_ws/install/pkg_cpp/share/pkg_cpp/environment/ament_prefix_path.sh
[6.479s] -- Installing: /home/llw/git/ros2-study/chapt2/chapt3_ws/install/pkg_cpp/share/pkg_cpp/environment/ament_prefix_path.dsv
[6.480s] -- Up-to-date: /home/llw/git/ros2-study/chapt2/chapt3_ws/install/pkg_cpp/share/pkg_cpp/environment/path.sh
[6.480s] -- Installing: /home/llw/git/ros2-study/chapt2/chapt3_ws/install/pkg_cpp/share/pkg_cpp/environment/path.dsv
[6.480s] -- Up-to-date: /home/llw/git/ros2-study/chapt2/chapt3_ws/install/pkg_cpp/share/pkg_cpp/local_setup.bash
[6.480s] -- Up-to-date: /home/llw/git/ros2-study/chapt2/chapt3_ws/install/pkg_cpp/share/pkg_cpp/local_setup.sh
[6.480s] -- Up-to-date: /home/llw/git/ros2-study/chapt2/chapt3_ws/install/pkg_cpp/share/pkg_cpp/local_setup.zsh
[6.480s] -- Installing: /home/llw/git/ros2-study/chapt2/chapt3_ws/install/pkg_cpp/share/pkg_cpp/local_setup.dsv
[6.480s] -- Installing: /home/llw/git/ros2-study/chapt2/chapt3_ws/install/pkg_cpp/share/pkg_cpp/package.dsv
[6.480s] -- Up-to-date: /home/llw/git/ros2-study/chapt2/chapt3_ws/install/pkg_cpp/share/ament_index/resource_index/packages/pkg_cpp
[6.480s] -- Up-to-date: /home/llw/git/ros2-study/chapt2/chapt3_ws/install/pkg_cpp/share/pkg_cpp/cmake/pkg_cppConfig.cmake
[6.480s] -- Up-to-date: /home/llw/git/ros2-study/chapt2/chapt3_ws/install/pkg_cpp/share/pkg_cpp/cmake/pkg_cppConfig-version.cmake
[6.480s] -- Up-to-date: /home/llw/git/ros2-study/chapt2/chapt3_ws/install/pkg_cpp/share/pkg_cpp/package.xml
[6.482s] Invoked command in '/home/llw/git/ros2-study/chapt2/chapt3_ws/build/pkg_cpp' returned '0': CMAKE_PREFIX_PATH=${CMAKE_PREFIX_PATH}:/opt/ros/humble /usr/bin/cmake --install /home/llw/git/ros2-study/chapt2/chapt3_ws/build/pkg_cpp
