[0.108s] DEBUG:colcon:Command line arguments: ['/usr/bin/colcon', 'build']
[0.108s] DEBUG:colcon:Parsed command line arguments: Namespace(log_base=None, log_level=None, verb_name='build', build_base='build', install_base='install', merge_install=False, symlink_install=False, test_result_base=None, continue_on_error=False, executor='parallel', parallel_workers=16, event_handlers=None, ignore_user_meta=False, metas=['./colcon.meta'], base_paths=['.'], packages_ignore=None, packages_ignore_regex=None, paths=None, packages_up_to=None, packages_up_to_regex=None, packages_above=None, packages_above_and_dependencies=None, packages_above_depth=None, packages_select_by_dep=None, packages_skip_by_dep=None, packages_skip_up_to=None, packages_select_build_failed=False, packages_skip_build_finished=False, packages_select_test_failures=False, packages_skip_test_passed=False, packages_select=None, packages_skip=None, packages_select_regex=None, packages_skip_regex=None, packages_start=None, packages_end=None, allow_overriding=[], cmake_args=None, cmake_target=None, cmake_target_skip_unavailable=False, cmake_clean_cache=False, cmake_clean_first=False, cmake_force_configure=False, ament_cmake_args=None, catkin_cmake_args=None, catkin_skip_building_tests=False, verb_parser=<colcon_defaults.argument_parser.defaults.DefaultArgumentsDecorator object at 0x7f9c8d80b730>, verb_extension=<colcon_core.verb.build.BuildVerb object at 0x7f9c8d80a710>, main=<bound method BuildVerb.main of <colcon_core.verb.build.BuildVerb object at 0x7f9c8d80a710>>)
[0.271s] Level 1:colcon.colcon_core.package_discovery:discover_packages(colcon_meta) check parameters
[0.271s] Level 1:colcon.colcon_core.package_discovery:discover_packages(recursive) check parameters
[0.271s] Level 1:colcon.colcon_core.package_discovery:discover_packages(ignore) check parameters
[0.271s] Level 1:colcon.colcon_core.package_discovery:discover_packages(path) check parameters
[0.271s] Level 1:colcon.colcon_core.package_discovery:discover_packages(colcon_meta) discover
[0.272s] Level 1:colcon.colcon_core.package_discovery:discover_packages(recursive) discover
[0.272s] INFO:colcon.colcon_core.package_discovery:Crawling recursively for packages in '/home/llw/git/ros2-study/chapt3/topic_ws'
[0.272s] Level 1:colcon.colcon_core.package_identification:_identify(.) by extensions ['ignore', 'ignore_ament_install']
[0.272s] Level 1:colcon.colcon_core.package_identification:_identify(.) by extension 'ignore'
[0.272s] Level 1:colcon.colcon_core.package_identification:_identify(.) by extension 'ignore_ament_install'
[0.272s] Level 1:colcon.colcon_core.package_identification:_identify(.) by extensions ['colcon_pkg']
[0.272s] Level 1:colcon.colcon_core.package_identification:_identify(.) by extension 'colcon_pkg'
[0.272s] Level 1:colcon.colcon_core.package_identification:_identify(.) by extensions ['colcon_meta']
[0.272s] Level 1:colcon.colcon_core.package_identification:_identify(.) by extension 'colcon_meta'
[0.272s] Level 1:colcon.colcon_core.package_identification:_identify(.) by extensions ['ros']
[0.272s] Level 1:colcon.colcon_core.package_identification:_identify(.) by extension 'ros'
[0.285s] Level 1:colcon.colcon_core.package_identification:_identify(.) by extensions ['cmake', 'python']
[0.285s] Level 1:colcon.colcon_core.package_identification:_identify(.) by extension 'cmake'
[0.285s] Level 1:colcon.colcon_core.package_identification:_identify(.) by extension 'python'
[0.285s] Level 1:colcon.colcon_core.package_identification:_identify(.) by extensions ['python_setup_py']
[0.285s] Level 1:colcon.colcon_core.package_identification:_identify(.) by extension 'python_setup_py'
[0.285s] Level 1:colcon.colcon_core.package_identification:_identify(build) by extensions ['ignore', 'ignore_ament_install']
[0.285s] Level 1:colcon.colcon_core.package_identification:_identify(build) by extension 'ignore'
[0.285s] Level 1:colcon.colcon_core.package_identification:_identify(build) ignored
[0.285s] Level 1:colcon.colcon_core.package_identification:_identify(install) by extensions ['ignore', 'ignore_ament_install']
[0.285s] Level 1:colcon.colcon_core.package_identification:_identify(install) by extension 'ignore'
[0.285s] Level 1:colcon.colcon_core.package_identification:_identify(install) ignored
[0.286s] Level 1:colcon.colcon_core.package_identification:_identify(log) by extensions ['ignore', 'ignore_ament_install']
[0.286s] Level 1:colcon.colcon_core.package_identification:_identify(log) by extension 'ignore'
[0.286s] Level 1:colcon.colcon_core.package_identification:_identify(log) ignored
[0.286s] Level 1:colcon.colcon_core.package_identification:_identify(src) by extensions ['ignore', 'ignore_ament_install']
[0.286s] Level 1:colcon.colcon_core.package_identification:_identify(src) by extension 'ignore'
[0.286s] Level 1:colcon.colcon_core.package_identification:_identify(src) by extension 'ignore_ament_install'
[0.286s] Level 1:colcon.colcon_core.package_identification:_identify(src) by extensions ['colcon_pkg']
[0.286s] Level 1:colcon.colcon_core.package_identification:_identify(src) by extension 'colcon_pkg'
[0.286s] Level 1:colcon.colcon_core.package_identification:_identify(src) by extensions ['colcon_meta']
[0.286s] Level 1:colcon.colcon_core.package_identification:_identify(src) by extension 'colcon_meta'
[0.286s] Level 1:colcon.colcon_core.package_identification:_identify(src) by extensions ['ros']
[0.286s] Level 1:colcon.colcon_core.package_identification:_identify(src) by extension 'ros'
[0.286s] Level 1:colcon.colcon_core.package_identification:_identify(src) by extensions ['cmake', 'python']
[0.286s] Level 1:colcon.colcon_core.package_identification:_identify(src) by extension 'cmake'
[0.286s] Level 1:colcon.colcon_core.package_identification:_identify(src) by extension 'python'
[0.286s] Level 1:colcon.colcon_core.package_identification:_identify(src) by extensions ['python_setup_py']
[0.286s] Level 1:colcon.colcon_core.package_identification:_identify(src) by extension 'python_setup_py'
[0.286s] Level 1:colcon.colcon_core.package_identification:_identify(src/pkg_cpp_topic) by extensions ['ignore', 'ignore_ament_install']
[0.287s] Level 1:colcon.colcon_core.package_identification:_identify(src/pkg_cpp_topic) by extension 'ignore'
[0.287s] Level 1:colcon.colcon_core.package_identification:_identify(src/pkg_cpp_topic) by extension 'ignore_ament_install'
[0.287s] Level 1:colcon.colcon_core.package_identification:_identify(src/pkg_cpp_topic) by extensions ['colcon_pkg']
[0.287s] Level 1:colcon.colcon_core.package_identification:_identify(src/pkg_cpp_topic) by extension 'colcon_pkg'
[0.287s] Level 1:colcon.colcon_core.package_identification:_identify(src/pkg_cpp_topic) by extensions ['colcon_meta']
[0.287s] Level 1:colcon.colcon_core.package_identification:_identify(src/pkg_cpp_topic) by extension 'colcon_meta'
[0.287s] Level 1:colcon.colcon_core.package_identification:_identify(src/pkg_cpp_topic) by extensions ['ros']
[0.287s] Level 1:colcon.colcon_core.package_identification:_identify(src/pkg_cpp_topic) by extension 'ros'
[0.290s] DEBUG:colcon.colcon_core.package_identification:Package 'src/pkg_cpp_topic' with type 'ros.ament_cmake' and name 'pkg_cpp_topic'
[0.290s] Level 1:colcon.colcon_core.package_discovery:discover_packages(recursive) using defaults
[0.290s] Level 1:colcon.colcon_core.package_discovery:discover_packages(ignore) discover
[0.290s] Level 1:colcon.colcon_core.package_discovery:discover_packages(ignore) using defaults
[0.290s] Level 1:colcon.colcon_core.package_discovery:discover_packages(path) discover
[0.290s] Level 1:colcon.colcon_core.package_discovery:discover_packages(path) using defaults
[0.311s] Level 1:colcon.colcon_core.package_discovery:discover_packages(prefix_path) check parameters
[0.311s] Level 1:colcon.colcon_core.package_discovery:discover_packages(prefix_path) discover
[0.312s] WARNING:colcon.colcon_core.prefix_path.colcon:The path '/home/llw/git/ros2-study/chapt2/install' in the environment variable COLCON_PREFIX_PATH doesn't exist
[0.312s] WARNING:colcon.colcon_core.prefix_path.colcon:The path '/home/llw/git/ros2-study/package_example_cpp/src/install' in the environment variable COLCON_PREFIX_PATH doesn't exist
[0.312s] WARNING:colcon.colcon_ros.prefix_path.ament:The path '/home/llw/git/ros2-study/chapt2/install/demo_cpp_pkg' in the environment variable AMENT_PREFIX_PATH doesn't exist
[0.312s] WARNING:colcon.colcon_ros.prefix_path.ament:The path '/home/llw/git/ros2-study/package_example_cpp/src/install/example_cpp' in the environment variable AMENT_PREFIX_PATH doesn't exist
[0.312s] WARNING:colcon.colcon_ros.prefix_path.catkin:The path '/home/llw/git/ros2-study/chapt2/install/demo_cpp_pkg' in the environment variable CMAKE_PREFIX_PATH doesn't exist
[0.312s] WARNING:colcon.colcon_ros.prefix_path.catkin:The path '/home/llw/git/ros2-study/package_example_cpp/src/install/example_cpp' in the environment variable CMAKE_PREFIX_PATH doesn't exist
[0.314s] DEBUG:colcon.colcon_installed_package_information.package_discovery:Found 1 installed packages in /home/llw/git/ros2-study/chapt2/chapt3_ws/install
[0.315s] DEBUG:colcon.colcon_installed_package_information.package_discovery:Found 1 installed packages in /home/llw/git/ros2-study/chapt2/chapt2_ws/install
[0.315s] DEBUG:colcon.colcon_installed_package_information.package_discovery:Found 1 installed packages in /home/llw/git/ros2-study/package_example_cpp/install
[0.317s] DEBUG:colcon.colcon_installed_package_information.package_discovery:Found 270 installed packages in /opt/ros/humble
[0.318s] Level 1:colcon.colcon_core.package_discovery:discover_packages(prefix_path) using defaults
[0.370s] Level 5:colcon.colcon_core.verb:set package 'pkg_cpp_topic' build argument 'cmake_args' from command line to 'None'
[0.370s] Level 5:colcon.colcon_core.verb:set package 'pkg_cpp_topic' build argument 'cmake_target' from command line to 'None'
[0.370s] Level 5:colcon.colcon_core.verb:set package 'pkg_cpp_topic' build argument 'cmake_target_skip_unavailable' from command line to 'False'
[0.370s] Level 5:colcon.colcon_core.verb:set package 'pkg_cpp_topic' build argument 'cmake_clean_cache' from command line to 'False'
[0.370s] Level 5:colcon.colcon_core.verb:set package 'pkg_cpp_topic' build argument 'cmake_clean_first' from command line to 'False'
[0.370s] Level 5:colcon.colcon_core.verb:set package 'pkg_cpp_topic' build argument 'cmake_force_configure' from command line to 'False'
[0.370s] Level 5:colcon.colcon_core.verb:set package 'pkg_cpp_topic' build argument 'ament_cmake_args' from command line to 'None'
[0.370s] Level 5:colcon.colcon_core.verb:set package 'pkg_cpp_topic' build argument 'catkin_cmake_args' from command line to 'None'
[0.370s] Level 5:colcon.colcon_core.verb:set package 'pkg_cpp_topic' build argument 'catkin_skip_building_tests' from command line to 'False'
[0.370s] DEBUG:colcon.colcon_core.verb:Building package 'pkg_cpp_topic' with the following arguments: {'ament_cmake_args': None, 'build_base': '/home/llw/git/ros2-study/chapt3/topic_ws/build/pkg_cpp_topic', 'catkin_cmake_args': None, 'catkin_skip_building_tests': False, 'cmake_args': None, 'cmake_clean_cache': False, 'cmake_clean_first': False, 'cmake_force_configure': False, 'cmake_target': None, 'cmake_target_skip_unavailable': False, 'install_base': '/home/llw/git/ros2-study/chapt3/topic_ws/install/pkg_cpp_topic', 'merge_install': False, 'path': '/home/llw/git/ros2-study/chapt3/topic_ws/src/pkg_cpp_topic', 'symlink_install': False, 'test_result_base': None}
[0.370s] INFO:colcon.colcon_core.executor:Executing jobs using 'parallel' executor
[0.371s] DEBUG:colcon.colcon_parallel_executor.executor.parallel:run_until_complete
[0.371s] INFO:colcon.colcon_ros.task.ament_cmake.build:Building ROS package in '/home/llw/git/ros2-study/chapt3/topic_ws/src/pkg_cpp_topic' with build type 'ament_cmake'
[0.371s] INFO:colcon.colcon_cmake.task.cmake.build:Building CMake package in '/home/llw/git/ros2-study/chapt3/topic_ws/src/pkg_cpp_topic'
[0.374s] INFO:colcon.colcon_core.plugin_system:Skipping extension 'colcon_core.shell.bat': Not used on non-Windows systems
[0.374s] INFO:colcon.colcon_core.shell:Skip shell extension 'powershell' for command environment: Not usable outside of PowerShell
[0.374s] DEBUG:colcon.colcon_core.shell:Skip shell extension 'dsv' for command environment
[0.384s] DEBUG:colcon.colcon_core.event_handler.log_command:Invoking command in '/home/llw/git/ros2-study/chapt3/topic_ws/build/pkg_cpp_topic': CMAKE_PREFIX_PATH=${CMAKE_PREFIX_PATH}:/opt/ros/humble /usr/bin/cmake /home/llw/git/ros2-study/chapt3/topic_ws/src/pkg_cpp_topic -DCMAKE_INSTALL_PREFIX=/home/llw/git/ros2-study/chapt3/topic_ws/install/pkg_cpp_topic
[1.685s] DEBUG:colcon.colcon_core.event_handler.log_command:Invoked command in '/home/llw/git/ros2-study/chapt3/topic_ws/build/pkg_cpp_topic' returned '0': CMAKE_PREFIX_PATH=${CMAKE_PREFIX_PATH}:/opt/ros/humble /usr/bin/cmake /home/llw/git/ros2-study/chapt3/topic_ws/src/pkg_cpp_topic -DCMAKE_INSTALL_PREFIX=/home/llw/git/ros2-study/chapt3/topic_ws/install/pkg_cpp_topic
[1.687s] DEBUG:colcon.colcon_core.event_handler.log_command:Invoking command in '/home/llw/git/ros2-study/chapt3/topic_ws/build/pkg_cpp_topic': CMAKE_PREFIX_PATH=${CMAKE_PREFIX_PATH}:/opt/ros/humble /usr/bin/cmake --build /home/llw/git/ros2-study/chapt3/topic_ws/build/pkg_cpp_topic -- -j16 -l16
[1.730s] DEBUG:colcon.colcon_core.event_handler.log_command:Invoked command in '/home/llw/git/ros2-study/chapt3/topic_ws/build/pkg_cpp_topic' returned '0': CMAKE_PREFIX_PATH=${CMAKE_PREFIX_PATH}:/opt/ros/humble /usr/bin/cmake --build /home/llw/git/ros2-study/chapt3/topic_ws/build/pkg_cpp_topic -- -j16 -l16
[1.739s] DEBUG:colcon.colcon_core.event_handler.log_command:Invoking command in '/home/llw/git/ros2-study/chapt3/topic_ws/build/pkg_cpp_topic': CMAKE_PREFIX_PATH=${CMAKE_PREFIX_PATH}:/opt/ros/humble /usr/bin/cmake --install /home/llw/git/ros2-study/chapt3/topic_ws/build/pkg_cpp_topic
[1.749s] Level 1:colcon.colcon_core.environment:create_environment_scripts_only(pkg_cpp_topic)
[1.750s] DEBUG:colcon.colcon_core.event_handler.log_command:Invoked command in '/home/llw/git/ros2-study/chapt3/topic_ws/build/pkg_cpp_topic' returned '0': CMAKE_PREFIX_PATH=${CMAKE_PREFIX_PATH}:/opt/ros/humble /usr/bin/cmake --install /home/llw/git/ros2-study/chapt3/topic_ws/build/pkg_cpp_topic
[1.752s] Level 1:colcon.colcon_core.environment:checking '/home/llw/git/ros2-study/chapt3/topic_ws/install/pkg_cpp_topic' for CMake module files
[1.753s] Level 1:colcon.colcon_core.environment:checking '/home/llw/git/ros2-study/chapt3/topic_ws/install/pkg_cpp_topic' for CMake config files
[1.753s] Level 1:colcon.colcon_core.shell:create_environment_hook('pkg_cpp_topic', 'cmake_prefix_path')
[1.753s] INFO:colcon.colcon_core.shell:Creating environment hook '/home/llw/git/ros2-study/chapt3/topic_ws/install/pkg_cpp_topic/share/pkg_cpp_topic/hook/cmake_prefix_path.ps1'
[1.754s] INFO:colcon.colcon_core.shell:Creating environment descriptor '/home/llw/git/ros2-study/chapt3/topic_ws/install/pkg_cpp_topic/share/pkg_cpp_topic/hook/cmake_prefix_path.dsv'
[1.754s] INFO:colcon.colcon_core.shell:Creating environment hook '/home/llw/git/ros2-study/chapt3/topic_ws/install/pkg_cpp_topic/share/pkg_cpp_topic/hook/cmake_prefix_path.sh'
[1.755s] Level 1:colcon.colcon_core.environment:checking '/home/llw/git/ros2-study/chapt3/topic_ws/install/pkg_cpp_topic/bin'
[1.755s] Level 1:colcon.colcon_core.environment:checking '/home/llw/git/ros2-study/chapt3/topic_ws/install/pkg_cpp_topic/lib/pkgconfig/pkg_cpp_topic.pc'
[1.755s] Level 1:colcon.colcon_core.environment:checking '/home/llw/git/ros2-study/chapt3/topic_ws/install/pkg_cpp_topic/lib/python3.10/site-packages'
[1.756s] Level 1:colcon.colcon_core.environment:checking '/home/llw/git/ros2-study/chapt3/topic_ws/install/pkg_cpp_topic/bin'
[1.756s] INFO:colcon.colcon_core.shell:Creating package script '/home/llw/git/ros2-study/chapt3/topic_ws/install/pkg_cpp_topic/share/pkg_cpp_topic/package.ps1'
[1.757s] INFO:colcon.colcon_core.shell:Creating package descriptor '/home/llw/git/ros2-study/chapt3/topic_ws/install/pkg_cpp_topic/share/pkg_cpp_topic/package.dsv'
[1.757s] INFO:colcon.colcon_core.shell:Creating package script '/home/llw/git/ros2-study/chapt3/topic_ws/install/pkg_cpp_topic/share/pkg_cpp_topic/package.sh'
[1.758s] INFO:colcon.colcon_core.shell:Creating package script '/home/llw/git/ros2-study/chapt3/topic_ws/install/pkg_cpp_topic/share/pkg_cpp_topic/package.bash'
[1.759s] INFO:colcon.colcon_core.shell:Creating package script '/home/llw/git/ros2-study/chapt3/topic_ws/install/pkg_cpp_topic/share/pkg_cpp_topic/package.zsh'
[1.760s] Level 1:colcon.colcon_core.environment:create_file_with_runtime_dependencies(/home/llw/git/ros2-study/chapt3/topic_ws/install/pkg_cpp_topic/share/colcon-core/packages/pkg_cpp_topic)
[1.760s] Level 1:colcon.colcon_core.environment:create_environment_scripts_only(pkg_cpp_topic)
[1.761s] Level 1:colcon.colcon_core.environment:checking '/home/llw/git/ros2-study/chapt3/topic_ws/install/pkg_cpp_topic' for CMake module files
[1.761s] Level 1:colcon.colcon_core.environment:checking '/home/llw/git/ros2-study/chapt3/topic_ws/install/pkg_cpp_topic' for CMake config files
[1.761s] Level 1:colcon.colcon_core.shell:create_environment_hook('pkg_cpp_topic', 'cmake_prefix_path')
[1.761s] INFO:colcon.colcon_core.shell:Creating environment hook '/home/llw/git/ros2-study/chapt3/topic_ws/install/pkg_cpp_topic/share/pkg_cpp_topic/hook/cmake_prefix_path.ps1'
[1.762s] INFO:colcon.colcon_core.shell:Creating environment descriptor '/home/llw/git/ros2-study/chapt3/topic_ws/install/pkg_cpp_topic/share/pkg_cpp_topic/hook/cmake_prefix_path.dsv'
[1.762s] INFO:colcon.colcon_core.shell:Creating environment hook '/home/llw/git/ros2-study/chapt3/topic_ws/install/pkg_cpp_topic/share/pkg_cpp_topic/hook/cmake_prefix_path.sh'
[1.763s] Level 1:colcon.colcon_core.environment:checking '/home/llw/git/ros2-study/chapt3/topic_ws/install/pkg_cpp_topic/bin'
[1.763s] Level 1:colcon.colcon_core.environment:checking '/home/llw/git/ros2-study/chapt3/topic_ws/install/pkg_cpp_topic/lib/pkgconfig/pkg_cpp_topic.pc'
[1.763s] Level 1:colcon.colcon_core.environment:checking '/home/llw/git/ros2-study/chapt3/topic_ws/install/pkg_cpp_topic/lib/python3.10/site-packages'
[1.763s] Level 1:colcon.colcon_core.environment:checking '/home/llw/git/ros2-study/chapt3/topic_ws/install/pkg_cpp_topic/bin'
[1.764s] INFO:colcon.colcon_core.shell:Creating package script '/home/llw/git/ros2-study/chapt3/topic_ws/install/pkg_cpp_topic/share/pkg_cpp_topic/package.ps1'
[1.764s] INFO:colcon.colcon_core.shell:Creating package descriptor '/home/llw/git/ros2-study/chapt3/topic_ws/install/pkg_cpp_topic/share/pkg_cpp_topic/package.dsv'
[1.765s] INFO:colcon.colcon_core.shell:Creating package script '/home/llw/git/ros2-study/chapt3/topic_ws/install/pkg_cpp_topic/share/pkg_cpp_topic/package.sh'
[1.765s] INFO:colcon.colcon_core.shell:Creating package script '/home/llw/git/ros2-study/chapt3/topic_ws/install/pkg_cpp_topic/share/pkg_cpp_topic/package.bash'
[1.766s] INFO:colcon.colcon_core.shell:Creating package script '/home/llw/git/ros2-study/chapt3/topic_ws/install/pkg_cpp_topic/share/pkg_cpp_topic/package.zsh'
[1.766s] Level 1:colcon.colcon_core.environment:create_file_with_runtime_dependencies(/home/llw/git/ros2-study/chapt3/topic_ws/install/pkg_cpp_topic/share/colcon-core/packages/pkg_cpp_topic)
[1.766s] DEBUG:colcon.colcon_parallel_executor.executor.parallel:closing loop
[1.767s] DEBUG:colcon.colcon_parallel_executor.executor.parallel:loop closed
[1.767s] DEBUG:colcon.colcon_parallel_executor.executor.parallel:run_until_complete finished with '0'
[1.767s] DEBUG:colcon.colcon_core.event_reactor:joining thread
[1.772s] INFO:colcon.colcon_core.plugin_system:Skipping extension 'colcon_notification.desktop_notification.terminal_notifier': Not used on non-Darwin systems
[1.772s] INFO:colcon.colcon_core.plugin_system:Skipping extension 'colcon_notification.desktop_notification.win32': Not used on non-Windows systems
[1.772s] INFO:colcon.colcon_notification.desktop_notification:Sending desktop notification using 'notify2'
[26.798s] DEBUG:colcon.colcon_notification.desktop_notification.notify2:Failed to initialize notify2: org.freedesktop.DBus.Error.NoReply: Did not receive a reply. Possible causes include: the remote application did not send a reply, the message bus security policy blocked the reply, the reply timeout expired, or the network connection was broken.
[26.798s] DEBUG:colcon.colcon_core.event_reactor:joined thread
[26.799s] INFO:colcon.colcon_core.shell:Creating prefix script '/home/llw/git/ros2-study/chapt3/topic_ws/install/local_setup.ps1'
[26.800s] INFO:colcon.colcon_core.shell:Creating prefix util module '/home/llw/git/ros2-study/chapt3/topic_ws/install/_local_setup_util_ps1.py'
[26.802s] INFO:colcon.colcon_core.shell:Creating prefix chain script '/home/llw/git/ros2-study/chapt3/topic_ws/install/setup.ps1'
[26.803s] INFO:colcon.colcon_core.shell:Creating prefix script '/home/llw/git/ros2-study/chapt3/topic_ws/install/local_setup.sh'
[26.804s] INFO:colcon.colcon_core.shell:Creating prefix util module '/home/llw/git/ros2-study/chapt3/topic_ws/install/_local_setup_util_sh.py'
[26.805s] INFO:colcon.colcon_core.shell:Creating prefix chain script '/home/llw/git/ros2-study/chapt3/topic_ws/install/setup.sh'
[26.806s] INFO:colcon.colcon_core.shell:Creating prefix script '/home/llw/git/ros2-study/chapt3/topic_ws/install/local_setup.bash'
[26.806s] INFO:colcon.colcon_core.shell:Creating prefix chain script '/home/llw/git/ros2-study/chapt3/topic_ws/install/setup.bash'
[26.808s] INFO:colcon.colcon_core.shell:Creating prefix script '/home/llw/git/ros2-study/chapt3/topic_ws/install/local_setup.zsh'
[26.808s] INFO:colcon.colcon_core.shell:Creating prefix chain script '/home/llw/git/ros2-study/chapt3/topic_ws/install/setup.zsh'
