[0.013s] Invoking command in '/home/llw/git/ros2-study/chapt3/topic_ws/build/pkg_cpp_topic': CMAKE_PREFIX_PATH=${CMAKE_PREFIX_PATH}:/opt/ros/humble /usr/bin/cmake --build /home/llw/git/ros2-study/chapt3/topic_ws/build/pkg_cpp_topic -- -j16 -l16
[0.041s] -- Found ament_cmake: 1.3.10 (/opt/ros/humble/share/ament_cmake/cmake)
[0.181s] -- Found rclcpp: 16.0.10 (/opt/ros/humble/share/rclcpp/cmake)
[0.210s] -- Found rosidl_generator_c: 3.1.5 (/opt/ros/humble/share/rosidl_generator_c/cmake)
[0.213s] -- Found rosidl_adapter: 3.1.5 (/opt/ros/humble/share/rosidl_adapter/cmake)
[0.220s] -- Found rosidl_generator_cpp: 3.1.5 (/opt/ros/humble/share/rosidl_generator_cpp/cmake)
[0.231s] -- Using all available rosidl_typesupport_c: rosidl_typesupport_fastrtps_c;rosidl_typesupport_introspection_c
[0.244s] -- Using all available rosidl_typesupport_cpp: rosidl_typesupport_fastrtps_cpp;rosidl_typesupport_introspection_cpp
[0.280s] -- Found rmw_implementation_cmake: 6.1.2 (/opt/ros/humble/share/rmw_implementation_cmake/cmake)
[0.281s] -- Found rmw_fastrtps_cpp: 6.2.7 (/opt/ros/humble/share/rmw_fastrtps_cpp/cmake)
[0.381s] -- Using RMW implementation 'rmw_fastrtps_cpp' as default
[0.437s] -- Found geometry_msgs: 4.2.4 (/opt/ros/humble/share/geometry_msgs/cmake)
[0.451s] -- Found turtlesim: 1.4.2 (/opt/ros/humble/share/turtlesim/cmake)
[0.493s] -- Found ament_lint_auto: 0.12.11 (/opt/ros/humble/share/ament_lint_auto/cmake)
[0.569s] -- Added test 'cppcheck' to perform static code analysis on C / C++ code
[0.576s] -- Configured cppcheck include dirs: /home/llw/git/ros2-study/chapt3/topic_ws/src/pkg_cpp_topic/include
[0.576s] -- Configured cppcheck exclude dirs and/or files: 
[0.576s] -- Added test 'lint_cmake' to check CMake code style
[0.577s] -- Added test 'uncrustify' to check C / C++ code style
[0.577s] -- Configured uncrustify additional arguments: 
[0.577s] -- Added test 'xmllint' to check XML markup files
[0.577s] -- Configuring done
[0.588s] -- Generating done
[0.594s] -- Build files have been written to: /home/llw/git/ros2-study/chapt3/topic_ws/build/pkg_cpp_topic
[0.624s] [35m[1mConsolidate compiler generated dependencies of target turtle_circle[0m
[0.634s] [ 25%] [32mBuilding CXX object CMakeFiles/turtle_control.dir/src/turtle_control.cpp.o[0m
[0.645s] [ 50%] [32mBuilding CXX object CMakeFiles/turtle_circle.dir/src/turtle_circle.cpp.o[0m
[5.609s] [ 75%] [32m[1mLinking CXX executable turtle_circle[0m
[5.830s] [ 75%] Built target turtle_circle
[10.381s] [100%] [32m[1mLinking CXX executable turtle_control[0m
[10.882s] [100%] Built target turtle_control
[10.895s] Invoked command in '/home/llw/git/ros2-study/chapt3/topic_ws/build/pkg_cpp_topic' returned '0': CMAKE_PREFIX_PATH=${CMAKE_PREFIX_PATH}:/opt/ros/humble /usr/bin/cmake --build /home/llw/git/ros2-study/chapt3/topic_ws/build/pkg_cpp_topic -- -j16 -l16
[10.907s] Invoking command in '/home/llw/git/ros2-study/chapt3/topic_ws/build/pkg_cpp_topic': CMAKE_PREFIX_PATH=${CMAKE_PREFIX_PATH}:/opt/ros/humble /usr/bin/cmake --install /home/llw/git/ros2-study/chapt3/topic_ws/build/pkg_cpp_topic
[10.914s] -- Install configuration: ""
[10.915s] -- Installing: /home/llw/git/ros2-study/chapt3/topic_ws/install/pkg_cpp_topic/lib/pkg_cpp_topic/turtle_circle
[10.916s] -- Set runtime path of "/home/llw/git/ros2-study/chapt3/topic_ws/install/pkg_cpp_topic/lib/pkg_cpp_topic/turtle_circle" to ""
[10.917s] -- Installing: /home/llw/git/ros2-study/chapt3/topic_ws/install/pkg_cpp_topic/lib/pkg_cpp_topic/turtle_control
[10.922s] -- Set runtime path of "/home/llw/git/ros2-study/chapt3/topic_ws/install/pkg_cpp_topic/lib/pkg_cpp_topic/turtle_control" to ""
[10.922s] -- Up-to-date: /home/llw/git/ros2-study/chapt3/topic_ws/install/pkg_cpp_topic/share/ament_index/resource_index/package_run_dependencies/pkg_cpp_topic
[10.923s] -- Installing: /home/llw/git/ros2-study/chapt3/topic_ws/install/pkg_cpp_topic/share/ament_index/resource_index/parent_prefix_path/pkg_cpp_topic
[10.923s] -- Up-to-date: /home/llw/git/ros2-study/chapt3/topic_ws/install/pkg_cpp_topic/share/pkg_cpp_topic/environment/ament_prefix_path.sh
[10.923s] -- Installing: /home/llw/git/ros2-study/chapt3/topic_ws/install/pkg_cpp_topic/share/pkg_cpp_topic/environment/ament_prefix_path.dsv
[10.923s] -- Up-to-date: /home/llw/git/ros2-study/chapt3/topic_ws/install/pkg_cpp_topic/share/pkg_cpp_topic/environment/path.sh
[10.923s] -- Installing: /home/llw/git/ros2-study/chapt3/topic_ws/install/pkg_cpp_topic/share/pkg_cpp_topic/environment/path.dsv
[10.923s] -- Up-to-date: /home/llw/git/ros2-study/chapt3/topic_ws/install/pkg_cpp_topic/share/pkg_cpp_topic/local_setup.bash
[10.923s] -- Up-to-date: /home/llw/git/ros2-study/chapt3/topic_ws/install/pkg_cpp_topic/share/pkg_cpp_topic/local_setup.sh
[10.924s] -- Up-to-date: /home/llw/git/ros2-study/chapt3/topic_ws/install/pkg_cpp_topic/share/pkg_cpp_topic/local_setup.zsh
[10.924s] -- Installing: /home/llw/git/ros2-study/chapt3/topic_ws/install/pkg_cpp_topic/share/pkg_cpp_topic/local_setup.dsv
[10.924s] -- Installing: /home/llw/git/ros2-study/chapt3/topic_ws/install/pkg_cpp_topic/share/pkg_cpp_topic/package.dsv
[10.924s] -- Up-to-date: /home/llw/git/ros2-study/chapt3/topic_ws/install/pkg_cpp_topic/share/ament_index/resource_index/packages/pkg_cpp_topic
[10.924s] -- Up-to-date: /home/llw/git/ros2-study/chapt3/topic_ws/install/pkg_cpp_topic/share/pkg_cpp_topic/cmake/pkg_cpp_topicConfig.cmake
[10.924s] -- Up-to-date: /home/llw/git/ros2-study/chapt3/topic_ws/install/pkg_cpp_topic/share/pkg_cpp_topic/cmake/pkg_cpp_topicConfig-version.cmake
[10.924s] -- Up-to-date: /home/llw/git/ros2-study/chapt3/topic_ws/install/pkg_cpp_topic/share/pkg_cpp_topic/package.xml
[10.926s] Invoked command in '/home/llw/git/ros2-study/chapt3/topic_ws/build/pkg_cpp_topic' returned '0': CMAKE_PREFIX_PATH=${CMAKE_PREFIX_PATH}:/opt/ros/humble /usr/bin/cmake --install /home/llw/git/ros2-study/chapt3/topic_ws/build/pkg_cpp_topic
