[0.013s] Invoking command in '/home/llw/git/ros2-study/chapt2/chapt2_ws/build/demo_cpp_pkg': CMAKE_PREFIX_PATH=${CMAKE_PREFIX_PATH}:/opt/ros/humble /usr/bin/cmake --build /home/llw/git/ros2-study/chapt2/chapt2_ws/build/demo_cpp_pkg -- -j16 -l16
[0.074s] [100%] Built target cpp_node
[0.086s] Invoked command in '/home/llw/git/ros2-study/chapt2/chapt2_ws/build/demo_cpp_pkg' returned '0': CMAKE_PREFIX_PATH=${CMAKE_PREFIX_PATH}:/opt/ros/humble /usr/bin/cmake --build /home/llw/git/ros2-study/chapt2/chapt2_ws/build/demo_cpp_pkg -- -j16 -l16
[0.097s] Invoking command in '/home/llw/git/ros2-study/chapt2/chapt2_ws/build/demo_cpp_pkg': CMAKE_PREFIX_PATH=${CMAKE_PREFIX_PATH}:/opt/ros/humble /usr/bin/cmake --install /home/llw/git/ros2-study/chapt2/chapt2_ws/build/demo_cpp_pkg
[0.104s] -- Install configuration: ""
[0.104s] -- Up-to-date: /home/llw/git/ros2-study/chapt2/chapt2_ws/install/demo_cpp_pkg/lib/demo_cpp_pkg/cpp_node
[0.104s] -- Up-to-date: /home/llw/git/ros2-study/chapt2/chapt2_ws/install/demo_cpp_pkg/share/ament_index/resource_index/package_run_dependencies/demo_cpp_pkg
[0.105s] -- Up-to-date: /home/llw/git/ros2-study/chapt2/chapt2_ws/install/demo_cpp_pkg/share/ament_index/resource_index/parent_prefix_path/demo_cpp_pkg
[0.105s] -- Up-to-date: /home/llw/git/ros2-study/chapt2/chapt2_ws/install/demo_cpp_pkg/share/demo_cpp_pkg/environment/ament_prefix_path.sh
[0.105s] -- Up-to-date: /home/llw/git/ros2-study/chapt2/chapt2_ws/install/demo_cpp_pkg/share/demo_cpp_pkg/environment/ament_prefix_path.dsv
[0.105s] -- Up-to-date: /home/llw/git/ros2-study/chapt2/chapt2_ws/install/demo_cpp_pkg/share/demo_cpp_pkg/environment/path.sh
[0.105s] -- Up-to-date: /home/llw/git/ros2-study/chapt2/chapt2_ws/install/demo_cpp_pkg/share/demo_cpp_pkg/environment/path.dsv
[0.106s] -- Up-to-date: /home/llw/git/ros2-study/chapt2/chapt2_ws/install/demo_cpp_pkg/share/demo_cpp_pkg/local_setup.bash
[0.106s] -- Up-to-date: /home/llw/git/ros2-study/chapt2/chapt2_ws/install/demo_cpp_pkg/share/demo_cpp_pkg/local_setup.sh
[0.106s] -- Up-to-date: /home/llw/git/ros2-study/chapt2/chapt2_ws/install/demo_cpp_pkg/share/demo_cpp_pkg/local_setup.zsh
[0.106s] -- Up-to-date: /home/llw/git/ros2-study/chapt2/chapt2_ws/install/demo_cpp_pkg/share/demo_cpp_pkg/local_setup.dsv
[0.106s] -- Installing: /home/llw/git/ros2-study/chapt2/chapt2_ws/install/demo_cpp_pkg/share/demo_cpp_pkg/package.dsv
[0.106s] -- Up-to-date: /home/llw/git/ros2-study/chapt2/chapt2_ws/install/demo_cpp_pkg/share/ament_index/resource_index/packages/demo_cpp_pkg
[0.106s] -- Up-to-date: /home/llw/git/ros2-study/chapt2/chapt2_ws/install/demo_cpp_pkg/share/demo_cpp_pkg/cmake/demo_cpp_pkgConfig.cmake
[0.106s] -- Up-to-date: /home/llw/git/ros2-study/chapt2/chapt2_ws/install/demo_cpp_pkg/share/demo_cpp_pkg/cmake/demo_cpp_pkgConfig-version.cmake
[0.106s] -- Up-to-date: /home/llw/git/ros2-study/chapt2/chapt2_ws/install/demo_cpp_pkg/share/demo_cpp_pkg/package.xml
[0.108s] Invoked command in '/home/llw/git/ros2-study/chapt2/chapt2_ws/build/demo_cpp_pkg' returned '0': CMAKE_PREFIX_PATH=${CMAKE_PREFIX_PATH}:/opt/ros/humble /usr/bin/cmake --install /home/llw/git/ros2-study/chapt2/chapt2_ws/build/demo_cpp_pkg
