[0.013s] Invoking command in '/home/llw/git/ros2-study/chapt2/chapt3_ws/build/pkg_cpp': CMAKE_PREFIX_PATH=${CMAKE_PREFIX_PATH}:/opt/ros/humble /usr/bin/cmake /home/llw/git/ros2-study/chapt2/chapt3_ws/src/pkg_cpp -DCMAKE_INSTALL_PREFIX=/home/llw/git/ros2-study/chapt2/chapt3_ws/install/pkg_cpp
[0.075s] -- The C compiler identification is GNU 11.4.0
[0.139s] -- The CXX compiler identification is GNU 11.4.0
[0.147s] -- Detecting C compiler ABI info
[0.226s] -- Detecting C compiler ABI info - done
[0.234s] -- Check for working C compiler: /usr/bin/cc - skipped
[0.235s] -- Detecting C compile features
[0.235s] -- Detecting C compile features - done
[0.238s] -- Detecting CXX compiler ABI info
[0.330s] -- Detecting CXX compiler ABI info - done
[0.339s] -- Check for working CXX compiler: /usr/bin/c++ - skipped
[0.339s] -- Detecting CXX compile features
[0.340s] -- Detecting CXX compile features - done
[0.343s] -- Found ament_cmake: 1.3.10 (/opt/ros/humble/share/ament_cmake/cmake)
[0.512s] -- Found Python3: /usr/bin/python3 (found version "3.10.12") found components: Interpreter 
[0.610s] -- Found rclcpp: 16.0.10 (/opt/ros/humble/share/rclcpp/cmake)
[0.658s] -- Found rosidl_generator_c: 3.1.5 (/opt/ros/humble/share/rosidl_generator_c/cmake)
[0.663s] -- Found rosidl_adapter: 3.1.5 (/opt/ros/humble/share/rosidl_adapter/cmake)
[0.673s] -- Found rosidl_generator_cpp: 3.1.5 (/opt/ros/humble/share/rosidl_generator_cpp/cmake)
[0.688s] -- Using all available rosidl_typesupport_c: rosidl_typesupport_fastrtps_c;rosidl_typesupport_introspection_c
[0.707s] -- Using all available rosidl_typesupport_cpp: rosidl_typesupport_fastrtps_cpp;rosidl_typesupport_introspection_cpp
[0.757s] -- Found rmw_implementation_cmake: 6.1.2 (/opt/ros/humble/share/rmw_implementation_cmake/cmake)
[0.761s] -- Found rmw_fastrtps_cpp: 6.2.7 (/opt/ros/humble/share/rmw_fastrtps_cpp/cmake)
[0.856s] -- Found OpenSSL: /usr/lib/x86_64-linux-gnu/libcrypto.so (found version "3.0.2")  
[0.883s] -- Found FastRTPS: /opt/ros/humble/include  
[0.927s] -- Using RMW implementation 'rmw_fastrtps_cpp' as default
[0.936s] -- Looking for pthread.h
[1.027s] -- Looking for pthread.h - found
[1.028s] -- Performing Test CMAKE_HAVE_LIBC_PTHREAD
[1.115s] -- Performing Test CMAKE_HAVE_LIBC_PTHREAD - Success
[1.117s] -- Found Threads: TRUE  
[1.178s] -- Found ament_lint_auto: 0.12.11 (/opt/ros/humble/share/ament_lint_auto/cmake)
[1.266s] -- Added test 'cppcheck' to perform static code analysis on C / C++ code
[1.266s] -- Configured cppcheck include dirs: 
[1.266s] -- Configured cppcheck exclude dirs and/or files: 
[1.267s] -- Added test 'lint_cmake' to check CMake code style
[1.268s] -- Added test 'uncrustify' to check C / C++ code style
[1.268s] -- Configured uncrustify additional arguments: 
[1.269s] -- Added test 'xmllint' to check XML markup files
[1.271s] -- Configuring done
[1.283s] -- Generating done
[1.288s] -- Build files have been written to: /home/llw/git/ros2-study/chapt2/chapt3_ws/build/pkg_cpp
[1.299s] Invoked command in '/home/llw/git/ros2-study/chapt2/chapt3_ws/build/pkg_cpp' returned '0': CMAKE_PREFIX_PATH=${CMAKE_PREFIX_PATH}:/opt/ros/humble /usr/bin/cmake /home/llw/git/ros2-study/chapt2/chapt3_ws/src/pkg_cpp -DCMAKE_INSTALL_PREFIX=/home/llw/git/ros2-study/chapt2/chapt3_ws/install/pkg_cpp
[1.301s] Invoking command in '/home/llw/git/ros2-study/chapt2/chapt3_ws/build/pkg_cpp': CMAKE_PREFIX_PATH=${CMAKE_PREFIX_PATH}:/opt/ros/humble /usr/bin/cmake --build /home/llw/git/ros2-study/chapt2/chapt3_ws/build/pkg_cpp -- -j16 -l16
[1.357s] [ 50%] [32mBuilding CXX object CMakeFiles/person_node.dir/src/person_node.cpp.o[0m
[4.915s] [100%] [32m[1mLinking CXX executable person_node[0m
[5.061s] [100%] Built target person_node
[5.074s] Invoked command in '/home/llw/git/ros2-study/chapt2/chapt3_ws/build/pkg_cpp' returned '0': CMAKE_PREFIX_PATH=${CMAKE_PREFIX_PATH}:/opt/ros/humble /usr/bin/cmake --build /home/llw/git/ros2-study/chapt2/chapt3_ws/build/pkg_cpp -- -j16 -l16
[5.085s] Invoking command in '/home/llw/git/ros2-study/chapt2/chapt3_ws/build/pkg_cpp': CMAKE_PREFIX_PATH=${CMAKE_PREFIX_PATH}:/opt/ros/humble /usr/bin/cmake --install /home/llw/git/ros2-study/chapt2/chapt3_ws/build/pkg_cpp
[5.092s] -- Install configuration: ""
[5.093s] -- Installing: /home/llw/git/ros2-study/chapt2/chapt3_ws/install/pkg_cpp/lib/pkg_cpp/person_node
[5.093s] -- Set runtime path of "/home/llw/git/ros2-study/chapt2/chapt3_ws/install/pkg_cpp/lib/pkg_cpp/person_node" to ""
[5.094s] -- Installing: /home/llw/git/ros2-study/chapt2/chapt3_ws/install/pkg_cpp/share/ament_index/resource_index/package_run_dependencies/pkg_cpp
[5.094s] -- Installing: /home/llw/git/ros2-study/chapt2/chapt3_ws/install/pkg_cpp/share/ament_index/resource_index/parent_prefix_path/pkg_cpp
[5.094s] -- Installing: /home/llw/git/ros2-study/chapt2/chapt3_ws/install/pkg_cpp/share/pkg_cpp/environment/ament_prefix_path.sh
[5.094s] -- Installing: /home/llw/git/ros2-study/chapt2/chapt3_ws/install/pkg_cpp/share/pkg_cpp/environment/ament_prefix_path.dsv
[5.094s] -- Installing: /home/llw/git/ros2-study/chapt2/chapt3_ws/install/pkg_cpp/share/pkg_cpp/environment/path.sh
[5.095s] -- Installing: /home/llw/git/ros2-study/chapt2/chapt3_ws/install/pkg_cpp/share/pkg_cpp/environment/path.dsv
[5.095s] -- Installing: /home/llw/git/ros2-study/chapt2/chapt3_ws/install/pkg_cpp/share/pkg_cpp/local_setup.bash
[5.095s] -- Installing: /home/llw/git/ros2-study/chapt2/chapt3_ws/install/pkg_cpp/share/pkg_cpp/local_setup.sh
[5.095s] -- Installing: /home/llw/git/ros2-study/chapt2/chapt3_ws/install/pkg_cpp/share/pkg_cpp/local_setup.zsh
[5.095s] -- Installing: /home/llw/git/ros2-study/chapt2/chapt3_ws/install/pkg_cpp/share/pkg_cpp/local_setup.dsv
[5.095s] -- Installing: /home/llw/git/ros2-study/chapt2/chapt3_ws/install/pkg_cpp/share/pkg_cpp/package.dsv
[5.096s] -- Installing: /home/llw/git/ros2-study/chapt2/chapt3_ws/install/pkg_cpp/share/ament_index/resource_index/packages/pkg_cpp
[5.096s] -- Installing: /home/llw/git/ros2-study/chapt2/chapt3_ws/install/pkg_cpp/share/pkg_cpp/cmake/pkg_cppConfig.cmake
[5.096s] -- Installing: /home/llw/git/ros2-study/chapt2/chapt3_ws/install/pkg_cpp/share/pkg_cpp/cmake/pkg_cppConfig-version.cmake
[5.096s] -- Installing: /home/llw/git/ros2-study/chapt2/chapt3_ws/install/pkg_cpp/share/pkg_cpp/package.xml
[5.098s] Invoked command in '/home/llw/git/ros2-study/chapt2/chapt3_ws/build/pkg_cpp' returned '0': CMAKE_PREFIX_PATH=${CMAKE_PREFIX_PATH}:/opt/ros/humble /usr/bin/cmake --install /home/llw/git/ros2-study/chapt2/chapt3_ws/build/pkg_cpp
