[0.012s] Invoking command in '/home/llw/git/ros2-study/package_example_cpp/build/example_cpp': CMAKE_PREFIX_PATH=${CMAKE_PREFIX_PATH}:/opt/ros/humble /usr/bin/cmake /home/llw/git/ros2-study/package_example_cpp/src/example_cpp -DCMAKE_INSTALL_PREFIX=/home/llw/git/ros2-study/package_example_cpp/install/example_cpp
[0.072s] -- The C compiler identification is GNU 11.4.0
[0.135s] -- The CXX compiler identification is GNU 11.4.0
[0.143s] -- Detecting C compiler ABI info
[0.221s] -- Detecting C compiler ABI info - done
[0.230s] -- Check for working C compiler: /usr/bin/cc - skipped
[0.230s] -- Detecting C compile features
[0.231s] -- Detecting C compile features - done
[0.234s] -- Detecting CXX compiler ABI info
[0.326s] -- Detecting CXX compiler ABI info - done
[0.334s] -- Check for working CXX compiler: /usr/bin/c++ - skipped
[0.334s] -- Detecting CXX compile features
[0.335s] -- Detecting CXX compile features - done
[0.337s] -- Found ament_cmake: 1.3.10 (/opt/ros/humble/share/ament_cmake/cmake)
[0.500s] -- Found Python3: /usr/bin/python3 (found version "3.10.12") found components: Interpreter 
[0.589s] -- Found rclcpp: 16.0.10 (/opt/ros/humble/share/rclcpp/cmake)
[0.629s] -- Found rosidl_generator_c: 3.1.5 (/opt/ros/humble/share/rosidl_generator_c/cmake)
[0.634s] -- Found rosidl_adapter: 3.1.5 (/opt/ros/humble/share/rosidl_adapter/cmake)
[0.642s] -- Found rosidl_generator_cpp: 3.1.5 (/opt/ros/humble/share/rosidl_generator_cpp/cmake)
[0.654s] -- Using all available rosidl_typesupport_c: rosidl_typesupport_fastrtps_c;rosidl_typesupport_introspection_c
[0.672s] -- Using all available rosidl_typesupport_cpp: rosidl_typesupport_fastrtps_cpp;rosidl_typesupport_introspection_cpp
[0.717s] -- Found rmw_implementation_cmake: 6.1.2 (/opt/ros/humble/share/rmw_implementation_cmake/cmake)
[0.720s] -- Found rmw_fastrtps_cpp: 6.2.7 (/opt/ros/humble/share/rmw_fastrtps_cpp/cmake)
[0.805s] -- Found OpenSSL: /usr/lib/x86_64-linux-gnu/libcrypto.so (found version "3.0.2")  
[0.830s] -- Found FastRTPS: /opt/ros/humble/include  
[0.869s] -- Using RMW implementation 'rmw_fastrtps_cpp' as default
[0.877s] -- Looking for pthread.h
[0.958s] -- Looking for pthread.h - found
[0.959s] -- Performing Test CMAKE_HAVE_LIBC_PTHREAD
[1.040s] -- Performing Test CMAKE_HAVE_LIBC_PTHREAD - Success
[1.042s] -- Found Threads: TRUE  
[1.099s] -- Found ament_lint_auto: 0.12.11 (/opt/ros/humble/share/ament_lint_auto/cmake)
[1.184s] -- Added test 'cppcheck' to perform static code analysis on C / C++ code
[1.184s] -- Configured cppcheck include dirs: 
[1.184s] -- Configured cppcheck exclude dirs and/or files: 
[1.185s] -- Added test 'lint_cmake' to check CMake code style
[1.186s] -- Added test 'uncrustify' to check C / C++ code style
[1.187s] -- Configured uncrustify additional arguments: 
[1.187s] -- Added test 'xmllint' to check XML markup files
[1.190s] -- Configuring done
[1.202s] -- Generating done
[1.207s] -- Build files have been written to: /home/llw/git/ros2-study/package_example_cpp/build/example_cpp
[1.220s] Invoked command in '/home/llw/git/ros2-study/package_example_cpp/build/example_cpp' returned '0': CMAKE_PREFIX_PATH=${CMAKE_PREFIX_PATH}:/opt/ros/humble /usr/bin/cmake /home/llw/git/ros2-study/package_example_cpp/src/example_cpp -DCMAKE_INSTALL_PREFIX=/home/llw/git/ros2-study/package_example_cpp/install/example_cpp
[1.222s] Invoking command in '/home/llw/git/ros2-study/package_example_cpp/build/example_cpp': CMAKE_PREFIX_PATH=${CMAKE_PREFIX_PATH}:/opt/ros/humble /usr/bin/cmake --build /home/llw/git/ros2-study/package_example_cpp/build/example_cpp -- -j16 -l16
[1.274s] [ 50%] [32mBuilding CXX object CMakeFiles/node_01.dir/src/node_01.cpp.o[0m
[4.433s] [100%] [32m[1mLinking CXX executable node_01[0m
[4.553s] [100%] Built target node_01
[4.565s] Invoked command in '/home/llw/git/ros2-study/package_example_cpp/build/example_cpp' returned '0': CMAKE_PREFIX_PATH=${CMAKE_PREFIX_PATH}:/opt/ros/humble /usr/bin/cmake --build /home/llw/git/ros2-study/package_example_cpp/build/example_cpp -- -j16 -l16
[4.575s] Invoking command in '/home/llw/git/ros2-study/package_example_cpp/build/example_cpp': CMAKE_PREFIX_PATH=${CMAKE_PREFIX_PATH}:/opt/ros/humble /usr/bin/cmake --install /home/llw/git/ros2-study/package_example_cpp/build/example_cpp
[4.582s] -- Install configuration: ""
[4.582s] -- Installing: /home/llw/git/ros2-study/package_example_cpp/install/example_cpp/share/ament_index/resource_index/package_run_dependencies/example_cpp
[4.582s] -- Installing: /home/llw/git/ros2-study/package_example_cpp/install/example_cpp/share/ament_index/resource_index/parent_prefix_path/example_cpp
[4.582s] -- Installing: /home/llw/git/ros2-study/package_example_cpp/install/example_cpp/share/example_cpp/environment/ament_prefix_path.sh
[4.583s] -- Installing: /home/llw/git/ros2-study/package_example_cpp/install/example_cpp/share/example_cpp/environment/ament_prefix_path.dsv
[4.583s] -- Installing: /home/llw/git/ros2-study/package_example_cpp/install/example_cpp/share/example_cpp/environment/path.sh
[4.583s] -- Installing: /home/llw/git/ros2-study/package_example_cpp/install/example_cpp/share/example_cpp/environment/path.dsv
[4.583s] -- Installing: /home/llw/git/ros2-study/package_example_cpp/install/example_cpp/share/example_cpp/local_setup.bash
[4.583s] -- Installing: /home/llw/git/ros2-study/package_example_cpp/install/example_cpp/share/example_cpp/local_setup.sh
[4.583s] -- Installing: /home/llw/git/ros2-study/package_example_cpp/install/example_cpp/share/example_cpp/local_setup.zsh
[4.583s] -- Installing: /home/llw/git/ros2-study/package_example_cpp/install/example_cpp/share/example_cpp/local_setup.dsv
[4.584s] -- Installing: /home/llw/git/ros2-study/package_example_cpp/install/example_cpp/share/example_cpp/package.dsv
[4.584s] -- Installing: /home/llw/git/ros2-study/package_example_cpp/install/example_cpp/share/ament_index/resource_index/packages/example_cpp
[4.584s] -- Installing: /home/llw/git/ros2-study/package_example_cpp/install/example_cpp/share/example_cpp/cmake/example_cppConfig.cmake
[4.584s] -- Installing: /home/llw/git/ros2-study/package_example_cpp/install/example_cpp/share/example_cpp/cmake/example_cppConfig-version.cmake
[4.584s] -- Installing: /home/llw/git/ros2-study/package_example_cpp/install/example_cpp/share/example_cpp/package.xml
[4.585s] -- Installing: /home/llw/git/ros2-study/package_example_cpp/install/example_cpp/lib/example_cpp/node_01
[4.585s] -- Set runtime path of "/home/llw/git/ros2-study/package_example_cpp/install/example_cpp/lib/example_cpp/node_01" to ""
[4.587s] Invoked command in '/home/llw/git/ros2-study/package_example_cpp/build/example_cpp' returned '0': CMAKE_PREFIX_PATH=${CMAKE_PREFIX_PATH}:/opt/ros/humble /usr/bin/cmake --install /home/llw/git/ros2-study/package_example_cpp/build/example_cpp
