[0.012s] Invoking command in '/home/llw/git/ros2-study/chapt6/build/fishbot_description': CMAKE_PREFIX_PATH=/opt/ros/humble /usr/bin/cmake --build /home/llw/git/ros2-study/chapt6/build/fishbot_description -- -j16 -l16
[0.036s] -- Found ament_cmake: 1.3.11 (/opt/ros/humble/share/ament_cmake/cmake)
[0.169s] -- Found ament_lint_auto: 0.12.11 (/opt/ros/humble/share/ament_lint_auto/cmake)
[0.245s] -- Added test 'flake8' to check Python code syntax and style conventions
[0.246s] -- Added test 'lint_cmake' to check CMake code style
[0.247s] -- Added test 'pep257' to check Python code against some of the docstring style conventions in PEP 257
[0.248s] -- Added test 'xmllint' to check XML markup files
[0.249s] -- Configuring done
[0.254s] -- Generating done
[0.257s] -- Build files have been written to: /home/llw/git/ros2-study/chapt6/build/fishbot_description
[0.281s] Invoked command in '/home/llw/git/ros2-study/chapt6/build/fishbot_description' returned '0': CMAKE_PREFIX_PATH=/opt/ros/humble /usr/bin/cmake --build /home/llw/git/ros2-study/chapt6/build/fishbot_description -- -j16 -l16
[0.291s] Invoking command in '/home/llw/git/ros2-study/chapt6/build/fishbot_description': CMAKE_PREFIX_PATH=/opt/ros/humble /usr/bin/cmake --install /home/llw/git/ros2-study/chapt6/build/fishbot_description
[0.298s] -- Install configuration: ""
[0.298s] -- Up-to-date: /home/llw/git/ros2-study/chapt6/install/fishbot_description/share/fishbot_description/launch
[0.298s] -- Up-to-date: /home/llw/git/ros2-study/chapt6/install/fishbot_description/share/fishbot_description/launch/__pycache__
[0.298s] -- Up-to-date: /home/llw/git/ros2-study/chapt6/install/fishbot_description/share/fishbot_description/launch/__pycache__/display_robot.launch.cpython-310.pyc
[0.298s] -- Installing: /home/llw/git/ros2-study/chapt6/install/fishbot_description/share/fishbot_description/launch/display_robot.launch.py
[0.298s] -- Up-to-date: /home/llw/git/ros2-study/chapt6/install/fishbot_description/share/fishbot_description/urdf
[0.298s] -- Up-to-date: /home/llw/git/ros2-study/chapt6/install/fishbot_description/share/fishbot_description/urdf/first_robot.pdf
[0.298s] -- Up-to-date: /home/llw/git/ros2-study/chapt6/install/fishbot_description/share/fishbot_description/urdf/first_robot.urdf
[0.299s] -- Up-to-date: /home/llw/git/ros2-study/chapt6/install/fishbot_description/share/fishbot_description/urdf/first_robot.gv
[0.299s] -- Installing: /home/llw/git/ros2-study/chapt6/install/fishbot_description/share/fishbot_description/config
[0.299s] -- Installing: /home/llw/git/ros2-study/chapt6/install/fishbot_description/share/fishbot_description/config/display_robot_model.rviz
[0.299s] -- Up-to-date: /home/llw/git/ros2-study/chapt6/install/fishbot_description/share/ament_index/resource_index/package_run_dependencies/fishbot_description
[0.299s] -- Up-to-date: /home/llw/git/ros2-study/chapt6/install/fishbot_description/share/ament_index/resource_index/parent_prefix_path/fishbot_description
[0.299s] -- Up-to-date: /home/llw/git/ros2-study/chapt6/install/fishbot_description/share/fishbot_description/environment/ament_prefix_path.sh
[0.299s] -- Installing: /home/llw/git/ros2-study/chapt6/install/fishbot_description/share/fishbot_description/environment/ament_prefix_path.dsv
[0.299s] -- Up-to-date: /home/llw/git/ros2-study/chapt6/install/fishbot_description/share/fishbot_description/environment/path.sh
[0.299s] -- Installing: /home/llw/git/ros2-study/chapt6/install/fishbot_description/share/fishbot_description/environment/path.dsv
[0.299s] -- Up-to-date: /home/llw/git/ros2-study/chapt6/install/fishbot_description/share/fishbot_description/local_setup.bash
[0.300s] -- Up-to-date: /home/llw/git/ros2-study/chapt6/install/fishbot_description/share/fishbot_description/local_setup.sh
[0.300s] -- Up-to-date: /home/llw/git/ros2-study/chapt6/install/fishbot_description/share/fishbot_description/local_setup.zsh
[0.300s] -- Installing: /home/llw/git/ros2-study/chapt6/install/fishbot_description/share/fishbot_description/local_setup.dsv
[0.300s] -- Installing: /home/llw/git/ros2-study/chapt6/install/fishbot_description/share/fishbot_description/package.dsv
[0.300s] -- Up-to-date: /home/llw/git/ros2-study/chapt6/install/fishbot_description/share/ament_index/resource_index/packages/fishbot_description
[0.300s] -- Up-to-date: /home/llw/git/ros2-study/chapt6/install/fishbot_description/share/fishbot_description/cmake/fishbot_descriptionConfig.cmake
[0.300s] -- Up-to-date: /home/llw/git/ros2-study/chapt6/install/fishbot_description/share/fishbot_description/cmake/fishbot_descriptionConfig-version.cmake
[0.300s] -- Up-to-date: /home/llw/git/ros2-study/chapt6/install/fishbot_description/share/fishbot_description/package.xml
[0.302s] Invoked command in '/home/llw/git/ros2-study/chapt6/build/fishbot_description' returned '0': CMAKE_PREFIX_PATH=/opt/ros/humble /usr/bin/cmake --install /home/llw/git/ros2-study/chapt6/build/fishbot_description
