[0.014s] Invoking command in '/home/llw/git/ros2-study/chapt4_ws/build/pkg_interfaces': CMAKE_PREFIX_PATH=${CMAKE_PREFIX_PATH}:/opt/ros/humble /usr/bin/cmake --build /home/llw/git/ros2-study/chapt4_ws/build/pkg_interfaces -- -j16 -l16
[0.073s] [  2%] Built target pkg_interfaces__cpp
[0.074s] [ 12%] Built target pkg_interfaces__rosidl_generator_c
[0.080s] [ 12%] Built target ament_cmake_python_symlink_pkg_interfaces
[0.099s] [ 23%] Built target pkg_interfaces__rosidl_typesupport_cpp
[0.100s] [ 33%] Built target pkg_interfaces__rosidl_typesupport_c
[0.100s] [ 43%] Built target pkg_interfaces__rosidl_typesupport_fastrtps_cpp
[0.101s] [ 58%] Built target pkg_interfaces__rosidl_typesupport_introspection_cpp
[0.101s] [ 64%] Built target pkg_interfaces__rosidl_typesupport_introspection_c
[0.102s] [ 74%] Built target pkg_interfaces__rosidl_typesupport_fastrtps_c
[0.125s] [ 74%] Built target pkg_interfaces
[0.148s] [ 76%] Built target pkg_interfaces__py
[0.172s] [ 84%] Built target pkg_interfaces__rosidl_generator_py
[0.198s] [ 89%] Built target pkg_interfaces__rosidl_typesupport_fastrtps_c__pyext
[0.199s] [ 94%] Built target pkg_interfaces__rosidl_typesupport_introspection_c__pyext
[0.199s] [100%] Built target pkg_interfaces__rosidl_typesupport_c__pyext
[0.326s] running egg_info
[0.326s] writing pkg_interfaces.egg-info/PKG-INFO
[0.327s] writing dependency_links to pkg_interfaces.egg-info/dependency_links.txt
[0.327s] writing top-level names to pkg_interfaces.egg-info/top_level.txt
[0.329s] reading manifest file 'pkg_interfaces.egg-info/SOURCES.txt'
[0.330s] writing manifest file 'pkg_interfaces.egg-info/SOURCES.txt'
[0.360s] [100%] Built target ament_cmake_python_build_pkg_interfaces_egg
[0.374s] Invoked command in '/home/llw/git/ros2-study/chapt4_ws/build/pkg_interfaces' returned '0': CMAKE_PREFIX_PATH=${CMAKE_PREFIX_PATH}:/opt/ros/humble /usr/bin/cmake --build /home/llw/git/ros2-study/chapt4_ws/build/pkg_interfaces -- -j16 -l16
[0.386s] Invoking command in '/home/llw/git/ros2-study/chapt4_ws/build/pkg_interfaces': CMAKE_PREFIX_PATH=${CMAKE_PREFIX_PATH}:/opt/ros/humble /usr/bin/cmake --install /home/llw/git/ros2-study/chapt4_ws/build/pkg_interfaces
[0.395s] -- Install configuration: ""
[0.395s] -- Execute custom install script
[0.395s] -- Up-to-date symlink: /home/llw/git/ros2-study/chapt4_ws/install/pkg_interfaces/share/ament_index/resource_index/rosidl_interfaces/pkg_interfaces
[0.396s] -- Up-to-date symlink: /home/llw/git/ros2-study/chapt4_ws/install/pkg_interfaces/include/pkg_interfaces/pkg_interfaces/msg/rosidl_generator_c__visibility_control.h
[0.396s] -- Up-to-date symlink: /home/llw/git/ros2-study/chapt4_ws/install/pkg_interfaces/include/pkg_interfaces/pkg_interfaces/srv/detail/face_detector__functions.h
[0.396s] -- Up-to-date symlink: /home/llw/git/ros2-study/chapt4_ws/install/pkg_interfaces/include/pkg_interfaces/pkg_interfaces/srv/detail/face_detector__struct.h
[0.396s] -- Up-to-date symlink: /home/llw/git/ros2-study/chapt4_ws/install/pkg_interfaces/include/pkg_interfaces/pkg_interfaces/srv/detail/face_detector__type_support.h
[0.397s] -- Up-to-date symlink: /home/llw/git/ros2-study/chapt4_ws/install/pkg_interfaces/include/pkg_interfaces/pkg_interfaces/srv/detail/partol__functions.h
[0.397s] -- Up-to-date symlink: /home/llw/git/ros2-study/chapt4_ws/install/pkg_interfaces/include/pkg_interfaces/pkg_interfaces/srv/detail/partol__struct.h
[0.397s] -- Up-to-date symlink: /home/llw/git/ros2-study/chapt4_ws/install/pkg_interfaces/include/pkg_interfaces/pkg_interfaces/srv/detail/partol__type_support.h
[0.397s] -- Up-to-date symlink: /home/llw/git/ros2-study/chapt4_ws/install/pkg_interfaces/include/pkg_interfaces/pkg_interfaces/srv/face_detector.h
[0.397s] -- Up-to-date symlink: /home/llw/git/ros2-study/chapt4_ws/install/pkg_interfaces/include/pkg_interfaces/pkg_interfaces/srv/partol.h
[0.397s] -- Up-to-date symlink: /home/llw/git/ros2-study/chapt4_ws/install/pkg_interfaces/share/pkg_interfaces/environment/library_path.sh
[0.397s] -- Up-to-date symlink: /home/llw/git/ros2-study/chapt4_ws/install/pkg_interfaces/share/pkg_interfaces/environment/library_path.dsv
[0.398s] -- Up-to-date symlink: /home/llw/git/ros2-study/chapt4_ws/install/pkg_interfaces/include/pkg_interfaces/pkg_interfaces/msg/rosidl_typesupport_fastrtps_c__visibility_control.h
[0.398s] -- Up-to-date symlink: /home/llw/git/ros2-study/chapt4_ws/install/pkg_interfaces/include/pkg_interfaces/pkg_interfaces/srv/detail/face_detector__rosidl_typesupport_fastrtps_c.h
[0.398s] -- Up-to-date symlink: /home/llw/git/ros2-study/chapt4_ws/install/pkg_interfaces/include/pkg_interfaces/pkg_interfaces/srv/detail/partol__rosidl_typesupport_fastrtps_c.h
[0.399s] -- Up-to-date symlink: /home/llw/git/ros2-study/chapt4_ws/install/pkg_interfaces/include/pkg_interfaces/pkg_interfaces/srv/detail/face_detector__builder.hpp
[0.399s] -- Up-to-date symlink: /home/llw/git/ros2-study/chapt4_ws/install/pkg_interfaces/include/pkg_interfaces/pkg_interfaces/srv/detail/face_detector__struct.hpp
[0.399s] -- Up-to-date symlink: /home/llw/git/ros2-study/chapt4_ws/install/pkg_interfaces/include/pkg_interfaces/pkg_interfaces/srv/detail/face_detector__traits.hpp
[0.399s] -- Up-to-date symlink: /home/llw/git/ros2-study/chapt4_ws/install/pkg_interfaces/include/pkg_interfaces/pkg_interfaces/srv/detail/partol__builder.hpp
[0.399s] -- Up-to-date symlink: /home/llw/git/ros2-study/chapt4_ws/install/pkg_interfaces/include/pkg_interfaces/pkg_interfaces/srv/detail/partol__struct.hpp
[0.400s] -- Up-to-date symlink: /home/llw/git/ros2-study/chapt4_ws/install/pkg_interfaces/include/pkg_interfaces/pkg_interfaces/srv/detail/partol__traits.hpp
[0.400s] -- Up-to-date symlink: /home/llw/git/ros2-study/chapt4_ws/install/pkg_interfaces/include/pkg_interfaces/pkg_interfaces/srv/face_detector.hpp
[0.400s] -- Up-to-date symlink: /home/llw/git/ros2-study/chapt4_ws/install/pkg_interfaces/include/pkg_interfaces/pkg_interfaces/srv/partol.hpp
[0.400s] -- Up-to-date symlink: /home/llw/git/ros2-study/chapt4_ws/install/pkg_interfaces/include/pkg_interfaces/pkg_interfaces/msg/rosidl_typesupport_fastrtps_cpp__visibility_control.h
[0.401s] -- Up-to-date symlink: /home/llw/git/ros2-study/chapt4_ws/install/pkg_interfaces/include/pkg_interfaces/pkg_interfaces/srv/detail/face_detector__rosidl_typesupport_fastrtps_cpp.hpp
[0.401s] -- Up-to-date symlink: /home/llw/git/ros2-study/chapt4_ws/install/pkg_interfaces/include/pkg_interfaces/pkg_interfaces/srv/detail/partol__rosidl_typesupport_fastrtps_cpp.hpp
[0.401s] -- Up-to-date symlink: /home/llw/git/ros2-study/chapt4_ws/install/pkg_interfaces/include/pkg_interfaces/pkg_interfaces/msg/rosidl_typesupport_introspection_c__visibility_control.h
[0.401s] -- Up-to-date symlink: /home/llw/git/ros2-study/chapt4_ws/install/pkg_interfaces/include/pkg_interfaces/pkg_interfaces/srv/detail/face_detector__rosidl_typesupport_introspection_c.h
[0.402s] -- Up-to-date symlink: /home/llw/git/ros2-study/chapt4_ws/install/pkg_interfaces/include/pkg_interfaces/pkg_interfaces/srv/detail/partol__rosidl_typesupport_introspection_c.h
[0.402s] -- Up-to-date symlink: /home/llw/git/ros2-study/chapt4_ws/install/pkg_interfaces/include/pkg_interfaces/pkg_interfaces/srv/detail/face_detector__rosidl_typesupport_introspection_cpp.hpp
[0.402s] -- Up-to-date symlink: /home/llw/git/ros2-study/chapt4_ws/install/pkg_interfaces/include/pkg_interfaces/pkg_interfaces/srv/detail/partol__rosidl_typesupport_introspection_cpp.hpp
[0.402s] -- Up-to-date symlink: /home/llw/git/ros2-study/chapt4_ws/install/pkg_interfaces/share/pkg_interfaces/environment/pythonpath.sh
[0.402s] -- Up-to-date symlink: /home/llw/git/ros2-study/chapt4_ws/install/pkg_interfaces/share/pkg_interfaces/environment/pythonpath.dsv
[0.403s] -- Up-to-date symlink: /home/llw/git/ros2-study/chapt4_ws/install/pkg_interfaces/local/lib/python3.10/dist-packages/pkg_interfaces-0.0.0-py3.10.egg-info/PKG-INFO
[0.403s] -- Up-to-date symlink: /home/llw/git/ros2-study/chapt4_ws/install/pkg_interfaces/local/lib/python3.10/dist-packages/pkg_interfaces-0.0.0-py3.10.egg-info/SOURCES.txt
[0.403s] -- Up-to-date symlink: /home/llw/git/ros2-study/chapt4_ws/install/pkg_interfaces/local/lib/python3.10/dist-packages/pkg_interfaces-0.0.0-py3.10.egg-info/dependency_links.txt
[0.403s] -- Up-to-date symlink: /home/llw/git/ros2-study/chapt4_ws/install/pkg_interfaces/local/lib/python3.10/dist-packages/pkg_interfaces-0.0.0-py3.10.egg-info/top_level.txt
[0.404s] -- Up-to-date symlink: /home/llw/git/ros2-study/chapt4_ws/install/pkg_interfaces/local/lib/python3.10/dist-packages/pkg_interfaces/__init__.py
[0.404s] -- Up-to-date symlink: /home/llw/git/ros2-study/chapt4_ws/install/pkg_interfaces/local/lib/python3.10/dist-packages/pkg_interfaces/_pkg_interfaces_s.ep.rosidl_typesupport_c.c
[0.404s] -- Up-to-date symlink: /home/llw/git/ros2-study/chapt4_ws/install/pkg_interfaces/local/lib/python3.10/dist-packages/pkg_interfaces/_pkg_interfaces_s.ep.rosidl_typesupport_fastrtps_c.c
[0.404s] -- Up-to-date symlink: /home/llw/git/ros2-study/chapt4_ws/install/pkg_interfaces/local/lib/python3.10/dist-packages/pkg_interfaces/_pkg_interfaces_s.ep.rosidl_typesupport_introspection_c.c
[0.405s] -- Up-to-date symlink: /home/llw/git/ros2-study/chapt4_ws/install/pkg_interfaces/local/lib/python3.10/dist-packages/pkg_interfaces/libpkg_interfaces__rosidl_generator_py.so
[0.405s] -- Up-to-date symlink: /home/llw/git/ros2-study/chapt4_ws/install/pkg_interfaces/local/lib/python3.10/dist-packages/pkg_interfaces/pkg_interfaces_s__rosidl_typesupport_c.cpython-310-x86_64-linux-gnu.so
[0.405s] -- Up-to-date symlink: /home/llw/git/ros2-study/chapt4_ws/install/pkg_interfaces/local/lib/python3.10/dist-packages/pkg_interfaces/pkg_interfaces_s__rosidl_typesupport_fastrtps_c.cpython-310-x86_64-linux-gnu.so
[0.405s] -- Up-to-date symlink: /home/llw/git/ros2-study/chapt4_ws/install/pkg_interfaces/local/lib/python3.10/dist-packages/pkg_interfaces/pkg_interfaces_s__rosidl_typesupport_introspection_c.cpython-310-x86_64-linux-gnu.so
[0.405s] -- Up-to-date symlink: /home/llw/git/ros2-study/chapt4_ws/install/pkg_interfaces/local/lib/python3.10/dist-packages/pkg_interfaces/srv/__init__.py
[0.405s] -- Up-to-date symlink: /home/llw/git/ros2-study/chapt4_ws/install/pkg_interfaces/local/lib/python3.10/dist-packages/pkg_interfaces/srv/_face_detector.py
[0.406s] -- Up-to-date symlink: /home/llw/git/ros2-study/chapt4_ws/install/pkg_interfaces/local/lib/python3.10/dist-packages/pkg_interfaces/srv/_face_detector_s.c
[0.406s] -- Up-to-date symlink: /home/llw/git/ros2-study/chapt4_ws/install/pkg_interfaces/local/lib/python3.10/dist-packages/pkg_interfaces/srv/_partol.py
[0.406s] -- Up-to-date symlink: /home/llw/git/ros2-study/chapt4_ws/install/pkg_interfaces/local/lib/python3.10/dist-packages/pkg_interfaces/srv/_partol_s.c
[0.406s] -- Up-to-date symlink: /home/llw/git/ros2-study/chapt4_ws/install/pkg_interfaces/local/lib/python3.10/dist-packages/pkg_interfaces/pkg_interfaces_s__rosidl_typesupport_fastrtps_c.cpython-310-x86_64-linux-gnu.so
[0.406s] -- Up-to-date symlink: /home/llw/git/ros2-study/chapt4_ws/install/pkg_interfaces/local/lib/python3.10/dist-packages/pkg_interfaces/pkg_interfaces_s__rosidl_typesupport_introspection_c.cpython-310-x86_64-linux-gnu.so
[0.406s] -- Up-to-date symlink: /home/llw/git/ros2-study/chapt4_ws/install/pkg_interfaces/local/lib/python3.10/dist-packages/pkg_interfaces/pkg_interfaces_s__rosidl_typesupport_c.cpython-310-x86_64-linux-gnu.so
[0.407s] -- Up-to-date symlink: /home/llw/git/ros2-study/chapt4_ws/install/pkg_interfaces/share/pkg_interfaces/srv/FaceDetector.idl
[0.407s] -- Up-to-date symlink: /home/llw/git/ros2-study/chapt4_ws/install/pkg_interfaces/share/pkg_interfaces/srv/Partol.idl
[0.407s] -- Up-to-date symlink: /home/llw/git/ros2-study/chapt4_ws/install/pkg_interfaces/share/pkg_interfaces/srv/FaceDetector.srv
[0.408s] -- Up-to-date symlink: /home/llw/git/ros2-study/chapt4_ws/install/pkg_interfaces/share/pkg_interfaces/srv/FaceDetector_Request.msg
[0.408s] -- Up-to-date symlink: /home/llw/git/ros2-study/chapt4_ws/install/pkg_interfaces/share/pkg_interfaces/srv/FaceDetector_Response.msg
[0.408s] -- Up-to-date symlink: /home/llw/git/ros2-study/chapt4_ws/install/pkg_interfaces/share/pkg_interfaces/srv/Partol.srv
[0.408s] -- Up-to-date symlink: /home/llw/git/ros2-study/chapt4_ws/install/pkg_interfaces/share/pkg_interfaces/srv/Partol_Request.msg
[0.408s] -- Up-to-date symlink: /home/llw/git/ros2-study/chapt4_ws/install/pkg_interfaces/share/pkg_interfaces/srv/Partol_Response.msg
[0.408s] -- Up-to-date symlink: /home/llw/git/ros2-study/chapt4_ws/install/pkg_interfaces/share/ament_index/resource_index/package_run_dependencies/pkg_interfaces
[0.409s] -- Up-to-date symlink: /home/llw/git/ros2-study/chapt4_ws/install/pkg_interfaces/share/ament_index/resource_index/parent_prefix_path/pkg_interfaces
[0.409s] -- Up-to-date symlink: /home/llw/git/ros2-study/chapt4_ws/install/pkg_interfaces/share/pkg_interfaces/environment/ament_prefix_path.sh
[0.409s] -- Up-to-date symlink: /home/llw/git/ros2-study/chapt4_ws/install/pkg_interfaces/share/pkg_interfaces/environment/ament_prefix_path.dsv
[0.409s] -- Up-to-date symlink: /home/llw/git/ros2-study/chapt4_ws/install/pkg_interfaces/share/pkg_interfaces/environment/path.sh
[0.409s] -- Up-to-date symlink: /home/llw/git/ros2-study/chapt4_ws/install/pkg_interfaces/share/pkg_interfaces/environment/path.dsv
[0.409s] -- Up-to-date symlink: /home/llw/git/ros2-study/chapt4_ws/install/pkg_interfaces/share/pkg_interfaces/local_setup.bash
[0.410s] -- Up-to-date symlink: /home/llw/git/ros2-study/chapt4_ws/install/pkg_interfaces/share/pkg_interfaces/local_setup.sh
[0.410s] -- Up-to-date symlink: /home/llw/git/ros2-study/chapt4_ws/install/pkg_interfaces/share/pkg_interfaces/local_setup.zsh
[0.410s] -- Up-to-date symlink: /home/llw/git/ros2-study/chapt4_ws/install/pkg_interfaces/share/pkg_interfaces/local_setup.dsv
[0.410s] -- Symlinking: /home/llw/git/ros2-study/chapt4_ws/install/pkg_interfaces/share/pkg_interfaces/package.dsv
[0.421s] -- Up-to-date symlink: /home/llw/git/ros2-study/chapt4_ws/install/pkg_interfaces/share/ament_index/resource_index/packages/pkg_interfaces
[0.421s] -- Up-to-date symlink: /home/llw/git/ros2-study/chapt4_ws/install/pkg_interfaces/share/pkg_interfaces/cmake/rosidl_cmake-extras.cmake
[0.421s] -- Up-to-date symlink: /home/llw/git/ros2-study/chapt4_ws/install/pkg_interfaces/share/pkg_interfaces/cmake/ament_cmake_export_dependencies-extras.cmake
[0.421s] -- Up-to-date symlink: /home/llw/git/ros2-study/chapt4_ws/install/pkg_interfaces/share/pkg_interfaces/cmake/ament_cmake_export_include_directories-extras.cmake
[0.422s] -- Up-to-date symlink: /home/llw/git/ros2-study/chapt4_ws/install/pkg_interfaces/share/pkg_interfaces/cmake/ament_cmake_export_libraries-extras.cmake
[0.422s] -- Up-to-date symlink: /home/llw/git/ros2-study/chapt4_ws/install/pkg_interfaces/share/pkg_interfaces/cmake/ament_cmake_export_targets-extras.cmake
[0.422s] -- Up-to-date symlink: /home/llw/git/ros2-study/chapt4_ws/install/pkg_interfaces/share/pkg_interfaces/cmake/rosidl_cmake_export_typesupport_targets-extras.cmake
[0.422s] -- Up-to-date symlink: /home/llw/git/ros2-study/chapt4_ws/install/pkg_interfaces/share/pkg_interfaces/cmake/rosidl_cmake_export_typesupport_libraries-extras.cmake
[0.422s] -- Up-to-date symlink: /home/llw/git/ros2-study/chapt4_ws/install/pkg_interfaces/share/pkg_interfaces/cmake/pkg_interfacesConfig.cmake
[0.422s] -- Up-to-date symlink: /home/llw/git/ros2-study/chapt4_ws/install/pkg_interfaces/share/pkg_interfaces/cmake/pkg_interfacesConfig-version.cmake
[0.422s] -- Up-to-date symlink: /home/llw/git/ros2-study/chapt4_ws/install/pkg_interfaces/share/pkg_interfaces/package.xml
[0.423s] -- Up-to-date: /home/llw/git/ros2-study/chapt4_ws/install/pkg_interfaces/lib/libpkg_interfaces__rosidl_generator_c.so
[0.423s] -- Up-to-date: /home/llw/git/ros2-study/chapt4_ws/install/pkg_interfaces/lib/libpkg_interfaces__rosidl_typesupport_fastrtps_c.so
[0.424s] -- Up-to-date: /home/llw/git/ros2-study/chapt4_ws/install/pkg_interfaces/lib/libpkg_interfaces__rosidl_typesupport_fastrtps_cpp.so
[0.424s] -- Up-to-date: /home/llw/git/ros2-study/chapt4_ws/install/pkg_interfaces/lib/libpkg_interfaces__rosidl_typesupport_introspection_c.so
[0.424s] -- Up-to-date: /home/llw/git/ros2-study/chapt4_ws/install/pkg_interfaces/lib/libpkg_interfaces__rosidl_typesupport_c.so
[0.425s] -- Up-to-date: /home/llw/git/ros2-study/chapt4_ws/install/pkg_interfaces/lib/libpkg_interfaces__rosidl_typesupport_introspection_cpp.so
[0.425s] -- Up-to-date: /home/llw/git/ros2-study/chapt4_ws/install/pkg_interfaces/lib/libpkg_interfaces__rosidl_typesupport_cpp.so
[0.461s] Listing '/home/llw/git/ros2-study/chapt4_ws/install/pkg_interfaces/local/lib/python3.10/dist-packages/pkg_interfaces'...
[0.461s] Listing '/home/llw/git/ros2-study/chapt4_ws/install/pkg_interfaces/local/lib/python3.10/dist-packages/pkg_interfaces/srv'...
[0.466s] -- Up-to-date: /home/llw/git/ros2-study/chapt4_ws/install/pkg_interfaces/lib/libpkg_interfaces__rosidl_generator_py.so
[0.466s] -- Up-to-date: /home/llw/git/ros2-study/chapt4_ws/install/pkg_interfaces/share/pkg_interfaces/cmake/export_pkg_interfaces__rosidl_generator_cExport.cmake
[0.466s] -- Up-to-date: /home/llw/git/ros2-study/chapt4_ws/install/pkg_interfaces/share/pkg_interfaces/cmake/export_pkg_interfaces__rosidl_generator_cExport-noconfig.cmake
[0.467s] -- Up-to-date: /home/llw/git/ros2-study/chapt4_ws/install/pkg_interfaces/share/pkg_interfaces/cmake/export_pkg_interfaces__rosidl_typesupport_fastrtps_cExport.cmake
[0.467s] -- Up-to-date: /home/llw/git/ros2-study/chapt4_ws/install/pkg_interfaces/share/pkg_interfaces/cmake/export_pkg_interfaces__rosidl_typesupport_fastrtps_cExport-noconfig.cmake
[0.467s] -- Up-to-date: /home/llw/git/ros2-study/chapt4_ws/install/pkg_interfaces/share/pkg_interfaces/cmake/export_pkg_interfaces__rosidl_generator_cppExport.cmake
[0.467s] -- Up-to-date: /home/llw/git/ros2-study/chapt4_ws/install/pkg_interfaces/share/pkg_interfaces/cmake/export_pkg_interfaces__rosidl_typesupport_fastrtps_cppExport.cmake
[0.467s] -- Up-to-date: /home/llw/git/ros2-study/chapt4_ws/install/pkg_interfaces/share/pkg_interfaces/cmake/export_pkg_interfaces__rosidl_typesupport_fastrtps_cppExport-noconfig.cmake
[0.467s] -- Up-to-date: /home/llw/git/ros2-study/chapt4_ws/install/pkg_interfaces/share/pkg_interfaces/cmake/pkg_interfaces__rosidl_typesupport_introspection_cExport.cmake
[0.468s] -- Up-to-date: /home/llw/git/ros2-study/chapt4_ws/install/pkg_interfaces/share/pkg_interfaces/cmake/pkg_interfaces__rosidl_typesupport_introspection_cExport-noconfig.cmake
[0.468s] -- Up-to-date: /home/llw/git/ros2-study/chapt4_ws/install/pkg_interfaces/share/pkg_interfaces/cmake/pkg_interfaces__rosidl_typesupport_cExport.cmake
[0.468s] -- Up-to-date: /home/llw/git/ros2-study/chapt4_ws/install/pkg_interfaces/share/pkg_interfaces/cmake/pkg_interfaces__rosidl_typesupport_cExport-noconfig.cmake
[0.468s] -- Up-to-date: /home/llw/git/ros2-study/chapt4_ws/install/pkg_interfaces/share/pkg_interfaces/cmake/pkg_interfaces__rosidl_typesupport_introspection_cppExport.cmake
[0.468s] -- Up-to-date: /home/llw/git/ros2-study/chapt4_ws/install/pkg_interfaces/share/pkg_interfaces/cmake/pkg_interfaces__rosidl_typesupport_introspection_cppExport-noconfig.cmake
[0.468s] -- Up-to-date: /home/llw/git/ros2-study/chapt4_ws/install/pkg_interfaces/share/pkg_interfaces/cmake/pkg_interfaces__rosidl_typesupport_cppExport.cmake
[0.468s] -- Up-to-date: /home/llw/git/ros2-study/chapt4_ws/install/pkg_interfaces/share/pkg_interfaces/cmake/pkg_interfaces__rosidl_typesupport_cppExport-noconfig.cmake
[0.468s] -- Up-to-date: /home/llw/git/ros2-study/chapt4_ws/install/pkg_interfaces/share/pkg_interfaces/cmake/export_pkg_interfaces__rosidl_generator_pyExport.cmake
[0.468s] -- Up-to-date: /home/llw/git/ros2-study/chapt4_ws/install/pkg_interfaces/share/pkg_interfaces/cmake/export_pkg_interfaces__rosidl_generator_pyExport-noconfig.cmake
[0.470s] Invoked command in '/home/llw/git/ros2-study/chapt4_ws/build/pkg_interfaces' returned '0': CMAKE_PREFIX_PATH=${CMAKE_PREFIX_PATH}:/opt/ros/humble /usr/bin/cmake --install /home/llw/git/ros2-study/chapt4_ws/build/pkg_interfaces
