[0.013s] Invoking command in '/home/llw/git/ros2-study/chapt2/chapt3_ws/build/pkg_cpp': CMAKE_PREFIX_PATH=${CMAKE_PREFIX_PATH}:/opt/ros/humble /usr/bin/cmake --build /home/llw/git/ros2-study/chapt2/chapt3_ws/build/pkg_cpp -- -j16 -l16
[0.057s] [35m[1mConsolidate compiler generated dependencies of target test_auto[0m
[0.059s] [35m[1mConsolidate compiler generated dependencies of target person_node[0m
[0.070s] [ 50%] Built target test_auto
[0.079s] [100%] Built target person_node
[0.090s] Invoked command in '/home/llw/git/ros2-study/chapt2/chapt3_ws/build/pkg_cpp' returned '0': CMAKE_PREFIX_PATH=${CMAKE_PREFIX_PATH}:/opt/ros/humble /usr/bin/cmake --build /home/llw/git/ros2-study/chapt2/chapt3_ws/build/pkg_cpp -- -j16 -l16
[0.101s] Invoking command in '/home/llw/git/ros2-study/chapt2/chapt3_ws/build/pkg_cpp': CMAKE_PREFIX_PATH=${CMAKE_PREFIX_PATH}:/opt/ros/humble /usr/bin/cmake --install /home/llw/git/ros2-study/chapt2/chapt3_ws/build/pkg_cpp
[0.108s] -- Install configuration: ""
[0.108s] -- Up-to-date: /home/llw/git/ros2-study/chapt2/chapt3_ws/install/pkg_cpp/lib/pkg_cpp/person_node
[0.109s] -- Up-to-date: /home/llw/git/ros2-study/chapt2/chapt3_ws/install/pkg_cpp/lib/pkg_cpp/test_auto
[0.109s] -- Up-to-date: /home/llw/git/ros2-study/chapt2/chapt3_ws/install/pkg_cpp/share/ament_index/resource_index/package_run_dependencies/pkg_cpp
[0.109s] -- Up-to-date: /home/llw/git/ros2-study/chapt2/chapt3_ws/install/pkg_cpp/share/ament_index/resource_index/parent_prefix_path/pkg_cpp
[0.109s] -- Up-to-date: /home/llw/git/ros2-study/chapt2/chapt3_ws/install/pkg_cpp/share/pkg_cpp/environment/ament_prefix_path.sh
[0.109s] -- Up-to-date: /home/llw/git/ros2-study/chapt2/chapt3_ws/install/pkg_cpp/share/pkg_cpp/environment/ament_prefix_path.dsv
[0.109s] -- Up-to-date: /home/llw/git/ros2-study/chapt2/chapt3_ws/install/pkg_cpp/share/pkg_cpp/environment/path.sh
[0.109s] -- Up-to-date: /home/llw/git/ros2-study/chapt2/chapt3_ws/install/pkg_cpp/share/pkg_cpp/environment/path.dsv
[0.110s] -- Up-to-date: /home/llw/git/ros2-study/chapt2/chapt3_ws/install/pkg_cpp/share/pkg_cpp/local_setup.bash
[0.110s] -- Up-to-date: /home/llw/git/ros2-study/chapt2/chapt3_ws/install/pkg_cpp/share/pkg_cpp/local_setup.sh
[0.110s] -- Up-to-date: /home/llw/git/ros2-study/chapt2/chapt3_ws/install/pkg_cpp/share/pkg_cpp/local_setup.zsh
[0.110s] -- Up-to-date: /home/llw/git/ros2-study/chapt2/chapt3_ws/install/pkg_cpp/share/pkg_cpp/local_setup.dsv
[0.110s] -- Installing: /home/llw/git/ros2-study/chapt2/chapt3_ws/install/pkg_cpp/share/pkg_cpp/package.dsv
[0.110s] -- Up-to-date: /home/llw/git/ros2-study/chapt2/chapt3_ws/install/pkg_cpp/share/ament_index/resource_index/packages/pkg_cpp
[0.110s] -- Up-to-date: /home/llw/git/ros2-study/chapt2/chapt3_ws/install/pkg_cpp/share/pkg_cpp/cmake/pkg_cppConfig.cmake
[0.110s] -- Up-to-date: /home/llw/git/ros2-study/chapt2/chapt3_ws/install/pkg_cpp/share/pkg_cpp/cmake/pkg_cppConfig-version.cmake
[0.110s] -- Up-to-date: /home/llw/git/ros2-study/chapt2/chapt3_ws/install/pkg_cpp/share/pkg_cpp/package.xml
[0.112s] Invoked command in '/home/llw/git/ros2-study/chapt2/chapt3_ws/build/pkg_cpp' returned '0': CMAKE_PREFIX_PATH=${CMAKE_PREFIX_PATH}:/opt/ros/humble /usr/bin/cmake --install /home/llw/git/ros2-study/chapt2/chapt3_ws/build/pkg_cpp
