[0.012s] Invoking command in '/home/llw/git/ros2-study/chapt6/build/fishbot_description': CMAKE_PREFIX_PATH=${CMAKE_PREFIX_PATH}:/opt/ros/humble /usr/bin/cmake --build /home/llw/git/ros2-study/chapt6/build/fishbot_description -- -j16 -l16
[0.051s] Invoked command in '/home/llw/git/ros2-study/chapt6/build/fishbot_description' returned '0': CMAKE_PREFIX_PATH=${CMAKE_PREFIX_PATH}:/opt/ros/humble /usr/bin/cmake --build /home/llw/git/ros2-study/chapt6/build/fishbot_description -- -j16 -l16
[0.061s] Invoking command in '/home/llw/git/ros2-study/chapt6/build/fishbot_description': CMAKE_PREFIX_PATH=${CMAKE_PREFIX_PATH}:/opt/ros/humble /usr/bin/cmake --install /home/llw/git/ros2-study/chapt6/build/fishbot_description
[0.069s] -- Install configuration: ""
[0.070s] -- Up-to-date: /home/llw/git/ros2-study/chapt6/install/fishbot_description/share/fishbot_description/launch
[0.070s] -- Up-to-date: /home/llw/git/ros2-study/chapt6/install/fishbot_description/share/fishbot_description/launch/display_robot.launch.py
[0.070s] -- Up-to-date: /home/llw/git/ros2-study/chapt6/install/fishbot_description/share/fishbot_description/urdf
[0.070s] -- Up-to-date: /home/llw/git/ros2-study/chapt6/install/fishbot_description/share/fishbot_description/urdf/first_robot.pdf
[0.070s] -- Up-to-date: /home/llw/git/ros2-study/chapt6/install/fishbot_description/share/fishbot_description/urdf/fishbot
[0.070s] -- Installing: /home/llw/git/ros2-study/chapt6/install/fishbot_description/share/fishbot_description/urdf/fishbot/fishbot.urdf.xacro
[0.070s] -- Up-to-date: /home/llw/git/ros2-study/chapt6/install/fishbot_description/share/fishbot_description/urdf/fishbot/actuator
[0.071s] -- Up-to-date: /home/llw/git/ros2-study/chapt6/install/fishbot_description/share/fishbot_description/urdf/fishbot/actuator/wheel.urdf.xacro
[0.071s] -- Up-to-date: /home/llw/git/ros2-study/chapt6/install/fishbot_description/share/fishbot_description/urdf/fishbot/base.urdf.xacro
[0.071s] -- Up-to-date: /home/llw/git/ros2-study/chapt6/install/fishbot_description/share/fishbot_description/urdf/fishbot/sensor
[0.071s] -- Up-to-date: /home/llw/git/ros2-study/chapt6/install/fishbot_description/share/fishbot_description/urdf/fishbot/sensor/laser.urdf.xacro
[0.071s] -- Up-to-date: /home/llw/git/ros2-study/chapt6/install/fishbot_description/share/fishbot_description/urdf/fishbot/sensor/camera.urdf.xacro
[0.071s] -- Up-to-date: /home/llw/git/ros2-study/chapt6/install/fishbot_description/share/fishbot_description/urdf/fishbot/sensor/imu.urdf.xacro
[0.071s] -- Up-to-date: /home/llw/git/ros2-study/chapt6/install/fishbot_description/share/fishbot_description/urdf/first_robot.urdf
[0.071s] -- Up-to-date: /home/llw/git/ros2-study/chapt6/install/fishbot_description/share/fishbot_description/urdf/first_robot.gv
[0.071s] -- Up-to-date: /home/llw/git/ros2-study/chapt6/install/fishbot_description/share/fishbot_description/urdf/first_robot.xacro
[0.071s] -- Up-to-date: /home/llw/git/ros2-study/chapt6/install/fishbot_description/share/fishbot_description/config
[0.072s] -- Up-to-date: /home/llw/git/ros2-study/chapt6/install/fishbot_description/share/fishbot_description/config/display_robot_model.rviz
[0.072s] -- Up-to-date: /home/llw/git/ros2-study/chapt6/install/fishbot_description/share/ament_index/resource_index/package_run_dependencies/fishbot_description
[0.072s] -- Up-to-date: /home/llw/git/ros2-study/chapt6/install/fishbot_description/share/ament_index/resource_index/parent_prefix_path/fishbot_description
[0.072s] -- Up-to-date: /home/llw/git/ros2-study/chapt6/install/fishbot_description/share/fishbot_description/environment/ament_prefix_path.sh
[0.072s] -- Up-to-date: /home/llw/git/ros2-study/chapt6/install/fishbot_description/share/fishbot_description/environment/ament_prefix_path.dsv
[0.072s] -- Up-to-date: /home/llw/git/ros2-study/chapt6/install/fishbot_description/share/fishbot_description/environment/path.sh
[0.072s] -- Up-to-date: /home/llw/git/ros2-study/chapt6/install/fishbot_description/share/fishbot_description/environment/path.dsv
[0.072s] -- Up-to-date: /home/llw/git/ros2-study/chapt6/install/fishbot_description/share/fishbot_description/local_setup.bash
[0.072s] -- Up-to-date: /home/llw/git/ros2-study/chapt6/install/fishbot_description/share/fishbot_description/local_setup.sh
[0.072s] -- Up-to-date: /home/llw/git/ros2-study/chapt6/install/fishbot_description/share/fishbot_description/local_setup.zsh
[0.072s] -- Up-to-date: /home/llw/git/ros2-study/chapt6/install/fishbot_description/share/fishbot_description/local_setup.dsv
[0.072s] -- Installing: /home/llw/git/ros2-study/chapt6/install/fishbot_description/share/fishbot_description/package.dsv
[0.072s] -- Up-to-date: /home/llw/git/ros2-study/chapt6/install/fishbot_description/share/ament_index/resource_index/packages/fishbot_description
[0.072s] -- Up-to-date: /home/llw/git/ros2-study/chapt6/install/fishbot_description/share/fishbot_description/cmake/fishbot_descriptionConfig.cmake
[0.073s] -- Up-to-date: /home/llw/git/ros2-study/chapt6/install/fishbot_description/share/fishbot_description/cmake/fishbot_descriptionConfig-version.cmake
[0.073s] -- Up-to-date: /home/llw/git/ros2-study/chapt6/install/fishbot_description/share/fishbot_description/package.xml
[0.074s] Invoked command in '/home/llw/git/ros2-study/chapt6/build/fishbot_description' returned '0': CMAKE_PREFIX_PATH=${CMAKE_PREFIX_PATH}:/opt/ros/humble /usr/bin/cmake --install /home/llw/git/ros2-study/chapt6/build/fishbot_description
