-- Found ament_cmake: 1.3.10 (/opt/ros/humble/share/ament_cmake/cmake)
-- Found rclcpp: 16.0.10 (/opt/ros/humble/share/rclcpp/cmake)
-- Found rosidl_generator_c: 3.1.5 (/opt/ros/humble/share/rosidl_generator_c/cmake)
-- Found rosidl_adapter: 3.1.5 (/opt/ros/humble/share/rosidl_adapter/cmake)
-- Found rosidl_generator_cpp: 3.1.5 (/opt/ros/humble/share/rosidl_generator_cpp/cmake)
-- Using all available rosidl_typesupport_c: rosidl_typesupport_fastrtps_c;rosidl_typesupport_introspection_c
-- Using all available rosidl_typesupport_cpp: rosidl_typesupport_fastrtps_cpp;rosidl_typesupport_introspection_cpp
-- Found rmw_implementation_cmake: 6.1.2 (/opt/ros/humble/share/rmw_implementation_cmake/cmake)
-- Found rmw_fastrtps_cpp: 6.2.7 (/opt/ros/humble/share/rmw_fastrtps_cpp/cmake)
-- Using RMW implementation 'rmw_fastrtps_cpp' as default
-- Found ament_lint_auto: 0.12.11 (/opt/ros/humble/share/ament_lint_auto/cmake)
-- Added test 'cppcheck' to perform static code analysis on C / C++ code
-- Configured cppcheck include dirs: 
-- Configured cppcheck exclude dirs and/or files: 
-- Added test 'lint_cmake' to check CMake code style
-- Added test 'uncrustify' to check C / C++ code style
-- Configured uncrustify additional arguments: 
-- Added test 'xmllint' to check XML markup files
-- Configuring done
-- Generating done
-- Build files have been written to: /home/llw/git/ros2-study/package_example_cpp/build/example_cpp
[ 50%] [32mBuilding CXX object CMakeFiles/node_03.dir/src/node_03.cpp.o[0m
[100%] [32m[1mLinking CXX executable node_03[0m
[100%] Built target node_03
-- Install configuration: ""
-- Up-to-date: /home/llw/git/ros2-study/package_example_cpp/install/example_cpp/share/ament_index/resource_index/package_run_dependencies/example_cpp
-- Up-to-date: /home/llw/git/ros2-study/package_example_cpp/install/example_cpp/share/ament_index/resource_index/parent_prefix_path/example_cpp
-- Up-to-date: /home/llw/git/ros2-study/package_example_cpp/install/example_cpp/share/example_cpp/environment/ament_prefix_path.sh
-- Installing: /home/llw/git/ros2-study/package_example_cpp/install/example_cpp/share/example_cpp/environment/ament_prefix_path.dsv
-- Up-to-date: /home/llw/git/ros2-study/package_example_cpp/install/example_cpp/share/example_cpp/environment/path.sh
-- Installing: /home/llw/git/ros2-study/package_example_cpp/install/example_cpp/share/example_cpp/environment/path.dsv
-- Up-to-date: /home/llw/git/ros2-study/package_example_cpp/install/example_cpp/share/example_cpp/local_setup.bash
-- Up-to-date: /home/llw/git/ros2-study/package_example_cpp/install/example_cpp/share/example_cpp/local_setup.sh
-- Up-to-date: /home/llw/git/ros2-study/package_example_cpp/install/example_cpp/share/example_cpp/local_setup.zsh
-- Installing: /home/llw/git/ros2-study/package_example_cpp/install/example_cpp/share/example_cpp/local_setup.dsv
-- Installing: /home/llw/git/ros2-study/package_example_cpp/install/example_cpp/share/example_cpp/package.dsv
-- Up-to-date: /home/llw/git/ros2-study/package_example_cpp/install/example_cpp/share/ament_index/resource_index/packages/example_cpp
-- Up-to-date: /home/llw/git/ros2-study/package_example_cpp/install/example_cpp/share/example_cpp/cmake/example_cppConfig.cmake
-- Up-to-date: /home/llw/git/ros2-study/package_example_cpp/install/example_cpp/share/example_cpp/cmake/example_cppConfig-version.cmake
-- Up-to-date: /home/llw/git/ros2-study/package_example_cpp/install/example_cpp/share/example_cpp/package.xml
-- Installing: /home/llw/git/ros2-study/package_example_cpp/install/example_cpp/lib/example_cpp/node_03
-- Set runtime path of "/home/llw/git/ros2-study/package_example_cpp/install/example_cpp/lib/example_cpp/node_03" to ""
