[0.011s] Invoking command in '/home/llw/git/ros2-study/chapt3/topic_ws/build/pkg_cpp_topic': CMAKE_PREFIX_PATH=${CMAKE_PREFIX_PATH}:/opt/ros/humble /usr/bin/cmake /home/llw/git/ros2-study/chapt3/topic_ws/src/pkg_cpp_topic -DCMAKE_INSTALL_PREFIX=/home/llw/git/ros2-study/chapt3/topic_ws/install/pkg_cpp_topic
[0.072s] -- The C compiler identification is GNU 11.4.0
[0.136s] -- The CXX compiler identification is GNU 11.4.0
[0.144s] -- Detecting C compiler ABI info
[0.220s] -- Detecting C compiler ABI info - done
[0.229s] -- Check for working C compiler: /usr/bin/cc - skipped
[0.229s] -- Detecting C compile features
[0.229s] -- Detecting C compile features - done
[0.233s] -- Detecting CXX compiler ABI info
[0.323s] -- Detecting CXX compiler ABI info - done
[0.333s] -- Check for working CXX compiler: /usr/bin/c++ - skipped
[0.333s] -- Detecting CXX compile features
[0.333s] -- Detecting CXX compile features - done
[0.337s] -- Found ament_cmake: 1.3.10 (/opt/ros/humble/share/ament_cmake/cmake)
[0.501s] -- Found Python3: /usr/bin/python3 (found version "3.10.12") found components: Interpreter 
[0.597s] -- Found rclcpp: 16.0.10 (/opt/ros/humble/share/rclcpp/cmake)
[0.642s] -- Found rosidl_generator_c: 3.1.5 (/opt/ros/humble/share/rosidl_generator_c/cmake)
[0.648s] -- Found rosidl_adapter: 3.1.5 (/opt/ros/humble/share/rosidl_adapter/cmake)
[0.657s] -- Found rosidl_generator_cpp: 3.1.5 (/opt/ros/humble/share/rosidl_generator_cpp/cmake)
[0.671s] -- Using all available rosidl_typesupport_c: rosidl_typesupport_fastrtps_c;rosidl_typesupport_introspection_c
[0.690s] -- Using all available rosidl_typesupport_cpp: rosidl_typesupport_fastrtps_cpp;rosidl_typesupport_introspection_cpp
[0.739s] -- Found rmw_implementation_cmake: 6.1.2 (/opt/ros/humble/share/rmw_implementation_cmake/cmake)
[0.742s] -- Found rmw_fastrtps_cpp: 6.2.7 (/opt/ros/humble/share/rmw_fastrtps_cpp/cmake)
[0.831s] -- Found OpenSSL: /usr/lib/x86_64-linux-gnu/libcrypto.so (found version "3.0.2")  
[0.857s] -- Found FastRTPS: /opt/ros/humble/include  
[0.897s] -- Using RMW implementation 'rmw_fastrtps_cpp' as default
[0.906s] -- Looking for pthread.h
[0.988s] -- Looking for pthread.h - found
[0.988s] -- Performing Test CMAKE_HAVE_LIBC_PTHREAD
[1.070s] -- Performing Test CMAKE_HAVE_LIBC_PTHREAD - Success
[1.071s] -- Found Threads: TRUE  
[1.130s] -- Found geometry_msgs: 4.2.4 (/opt/ros/humble/share/geometry_msgs/cmake)
[1.151s] -- Found turtlesim: 1.4.2 (/opt/ros/humble/share/turtlesim/cmake)
[1.202s] -- Found ament_lint_auto: 0.12.11 (/opt/ros/humble/share/ament_lint_auto/cmake)
[1.288s] -- Added test 'lint_cmake' to check CMake code style
[1.290s] -- Added test 'xmllint' to check XML markup files
[1.291s] -- Configuring done
[1.297s] -- Generating done
[1.300s] -- Build files have been written to: /home/llw/git/ros2-study/chapt3/topic_ws/build/pkg_cpp_topic
[1.313s] Invoked command in '/home/llw/git/ros2-study/chapt3/topic_ws/build/pkg_cpp_topic' returned '0': CMAKE_PREFIX_PATH=${CMAKE_PREFIX_PATH}:/opt/ros/humble /usr/bin/cmake /home/llw/git/ros2-study/chapt3/topic_ws/src/pkg_cpp_topic -DCMAKE_INSTALL_PREFIX=/home/llw/git/ros2-study/chapt3/topic_ws/install/pkg_cpp_topic
[1.315s] Invoking command in '/home/llw/git/ros2-study/chapt3/topic_ws/build/pkg_cpp_topic': CMAKE_PREFIX_PATH=${CMAKE_PREFIX_PATH}:/opt/ros/humble /usr/bin/cmake --build /home/llw/git/ros2-study/chapt3/topic_ws/build/pkg_cpp_topic -- -j16 -l16
[1.358s] Invoked command in '/home/llw/git/ros2-study/chapt3/topic_ws/build/pkg_cpp_topic' returned '0': CMAKE_PREFIX_PATH=${CMAKE_PREFIX_PATH}:/opt/ros/humble /usr/bin/cmake --build /home/llw/git/ros2-study/chapt3/topic_ws/build/pkg_cpp_topic -- -j16 -l16
[1.367s] Invoking command in '/home/llw/git/ros2-study/chapt3/topic_ws/build/pkg_cpp_topic': CMAKE_PREFIX_PATH=${CMAKE_PREFIX_PATH}:/opt/ros/humble /usr/bin/cmake --install /home/llw/git/ros2-study/chapt3/topic_ws/build/pkg_cpp_topic
[1.373s] -- Install configuration: ""
[1.374s] -- Installing: /home/llw/git/ros2-study/chapt3/topic_ws/install/pkg_cpp_topic/share/ament_index/resource_index/package_run_dependencies/pkg_cpp_topic
[1.374s] -- Installing: /home/llw/git/ros2-study/chapt3/topic_ws/install/pkg_cpp_topic/share/ament_index/resource_index/parent_prefix_path/pkg_cpp_topic
[1.374s] -- Installing: /home/llw/git/ros2-study/chapt3/topic_ws/install/pkg_cpp_topic/share/pkg_cpp_topic/environment/ament_prefix_path.sh
[1.374s] -- Installing: /home/llw/git/ros2-study/chapt3/topic_ws/install/pkg_cpp_topic/share/pkg_cpp_topic/environment/ament_prefix_path.dsv
[1.374s] -- Installing: /home/llw/git/ros2-study/chapt3/topic_ws/install/pkg_cpp_topic/share/pkg_cpp_topic/environment/path.sh
[1.374s] -- Installing: /home/llw/git/ros2-study/chapt3/topic_ws/install/pkg_cpp_topic/share/pkg_cpp_topic/environment/path.dsv
[1.375s] -- Installing: /home/llw/git/ros2-study/chapt3/topic_ws/install/pkg_cpp_topic/share/pkg_cpp_topic/local_setup.bash
[1.375s] -- Installing: /home/llw/git/ros2-study/chapt3/topic_ws/install/pkg_cpp_topic/share/pkg_cpp_topic/local_setup.sh
[1.375s] -- Installing: /home/llw/git/ros2-study/chapt3/topic_ws/install/pkg_cpp_topic/share/pkg_cpp_topic/local_setup.zsh
[1.375s] -- Installing: /home/llw/git/ros2-study/chapt3/topic_ws/install/pkg_cpp_topic/share/pkg_cpp_topic/local_setup.dsv
[1.375s] -- Installing: /home/llw/git/ros2-study/chapt3/topic_ws/install/pkg_cpp_topic/share/pkg_cpp_topic/package.dsv
[1.375s] -- Installing: /home/llw/git/ros2-study/chapt3/topic_ws/install/pkg_cpp_topic/share/ament_index/resource_index/packages/pkg_cpp_topic
[1.376s] -- Installing: /home/llw/git/ros2-study/chapt3/topic_ws/install/pkg_cpp_topic/share/pkg_cpp_topic/cmake/pkg_cpp_topicConfig.cmake
[1.376s] -- Installing: /home/llw/git/ros2-study/chapt3/topic_ws/install/pkg_cpp_topic/share/pkg_cpp_topic/cmake/pkg_cpp_topicConfig-version.cmake
[1.376s] -- Installing: /home/llw/git/ros2-study/chapt3/topic_ws/install/pkg_cpp_topic/share/pkg_cpp_topic/package.xml
[1.377s] Invoked command in '/home/llw/git/ros2-study/chapt3/topic_ws/build/pkg_cpp_topic' returned '0': CMAKE_PREFIX_PATH=${CMAKE_PREFIX_PATH}:/opt/ros/humble /usr/bin/cmake --install /home/llw/git/ros2-study/chapt3/topic_ws/build/pkg_cpp_topic
