[0.013s] Invoking command in '/home/llw/git/ros2-study/chapt4_ws/build/demo_cpp_service': CMAKE_PREFIX_PATH=/home/llw/git/ros2-study/chapt4_ws/install/pkg_interfaces:/home/llw/git/ros2-study/chapt4_ws/install/demo_cpp_service:/home/llw/git/ros2-study/chapt3/topic_ws/install/pkg_cpp_topic:/home/llw/git/ros2-study/chapt2/chapt3_ws/install/pkg_cpp:/home/llw/git/ros2-study/chapt2/chapt2_ws/install/demo_cpp_pkg:/home/llw/git/ros2-study/chapt2/install/demo_cpp_pkg:/home/llw/git/ros2-study/package_example_cpp/src/install/example_cpp:/home/llw/git/ros2-study/package_example_cpp/install/example_cpp:/opt/ros/humble /usr/bin/cmake --build /home/llw/git/ros2-study/chapt4_ws/build/demo_cpp_service -- -j16 -l16
[0.081s] [ 50%] Built target turtle_control
[0.082s] [100%] Built target partol_client
[0.093s] Invoked command in '/home/llw/git/ros2-study/chapt4_ws/build/demo_cpp_service' returned '0': CMAKE_PREFIX_PATH=/home/llw/git/ros2-study/chapt4_ws/install/pkg_interfaces:/home/llw/git/ros2-study/chapt4_ws/install/demo_cpp_service:/home/llw/git/ros2-study/chapt3/topic_ws/install/pkg_cpp_topic:/home/llw/git/ros2-study/chapt2/chapt3_ws/install/pkg_cpp:/home/llw/git/ros2-study/chapt2/chapt2_ws/install/demo_cpp_pkg:/home/llw/git/ros2-study/chapt2/install/demo_cpp_pkg:/home/llw/git/ros2-study/package_example_cpp/src/install/example_cpp:/home/llw/git/ros2-study/package_example_cpp/install/example_cpp:/opt/ros/humble /usr/bin/cmake --build /home/llw/git/ros2-study/chapt4_ws/build/demo_cpp_service -- -j16 -l16
[0.095s] Invoking command in '/home/llw/git/ros2-study/chapt4_ws/build/demo_cpp_service': CMAKE_PREFIX_PATH=/home/llw/git/ros2-study/chapt4_ws/install/pkg_interfaces:/home/llw/git/ros2-study/chapt4_ws/install/demo_cpp_service:/home/llw/git/ros2-study/chapt3/topic_ws/install/pkg_cpp_topic:/home/llw/git/ros2-study/chapt2/chapt3_ws/install/pkg_cpp:/home/llw/git/ros2-study/chapt2/chapt2_ws/install/demo_cpp_pkg:/home/llw/git/ros2-study/chapt2/install/demo_cpp_pkg:/home/llw/git/ros2-study/package_example_cpp/src/install/example_cpp:/home/llw/git/ros2-study/package_example_cpp/install/example_cpp:/opt/ros/humble /usr/bin/cmake --install /home/llw/git/ros2-study/chapt4_ws/build/demo_cpp_service
[0.103s] -- Install configuration: ""
[0.103s] -- Up-to-date: /home/llw/git/ros2-study/chapt4_ws/install/demo_cpp_service/lib/demo_cpp_service/turtle_control
[0.104s] -- Up-to-date: /home/llw/git/ros2-study/chapt4_ws/install/demo_cpp_service/lib/demo_cpp_service/partol_client
[0.104s] -- Up-to-date: /home/llw/git/ros2-study/chapt4_ws/install/demo_cpp_service/share/demo_cpp_service//launch
[0.104s] -- Installing: /home/llw/git/ros2-study/chapt4_ws/install/demo_cpp_service/share/demo_cpp_service//launch/demo.launch.py
[0.104s] -- Up-to-date: /home/llw/git/ros2-study/chapt4_ws/install/demo_cpp_service/share/ament_index/resource_index/package_run_dependencies/demo_cpp_service
[0.104s] -- Up-to-date: /home/llw/git/ros2-study/chapt4_ws/install/demo_cpp_service/share/ament_index/resource_index/parent_prefix_path/demo_cpp_service
[0.105s] -- Up-to-date: /home/llw/git/ros2-study/chapt4_ws/install/demo_cpp_service/share/demo_cpp_service/environment/ament_prefix_path.sh
[0.105s] -- Up-to-date: /home/llw/git/ros2-study/chapt4_ws/install/demo_cpp_service/share/demo_cpp_service/environment/ament_prefix_path.dsv
[0.105s] -- Up-to-date: /home/llw/git/ros2-study/chapt4_ws/install/demo_cpp_service/share/demo_cpp_service/environment/path.sh
[0.105s] -- Up-to-date: /home/llw/git/ros2-study/chapt4_ws/install/demo_cpp_service/share/demo_cpp_service/environment/path.dsv
[0.105s] -- Up-to-date: /home/llw/git/ros2-study/chapt4_ws/install/demo_cpp_service/share/demo_cpp_service/local_setup.bash
[0.105s] -- Up-to-date: /home/llw/git/ros2-study/chapt4_ws/install/demo_cpp_service/share/demo_cpp_service/local_setup.sh
[0.105s] -- Up-to-date: /home/llw/git/ros2-study/chapt4_ws/install/demo_cpp_service/share/demo_cpp_service/local_setup.zsh
[0.105s] -- Up-to-date: /home/llw/git/ros2-study/chapt4_ws/install/demo_cpp_service/share/demo_cpp_service/local_setup.dsv
[0.105s] -- Installing: /home/llw/git/ros2-study/chapt4_ws/install/demo_cpp_service/share/demo_cpp_service/package.dsv
[0.106s] -- Up-to-date: /home/llw/git/ros2-study/chapt4_ws/install/demo_cpp_service/share/ament_index/resource_index/packages/demo_cpp_service
[0.106s] -- Up-to-date: /home/llw/git/ros2-study/chapt4_ws/install/demo_cpp_service/share/demo_cpp_service/cmake/demo_cpp_serviceConfig.cmake
[0.106s] -- Up-to-date: /home/llw/git/ros2-study/chapt4_ws/install/demo_cpp_service/share/demo_cpp_service/cmake/demo_cpp_serviceConfig-version.cmake
[0.106s] -- Up-to-date: /home/llw/git/ros2-study/chapt4_ws/install/demo_cpp_service/share/demo_cpp_service/package.xml
[0.107s] Invoked command in '/home/llw/git/ros2-study/chapt4_ws/build/demo_cpp_service' returned '0': CMAKE_PREFIX_PATH=/home/llw/git/ros2-study/chapt4_ws/install/pkg_interfaces:/home/llw/git/ros2-study/chapt4_ws/install/demo_cpp_service:/home/llw/git/ros2-study/chapt3/topic_ws/install/pkg_cpp_topic:/home/llw/git/ros2-study/chapt2/chapt3_ws/install/pkg_cpp:/home/llw/git/ros2-study/chapt2/chapt2_ws/install/demo_cpp_pkg:/home/llw/git/ros2-study/chapt2/install/demo_cpp_pkg:/home/llw/git/ros2-study/package_example_cpp/src/install/example_cpp:/home/llw/git/ros2-study/package_example_cpp/install/example_cpp:/opt/ros/humble /usr/bin/cmake --install /home/llw/git/ros2-study/chapt4_ws/build/demo_cpp_service
