[0.010s] Invoking command in '/home/llw/git/ros2-study/chapt6/build/fishbot_description': CMAKE_PREFIX_PATH=/opt/ros/humble /usr/bin/cmake /home/llw/git/ros2-study/chapt6/src/fishbot_description -DCMAKE_INSTALL_PREFIX=/home/llw/git/ros2-study/chapt6/install/fishbot_description
[0.095s] -- The C compiler identification is GNU 11.4.0
[0.161s] -- The CXX compiler identification is GNU 11.4.0
[0.171s] -- Detecting C compiler ABI info
[0.249s] -- Detecting C compiler ABI info - done
[0.257s] -- Check for working C compiler: /usr/bin/cc - skipped
[0.258s] -- Detecting C compile features
[0.258s] -- Detecting C compile features - done
[0.262s] -- Detecting CXX compiler ABI info
[0.350s] -- Detecting CXX compiler ABI info - done
[0.358s] -- Check for working CXX compiler: /usr/bin/c++ - skipped
[0.358s] -- Detecting CXX compile features
[0.359s] -- Detecting CXX compile features - done
[0.362s] -- Found ament_cmake: 1.3.11 (/opt/ros/humble/share/ament_cmake/cmake)
[0.522s] -- Found Python3: /usr/bin/python3 (found version "3.10.12") found components: Interpreter 
[0.613s] -- Found ament_lint_auto: 0.12.11 (/opt/ros/humble/share/ament_lint_auto/cmake)
[0.698s] -- Added test 'flake8' to check Python code syntax and style conventions
[0.698s] -- Added test 'lint_cmake' to check CMake code style
[0.699s] -- Added test 'pep257' to check Python code against some of the docstring style conventions in PEP 257
[0.701s] -- Added test 'xmllint' to check XML markup files
[0.702s] -- Configuring done
[0.705s] -- Generating done
[0.707s] -- Build files have been written to: /home/llw/git/ros2-study/chapt6/build/fishbot_description
[0.713s] Invoked command in '/home/llw/git/ros2-study/chapt6/build/fishbot_description' returned '0': CMAKE_PREFIX_PATH=/opt/ros/humble /usr/bin/cmake /home/llw/git/ros2-study/chapt6/src/fishbot_description -DCMAKE_INSTALL_PREFIX=/home/llw/git/ros2-study/chapt6/install/fishbot_description
[0.715s] Invoking command in '/home/llw/git/ros2-study/chapt6/build/fishbot_description': CMAKE_PREFIX_PATH=/opt/ros/humble /usr/bin/cmake --build /home/llw/git/ros2-study/chapt6/build/fishbot_description -- -j16 -l16
[0.756s] Invoked command in '/home/llw/git/ros2-study/chapt6/build/fishbot_description' returned '0': CMAKE_PREFIX_PATH=/opt/ros/humble /usr/bin/cmake --build /home/llw/git/ros2-study/chapt6/build/fishbot_description -- -j16 -l16
[0.766s] Invoking command in '/home/llw/git/ros2-study/chapt6/build/fishbot_description': CMAKE_PREFIX_PATH=/opt/ros/humble /usr/bin/cmake --install /home/llw/git/ros2-study/chapt6/build/fishbot_description
[0.774s] -- Install configuration: ""
[0.774s] -- Installing: /home/llw/git/ros2-study/chapt6/install/fishbot_description/share/fishbot_description/launch
[0.774s] -- Installing: /home/llw/git/ros2-study/chapt6/install/fishbot_description/share/fishbot_description/launch/display_robot_launch.py
[0.774s] -- Installing: /home/llw/git/ros2-study/chapt6/install/fishbot_description/share/fishbot_description/urdf
[0.775s] -- Installing: /home/llw/git/ros2-study/chapt6/install/fishbot_description/share/fishbot_description/urdf/first_robot.pdf
[0.775s] -- Installing: /home/llw/git/ros2-study/chapt6/install/fishbot_description/share/fishbot_description/urdf/first_robot.urdf
[0.775s] -- Installing: /home/llw/git/ros2-study/chapt6/install/fishbot_description/share/fishbot_description/urdf/first_robot.gv
[0.775s] -- Installing: /home/llw/git/ros2-study/chapt6/install/fishbot_description/share/ament_index/resource_index/package_run_dependencies/fishbot_description
[0.775s] -- Installing: /home/llw/git/ros2-study/chapt6/install/fishbot_description/share/ament_index/resource_index/parent_prefix_path/fishbot_description
[0.776s] -- Installing: /home/llw/git/ros2-study/chapt6/install/fishbot_description/share/fishbot_description/environment/ament_prefix_path.sh
[0.776s] -- Installing: /home/llw/git/ros2-study/chapt6/install/fishbot_description/share/fishbot_description/environment/ament_prefix_path.dsv
[0.776s] -- Installing: /home/llw/git/ros2-study/chapt6/install/fishbot_description/share/fishbot_description/environment/path.sh
[0.776s] -- Installing: /home/llw/git/ros2-study/chapt6/install/fishbot_description/share/fishbot_description/environment/path.dsv
[0.776s] -- Installing: /home/llw/git/ros2-study/chapt6/install/fishbot_description/share/fishbot_description/local_setup.bash
[0.776s] -- Installing: /home/llw/git/ros2-study/chapt6/install/fishbot_description/share/fishbot_description/local_setup.sh
[0.777s] -- Installing: /home/llw/git/ros2-study/chapt6/install/fishbot_description/share/fishbot_description/local_setup.zsh
[0.777s] -- Installing: /home/llw/git/ros2-study/chapt6/install/fishbot_description/share/fishbot_description/local_setup.dsv
[0.777s] -- Installing: /home/llw/git/ros2-study/chapt6/install/fishbot_description/share/fishbot_description/package.dsv
[0.777s] -- Installing: /home/llw/git/ros2-study/chapt6/install/fishbot_description/share/ament_index/resource_index/packages/fishbot_description
[0.777s] -- Installing: /home/llw/git/ros2-study/chapt6/install/fishbot_description/share/fishbot_description/cmake/fishbot_descriptionConfig.cmake
[0.777s] -- Installing: /home/llw/git/ros2-study/chapt6/install/fishbot_description/share/fishbot_description/cmake/fishbot_descriptionConfig-version.cmake
[0.777s] -- Installing: /home/llw/git/ros2-study/chapt6/install/fishbot_description/share/fishbot_description/package.xml
[0.779s] Invoked command in '/home/llw/git/ros2-study/chapt6/build/fishbot_description' returned '0': CMAKE_PREFIX_PATH=/opt/ros/humble /usr/bin/cmake --install /home/llw/git/ros2-study/chapt6/build/fishbot_description
