[0.108s] DEBUG:colcon:Command line arguments: ['/usr/bin/colcon', 'build']
[0.108s] DEBUG:colcon:Parsed command line arguments: Namespace(log_base=None, log_level=None, verb_name='build', build_base='build', install_base='install', merge_install=False, symlink_install=False, test_result_base=None, continue_on_error=False, executor='parallel', parallel_workers=16, event_handlers=None, ignore_user_meta=False, metas=['./colcon.meta'], base_paths=['.'], packages_ignore=None, packages_ignore_regex=None, paths=None, packages_up_to=None, packages_up_to_regex=None, packages_above=None, packages_above_and_dependencies=None, packages_above_depth=None, packages_select_by_dep=None, packages_skip_by_dep=None, packages_skip_up_to=None, packages_select_build_failed=False, packages_skip_build_finished=False, packages_select_test_failures=False, packages_skip_test_passed=False, packages_select=None, packages_skip=None, packages_select_regex=None, packages_skip_regex=None, packages_start=None, packages_end=None, allow_overriding=[], cmake_args=None, cmake_target=None, cmake_target_skip_unavailable=False, cmake_clean_cache=False, cmake_clean_first=False, cmake_force_configure=False, ament_cmake_args=None, catkin_cmake_args=None, catkin_skip_building_tests=False, verb_parser=<colcon_defaults.argument_parser.defaults.DefaultArgumentsDecorator object at 0x7fbf05467730>, verb_extension=<colcon_core.verb.build.BuildVerb object at 0x7fbf05466710>, main=<bound method BuildVerb.main of <colcon_core.verb.build.BuildVerb object at 0x7fbf05466710>>)
[0.268s] Level 1:colcon.colcon_core.package_discovery:discover_packages(colcon_meta) check parameters
[0.268s] Level 1:colcon.colcon_core.package_discovery:discover_packages(recursive) check parameters
[0.268s] Level 1:colcon.colcon_core.package_discovery:discover_packages(ignore) check parameters
[0.268s] Level 1:colcon.colcon_core.package_discovery:discover_packages(path) check parameters
[0.268s] Level 1:colcon.colcon_core.package_discovery:discover_packages(colcon_meta) discover
[0.268s] Level 1:colcon.colcon_core.package_discovery:discover_packages(recursive) discover
[0.268s] INFO:colcon.colcon_core.package_discovery:Crawling recursively for packages in '/home/llw/git/ros2-study/package_example_cpp'
[0.268s] Level 1:colcon.colcon_core.package_identification:_identify(.) by extensions ['ignore', 'ignore_ament_install']
[0.269s] Level 1:colcon.colcon_core.package_identification:_identify(.) by extension 'ignore'
[0.269s] Level 1:colcon.colcon_core.package_identification:_identify(.) by extension 'ignore_ament_install'
[0.269s] Level 1:colcon.colcon_core.package_identification:_identify(.) by extensions ['colcon_pkg']
[0.269s] Level 1:colcon.colcon_core.package_identification:_identify(.) by extension 'colcon_pkg'
[0.269s] Level 1:colcon.colcon_core.package_identification:_identify(.) by extensions ['colcon_meta']
[0.269s] Level 1:colcon.colcon_core.package_identification:_identify(.) by extension 'colcon_meta'
[0.269s] Level 1:colcon.colcon_core.package_identification:_identify(.) by extensions ['ros']
[0.269s] Level 1:colcon.colcon_core.package_identification:_identify(.) by extension 'ros'
[0.282s] Level 1:colcon.colcon_core.package_identification:_identify(.) by extensions ['cmake', 'python']
[0.282s] Level 1:colcon.colcon_core.package_identification:_identify(.) by extension 'cmake'
[0.282s] Level 1:colcon.colcon_core.package_identification:_identify(.) by extension 'python'
[0.282s] Level 1:colcon.colcon_core.package_identification:_identify(.) by extensions ['python_setup_py']
[0.282s] Level 1:colcon.colcon_core.package_identification:_identify(.) by extension 'python_setup_py'
[0.282s] Level 1:colcon.colcon_core.package_identification:_identify(build) by extensions ['ignore', 'ignore_ament_install']
[0.282s] Level 1:colcon.colcon_core.package_identification:_identify(build) by extension 'ignore'
[0.282s] Level 1:colcon.colcon_core.package_identification:_identify(build) ignored
[0.282s] Level 1:colcon.colcon_core.package_identification:_identify(install) by extensions ['ignore', 'ignore_ament_install']
[0.283s] Level 1:colcon.colcon_core.package_identification:_identify(install) by extension 'ignore'
[0.283s] Level 1:colcon.colcon_core.package_identification:_identify(install) ignored
[0.283s] Level 1:colcon.colcon_core.package_identification:_identify(log) by extensions ['ignore', 'ignore_ament_install']
[0.283s] Level 1:colcon.colcon_core.package_identification:_identify(log) by extension 'ignore'
[0.283s] Level 1:colcon.colcon_core.package_identification:_identify(log) ignored
[0.283s] Level 1:colcon.colcon_core.package_identification:_identify(src) by extensions ['ignore', 'ignore_ament_install']
[0.283s] Level 1:colcon.colcon_core.package_identification:_identify(src) by extension 'ignore'
[0.283s] Level 1:colcon.colcon_core.package_identification:_identify(src) by extension 'ignore_ament_install'
[0.283s] Level 1:colcon.colcon_core.package_identification:_identify(src) by extensions ['colcon_pkg']
[0.283s] Level 1:colcon.colcon_core.package_identification:_identify(src) by extension 'colcon_pkg'
[0.283s] Level 1:colcon.colcon_core.package_identification:_identify(src) by extensions ['colcon_meta']
[0.283s] Level 1:colcon.colcon_core.package_identification:_identify(src) by extension 'colcon_meta'
[0.283s] Level 1:colcon.colcon_core.package_identification:_identify(src) by extensions ['ros']
[0.283s] Level 1:colcon.colcon_core.package_identification:_identify(src) by extension 'ros'
[0.283s] Level 1:colcon.colcon_core.package_identification:_identify(src) by extensions ['cmake', 'python']
[0.283s] Level 1:colcon.colcon_core.package_identification:_identify(src) by extension 'cmake'
[0.283s] Level 1:colcon.colcon_core.package_identification:_identify(src) by extension 'python'
[0.283s] Level 1:colcon.colcon_core.package_identification:_identify(src) by extensions ['python_setup_py']
[0.283s] Level 1:colcon.colcon_core.package_identification:_identify(src) by extension 'python_setup_py'
[0.284s] Level 1:colcon.colcon_core.package_identification:_identify(src/example_cpp) by extensions ['ignore', 'ignore_ament_install']
[0.284s] Level 1:colcon.colcon_core.package_identification:_identify(src/example_cpp) by extension 'ignore'
[0.284s] Level 1:colcon.colcon_core.package_identification:_identify(src/example_cpp) by extension 'ignore_ament_install'
[0.284s] Level 1:colcon.colcon_core.package_identification:_identify(src/example_cpp) by extensions ['colcon_pkg']
[0.284s] Level 1:colcon.colcon_core.package_identification:_identify(src/example_cpp) by extension 'colcon_pkg'
[0.284s] Level 1:colcon.colcon_core.package_identification:_identify(src/example_cpp) by extensions ['colcon_meta']
[0.284s] Level 1:colcon.colcon_core.package_identification:_identify(src/example_cpp) by extension 'colcon_meta'
[0.284s] Level 1:colcon.colcon_core.package_identification:_identify(src/example_cpp) by extensions ['ros']
[0.284s] Level 1:colcon.colcon_core.package_identification:_identify(src/example_cpp) by extension 'ros'
[0.286s] DEBUG:colcon.colcon_core.package_identification:Package 'src/example_cpp' with type 'ros.ament_cmake' and name 'example_cpp'
[0.286s] Level 1:colcon.colcon_core.package_discovery:discover_packages(recursive) using defaults
[0.286s] Level 1:colcon.colcon_core.package_discovery:discover_packages(ignore) discover
[0.287s] Level 1:colcon.colcon_core.package_discovery:discover_packages(ignore) using defaults
[0.287s] Level 1:colcon.colcon_core.package_discovery:discover_packages(path) discover
[0.287s] Level 1:colcon.colcon_core.package_discovery:discover_packages(path) using defaults
[0.307s] Level 1:colcon.colcon_core.package_discovery:discover_packages(prefix_path) check parameters
[0.307s] Level 1:colcon.colcon_core.package_discovery:discover_packages(prefix_path) discover
[0.308s] WARNING:colcon.colcon_core.prefix_path.colcon:The path '/home/llw/git/ros2-study/package_example_cpp/src/install' in the environment variable COLCON_PREFIX_PATH doesn't exist
[0.308s] WARNING:colcon.colcon_ros.prefix_path.ament:The path '/home/llw/git/ros2-study/package_example_cpp/src/install/example_cpp' in the environment variable AMENT_PREFIX_PATH doesn't exist
[0.308s] WARNING:colcon.colcon_ros.prefix_path.ament:The path '/home/llw/git/ros2-study/package_example_cpp/install/example_cpp' in the environment variable AMENT_PREFIX_PATH doesn't exist
[0.308s] WARNING:colcon.colcon_ros.prefix_path.catkin:The path '/home/llw/git/ros2-study/package_example_cpp/src/install/example_cpp' in the environment variable CMAKE_PREFIX_PATH doesn't exist
[0.308s] WARNING:colcon.colcon_ros.prefix_path.catkin:The path '/home/llw/git/ros2-study/package_example_cpp/install/example_cpp' in the environment variable CMAKE_PREFIX_PATH doesn't exist
[0.309s] DEBUG:colcon.colcon_installed_package_information.package_discovery:Found 0 installed packages in /home/llw/git/ros2-study/package_example_cpp/install
[0.310s] DEBUG:colcon.colcon_installed_package_information.package_discovery:Found 270 installed packages in /opt/ros/humble
[0.312s] Level 1:colcon.colcon_core.package_discovery:discover_packages(prefix_path) using defaults
[0.369s] Level 5:colcon.colcon_core.verb:set package 'example_cpp' build argument 'cmake_args' from command line to 'None'
[0.369s] Level 5:colcon.colcon_core.verb:set package 'example_cpp' build argument 'cmake_target' from command line to 'None'
[0.369s] Level 5:colcon.colcon_core.verb:set package 'example_cpp' build argument 'cmake_target_skip_unavailable' from command line to 'False'
[0.369s] Level 5:colcon.colcon_core.verb:set package 'example_cpp' build argument 'cmake_clean_cache' from command line to 'False'
[0.369s] Level 5:colcon.colcon_core.verb:set package 'example_cpp' build argument 'cmake_clean_first' from command line to 'False'
[0.369s] Level 5:colcon.colcon_core.verb:set package 'example_cpp' build argument 'cmake_force_configure' from command line to 'False'
[0.369s] Level 5:colcon.colcon_core.verb:set package 'example_cpp' build argument 'ament_cmake_args' from command line to 'None'
[0.369s] Level 5:colcon.colcon_core.verb:set package 'example_cpp' build argument 'catkin_cmake_args' from command line to 'None'
[0.369s] Level 5:colcon.colcon_core.verb:set package 'example_cpp' build argument 'catkin_skip_building_tests' from command line to 'False'
[0.369s] DEBUG:colcon.colcon_core.verb:Building package 'example_cpp' with the following arguments: {'ament_cmake_args': None, 'build_base': '/home/llw/git/ros2-study/package_example_cpp/build/example_cpp', 'catkin_cmake_args': None, 'catkin_skip_building_tests': False, 'cmake_args': None, 'cmake_clean_cache': False, 'cmake_clean_first': False, 'cmake_force_configure': False, 'cmake_target': None, 'cmake_target_skip_unavailable': False, 'install_base': '/home/llw/git/ros2-study/package_example_cpp/install/example_cpp', 'merge_install': False, 'path': '/home/llw/git/ros2-study/package_example_cpp/src/example_cpp', 'symlink_install': False, 'test_result_base': None}
[0.369s] INFO:colcon.colcon_core.executor:Executing jobs using 'parallel' executor
[0.370s] DEBUG:colcon.colcon_parallel_executor.executor.parallel:run_until_complete
[0.371s] INFO:colcon.colcon_ros.task.ament_cmake.build:Building ROS package in '/home/llw/git/ros2-study/package_example_cpp/src/example_cpp' with build type 'ament_cmake'
[0.371s] INFO:colcon.colcon_cmake.task.cmake.build:Building CMake package in '/home/llw/git/ros2-study/package_example_cpp/src/example_cpp'
[0.373s] INFO:colcon.colcon_core.plugin_system:Skipping extension 'colcon_core.shell.bat': Not used on non-Windows systems
[0.373s] INFO:colcon.colcon_core.shell:Skip shell extension 'powershell' for command environment: Not usable outside of PowerShell
[0.373s] DEBUG:colcon.colcon_core.shell:Skip shell extension 'dsv' for command environment
[0.383s] DEBUG:colcon.colcon_core.event_handler.log_command:Invoking command in '/home/llw/git/ros2-study/package_example_cpp/build/example_cpp': CMAKE_PREFIX_PATH=${CMAKE_PREFIX_PATH}:/opt/ros/humble /usr/bin/cmake /home/llw/git/ros2-study/package_example_cpp/src/example_cpp -DCMAKE_INSTALL_PREFIX=/home/llw/git/ros2-study/package_example_cpp/install/example_cpp
[1.591s] DEBUG:colcon.colcon_core.event_handler.log_command:Invoked command in '/home/llw/git/ros2-study/package_example_cpp/build/example_cpp' returned '0': CMAKE_PREFIX_PATH=${CMAKE_PREFIX_PATH}:/opt/ros/humble /usr/bin/cmake /home/llw/git/ros2-study/package_example_cpp/src/example_cpp -DCMAKE_INSTALL_PREFIX=/home/llw/git/ros2-study/package_example_cpp/install/example_cpp
[1.593s] DEBUG:colcon.colcon_core.event_handler.log_command:Invoking command in '/home/llw/git/ros2-study/package_example_cpp/build/example_cpp': CMAKE_PREFIX_PATH=${CMAKE_PREFIX_PATH}:/opt/ros/humble /usr/bin/cmake --build /home/llw/git/ros2-study/package_example_cpp/build/example_cpp -- -j16 -l16
[4.936s] DEBUG:colcon.colcon_core.event_handler.log_command:Invoked command in '/home/llw/git/ros2-study/package_example_cpp/build/example_cpp' returned '0': CMAKE_PREFIX_PATH=${CMAKE_PREFIX_PATH}:/opt/ros/humble /usr/bin/cmake --build /home/llw/git/ros2-study/package_example_cpp/build/example_cpp -- -j16 -l16
[4.947s] DEBUG:colcon.colcon_core.event_handler.log_command:Invoking command in '/home/llw/git/ros2-study/package_example_cpp/build/example_cpp': CMAKE_PREFIX_PATH=${CMAKE_PREFIX_PATH}:/opt/ros/humble /usr/bin/cmake --install /home/llw/git/ros2-study/package_example_cpp/build/example_cpp
[4.958s] Level 1:colcon.colcon_core.environment:create_environment_scripts_only(example_cpp)
[4.958s] DEBUG:colcon.colcon_core.event_handler.log_command:Invoked command in '/home/llw/git/ros2-study/package_example_cpp/build/example_cpp' returned '0': CMAKE_PREFIX_PATH=${CMAKE_PREFIX_PATH}:/opt/ros/humble /usr/bin/cmake --install /home/llw/git/ros2-study/package_example_cpp/build/example_cpp
[4.961s] Level 1:colcon.colcon_core.environment:checking '/home/llw/git/ros2-study/package_example_cpp/install/example_cpp' for CMake module files
[4.961s] Level 1:colcon.colcon_core.environment:checking '/home/llw/git/ros2-study/package_example_cpp/install/example_cpp' for CMake config files
[4.961s] Level 1:colcon.colcon_core.shell:create_environment_hook('example_cpp', 'cmake_prefix_path')
[4.962s] INFO:colcon.colcon_core.shell:Creating environment hook '/home/llw/git/ros2-study/package_example_cpp/install/example_cpp/share/example_cpp/hook/cmake_prefix_path.ps1'
[4.962s] INFO:colcon.colcon_core.shell:Creating environment descriptor '/home/llw/git/ros2-study/package_example_cpp/install/example_cpp/share/example_cpp/hook/cmake_prefix_path.dsv'
[4.963s] INFO:colcon.colcon_core.shell:Creating environment hook '/home/llw/git/ros2-study/package_example_cpp/install/example_cpp/share/example_cpp/hook/cmake_prefix_path.sh'
[4.964s] Level 1:colcon.colcon_core.environment:checking '/home/llw/git/ros2-study/package_example_cpp/install/example_cpp/lib'
[4.964s] Level 1:colcon.colcon_core.environment:checking '/home/llw/git/ros2-study/package_example_cpp/install/example_cpp/bin'
[4.964s] Level 1:colcon.colcon_core.environment:checking '/home/llw/git/ros2-study/package_example_cpp/install/example_cpp/lib/pkgconfig/example_cpp.pc'
[4.964s] Level 1:colcon.colcon_core.environment:checking '/home/llw/git/ros2-study/package_example_cpp/install/example_cpp/lib/python3.10/site-packages'
[4.964s] Level 1:colcon.colcon_core.environment:checking '/home/llw/git/ros2-study/package_example_cpp/install/example_cpp/bin'
[4.965s] INFO:colcon.colcon_core.shell:Creating package script '/home/llw/git/ros2-study/package_example_cpp/install/example_cpp/share/example_cpp/package.ps1'
[4.965s] INFO:colcon.colcon_core.shell:Creating package descriptor '/home/llw/git/ros2-study/package_example_cpp/install/example_cpp/share/example_cpp/package.dsv'
[4.966s] INFO:colcon.colcon_core.shell:Creating package script '/home/llw/git/ros2-study/package_example_cpp/install/example_cpp/share/example_cpp/package.sh'
[4.967s] INFO:colcon.colcon_core.shell:Creating package script '/home/llw/git/ros2-study/package_example_cpp/install/example_cpp/share/example_cpp/package.bash'
[4.967s] INFO:colcon.colcon_core.shell:Creating package script '/home/llw/git/ros2-study/package_example_cpp/install/example_cpp/share/example_cpp/package.zsh'
[4.968s] Level 1:colcon.colcon_core.environment:create_file_with_runtime_dependencies(/home/llw/git/ros2-study/package_example_cpp/install/example_cpp/share/colcon-core/packages/example_cpp)
[4.969s] Level 1:colcon.colcon_core.environment:create_environment_scripts_only(example_cpp)
[4.969s] Level 1:colcon.colcon_core.environment:checking '/home/llw/git/ros2-study/package_example_cpp/install/example_cpp' for CMake module files
[4.969s] Level 1:colcon.colcon_core.environment:checking '/home/llw/git/ros2-study/package_example_cpp/install/example_cpp' for CMake config files
[4.969s] Level 1:colcon.colcon_core.shell:create_environment_hook('example_cpp', 'cmake_prefix_path')
[4.970s] INFO:colcon.colcon_core.shell:Creating environment hook '/home/llw/git/ros2-study/package_example_cpp/install/example_cpp/share/example_cpp/hook/cmake_prefix_path.ps1'
[4.970s] INFO:colcon.colcon_core.shell:Creating environment descriptor '/home/llw/git/ros2-study/package_example_cpp/install/example_cpp/share/example_cpp/hook/cmake_prefix_path.dsv'
[4.971s] INFO:colcon.colcon_core.shell:Creating environment hook '/home/llw/git/ros2-study/package_example_cpp/install/example_cpp/share/example_cpp/hook/cmake_prefix_path.sh'
[4.971s] Level 1:colcon.colcon_core.environment:checking '/home/llw/git/ros2-study/package_example_cpp/install/example_cpp/lib'
[4.971s] Level 1:colcon.colcon_core.environment:checking '/home/llw/git/ros2-study/package_example_cpp/install/example_cpp/bin'
[4.971s] Level 1:colcon.colcon_core.environment:checking '/home/llw/git/ros2-study/package_example_cpp/install/example_cpp/lib/pkgconfig/example_cpp.pc'
[4.972s] Level 1:colcon.colcon_core.environment:checking '/home/llw/git/ros2-study/package_example_cpp/install/example_cpp/lib/python3.10/site-packages'
[4.972s] Level 1:colcon.colcon_core.environment:checking '/home/llw/git/ros2-study/package_example_cpp/install/example_cpp/bin'
[4.972s] INFO:colcon.colcon_core.shell:Creating package script '/home/llw/git/ros2-study/package_example_cpp/install/example_cpp/share/example_cpp/package.ps1'
[4.973s] INFO:colcon.colcon_core.shell:Creating package descriptor '/home/llw/git/ros2-study/package_example_cpp/install/example_cpp/share/example_cpp/package.dsv'
[4.973s] INFO:colcon.colcon_core.shell:Creating package script '/home/llw/git/ros2-study/package_example_cpp/install/example_cpp/share/example_cpp/package.sh'
[4.974s] INFO:colcon.colcon_core.shell:Creating package script '/home/llw/git/ros2-study/package_example_cpp/install/example_cpp/share/example_cpp/package.bash'
[4.974s] INFO:colcon.colcon_core.shell:Creating package script '/home/llw/git/ros2-study/package_example_cpp/install/example_cpp/share/example_cpp/package.zsh'
[4.975s] Level 1:colcon.colcon_core.environment:create_file_with_runtime_dependencies(/home/llw/git/ros2-study/package_example_cpp/install/example_cpp/share/colcon-core/packages/example_cpp)
[4.975s] DEBUG:colcon.colcon_parallel_executor.executor.parallel:closing loop
[4.975s] DEBUG:colcon.colcon_parallel_executor.executor.parallel:loop closed
[4.975s] DEBUG:colcon.colcon_parallel_executor.executor.parallel:run_until_complete finished with '0'
[4.975s] DEBUG:colcon.colcon_core.event_reactor:joining thread
[4.980s] INFO:colcon.colcon_core.plugin_system:Skipping extension 'colcon_notification.desktop_notification.terminal_notifier': Not used on non-Darwin systems
[4.981s] INFO:colcon.colcon_core.plugin_system:Skipping extension 'colcon_notification.desktop_notification.win32': Not used on non-Windows systems
[4.981s] INFO:colcon.colcon_notification.desktop_notification:Sending desktop notification using 'notify2'
[29.993s] DEBUG:colcon.colcon_notification.desktop_notification.notify2:Failed to initialize notify2: org.freedesktop.DBus.Error.NoReply: Did not receive a reply. Possible causes include: the remote application did not send a reply, the message bus security policy blocked the reply, the reply timeout expired, or the network connection was broken.
[29.994s] DEBUG:colcon.colcon_core.event_reactor:joined thread
[29.994s] INFO:colcon.colcon_core.shell:Creating prefix script '/home/llw/git/ros2-study/package_example_cpp/install/local_setup.ps1'
[29.995s] INFO:colcon.colcon_core.shell:Creating prefix util module '/home/llw/git/ros2-study/package_example_cpp/install/_local_setup_util_ps1.py'
[29.997s] INFO:colcon.colcon_core.shell:Creating prefix chain script '/home/llw/git/ros2-study/package_example_cpp/install/setup.ps1'
[29.998s] INFO:colcon.colcon_core.shell:Creating prefix script '/home/llw/git/ros2-study/package_example_cpp/install/local_setup.sh'
[29.999s] INFO:colcon.colcon_core.shell:Creating prefix util module '/home/llw/git/ros2-study/package_example_cpp/install/_local_setup_util_sh.py'
[29.999s] INFO:colcon.colcon_core.shell:Creating prefix chain script '/home/llw/git/ros2-study/package_example_cpp/install/setup.sh'
[30.000s] INFO:colcon.colcon_core.shell:Creating prefix script '/home/llw/git/ros2-study/package_example_cpp/install/local_setup.bash'
[30.001s] INFO:colcon.colcon_core.shell:Creating prefix chain script '/home/llw/git/ros2-study/package_example_cpp/install/setup.bash'
[30.002s] INFO:colcon.colcon_core.shell:Creating prefix script '/home/llw/git/ros2-study/package_example_cpp/install/local_setup.zsh'
[30.002s] INFO:colcon.colcon_core.shell:Creating prefix chain script '/home/llw/git/ros2-study/package_example_cpp/install/setup.zsh'
