[0.016s] Invoking command in '/home/llw/git/ros2-study/chapt4_ws/build/demo_cpp_service': CMAKE_PREFIX_PATH=/home/llw/git/ros2-study/chapt4_ws/install/pkg_interfaces:/home/llw/git/ros2-study/chapt4_ws/install/demo_cpp_service:/home/llw/git/ros2-study/chapt3/topic_ws/install/pkg_cpp_topic:/home/llw/git/ros2-study/chapt2/chapt3_ws/install/pkg_cpp:/home/llw/git/ros2-study/chapt2/chapt2_ws/install/demo_cpp_pkg:/home/llw/git/ros2-study/chapt2/install/demo_cpp_pkg:/home/llw/git/ros2-study/package_example_cpp/src/install/example_cpp:/home/llw/git/ros2-study/package_example_cpp/install/example_cpp:/opt/ros/humble /usr/bin/cmake --build /home/llw/git/ros2-study/chapt4_ws/build/demo_cpp_service -- -j16 -l16
[0.045s] -- Found ament_cmake: 1.3.10 (/opt/ros/humble/share/ament_cmake/cmake)
[0.189s] -- Found pkg_interfaces: 0.0.0 (/home/llw/git/ros2-study/chapt4_ws/install/pkg_interfaces/share/pkg_interfaces/cmake)
[0.214s] -- Found rosidl_generator_c: 3.1.5 (/opt/ros/humble/share/rosidl_generator_c/cmake)
[0.217s] -- Found rosidl_adapter: 3.1.5 (/opt/ros/humble/share/rosidl_adapter/cmake)
[0.225s] -- Found rosidl_generator_cpp: 3.1.5 (/opt/ros/humble/share/rosidl_generator_cpp/cmake)
[0.243s] -- Using all available rosidl_typesupport_c: rosidl_typesupport_fastrtps_c;rosidl_typesupport_introspection_c
[0.259s] -- Using all available rosidl_typesupport_cpp: rosidl_typesupport_fastrtps_cpp;rosidl_typesupport_introspection_cpp
[0.343s] -- Found rclcpp: 16.0.10 (/opt/ros/humble/share/rclcpp/cmake)
[0.372s] -- Found rmw_implementation_cmake: 6.1.2 (/opt/ros/humble/share/rmw_implementation_cmake/cmake)
[0.374s] -- Found rmw_fastrtps_cpp: 6.2.7 (/opt/ros/humble/share/rmw_fastrtps_cpp/cmake)
[0.493s] -- Using RMW implementation 'rmw_fastrtps_cpp' as default
[0.536s] -- Found turtlesim: 1.4.2 (/opt/ros/humble/share/turtlesim/cmake)
[0.581s] -- Found ament_lint_auto: 0.12.11 (/opt/ros/humble/share/ament_lint_auto/cmake)
[0.657s] -- Added test 'cppcheck' to perform static code analysis on C / C++ code
[0.657s] -- Configured cppcheck include dirs: 
[0.657s] -- Configured cppcheck exclude dirs and/or files: 
[0.657s] -- Added test 'lint_cmake' to check CMake code style
[0.658s] -- Added test 'uncrustify' to check C / C++ code style
[0.658s] -- Configured uncrustify additional arguments: 
[0.659s] -- Added test 'xmllint' to check XML markup files
[0.659s] -- Configuring done
[0.678s] -- Generating done
[0.684s] -- Build files have been written to: /home/llw/git/ros2-study/chapt4_ws/build/demo_cpp_service
[0.717s] [35m[1mConsolidate compiler generated dependencies of target turtle_control[0m
[0.728s] [ 25%] [32mBuilding CXX object CMakeFiles/partol_client.dir/src/partol_client.cpp.o[0m
[0.739s] [ 75%] Built target turtle_control
[4.792s] [100%] [32m[1mLinking CXX executable partol_client[0m
[4.993s] [100%] Built target partol_client
[5.006s] Invoked command in '/home/llw/git/ros2-study/chapt4_ws/build/demo_cpp_service' returned '0': CMAKE_PREFIX_PATH=/home/llw/git/ros2-study/chapt4_ws/install/pkg_interfaces:/home/llw/git/ros2-study/chapt4_ws/install/demo_cpp_service:/home/llw/git/ros2-study/chapt3/topic_ws/install/pkg_cpp_topic:/home/llw/git/ros2-study/chapt2/chapt3_ws/install/pkg_cpp:/home/llw/git/ros2-study/chapt2/chapt2_ws/install/demo_cpp_pkg:/home/llw/git/ros2-study/chapt2/install/demo_cpp_pkg:/home/llw/git/ros2-study/package_example_cpp/src/install/example_cpp:/home/llw/git/ros2-study/package_example_cpp/install/example_cpp:/opt/ros/humble /usr/bin/cmake --build /home/llw/git/ros2-study/chapt4_ws/build/demo_cpp_service -- -j16 -l16
[5.008s] Invoking command in '/home/llw/git/ros2-study/chapt4_ws/build/demo_cpp_service': CMAKE_PREFIX_PATH=/home/llw/git/ros2-study/chapt4_ws/install/pkg_interfaces:/home/llw/git/ros2-study/chapt4_ws/install/demo_cpp_service:/home/llw/git/ros2-study/chapt3/topic_ws/install/pkg_cpp_topic:/home/llw/git/ros2-study/chapt2/chapt3_ws/install/pkg_cpp:/home/llw/git/ros2-study/chapt2/chapt2_ws/install/demo_cpp_pkg:/home/llw/git/ros2-study/chapt2/install/demo_cpp_pkg:/home/llw/git/ros2-study/package_example_cpp/src/install/example_cpp:/home/llw/git/ros2-study/package_example_cpp/install/example_cpp:/opt/ros/humble /usr/bin/cmake --install /home/llw/git/ros2-study/chapt4_ws/build/demo_cpp_service
[5.016s] -- Install configuration: ""
[5.017s] -- Up-to-date: /home/llw/git/ros2-study/chapt4_ws/install/demo_cpp_service/lib/demo_cpp_service/turtle_control
[5.017s] -- Installing: /home/llw/git/ros2-study/chapt4_ws/install/demo_cpp_service/lib/demo_cpp_service/partol_client
[5.018s] -- Set runtime path of "/home/llw/git/ros2-study/chapt4_ws/install/demo_cpp_service/lib/demo_cpp_service/partol_client" to ""
[5.018s] -- Up-to-date: /home/llw/git/ros2-study/chapt4_ws/install/demo_cpp_service/share/ament_index/resource_index/package_run_dependencies/demo_cpp_service
[5.018s] -- Installing: /home/llw/git/ros2-study/chapt4_ws/install/demo_cpp_service/share/ament_index/resource_index/parent_prefix_path/demo_cpp_service
[5.019s] -- Up-to-date: /home/llw/git/ros2-study/chapt4_ws/install/demo_cpp_service/share/demo_cpp_service/environment/ament_prefix_path.sh
[5.019s] -- Installing: /home/llw/git/ros2-study/chapt4_ws/install/demo_cpp_service/share/demo_cpp_service/environment/ament_prefix_path.dsv
[5.019s] -- Up-to-date: /home/llw/git/ros2-study/chapt4_ws/install/demo_cpp_service/share/demo_cpp_service/environment/path.sh
[5.019s] -- Installing: /home/llw/git/ros2-study/chapt4_ws/install/demo_cpp_service/share/demo_cpp_service/environment/path.dsv
[5.019s] -- Up-to-date: /home/llw/git/ros2-study/chapt4_ws/install/demo_cpp_service/share/demo_cpp_service/local_setup.bash
[5.019s] -- Up-to-date: /home/llw/git/ros2-study/chapt4_ws/install/demo_cpp_service/share/demo_cpp_service/local_setup.sh
[5.019s] -- Up-to-date: /home/llw/git/ros2-study/chapt4_ws/install/demo_cpp_service/share/demo_cpp_service/local_setup.zsh
[5.019s] -- Installing: /home/llw/git/ros2-study/chapt4_ws/install/demo_cpp_service/share/demo_cpp_service/local_setup.dsv
[5.019s] -- Installing: /home/llw/git/ros2-study/chapt4_ws/install/demo_cpp_service/share/demo_cpp_service/package.dsv
[5.019s] -- Up-to-date: /home/llw/git/ros2-study/chapt4_ws/install/demo_cpp_service/share/ament_index/resource_index/packages/demo_cpp_service
[5.020s] -- Up-to-date: /home/llw/git/ros2-study/chapt4_ws/install/demo_cpp_service/share/demo_cpp_service/cmake/demo_cpp_serviceConfig.cmake
[5.020s] -- Up-to-date: /home/llw/git/ros2-study/chapt4_ws/install/demo_cpp_service/share/demo_cpp_service/cmake/demo_cpp_serviceConfig-version.cmake
[5.020s] -- Up-to-date: /home/llw/git/ros2-study/chapt4_ws/install/demo_cpp_service/share/demo_cpp_service/package.xml
[5.022s] Invoked command in '/home/llw/git/ros2-study/chapt4_ws/build/demo_cpp_service' returned '0': CMAKE_PREFIX_PATH=/home/llw/git/ros2-study/chapt4_ws/install/pkg_interfaces:/home/llw/git/ros2-study/chapt4_ws/install/demo_cpp_service:/home/llw/git/ros2-study/chapt3/topic_ws/install/pkg_cpp_topic:/home/llw/git/ros2-study/chapt2/chapt3_ws/install/pkg_cpp:/home/llw/git/ros2-study/chapt2/chapt2_ws/install/demo_cpp_pkg:/home/llw/git/ros2-study/chapt2/install/demo_cpp_pkg:/home/llw/git/ros2-study/package_example_cpp/src/install/example_cpp:/home/llw/git/ros2-study/package_example_cpp/install/example_cpp:/opt/ros/humble /usr/bin/cmake --install /home/llw/git/ros2-study/chapt4_ws/build/demo_cpp_service
