[0.013s] Invoking command in '/home/llw/git/ros2-study/chapt4_ws/build/demo_cpp_service': CMAKE_PREFIX_PATH=${CMAKE_PREFIX_PATH}:/opt/ros/humble /usr/bin/cmake --build /home/llw/git/ros2-study/chapt4_ws/build/demo_cpp_service -- -j16 -l16
[0.039s] -- Found ament_cmake: 1.3.10 (/opt/ros/humble/share/ament_cmake/cmake)
[0.175s] -- Found pkg_interfaces: 0.0.0 (/home/llw/git/ros2-study/chapt4_ws/install/pkg_interfaces/share/pkg_interfaces/cmake)
[0.201s] -- Found rosidl_generator_c: 3.1.5 (/opt/ros/humble/share/rosidl_generator_c/cmake)
[0.203s] -- Found rosidl_adapter: 3.1.5 (/opt/ros/humble/share/rosidl_adapter/cmake)
[0.210s] -- Found rosidl_generator_cpp: 3.1.5 (/opt/ros/humble/share/rosidl_generator_cpp/cmake)
[0.221s] -- Using all available rosidl_typesupport_c: rosidl_typesupport_fastrtps_c;rosidl_typesupport_introspection_c
[0.235s] -- Using all available rosidl_typesupport_cpp: rosidl_typesupport_fastrtps_cpp;rosidl_typesupport_introspection_cpp
[0.314s] -- Found rclcpp: 16.0.10 (/opt/ros/humble/share/rclcpp/cmake)
[0.343s] -- Found rmw_implementation_cmake: 6.1.2 (/opt/ros/humble/share/rmw_implementation_cmake/cmake)
[0.345s] -- Found rmw_fastrtps_cpp: 6.2.7 (/opt/ros/humble/share/rmw_fastrtps_cpp/cmake)
[0.448s] -- Using RMW implementation 'rmw_fastrtps_cpp' as default
[0.490s] -- Found turtlesim: 1.4.2 (/opt/ros/humble/share/turtlesim/cmake)
[0.535s] -- Found ament_lint_auto: 0.12.11 (/opt/ros/humble/share/ament_lint_auto/cmake)
[0.610s] -- Added test 'cppcheck' to perform static code analysis on C / C++ code
[0.610s] -- Configured cppcheck include dirs: 
[0.610s] -- Configured cppcheck exclude dirs and/or files: 
[0.611s] -- Added test 'lint_cmake' to check CMake code style
[0.612s] -- Added test 'uncrustify' to check C / C++ code style
[0.612s] -- Configured uncrustify additional arguments: 
[0.612s] -- Added test 'xmllint' to check XML markup files
[0.613s] -- Configuring done
[0.628s] -- Generating done
[0.632s] -- Build files have been written to: /home/llw/git/ros2-study/chapt4_ws/build/demo_cpp_service
[0.675s] [ 50%] [32mBuilding CXX object CMakeFiles/turtle_control.dir/src/turtle_control.cpp.o[0m
[10.685s] [100%] [32m[1mLinking CXX executable turtle_control[0m
[11.243s] [100%] Built target turtle_control
[11.256s] Invoked command in '/home/llw/git/ros2-study/chapt4_ws/build/demo_cpp_service' returned '0': CMAKE_PREFIX_PATH=${CMAKE_PREFIX_PATH}:/opt/ros/humble /usr/bin/cmake --build /home/llw/git/ros2-study/chapt4_ws/build/demo_cpp_service -- -j16 -l16
[11.257s] Invoking command in '/home/llw/git/ros2-study/chapt4_ws/build/demo_cpp_service': CMAKE_PREFIX_PATH=${CMAKE_PREFIX_PATH}:/opt/ros/humble /usr/bin/cmake --install /home/llw/git/ros2-study/chapt4_ws/build/demo_cpp_service
[11.265s] -- Install configuration: ""
[11.265s] -- Installing: /home/llw/git/ros2-study/chapt4_ws/install/demo_cpp_service/lib/demo_cpp_service/turtle_control
[11.271s] -- Set runtime path of "/home/llw/git/ros2-study/chapt4_ws/install/demo_cpp_service/lib/demo_cpp_service/turtle_control" to ""
[11.271s] -- Up-to-date: /home/llw/git/ros2-study/chapt4_ws/install/demo_cpp_service/share/ament_index/resource_index/package_run_dependencies/demo_cpp_service
[11.271s] -- Up-to-date: /home/llw/git/ros2-study/chapt4_ws/install/demo_cpp_service/share/ament_index/resource_index/parent_prefix_path/demo_cpp_service
[11.271s] -- Up-to-date: /home/llw/git/ros2-study/chapt4_ws/install/demo_cpp_service/share/demo_cpp_service/environment/ament_prefix_path.sh
[11.271s] -- Installing: /home/llw/git/ros2-study/chapt4_ws/install/demo_cpp_service/share/demo_cpp_service/environment/ament_prefix_path.dsv
[11.271s] -- Up-to-date: /home/llw/git/ros2-study/chapt4_ws/install/demo_cpp_service/share/demo_cpp_service/environment/path.sh
[11.271s] -- Installing: /home/llw/git/ros2-study/chapt4_ws/install/demo_cpp_service/share/demo_cpp_service/environment/path.dsv
[11.271s] -- Up-to-date: /home/llw/git/ros2-study/chapt4_ws/install/demo_cpp_service/share/demo_cpp_service/local_setup.bash
[11.271s] -- Up-to-date: /home/llw/git/ros2-study/chapt4_ws/install/demo_cpp_service/share/demo_cpp_service/local_setup.sh
[11.271s] -- Up-to-date: /home/llw/git/ros2-study/chapt4_ws/install/demo_cpp_service/share/demo_cpp_service/local_setup.zsh
[11.271s] -- Installing: /home/llw/git/ros2-study/chapt4_ws/install/demo_cpp_service/share/demo_cpp_service/local_setup.dsv
[11.272s] -- Installing: /home/llw/git/ros2-study/chapt4_ws/install/demo_cpp_service/share/demo_cpp_service/package.dsv
[11.272s] -- Up-to-date: /home/llw/git/ros2-study/chapt4_ws/install/demo_cpp_service/share/ament_index/resource_index/packages/demo_cpp_service
[11.272s] -- Up-to-date: /home/llw/git/ros2-study/chapt4_ws/install/demo_cpp_service/share/demo_cpp_service/cmake/demo_cpp_serviceConfig.cmake
[11.272s] -- Up-to-date: /home/llw/git/ros2-study/chapt4_ws/install/demo_cpp_service/share/demo_cpp_service/cmake/demo_cpp_serviceConfig-version.cmake
[11.272s] -- Up-to-date: /home/llw/git/ros2-study/chapt4_ws/install/demo_cpp_service/share/demo_cpp_service/package.xml
[11.273s] Invoked command in '/home/llw/git/ros2-study/chapt4_ws/build/demo_cpp_service' returned '0': CMAKE_PREFIX_PATH=${CMAKE_PREFIX_PATH}:/opt/ros/humble /usr/bin/cmake --install /home/llw/git/ros2-study/chapt4_ws/build/demo_cpp_service
