[0.012s] Invoking command in '/home/llw/git/ros2-study/chapt6/build/fishbot_description': CMAKE_PREFIX_PATH=${CMAKE_PREFIX_PATH}:/opt/ros/humble /usr/bin/cmake --build /home/llw/git/ros2-study/chapt6/build/fishbot_description -- -j16 -l16
[0.051s] Invoked command in '/home/llw/git/ros2-study/chapt6/build/fishbot_description' returned '0': CMAKE_PREFIX_PATH=${CMAKE_PREFIX_PATH}:/opt/ros/humble /usr/bin/cmake --build /home/llw/git/ros2-study/chapt6/build/fishbot_description -- -j16 -l16
[0.061s] Invoking command in '/home/llw/git/ros2-study/chapt6/build/fishbot_description': CMAKE_PREFIX_PATH=${CMAKE_PREFIX_PATH}:/opt/ros/humble /usr/bin/cmake --install /home/llw/git/ros2-study/chapt6/build/fishbot_description
[0.068s] -- Install configuration: ""
[0.068s] -- Up-to-date: /home/llw/git/ros2-study/chapt6/install/fishbot_description/share/fishbot_description/launch
[0.068s] -- Installing: /home/llw/git/ros2-study/chapt6/install/fishbot_description/share/fishbot_description/launch/__pycache__
[0.068s] -- Installing: /home/llw/git/ros2-study/chapt6/install/fishbot_description/share/fishbot_description/launch/__pycache__/display_robot.launch.cpython-310.pyc
[0.068s] -- Installing: /home/llw/git/ros2-study/chapt6/install/fishbot_description/share/fishbot_description/launch/display_robot.launch.py
[0.069s] -- Up-to-date: /home/llw/git/ros2-study/chapt6/install/fishbot_description/share/fishbot_description/urdf
[0.069s] -- Up-to-date: /home/llw/git/ros2-study/chapt6/install/fishbot_description/share/fishbot_description/urdf/first_robot.pdf
[0.069s] -- Up-to-date: /home/llw/git/ros2-study/chapt6/install/fishbot_description/share/fishbot_description/urdf/first_robot.urdf
[0.069s] -- Up-to-date: /home/llw/git/ros2-study/chapt6/install/fishbot_description/share/fishbot_description/urdf/first_robot.gv
[0.069s] -- Up-to-date: /home/llw/git/ros2-study/chapt6/install/fishbot_description/share/ament_index/resource_index/package_run_dependencies/fishbot_description
[0.069s] -- Up-to-date: /home/llw/git/ros2-study/chapt6/install/fishbot_description/share/ament_index/resource_index/parent_prefix_path/fishbot_description
[0.069s] -- Up-to-date: /home/llw/git/ros2-study/chapt6/install/fishbot_description/share/fishbot_description/environment/ament_prefix_path.sh
[0.069s] -- Up-to-date: /home/llw/git/ros2-study/chapt6/install/fishbot_description/share/fishbot_description/environment/ament_prefix_path.dsv
[0.070s] -- Up-to-date: /home/llw/git/ros2-study/chapt6/install/fishbot_description/share/fishbot_description/environment/path.sh
[0.070s] -- Up-to-date: /home/llw/git/ros2-study/chapt6/install/fishbot_description/share/fishbot_description/environment/path.dsv
[0.070s] -- Up-to-date: /home/llw/git/ros2-study/chapt6/install/fishbot_description/share/fishbot_description/local_setup.bash
[0.070s] -- Up-to-date: /home/llw/git/ros2-study/chapt6/install/fishbot_description/share/fishbot_description/local_setup.sh
[0.070s] -- Up-to-date: /home/llw/git/ros2-study/chapt6/install/fishbot_description/share/fishbot_description/local_setup.zsh
[0.070s] -- Up-to-date: /home/llw/git/ros2-study/chapt6/install/fishbot_description/share/fishbot_description/local_setup.dsv
[0.070s] -- Up-to-date: /home/llw/git/ros2-study/chapt6/install/fishbot_description/share/fishbot_description/package.dsv
[0.070s] -- Up-to-date: /home/llw/git/ros2-study/chapt6/install/fishbot_description/share/ament_index/resource_index/packages/fishbot_description
[0.070s] -- Up-to-date: /home/llw/git/ros2-study/chapt6/install/fishbot_description/share/fishbot_description/cmake/fishbot_descriptionConfig.cmake
[0.070s] -- Up-to-date: /home/llw/git/ros2-study/chapt6/install/fishbot_description/share/fishbot_description/cmake/fishbot_descriptionConfig-version.cmake
[0.070s] -- Up-to-date: /home/llw/git/ros2-study/chapt6/install/fishbot_description/share/fishbot_description/package.xml
[0.071s] Invoked command in '/home/llw/git/ros2-study/chapt6/build/fishbot_description' returned '0': CMAKE_PREFIX_PATH=${CMAKE_PREFIX_PATH}:/opt/ros/humble /usr/bin/cmake --install /home/llw/git/ros2-study/chapt6/build/fishbot_description
