[0.013s] Invoking command in '/home/llw/git/ros2-study/chapt4_ws/build/demo_cpp_service': CMAKE_PREFIX_PATH=/home/llw/git/ros2-study/chapt4_ws/install/pkg_interfaces:/home/llw/git/ros2-study/chapt4_ws/install/demo_cpp_service:/home/llw/git/ros2-study/chapt3/topic_ws/install/pkg_cpp_topic:/home/llw/git/ros2-study/chapt2/chapt3_ws/install/pkg_cpp:/home/llw/git/ros2-study/chapt2/chapt2_ws/install/demo_cpp_pkg:/home/llw/git/ros2-study/chapt2/install/demo_cpp_pkg:/home/llw/git/ros2-study/package_example_cpp/src/install/example_cpp:/home/llw/git/ros2-study/package_example_cpp/install/example_cpp:/opt/ros/humble /usr/bin/cmake --build /home/llw/git/ros2-study/chapt4_ws/build/demo_cpp_service -- -j16 -l16
[0.057s] [35m[1mConsolidate compiler generated dependencies of target partol_client[0m
[0.079s] [ 50%] Built target turtle_control
[0.079s] [ 75%] [32mBuilding CXX object CMakeFiles/partol_client.dir/src/partol_client.cpp.o[0m
[4.197s] [100%] [32m[1mLinking CXX executable partol_client[0m
[4.385s] [100%] Built target partol_client
[4.399s] Invoked command in '/home/llw/git/ros2-study/chapt4_ws/build/demo_cpp_service' returned '0': CMAKE_PREFIX_PATH=/home/llw/git/ros2-study/chapt4_ws/install/pkg_interfaces:/home/llw/git/ros2-study/chapt4_ws/install/demo_cpp_service:/home/llw/git/ros2-study/chapt3/topic_ws/install/pkg_cpp_topic:/home/llw/git/ros2-study/chapt2/chapt3_ws/install/pkg_cpp:/home/llw/git/ros2-study/chapt2/chapt2_ws/install/demo_cpp_pkg:/home/llw/git/ros2-study/chapt2/install/demo_cpp_pkg:/home/llw/git/ros2-study/package_example_cpp/src/install/example_cpp:/home/llw/git/ros2-study/package_example_cpp/install/example_cpp:/opt/ros/humble /usr/bin/cmake --build /home/llw/git/ros2-study/chapt4_ws/build/demo_cpp_service -- -j16 -l16
[4.401s] Invoking command in '/home/llw/git/ros2-study/chapt4_ws/build/demo_cpp_service': CMAKE_PREFIX_PATH=/home/llw/git/ros2-study/chapt4_ws/install/pkg_interfaces:/home/llw/git/ros2-study/chapt4_ws/install/demo_cpp_service:/home/llw/git/ros2-study/chapt3/topic_ws/install/pkg_cpp_topic:/home/llw/git/ros2-study/chapt2/chapt3_ws/install/pkg_cpp:/home/llw/git/ros2-study/chapt2/chapt2_ws/install/demo_cpp_pkg:/home/llw/git/ros2-study/chapt2/install/demo_cpp_pkg:/home/llw/git/ros2-study/package_example_cpp/src/install/example_cpp:/home/llw/git/ros2-study/package_example_cpp/install/example_cpp:/opt/ros/humble /usr/bin/cmake --install /home/llw/git/ros2-study/chapt4_ws/build/demo_cpp_service
[4.409s] -- Install configuration: ""
[4.410s] -- Up-to-date: /home/llw/git/ros2-study/chapt4_ws/install/demo_cpp_service/lib/demo_cpp_service/turtle_control
[4.410s] -- Installing: /home/llw/git/ros2-study/chapt4_ws/install/demo_cpp_service/lib/demo_cpp_service/partol_client
[4.412s] -- Set runtime path of "/home/llw/git/ros2-study/chapt4_ws/install/demo_cpp_service/lib/demo_cpp_service/partol_client" to ""
[4.412s] -- Up-to-date: /home/llw/git/ros2-study/chapt4_ws/install/demo_cpp_service/share/ament_index/resource_index/package_run_dependencies/demo_cpp_service
[4.412s] -- Up-to-date: /home/llw/git/ros2-study/chapt4_ws/install/demo_cpp_service/share/ament_index/resource_index/parent_prefix_path/demo_cpp_service
[4.412s] -- Up-to-date: /home/llw/git/ros2-study/chapt4_ws/install/demo_cpp_service/share/demo_cpp_service/environment/ament_prefix_path.sh
[4.412s] -- Up-to-date: /home/llw/git/ros2-study/chapt4_ws/install/demo_cpp_service/share/demo_cpp_service/environment/ament_prefix_path.dsv
[4.412s] -- Up-to-date: /home/llw/git/ros2-study/chapt4_ws/install/demo_cpp_service/share/demo_cpp_service/environment/path.sh
[4.412s] -- Up-to-date: /home/llw/git/ros2-study/chapt4_ws/install/demo_cpp_service/share/demo_cpp_service/environment/path.dsv
[4.412s] -- Up-to-date: /home/llw/git/ros2-study/chapt4_ws/install/demo_cpp_service/share/demo_cpp_service/local_setup.bash
[4.413s] -- Up-to-date: /home/llw/git/ros2-study/chapt4_ws/install/demo_cpp_service/share/demo_cpp_service/local_setup.sh
[4.413s] -- Up-to-date: /home/llw/git/ros2-study/chapt4_ws/install/demo_cpp_service/share/demo_cpp_service/local_setup.zsh
[4.413s] -- Up-to-date: /home/llw/git/ros2-study/chapt4_ws/install/demo_cpp_service/share/demo_cpp_service/local_setup.dsv
[4.413s] -- Installing: /home/llw/git/ros2-study/chapt4_ws/install/demo_cpp_service/share/demo_cpp_service/package.dsv
[4.413s] -- Up-to-date: /home/llw/git/ros2-study/chapt4_ws/install/demo_cpp_service/share/ament_index/resource_index/packages/demo_cpp_service
[4.413s] -- Up-to-date: /home/llw/git/ros2-study/chapt4_ws/install/demo_cpp_service/share/demo_cpp_service/cmake/demo_cpp_serviceConfig.cmake
[4.413s] -- Up-to-date: /home/llw/git/ros2-study/chapt4_ws/install/demo_cpp_service/share/demo_cpp_service/cmake/demo_cpp_serviceConfig-version.cmake
[4.413s] -- Up-to-date: /home/llw/git/ros2-study/chapt4_ws/install/demo_cpp_service/share/demo_cpp_service/package.xml
[4.415s] Invoked command in '/home/llw/git/ros2-study/chapt4_ws/build/demo_cpp_service' returned '0': CMAKE_PREFIX_PATH=/home/llw/git/ros2-study/chapt4_ws/install/pkg_interfaces:/home/llw/git/ros2-study/chapt4_ws/install/demo_cpp_service:/home/llw/git/ros2-study/chapt3/topic_ws/install/pkg_cpp_topic:/home/llw/git/ros2-study/chapt2/chapt3_ws/install/pkg_cpp:/home/llw/git/ros2-study/chapt2/chapt2_ws/install/demo_cpp_pkg:/home/llw/git/ros2-study/chapt2/install/demo_cpp_pkg:/home/llw/git/ros2-study/package_example_cpp/src/install/example_cpp:/home/llw/git/ros2-study/package_example_cpp/install/example_cpp:/opt/ros/humble /usr/bin/cmake --install /home/llw/git/ros2-study/chapt4_ws/build/demo_cpp_service
