[0.012s] Invoking command in '/home/llw/git/ros2-study/chapt5_ws/build/demo_cpp_tf': CMAKE_PREFIX_PATH=/opt/ros/humble /usr/bin/cmake /home/llw/git/ros2-study/chapt5_ws/src/demo_cpp_tf -DCMAKE_INSTALL_PREFIX=/home/llw/git/ros2-study/chapt5_ws/install/demo_cpp_tf
[0.077s] -- The C compiler identification is GNU 11.4.0
[0.143s] -- The CXX compiler identification is GNU 11.4.0
[0.152s] -- Detecting C compiler ABI info
[0.233s] -- Detecting C compiler ABI info - done
[0.241s] -- Check for working C compiler: /usr/bin/cc - skipped
[0.242s] -- Detecting C compile features
[0.242s] -- Detecting C compile features - done
[0.245s] -- Detecting CXX compiler ABI info
[0.342s] -- Detecting CXX compiler ABI info - done
[0.352s] -- Check for working CXX compiler: /usr/bin/c++ - skipped
[0.353s] -- Detecting CXX compile features
[0.353s] -- Detecting CXX compile features - done
[0.357s] -- Found ament_cmake: 1.3.10 (/opt/ros/humble/share/ament_cmake/cmake)
[0.525s] -- Found Python3: /usr/bin/python3 (found version "3.10.12") found components: Interpreter 
[0.621s] -- Found rclcpp: 16.0.10 (/opt/ros/humble/share/rclcpp/cmake)
[0.662s] -- Found rosidl_generator_c: 3.1.5 (/opt/ros/humble/share/rosidl_generator_c/cmake)
[0.667s] -- Found rosidl_adapter: 3.1.5 (/opt/ros/humble/share/rosidl_adapter/cmake)
[0.676s] -- Found rosidl_generator_cpp: 3.1.5 (/opt/ros/humble/share/rosidl_generator_cpp/cmake)
[0.690s] -- Using all available rosidl_typesupport_c: rosidl_typesupport_fastrtps_c;rosidl_typesupport_introspection_c
[0.709s] -- Using all available rosidl_typesupport_cpp: rosidl_typesupport_fastrtps_cpp;rosidl_typesupport_introspection_cpp
[0.757s] -- Found rmw_implementation_cmake: 6.1.2 (/opt/ros/humble/share/rmw_implementation_cmake/cmake)
[0.759s] -- Found rmw_fastrtps_cpp: 6.2.7 (/opt/ros/humble/share/rmw_fastrtps_cpp/cmake)
[0.852s] -- Found OpenSSL: /usr/lib/x86_64-linux-gnu/libcrypto.so (found version "3.0.2")  
[0.880s] -- Found FastRTPS: /opt/ros/humble/include  
[0.922s] -- Using RMW implementation 'rmw_fastrtps_cpp' as default
[0.930s] -- Looking for pthread.h
[1.024s] -- Looking for pthread.h - found
[1.024s] -- Performing Test CMAKE_HAVE_LIBC_PTHREAD
[1.111s] -- Performing Test CMAKE_HAVE_LIBC_PTHREAD - Success
[1.113s] -- Found Threads: TRUE  
[1.172s] -- Found tf2_ros: 0.25.8 (/opt/ros/humble/share/tf2_ros/cmake)
[1.332s] -- Found tf2_geometry_msgs: 0.25.8 (/opt/ros/humble/share/tf2_geometry_msgs/cmake)
[1.343s] -- Found eigen3_cmake_module: 0.1.1 (/opt/ros/humble/share/eigen3_cmake_module/cmake)
[1.345s] -- Found Eigen3: TRUE (found version "3.4.0") 
[1.345s] -- Ensuring Eigen3 include directory is part of orocos-kdl CMake target
[1.349s] -- Found ament_lint_auto: 0.12.11 (/opt/ros/humble/share/ament_lint_auto/cmake)
[1.439s] -- Added test 'cppcheck' to perform static code analysis on C / C++ code
[1.439s] -- Configured cppcheck include dirs: 
[1.440s] -- Configured cppcheck exclude dirs and/or files: 
[1.440s] -- Added test 'lint_cmake' to check CMake code style
[1.441s] -- Added test 'uncrustify' to check C / C++ code style
[1.441s] -- Configured uncrustify additional arguments: 
[1.442s] -- Added test 'xmllint' to check XML markup files
[1.444s] -- Configuring done
[1.460s] -- Generating done
[1.465s] -- Build files have been written to: /home/llw/git/ros2-study/chapt5_ws/build/demo_cpp_tf
[1.479s] Invoked command in '/home/llw/git/ros2-study/chapt5_ws/build/demo_cpp_tf' returned '0': CMAKE_PREFIX_PATH=/opt/ros/humble /usr/bin/cmake /home/llw/git/ros2-study/chapt5_ws/src/demo_cpp_tf -DCMAKE_INSTALL_PREFIX=/home/llw/git/ros2-study/chapt5_ws/install/demo_cpp_tf
[1.481s] Invoking command in '/home/llw/git/ros2-study/chapt5_ws/build/demo_cpp_tf': CMAKE_PREFIX_PATH=/opt/ros/humble /usr/bin/cmake --build /home/llw/git/ros2-study/chapt5_ws/build/demo_cpp_tf -- -j16 -l16
[1.538s] [ 50%] [32mBuilding CXX object CMakeFiles/static_tf_broadcaster.dir/src/static_tf_broadcaster.cpp.o[0m
[6.454s] [100%] [32m[1mLinking CXX executable static_tf_broadcaster[0m
[6.715s] [100%] Built target static_tf_broadcaster
[6.727s] Invoked command in '/home/llw/git/ros2-study/chapt5_ws/build/demo_cpp_tf' returned '0': CMAKE_PREFIX_PATH=/opt/ros/humble /usr/bin/cmake --build /home/llw/git/ros2-study/chapt5_ws/build/demo_cpp_tf -- -j16 -l16
[6.738s] Invoking command in '/home/llw/git/ros2-study/chapt5_ws/build/demo_cpp_tf': CMAKE_PREFIX_PATH=/opt/ros/humble /usr/bin/cmake --install /home/llw/git/ros2-study/chapt5_ws/build/demo_cpp_tf
[6.745s] -- Install configuration: ""
[6.745s] -- Installing: /home/llw/git/ros2-study/chapt5_ws/install/demo_cpp_tf/lib/demo_cpp_tf/static_tf_broadcaster
[6.747s] -- Set runtime path of "/home/llw/git/ros2-study/chapt5_ws/install/demo_cpp_tf/lib/demo_cpp_tf/static_tf_broadcaster" to ""
[6.747s] -- Installing: /home/llw/git/ros2-study/chapt5_ws/install/demo_cpp_tf/share/ament_index/resource_index/package_run_dependencies/demo_cpp_tf
[6.747s] -- Installing: /home/llw/git/ros2-study/chapt5_ws/install/demo_cpp_tf/share/ament_index/resource_index/parent_prefix_path/demo_cpp_tf
[6.747s] -- Installing: /home/llw/git/ros2-study/chapt5_ws/install/demo_cpp_tf/share/demo_cpp_tf/environment/ament_prefix_path.sh
[6.747s] -- Installing: /home/llw/git/ros2-study/chapt5_ws/install/demo_cpp_tf/share/demo_cpp_tf/environment/ament_prefix_path.dsv
[6.747s] -- Installing: /home/llw/git/ros2-study/chapt5_ws/install/demo_cpp_tf/share/demo_cpp_tf/environment/path.sh
[6.748s] -- Installing: /home/llw/git/ros2-study/chapt5_ws/install/demo_cpp_tf/share/demo_cpp_tf/environment/path.dsv
[6.748s] -- Installing: /home/llw/git/ros2-study/chapt5_ws/install/demo_cpp_tf/share/demo_cpp_tf/local_setup.bash
[6.748s] -- Installing: /home/llw/git/ros2-study/chapt5_ws/install/demo_cpp_tf/share/demo_cpp_tf/local_setup.sh
[6.748s] -- Installing: /home/llw/git/ros2-study/chapt5_ws/install/demo_cpp_tf/share/demo_cpp_tf/local_setup.zsh
[6.748s] -- Installing: /home/llw/git/ros2-study/chapt5_ws/install/demo_cpp_tf/share/demo_cpp_tf/local_setup.dsv
[6.748s] -- Installing: /home/llw/git/ros2-study/chapt5_ws/install/demo_cpp_tf/share/demo_cpp_tf/package.dsv
[6.748s] -- Installing: /home/llw/git/ros2-study/chapt5_ws/install/demo_cpp_tf/share/ament_index/resource_index/packages/demo_cpp_tf
[6.749s] -- Installing: /home/llw/git/ros2-study/chapt5_ws/install/demo_cpp_tf/share/demo_cpp_tf/cmake/demo_cpp_tfConfig.cmake
[6.749s] -- Installing: /home/llw/git/ros2-study/chapt5_ws/install/demo_cpp_tf/share/demo_cpp_tf/cmake/demo_cpp_tfConfig-version.cmake
[6.749s] -- Installing: /home/llw/git/ros2-study/chapt5_ws/install/demo_cpp_tf/share/demo_cpp_tf/package.xml
[6.751s] Invoked command in '/home/llw/git/ros2-study/chapt5_ws/build/demo_cpp_tf' returned '0': CMAKE_PREFIX_PATH=/opt/ros/humble /usr/bin/cmake --install /home/llw/git/ros2-study/chapt5_ws/build/demo_cpp_tf
