[0.109s] DEBUG:colcon:Command line arguments: ['/usr/bin/colcon', 'build']
[0.109s] DEBUG:colcon:Parsed command line arguments: Namespace(log_base=None, log_level=None, verb_name='build', build_base='build', install_base='install', merge_install=False, symlink_install=False, test_result_base=None, continue_on_error=False, executor='parallel', parallel_workers=16, event_handlers=None, ignore_user_meta=False, metas=['./colcon.meta'], base_paths=['.'], packages_ignore=None, packages_ignore_regex=None, paths=None, packages_up_to=None, packages_up_to_regex=None, packages_above=None, packages_above_and_dependencies=None, packages_above_depth=None, packages_select_by_dep=None, packages_skip_by_dep=None, packages_skip_up_to=None, packages_select_build_failed=False, packages_skip_build_finished=False, packages_select_test_failures=False, packages_skip_test_passed=False, packages_select=None, packages_skip=None, packages_select_regex=None, packages_skip_regex=None, packages_start=None, packages_end=None, allow_overriding=[], cmake_args=None, cmake_target=None, cmake_target_skip_unavailable=False, cmake_clean_cache=False, cmake_clean_first=False, cmake_force_configure=False, ament_cmake_args=None, catkin_cmake_args=None, catkin_skip_building_tests=False, verb_parser=<colcon_defaults.argument_parser.defaults.DefaultArgumentsDecorator object at 0x7f36fdeaf730>, verb_extension=<colcon_core.verb.build.BuildVerb object at 0x7f36fdeae710>, main=<bound method BuildVerb.main of <colcon_core.verb.build.BuildVerb object at 0x7f36fdeae710>>)
[0.271s] Level 1:colcon.colcon_core.package_discovery:discover_packages(colcon_meta) check parameters
[0.271s] Level 1:colcon.colcon_core.package_discovery:discover_packages(recursive) check parameters
[0.271s] Level 1:colcon.colcon_core.package_discovery:discover_packages(ignore) check parameters
[0.271s] Level 1:colcon.colcon_core.package_discovery:discover_packages(path) check parameters
[0.271s] Level 1:colcon.colcon_core.package_discovery:discover_packages(colcon_meta) discover
[0.271s] Level 1:colcon.colcon_core.package_discovery:discover_packages(recursive) discover
[0.271s] INFO:colcon.colcon_core.package_discovery:Crawling recursively for packages in '/home/llw/git/ros2-study/chapt2/chapt2_ws'
[0.271s] Level 1:colcon.colcon_core.package_identification:_identify(.) by extensions ['ignore', 'ignore_ament_install']
[0.271s] Level 1:colcon.colcon_core.package_identification:_identify(.) by extension 'ignore'
[0.271s] Level 1:colcon.colcon_core.package_identification:_identify(.) by extension 'ignore_ament_install'
[0.272s] Level 1:colcon.colcon_core.package_identification:_identify(.) by extensions ['colcon_pkg']
[0.272s] Level 1:colcon.colcon_core.package_identification:_identify(.) by extension 'colcon_pkg'
[0.272s] Level 1:colcon.colcon_core.package_identification:_identify(.) by extensions ['colcon_meta']
[0.272s] Level 1:colcon.colcon_core.package_identification:_identify(.) by extension 'colcon_meta'
[0.272s] Level 1:colcon.colcon_core.package_identification:_identify(.) by extensions ['ros']
[0.272s] Level 1:colcon.colcon_core.package_identification:_identify(.) by extension 'ros'
[0.292s] Level 1:colcon.colcon_core.package_identification:_identify(.) by extensions ['cmake', 'python']
[0.292s] Level 1:colcon.colcon_core.package_identification:_identify(.) by extension 'cmake'
[0.292s] Level 1:colcon.colcon_core.package_identification:_identify(.) by extension 'python'
[0.292s] Level 1:colcon.colcon_core.package_identification:_identify(.) by extensions ['python_setup_py']
[0.292s] Level 1:colcon.colcon_core.package_identification:_identify(.) by extension 'python_setup_py'
[0.293s] Level 1:colcon.colcon_core.package_identification:_identify(build) by extensions ['ignore', 'ignore_ament_install']
[0.293s] Level 1:colcon.colcon_core.package_identification:_identify(build) by extension 'ignore'
[0.293s] Level 1:colcon.colcon_core.package_identification:_identify(build) ignored
[0.293s] Level 1:colcon.colcon_core.package_identification:_identify(install) by extensions ['ignore', 'ignore_ament_install']
[0.293s] Level 1:colcon.colcon_core.package_identification:_identify(install) by extension 'ignore'
[0.293s] Level 1:colcon.colcon_core.package_identification:_identify(install) ignored
[0.293s] Level 1:colcon.colcon_core.package_identification:_identify(log) by extensions ['ignore', 'ignore_ament_install']
[0.293s] Level 1:colcon.colcon_core.package_identification:_identify(log) by extension 'ignore'
[0.293s] Level 1:colcon.colcon_core.package_identification:_identify(log) ignored
[0.293s] Level 1:colcon.colcon_core.package_identification:_identify(src) by extensions ['ignore', 'ignore_ament_install']
[0.293s] Level 1:colcon.colcon_core.package_identification:_identify(src) by extension 'ignore'
[0.293s] Level 1:colcon.colcon_core.package_identification:_identify(src) by extension 'ignore_ament_install'
[0.293s] Level 1:colcon.colcon_core.package_identification:_identify(src) by extensions ['colcon_pkg']
[0.294s] Level 1:colcon.colcon_core.package_identification:_identify(src) by extension 'colcon_pkg'
[0.294s] Level 1:colcon.colcon_core.package_identification:_identify(src) by extensions ['colcon_meta']
[0.294s] Level 1:colcon.colcon_core.package_identification:_identify(src) by extension 'colcon_meta'
[0.294s] Level 1:colcon.colcon_core.package_identification:_identify(src) by extensions ['ros']
[0.294s] Level 1:colcon.colcon_core.package_identification:_identify(src) by extension 'ros'
[0.294s] Level 1:colcon.colcon_core.package_identification:_identify(src) by extensions ['cmake', 'python']
[0.294s] Level 1:colcon.colcon_core.package_identification:_identify(src) by extension 'cmake'
[0.294s] Level 1:colcon.colcon_core.package_identification:_identify(src) by extension 'python'
[0.294s] Level 1:colcon.colcon_core.package_identification:_identify(src) by extensions ['python_setup_py']
[0.294s] Level 1:colcon.colcon_core.package_identification:_identify(src) by extension 'python_setup_py'
[0.294s] Level 1:colcon.colcon_core.package_identification:_identify(src/demo_cpp_pkg) by extensions ['ignore', 'ignore_ament_install']
[0.294s] Level 1:colcon.colcon_core.package_identification:_identify(src/demo_cpp_pkg) by extension 'ignore'
[0.294s] Level 1:colcon.colcon_core.package_identification:_identify(src/demo_cpp_pkg) by extension 'ignore_ament_install'
[0.294s] Level 1:colcon.colcon_core.package_identification:_identify(src/demo_cpp_pkg) by extensions ['colcon_pkg']
[0.294s] Level 1:colcon.colcon_core.package_identification:_identify(src/demo_cpp_pkg) by extension 'colcon_pkg'
[0.294s] Level 1:colcon.colcon_core.package_identification:_identify(src/demo_cpp_pkg) by extensions ['colcon_meta']
[0.294s] Level 1:colcon.colcon_core.package_identification:_identify(src/demo_cpp_pkg) by extension 'colcon_meta'
[0.294s] Level 1:colcon.colcon_core.package_identification:_identify(src/demo_cpp_pkg) by extensions ['ros']
[0.294s] Level 1:colcon.colcon_core.package_identification:_identify(src/demo_cpp_pkg) by extension 'ros'
[0.297s] DEBUG:colcon.colcon_core.package_identification:Package 'src/demo_cpp_pkg' with type 'ros.ament_cmake' and name 'demo_cpp_pkg'
[0.297s] Level 1:colcon.colcon_core.package_discovery:discover_packages(recursive) using defaults
[0.297s] Level 1:colcon.colcon_core.package_discovery:discover_packages(ignore) discover
[0.297s] Level 1:colcon.colcon_core.package_discovery:discover_packages(ignore) using defaults
[0.297s] Level 1:colcon.colcon_core.package_discovery:discover_packages(path) discover
[0.297s] Level 1:colcon.colcon_core.package_discovery:discover_packages(path) using defaults
[0.318s] Level 1:colcon.colcon_core.package_discovery:discover_packages(prefix_path) check parameters
[0.319s] Level 1:colcon.colcon_core.package_discovery:discover_packages(prefix_path) discover
[0.319s] WARNING:colcon.colcon_core.prefix_path.colcon:The path '/home/llw/git/ros2-study/chapt2/install' in the environment variable COLCON_PREFIX_PATH doesn't exist
[0.320s] WARNING:colcon.colcon_core.prefix_path.colcon:The path '/home/llw/git/ros2-study/package_example_cpp/src/install' in the environment variable COLCON_PREFIX_PATH doesn't exist
[0.320s] WARNING:colcon.colcon_ros.prefix_path.ament:The path '/home/llw/git/ros2-study/chapt2/install/demo_cpp_pkg' in the environment variable AMENT_PREFIX_PATH doesn't exist
[0.320s] WARNING:colcon.colcon_ros.prefix_path.ament:The path '/home/llw/git/ros2-study/package_example_cpp/src/install/example_cpp' in the environment variable AMENT_PREFIX_PATH doesn't exist
[0.320s] WARNING:colcon.colcon_ros.prefix_path.catkin:The path '/home/llw/git/ros2-study/chapt2/install/demo_cpp_pkg' in the environment variable CMAKE_PREFIX_PATH doesn't exist
[0.320s] WARNING:colcon.colcon_ros.prefix_path.catkin:The path '/home/llw/git/ros2-study/package_example_cpp/src/install/example_cpp' in the environment variable CMAKE_PREFIX_PATH doesn't exist
[0.321s] DEBUG:colcon.colcon_installed_package_information.package_discovery:Found 1 installed packages in /home/llw/git/ros2-study/package_example_cpp/install
[0.322s] DEBUG:colcon.colcon_installed_package_information.package_discovery:Found 270 installed packages in /opt/ros/humble
[0.323s] Level 1:colcon.colcon_core.package_discovery:discover_packages(prefix_path) using defaults
[0.378s] Level 5:colcon.colcon_core.verb:set package 'demo_cpp_pkg' build argument 'cmake_args' from command line to 'None'
[0.378s] Level 5:colcon.colcon_core.verb:set package 'demo_cpp_pkg' build argument 'cmake_target' from command line to 'None'
[0.378s] Level 5:colcon.colcon_core.verb:set package 'demo_cpp_pkg' build argument 'cmake_target_skip_unavailable' from command line to 'False'
[0.378s] Level 5:colcon.colcon_core.verb:set package 'demo_cpp_pkg' build argument 'cmake_clean_cache' from command line to 'False'
[0.378s] Level 5:colcon.colcon_core.verb:set package 'demo_cpp_pkg' build argument 'cmake_clean_first' from command line to 'False'
[0.378s] Level 5:colcon.colcon_core.verb:set package 'demo_cpp_pkg' build argument 'cmake_force_configure' from command line to 'False'
[0.378s] Level 5:colcon.colcon_core.verb:set package 'demo_cpp_pkg' build argument 'ament_cmake_args' from command line to 'None'
[0.378s] Level 5:colcon.colcon_core.verb:set package 'demo_cpp_pkg' build argument 'catkin_cmake_args' from command line to 'None'
[0.378s] Level 5:colcon.colcon_core.verb:set package 'demo_cpp_pkg' build argument 'catkin_skip_building_tests' from command line to 'False'
[0.378s] DEBUG:colcon.colcon_core.verb:Building package 'demo_cpp_pkg' with the following arguments: {'ament_cmake_args': None, 'build_base': '/home/llw/git/ros2-study/chapt2/chapt2_ws/build/demo_cpp_pkg', 'catkin_cmake_args': None, 'catkin_skip_building_tests': False, 'cmake_args': None, 'cmake_clean_cache': False, 'cmake_clean_first': False, 'cmake_force_configure': False, 'cmake_target': None, 'cmake_target_skip_unavailable': False, 'install_base': '/home/llw/git/ros2-study/chapt2/chapt2_ws/install/demo_cpp_pkg', 'merge_install': False, 'path': '/home/llw/git/ros2-study/chapt2/chapt2_ws/src/demo_cpp_pkg', 'symlink_install': False, 'test_result_base': None}
[0.378s] INFO:colcon.colcon_core.executor:Executing jobs using 'parallel' executor
[0.379s] DEBUG:colcon.colcon_parallel_executor.executor.parallel:run_until_complete
[0.380s] INFO:colcon.colcon_ros.task.ament_cmake.build:Building ROS package in '/home/llw/git/ros2-study/chapt2/chapt2_ws/src/demo_cpp_pkg' with build type 'ament_cmake'
[0.380s] INFO:colcon.colcon_cmake.task.cmake.build:Building CMake package in '/home/llw/git/ros2-study/chapt2/chapt2_ws/src/demo_cpp_pkg'
[0.382s] INFO:colcon.colcon_core.plugin_system:Skipping extension 'colcon_core.shell.bat': Not used on non-Windows systems
[0.382s] INFO:colcon.colcon_core.shell:Skip shell extension 'powershell' for command environment: Not usable outside of PowerShell
[0.382s] DEBUG:colcon.colcon_core.shell:Skip shell extension 'dsv' for command environment
[0.393s] DEBUG:colcon.colcon_core.event_handler.log_command:Invoking command in '/home/llw/git/ros2-study/chapt2/chapt2_ws/build/demo_cpp_pkg': CMAKE_PREFIX_PATH=${CMAKE_PREFIX_PATH}:/opt/ros/humble /usr/bin/cmake /home/llw/git/ros2-study/chapt2/chapt2_ws/src/demo_cpp_pkg -DCMAKE_INSTALL_PREFIX=/home/llw/git/ros2-study/chapt2/chapt2_ws/install/demo_cpp_pkg
[1.647s] DEBUG:colcon.colcon_core.event_handler.log_command:Invoked command in '/home/llw/git/ros2-study/chapt2/chapt2_ws/build/demo_cpp_pkg' returned '0': CMAKE_PREFIX_PATH=${CMAKE_PREFIX_PATH}:/opt/ros/humble /usr/bin/cmake /home/llw/git/ros2-study/chapt2/chapt2_ws/src/demo_cpp_pkg -DCMAKE_INSTALL_PREFIX=/home/llw/git/ros2-study/chapt2/chapt2_ws/install/demo_cpp_pkg
[1.649s] DEBUG:colcon.colcon_core.event_handler.log_command:Invoking command in '/home/llw/git/ros2-study/chapt2/chapt2_ws/build/demo_cpp_pkg': CMAKE_PREFIX_PATH=${CMAKE_PREFIX_PATH}:/opt/ros/humble /usr/bin/cmake --build /home/llw/git/ros2-study/chapt2/chapt2_ws/build/demo_cpp_pkg -- -j16 -l16
[5.094s] DEBUG:colcon.colcon_core.event_handler.log_command:Invoked command in '/home/llw/git/ros2-study/chapt2/chapt2_ws/build/demo_cpp_pkg' returned '0': CMAKE_PREFIX_PATH=${CMAKE_PREFIX_PATH}:/opt/ros/humble /usr/bin/cmake --build /home/llw/git/ros2-study/chapt2/chapt2_ws/build/demo_cpp_pkg -- -j16 -l16
[5.106s] DEBUG:colcon.colcon_core.event_handler.log_command:Invoking command in '/home/llw/git/ros2-study/chapt2/chapt2_ws/build/demo_cpp_pkg': CMAKE_PREFIX_PATH=${CMAKE_PREFIX_PATH}:/opt/ros/humble /usr/bin/cmake --install /home/llw/git/ros2-study/chapt2/chapt2_ws/build/demo_cpp_pkg
[5.118s] Level 1:colcon.colcon_core.environment:create_environment_scripts_only(demo_cpp_pkg)
[5.119s] DEBUG:colcon.colcon_core.event_handler.log_command:Invoked command in '/home/llw/git/ros2-study/chapt2/chapt2_ws/build/demo_cpp_pkg' returned '0': CMAKE_PREFIX_PATH=${CMAKE_PREFIX_PATH}:/opt/ros/humble /usr/bin/cmake --install /home/llw/git/ros2-study/chapt2/chapt2_ws/build/demo_cpp_pkg
[5.121s] Level 1:colcon.colcon_core.environment:checking '/home/llw/git/ros2-study/chapt2/chapt2_ws/install/demo_cpp_pkg' for CMake module files
[5.122s] Level 1:colcon.colcon_core.environment:checking '/home/llw/git/ros2-study/chapt2/chapt2_ws/install/demo_cpp_pkg' for CMake config files
[5.122s] Level 1:colcon.colcon_core.shell:create_environment_hook('demo_cpp_pkg', 'cmake_prefix_path')
[5.122s] INFO:colcon.colcon_core.shell:Creating environment hook '/home/llw/git/ros2-study/chapt2/chapt2_ws/install/demo_cpp_pkg/share/demo_cpp_pkg/hook/cmake_prefix_path.ps1'
[5.123s] INFO:colcon.colcon_core.shell:Creating environment descriptor '/home/llw/git/ros2-study/chapt2/chapt2_ws/install/demo_cpp_pkg/share/demo_cpp_pkg/hook/cmake_prefix_path.dsv'
[5.123s] INFO:colcon.colcon_core.shell:Creating environment hook '/home/llw/git/ros2-study/chapt2/chapt2_ws/install/demo_cpp_pkg/share/demo_cpp_pkg/hook/cmake_prefix_path.sh'
[5.124s] Level 1:colcon.colcon_core.environment:checking '/home/llw/git/ros2-study/chapt2/chapt2_ws/install/demo_cpp_pkg/lib'
[5.125s] Level 1:colcon.colcon_core.environment:checking '/home/llw/git/ros2-study/chapt2/chapt2_ws/install/demo_cpp_pkg/bin'
[5.125s] Level 1:colcon.colcon_core.environment:checking '/home/llw/git/ros2-study/chapt2/chapt2_ws/install/demo_cpp_pkg/lib/pkgconfig/demo_cpp_pkg.pc'
[5.125s] Level 1:colcon.colcon_core.environment:checking '/home/llw/git/ros2-study/chapt2/chapt2_ws/install/demo_cpp_pkg/lib/python3.10/site-packages'
[5.125s] Level 1:colcon.colcon_core.environment:checking '/home/llw/git/ros2-study/chapt2/chapt2_ws/install/demo_cpp_pkg/bin'
[5.125s] INFO:colcon.colcon_core.shell:Creating package script '/home/llw/git/ros2-study/chapt2/chapt2_ws/install/demo_cpp_pkg/share/demo_cpp_pkg/package.ps1'
[5.126s] INFO:colcon.colcon_core.shell:Creating package descriptor '/home/llw/git/ros2-study/chapt2/chapt2_ws/install/demo_cpp_pkg/share/demo_cpp_pkg/package.dsv'
[5.127s] INFO:colcon.colcon_core.shell:Creating package script '/home/llw/git/ros2-study/chapt2/chapt2_ws/install/demo_cpp_pkg/share/demo_cpp_pkg/package.sh'
[5.127s] INFO:colcon.colcon_core.shell:Creating package script '/home/llw/git/ros2-study/chapt2/chapt2_ws/install/demo_cpp_pkg/share/demo_cpp_pkg/package.bash'
[5.128s] INFO:colcon.colcon_core.shell:Creating package script '/home/llw/git/ros2-study/chapt2/chapt2_ws/install/demo_cpp_pkg/share/demo_cpp_pkg/package.zsh'
[5.129s] Level 1:colcon.colcon_core.environment:create_file_with_runtime_dependencies(/home/llw/git/ros2-study/chapt2/chapt2_ws/install/demo_cpp_pkg/share/colcon-core/packages/demo_cpp_pkg)
[5.130s] Level 1:colcon.colcon_core.environment:create_environment_scripts_only(demo_cpp_pkg)
[5.130s] Level 1:colcon.colcon_core.environment:checking '/home/llw/git/ros2-study/chapt2/chapt2_ws/install/demo_cpp_pkg' for CMake module files
[5.130s] Level 1:colcon.colcon_core.environment:checking '/home/llw/git/ros2-study/chapt2/chapt2_ws/install/demo_cpp_pkg' for CMake config files
[5.130s] Level 1:colcon.colcon_core.shell:create_environment_hook('demo_cpp_pkg', 'cmake_prefix_path')
[5.131s] INFO:colcon.colcon_core.shell:Creating environment hook '/home/llw/git/ros2-study/chapt2/chapt2_ws/install/demo_cpp_pkg/share/demo_cpp_pkg/hook/cmake_prefix_path.ps1'
[5.131s] INFO:colcon.colcon_core.shell:Creating environment descriptor '/home/llw/git/ros2-study/chapt2/chapt2_ws/install/demo_cpp_pkg/share/demo_cpp_pkg/hook/cmake_prefix_path.dsv'
[5.131s] INFO:colcon.colcon_core.shell:Creating environment hook '/home/llw/git/ros2-study/chapt2/chapt2_ws/install/demo_cpp_pkg/share/demo_cpp_pkg/hook/cmake_prefix_path.sh'
[5.132s] Level 1:colcon.colcon_core.environment:checking '/home/llw/git/ros2-study/chapt2/chapt2_ws/install/demo_cpp_pkg/lib'
[5.132s] Level 1:colcon.colcon_core.environment:checking '/home/llw/git/ros2-study/chapt2/chapt2_ws/install/demo_cpp_pkg/bin'
[5.132s] Level 1:colcon.colcon_core.environment:checking '/home/llw/git/ros2-study/chapt2/chapt2_ws/install/demo_cpp_pkg/lib/pkgconfig/demo_cpp_pkg.pc'
[5.132s] Level 1:colcon.colcon_core.environment:checking '/home/llw/git/ros2-study/chapt2/chapt2_ws/install/demo_cpp_pkg/lib/python3.10/site-packages'
[5.133s] Level 1:colcon.colcon_core.environment:checking '/home/llw/git/ros2-study/chapt2/chapt2_ws/install/demo_cpp_pkg/bin'
[5.133s] INFO:colcon.colcon_core.shell:Creating package script '/home/llw/git/ros2-study/chapt2/chapt2_ws/install/demo_cpp_pkg/share/demo_cpp_pkg/package.ps1'
[5.133s] INFO:colcon.colcon_core.shell:Creating package descriptor '/home/llw/git/ros2-study/chapt2/chapt2_ws/install/demo_cpp_pkg/share/demo_cpp_pkg/package.dsv'
[5.134s] INFO:colcon.colcon_core.shell:Creating package script '/home/llw/git/ros2-study/chapt2/chapt2_ws/install/demo_cpp_pkg/share/demo_cpp_pkg/package.sh'
[5.134s] INFO:colcon.colcon_core.shell:Creating package script '/home/llw/git/ros2-study/chapt2/chapt2_ws/install/demo_cpp_pkg/share/demo_cpp_pkg/package.bash'
[5.135s] INFO:colcon.colcon_core.shell:Creating package script '/home/llw/git/ros2-study/chapt2/chapt2_ws/install/demo_cpp_pkg/share/demo_cpp_pkg/package.zsh'
[5.135s] Level 1:colcon.colcon_core.environment:create_file_with_runtime_dependencies(/home/llw/git/ros2-study/chapt2/chapt2_ws/install/demo_cpp_pkg/share/colcon-core/packages/demo_cpp_pkg)
[5.136s] DEBUG:colcon.colcon_parallel_executor.executor.parallel:closing loop
[5.136s] DEBUG:colcon.colcon_parallel_executor.executor.parallel:loop closed
[5.136s] DEBUG:colcon.colcon_parallel_executor.executor.parallel:run_until_complete finished with '0'
[5.136s] DEBUG:colcon.colcon_core.event_reactor:joining thread
[5.141s] INFO:colcon.colcon_core.plugin_system:Skipping extension 'colcon_notification.desktop_notification.terminal_notifier': Not used on non-Darwin systems
[5.142s] INFO:colcon.colcon_core.plugin_system:Skipping extension 'colcon_notification.desktop_notification.win32': Not used on non-Windows systems
[5.142s] INFO:colcon.colcon_notification.desktop_notification:Sending desktop notification using 'notify2'
[30.168s] DEBUG:colcon.colcon_notification.desktop_notification.notify2:Failed to initialize notify2: org.freedesktop.DBus.Error.NoReply: Did not receive a reply. Possible causes include: the remote application did not send a reply, the message bus security policy blocked the reply, the reply timeout expired, or the network connection was broken.
[30.168s] DEBUG:colcon.colcon_core.event_reactor:joined thread
[30.168s] INFO:colcon.colcon_core.shell:Creating prefix script '/home/llw/git/ros2-study/chapt2/chapt2_ws/install/local_setup.ps1'
[30.169s] INFO:colcon.colcon_core.shell:Creating prefix util module '/home/llw/git/ros2-study/chapt2/chapt2_ws/install/_local_setup_util_ps1.py'
[30.171s] INFO:colcon.colcon_core.shell:Creating prefix chain script '/home/llw/git/ros2-study/chapt2/chapt2_ws/install/setup.ps1'
[30.172s] INFO:colcon.colcon_core.shell:Creating prefix script '/home/llw/git/ros2-study/chapt2/chapt2_ws/install/local_setup.sh'
[30.173s] INFO:colcon.colcon_core.shell:Creating prefix util module '/home/llw/git/ros2-study/chapt2/chapt2_ws/install/_local_setup_util_sh.py'
[30.174s] INFO:colcon.colcon_core.shell:Creating prefix chain script '/home/llw/git/ros2-study/chapt2/chapt2_ws/install/setup.sh'
[30.175s] INFO:colcon.colcon_core.shell:Creating prefix script '/home/llw/git/ros2-study/chapt2/chapt2_ws/install/local_setup.bash'
[30.175s] INFO:colcon.colcon_core.shell:Creating prefix chain script '/home/llw/git/ros2-study/chapt2/chapt2_ws/install/setup.bash'
[30.176s] INFO:colcon.colcon_core.shell:Creating prefix script '/home/llw/git/ros2-study/chapt2/chapt2_ws/install/local_setup.zsh'
[30.177s] INFO:colcon.colcon_core.shell:Creating prefix chain script '/home/llw/git/ros2-study/chapt2/chapt2_ws/install/setup.zsh'
