[0.011s] Invoking command in '/home/llw/git/ros2-study/chapt5_ws/build/demo_cpp_tf': CMAKE_PREFIX_PATH=${CMAKE_PREFIX_PATH}:/opt/ros/humble /usr/bin/cmake --build /home/llw/git/ros2-study/chapt5_ws/build/demo_cpp_tf -- -j16 -l16
[0.040s] -- Found ament_cmake: 1.3.10 (/opt/ros/humble/share/ament_cmake/cmake)
[0.174s] -- Found rclcpp: 16.0.10 (/opt/ros/humble/share/rclcpp/cmake)
[0.205s] -- Found rosidl_generator_c: 3.1.5 (/opt/ros/humble/share/rosidl_generator_c/cmake)
[0.212s] -- Found rosidl_adapter: 3.1.5 (/opt/ros/humble/share/rosidl_adapter/cmake)
[0.219s] -- Found rosidl_generator_cpp: 3.1.5 (/opt/ros/humble/share/rosidl_generator_cpp/cmake)
[0.230s] -- Using all available rosidl_typesupport_c: rosidl_typesupport_fastrtps_c;rosidl_typesupport_introspection_c
[0.244s] -- Using all available rosidl_typesupport_cpp: rosidl_typesupport_fastrtps_cpp;rosidl_typesupport_introspection_cpp
[0.282s] -- Found rmw_implementation_cmake: 6.1.2 (/opt/ros/humble/share/rmw_implementation_cmake/cmake)
[0.284s] -- Found rmw_fastrtps_cpp: 6.2.7 (/opt/ros/humble/share/rmw_fastrtps_cpp/cmake)
[0.386s] -- Using RMW implementation 'rmw_fastrtps_cpp' as default
[0.441s] -- Found tf2_ros: 0.25.8 (/opt/ros/humble/share/tf2_ros/cmake)
[0.548s] -- Found tf2_geometry_msgs: 0.25.8 (/opt/ros/humble/share/tf2_geometry_msgs/cmake)
[0.550s] -- Found eigen3_cmake_module: 0.1.1 (/opt/ros/humble/share/eigen3_cmake_module/cmake)
[0.552s] -- Ensuring Eigen3 include directory is part of orocos-kdl CMake target
[0.557s] -- Found ament_lint_auto: 0.12.11 (/opt/ros/humble/share/ament_lint_auto/cmake)
[0.634s] -- Added test 'cppcheck' to perform static code analysis on C / C++ code
[0.635s] -- Configured cppcheck include dirs: 
[0.635s] -- Configured cppcheck exclude dirs and/or files: 
[0.636s] -- Added test 'lint_cmake' to check CMake code style
[0.637s] -- Added test 'uncrustify' to check C / C++ code style
[0.637s] -- Configured uncrustify additional arguments: 
[0.637s] -- Added test 'xmllint' to check XML markup files
[0.638s] -- Configuring done
[0.665s] -- Generating done
[0.675s] -- Build files have been written to: /home/llw/git/ros2-study/chapt5_ws/build/demo_cpp_tf
[0.707s] [35m[1mConsolidate compiler generated dependencies of target static_tf_broadcaster[0m
[0.707s] [35m[1mConsolidate compiler generated dependencies of target dynamic_tf_broadcaster[0m
[0.718s] [ 16%] [32mBuilding CXX object CMakeFiles/tf_listener.dir/src/tf_listener.cpp.o[0m
[0.730s] [ 50%] Built target static_tf_broadcaster
[0.731s] [ 83%] Built target dynamic_tf_broadcaster
[10.569s] [100%] [32m[1mLinking CXX executable tf_listener[0m
[11.068s] [100%] Built target tf_listener
[11.081s] Invoked command in '/home/llw/git/ros2-study/chapt5_ws/build/demo_cpp_tf' returned '0': CMAKE_PREFIX_PATH=${CMAKE_PREFIX_PATH}:/opt/ros/humble /usr/bin/cmake --build /home/llw/git/ros2-study/chapt5_ws/build/demo_cpp_tf -- -j16 -l16
[11.092s] Invoking command in '/home/llw/git/ros2-study/chapt5_ws/build/demo_cpp_tf': CMAKE_PREFIX_PATH=${CMAKE_PREFIX_PATH}:/opt/ros/humble /usr/bin/cmake --install /home/llw/git/ros2-study/chapt5_ws/build/demo_cpp_tf
[11.099s] -- Install configuration: ""
[11.099s] -- Up-to-date: /home/llw/git/ros2-study/chapt5_ws/install/demo_cpp_tf/lib/demo_cpp_tf/static_tf_broadcaster
[11.100s] -- Up-to-date: /home/llw/git/ros2-study/chapt5_ws/install/demo_cpp_tf/lib/demo_cpp_tf/dynamic_tf_broadcaster
[11.100s] -- Installing: /home/llw/git/ros2-study/chapt5_ws/install/demo_cpp_tf/lib/demo_cpp_tf/tf_listener
[11.105s] -- Set runtime path of "/home/llw/git/ros2-study/chapt5_ws/install/demo_cpp_tf/lib/demo_cpp_tf/tf_listener" to ""
[11.105s] -- Up-to-date: /home/llw/git/ros2-study/chapt5_ws/install/demo_cpp_tf/share/ament_index/resource_index/package_run_dependencies/demo_cpp_tf
[11.105s] -- Up-to-date: /home/llw/git/ros2-study/chapt5_ws/install/demo_cpp_tf/share/ament_index/resource_index/parent_prefix_path/demo_cpp_tf
[11.106s] -- Up-to-date: /home/llw/git/ros2-study/chapt5_ws/install/demo_cpp_tf/share/demo_cpp_tf/environment/ament_prefix_path.sh
[11.106s] -- Installing: /home/llw/git/ros2-study/chapt5_ws/install/demo_cpp_tf/share/demo_cpp_tf/environment/ament_prefix_path.dsv
[11.106s] -- Up-to-date: /home/llw/git/ros2-study/chapt5_ws/install/demo_cpp_tf/share/demo_cpp_tf/environment/path.sh
[11.106s] -- Installing: /home/llw/git/ros2-study/chapt5_ws/install/demo_cpp_tf/share/demo_cpp_tf/environment/path.dsv
[11.106s] -- Up-to-date: /home/llw/git/ros2-study/chapt5_ws/install/demo_cpp_tf/share/demo_cpp_tf/local_setup.bash
[11.106s] -- Up-to-date: /home/llw/git/ros2-study/chapt5_ws/install/demo_cpp_tf/share/demo_cpp_tf/local_setup.sh
[11.106s] -- Up-to-date: /home/llw/git/ros2-study/chapt5_ws/install/demo_cpp_tf/share/demo_cpp_tf/local_setup.zsh
[11.106s] -- Installing: /home/llw/git/ros2-study/chapt5_ws/install/demo_cpp_tf/share/demo_cpp_tf/local_setup.dsv
[11.106s] -- Installing: /home/llw/git/ros2-study/chapt5_ws/install/demo_cpp_tf/share/demo_cpp_tf/package.dsv
[11.106s] -- Up-to-date: /home/llw/git/ros2-study/chapt5_ws/install/demo_cpp_tf/share/ament_index/resource_index/packages/demo_cpp_tf
[11.106s] -- Up-to-date: /home/llw/git/ros2-study/chapt5_ws/install/demo_cpp_tf/share/demo_cpp_tf/cmake/demo_cpp_tfConfig.cmake
[11.106s] -- Up-to-date: /home/llw/git/ros2-study/chapt5_ws/install/demo_cpp_tf/share/demo_cpp_tf/cmake/demo_cpp_tfConfig-version.cmake
[11.107s] -- Up-to-date: /home/llw/git/ros2-study/chapt5_ws/install/demo_cpp_tf/share/demo_cpp_tf/package.xml
[11.108s] Invoked command in '/home/llw/git/ros2-study/chapt5_ws/build/demo_cpp_tf' returned '0': CMAKE_PREFIX_PATH=${CMAKE_PREFIX_PATH}:/opt/ros/humble /usr/bin/cmake --install /home/llw/git/ros2-study/chapt5_ws/build/demo_cpp_tf
