[0.112s] DEBUG:colcon:Command line arguments: ['/usr/bin/colcon', 'build']
[0.113s] DEBUG:colcon:Parsed command line arguments: Namespace(log_base=None, log_level=None, verb_name='build', build_base='build', install_base='install', merge_install=False, symlink_install=False, test_result_base=None, continue_on_error=False, executor='parallel', parallel_workers=16, event_handlers=None, ignore_user_meta=False, metas=['./colcon.meta'], base_paths=['.'], packages_ignore=None, packages_ignore_regex=None, paths=None, packages_up_to=None, packages_up_to_regex=None, packages_above=None, packages_above_and_dependencies=None, packages_above_depth=None, packages_select_by_dep=None, packages_skip_by_dep=None, packages_skip_up_to=None, packages_select_build_failed=False, packages_skip_build_finished=False, packages_select_test_failures=False, packages_skip_test_passed=False, packages_select=None, packages_skip=None, packages_select_regex=None, packages_skip_regex=None, packages_start=None, packages_end=None, allow_overriding=[], cmake_args=None, cmake_target=None, cmake_target_skip_unavailable=False, cmake_clean_cache=False, cmake_clean_first=False, cmake_force_configure=False, ament_cmake_args=None, catkin_cmake_args=None, catkin_skip_building_tests=False, verb_parser=<colcon_defaults.argument_parser.defaults.DefaultArgumentsDecorator object at 0x7f14d82df730>, verb_extension=<colcon_core.verb.build.BuildVerb object at 0x7f14d82de710>, main=<bound method BuildVerb.main of <colcon_core.verb.build.BuildVerb object at 0x7f14d82de710>>)
[0.277s] Level 1:colcon.colcon_core.package_discovery:discover_packages(colcon_meta) check parameters
[0.278s] Level 1:colcon.colcon_core.package_discovery:discover_packages(recursive) check parameters
[0.278s] Level 1:colcon.colcon_core.package_discovery:discover_packages(ignore) check parameters
[0.278s] Level 1:colcon.colcon_core.package_discovery:discover_packages(path) check parameters
[0.278s] Level 1:colcon.colcon_core.package_discovery:discover_packages(colcon_meta) discover
[0.278s] Level 1:colcon.colcon_core.package_discovery:discover_packages(recursive) discover
[0.278s] INFO:colcon.colcon_core.package_discovery:Crawling recursively for packages in '/home/llw/git/ros2-study/chapt3/topic_ws'
[0.278s] Level 1:colcon.colcon_core.package_identification:_identify(.) by extensions ['ignore', 'ignore_ament_install']
[0.278s] Level 1:colcon.colcon_core.package_identification:_identify(.) by extension 'ignore'
[0.278s] Level 1:colcon.colcon_core.package_identification:_identify(.) by extension 'ignore_ament_install'
[0.278s] Level 1:colcon.colcon_core.package_identification:_identify(.) by extensions ['colcon_pkg']
[0.278s] Level 1:colcon.colcon_core.package_identification:_identify(.) by extension 'colcon_pkg'
[0.278s] Level 1:colcon.colcon_core.package_identification:_identify(.) by extensions ['colcon_meta']
[0.278s] Level 1:colcon.colcon_core.package_identification:_identify(.) by extension 'colcon_meta'
[0.278s] Level 1:colcon.colcon_core.package_identification:_identify(.) by extensions ['ros']
[0.278s] Level 1:colcon.colcon_core.package_identification:_identify(.) by extension 'ros'
[0.291s] Level 1:colcon.colcon_core.package_identification:_identify(.) by extensions ['cmake', 'python']
[0.291s] Level 1:colcon.colcon_core.package_identification:_identify(.) by extension 'cmake'
[0.291s] Level 1:colcon.colcon_core.package_identification:_identify(.) by extension 'python'
[0.292s] Level 1:colcon.colcon_core.package_identification:_identify(.) by extensions ['python_setup_py']
[0.292s] Level 1:colcon.colcon_core.package_identification:_identify(.) by extension 'python_setup_py'
[0.292s] Level 1:colcon.colcon_core.package_identification:_identify(build) by extensions ['ignore', 'ignore_ament_install']
[0.292s] Level 1:colcon.colcon_core.package_identification:_identify(build) by extension 'ignore'
[0.292s] Level 1:colcon.colcon_core.package_identification:_identify(build) ignored
[0.292s] Level 1:colcon.colcon_core.package_identification:_identify(install) by extensions ['ignore', 'ignore_ament_install']
[0.292s] Level 1:colcon.colcon_core.package_identification:_identify(install) by extension 'ignore'
[0.292s] Level 1:colcon.colcon_core.package_identification:_identify(install) ignored
[0.292s] Level 1:colcon.colcon_core.package_identification:_identify(log) by extensions ['ignore', 'ignore_ament_install']
[0.292s] Level 1:colcon.colcon_core.package_identification:_identify(log) by extension 'ignore'
[0.292s] Level 1:colcon.colcon_core.package_identification:_identify(log) ignored
[0.292s] Level 1:colcon.colcon_core.package_identification:_identify(src) by extensions ['ignore', 'ignore_ament_install']
[0.293s] Level 1:colcon.colcon_core.package_identification:_identify(src) by extension 'ignore'
[0.293s] Level 1:colcon.colcon_core.package_identification:_identify(src) by extension 'ignore_ament_install'
[0.293s] Level 1:colcon.colcon_core.package_identification:_identify(src) by extensions ['colcon_pkg']
[0.293s] Level 1:colcon.colcon_core.package_identification:_identify(src) by extension 'colcon_pkg'
[0.293s] Level 1:colcon.colcon_core.package_identification:_identify(src) by extensions ['colcon_meta']
[0.293s] Level 1:colcon.colcon_core.package_identification:_identify(src) by extension 'colcon_meta'
[0.293s] Level 1:colcon.colcon_core.package_identification:_identify(src) by extensions ['ros']
[0.293s] Level 1:colcon.colcon_core.package_identification:_identify(src) by extension 'ros'
[0.293s] Level 1:colcon.colcon_core.package_identification:_identify(src) by extensions ['cmake', 'python']
[0.293s] Level 1:colcon.colcon_core.package_identification:_identify(src) by extension 'cmake'
[0.293s] Level 1:colcon.colcon_core.package_identification:_identify(src) by extension 'python'
[0.293s] Level 1:colcon.colcon_core.package_identification:_identify(src) by extensions ['python_setup_py']
[0.293s] Level 1:colcon.colcon_core.package_identification:_identify(src) by extension 'python_setup_py'
[0.293s] Level 1:colcon.colcon_core.package_identification:_identify(src/pkg_cpp_topic) by extensions ['ignore', 'ignore_ament_install']
[0.293s] Level 1:colcon.colcon_core.package_identification:_identify(src/pkg_cpp_topic) by extension 'ignore'
[0.293s] Level 1:colcon.colcon_core.package_identification:_identify(src/pkg_cpp_topic) by extension 'ignore_ament_install'
[0.293s] Level 1:colcon.colcon_core.package_identification:_identify(src/pkg_cpp_topic) by extensions ['colcon_pkg']
[0.293s] Level 1:colcon.colcon_core.package_identification:_identify(src/pkg_cpp_topic) by extension 'colcon_pkg'
[0.293s] Level 1:colcon.colcon_core.package_identification:_identify(src/pkg_cpp_topic) by extensions ['colcon_meta']
[0.293s] Level 1:colcon.colcon_core.package_identification:_identify(src/pkg_cpp_topic) by extension 'colcon_meta'
[0.294s] Level 1:colcon.colcon_core.package_identification:_identify(src/pkg_cpp_topic) by extensions ['ros']
[0.294s] Level 1:colcon.colcon_core.package_identification:_identify(src/pkg_cpp_topic) by extension 'ros'
[0.296s] DEBUG:colcon.colcon_core.package_identification:Package 'src/pkg_cpp_topic' with type 'ros.ament_cmake' and name 'pkg_cpp_topic'
[0.296s] Level 1:colcon.colcon_core.package_discovery:discover_packages(recursive) using defaults
[0.296s] Level 1:colcon.colcon_core.package_discovery:discover_packages(ignore) discover
[0.296s] Level 1:colcon.colcon_core.package_discovery:discover_packages(ignore) using defaults
[0.297s] Level 1:colcon.colcon_core.package_discovery:discover_packages(path) discover
[0.297s] Level 1:colcon.colcon_core.package_discovery:discover_packages(path) using defaults
[0.319s] Level 1:colcon.colcon_core.package_discovery:discover_packages(prefix_path) check parameters
[0.319s] Level 1:colcon.colcon_core.package_discovery:discover_packages(prefix_path) discover
[0.320s] WARNING:colcon.colcon_core.prefix_path.colcon:The path '/home/llw/git/ros2-study/chapt2/install' in the environment variable COLCON_PREFIX_PATH doesn't exist
[0.320s] WARNING:colcon.colcon_core.prefix_path.colcon:The path '/home/llw/git/ros2-study/package_example_cpp/src/install' in the environment variable COLCON_PREFIX_PATH doesn't exist
[0.320s] WARNING:colcon.colcon_ros.prefix_path.ament:The path '/home/llw/git/ros2-study/chapt2/install/demo_cpp_pkg' in the environment variable AMENT_PREFIX_PATH doesn't exist
[0.320s] WARNING:colcon.colcon_ros.prefix_path.ament:The path '/home/llw/git/ros2-study/package_example_cpp/src/install/example_cpp' in the environment variable AMENT_PREFIX_PATH doesn't exist
[0.320s] WARNING:colcon.colcon_ros.prefix_path.catkin:The path '/home/llw/git/ros2-study/chapt2/install/demo_cpp_pkg' in the environment variable CMAKE_PREFIX_PATH doesn't exist
[0.321s] WARNING:colcon.colcon_ros.prefix_path.catkin:The path '/home/llw/git/ros2-study/package_example_cpp/src/install/example_cpp' in the environment variable CMAKE_PREFIX_PATH doesn't exist
[0.321s] DEBUG:colcon.colcon_installed_package_information.package_discovery:Found 1 installed packages in /home/llw/git/ros2-study/chapt3/topic_ws/install
[0.322s] DEBUG:colcon.colcon_installed_package_information.package_discovery:Found 1 installed packages in /home/llw/git/ros2-study/chapt2/chapt3_ws/install
[0.322s] DEBUG:colcon.colcon_installed_package_information.package_discovery:Found 1 installed packages in /home/llw/git/ros2-study/chapt2/chapt2_ws/install
[0.323s] DEBUG:colcon.colcon_installed_package_information.package_discovery:Found 1 installed packages in /home/llw/git/ros2-study/package_example_cpp/install
[0.324s] DEBUG:colcon.colcon_installed_package_information.package_discovery:Found 270 installed packages in /opt/ros/humble
[0.326s] Level 1:colcon.colcon_core.package_discovery:discover_packages(prefix_path) using defaults
[0.380s] Level 5:colcon.colcon_core.verb:set package 'pkg_cpp_topic' build argument 'cmake_args' from command line to 'None'
[0.380s] Level 5:colcon.colcon_core.verb:set package 'pkg_cpp_topic' build argument 'cmake_target' from command line to 'None'
[0.380s] Level 5:colcon.colcon_core.verb:set package 'pkg_cpp_topic' build argument 'cmake_target_skip_unavailable' from command line to 'False'
[0.380s] Level 5:colcon.colcon_core.verb:set package 'pkg_cpp_topic' build argument 'cmake_clean_cache' from command line to 'False'
[0.380s] Level 5:colcon.colcon_core.verb:set package 'pkg_cpp_topic' build argument 'cmake_clean_first' from command line to 'False'
[0.380s] Level 5:colcon.colcon_core.verb:set package 'pkg_cpp_topic' build argument 'cmake_force_configure' from command line to 'False'
[0.380s] Level 5:colcon.colcon_core.verb:set package 'pkg_cpp_topic' build argument 'ament_cmake_args' from command line to 'None'
[0.380s] Level 5:colcon.colcon_core.verb:set package 'pkg_cpp_topic' build argument 'catkin_cmake_args' from command line to 'None'
[0.380s] Level 5:colcon.colcon_core.verb:set package 'pkg_cpp_topic' build argument 'catkin_skip_building_tests' from command line to 'False'
[0.380s] DEBUG:colcon.colcon_core.verb:Building package 'pkg_cpp_topic' with the following arguments: {'ament_cmake_args': None, 'build_base': '/home/llw/git/ros2-study/chapt3/topic_ws/build/pkg_cpp_topic', 'catkin_cmake_args': None, 'catkin_skip_building_tests': False, 'cmake_args': None, 'cmake_clean_cache': False, 'cmake_clean_first': False, 'cmake_force_configure': False, 'cmake_target': None, 'cmake_target_skip_unavailable': False, 'install_base': '/home/llw/git/ros2-study/chapt3/topic_ws/install/pkg_cpp_topic', 'merge_install': False, 'path': '/home/llw/git/ros2-study/chapt3/topic_ws/src/pkg_cpp_topic', 'symlink_install': False, 'test_result_base': None}
[0.380s] INFO:colcon.colcon_core.executor:Executing jobs using 'parallel' executor
[0.381s] DEBUG:colcon.colcon_parallel_executor.executor.parallel:run_until_complete
[0.382s] INFO:colcon.colcon_ros.task.ament_cmake.build:Building ROS package in '/home/llw/git/ros2-study/chapt3/topic_ws/src/pkg_cpp_topic' with build type 'ament_cmake'
[0.382s] INFO:colcon.colcon_cmake.task.cmake.build:Building CMake package in '/home/llw/git/ros2-study/chapt3/topic_ws/src/pkg_cpp_topic'
[0.384s] INFO:colcon.colcon_core.plugin_system:Skipping extension 'colcon_core.shell.bat': Not used on non-Windows systems
[0.384s] INFO:colcon.colcon_core.shell:Skip shell extension 'powershell' for command environment: Not usable outside of PowerShell
[0.384s] DEBUG:colcon.colcon_core.shell:Skip shell extension 'dsv' for command environment
[0.396s] DEBUG:colcon.colcon_core.event_handler.log_command:Invoking command in '/home/llw/git/ros2-study/chapt3/topic_ws/build/pkg_cpp_topic': CMAKE_PREFIX_PATH=${CMAKE_PREFIX_PATH}:/opt/ros/humble /usr/bin/cmake --build /home/llw/git/ros2-study/chapt3/topic_ws/build/pkg_cpp_topic -- -j16 -l16
[11.278s] DEBUG:colcon.colcon_core.event_handler.log_command:Invoked command in '/home/llw/git/ros2-study/chapt3/topic_ws/build/pkg_cpp_topic' returned '0': CMAKE_PREFIX_PATH=${CMAKE_PREFIX_PATH}:/opt/ros/humble /usr/bin/cmake --build /home/llw/git/ros2-study/chapt3/topic_ws/build/pkg_cpp_topic -- -j16 -l16
[11.289s] DEBUG:colcon.colcon_core.event_handler.log_command:Invoking command in '/home/llw/git/ros2-study/chapt3/topic_ws/build/pkg_cpp_topic': CMAKE_PREFIX_PATH=${CMAKE_PREFIX_PATH}:/opt/ros/humble /usr/bin/cmake --install /home/llw/git/ros2-study/chapt3/topic_ws/build/pkg_cpp_topic
[11.308s] Level 1:colcon.colcon_core.environment:create_environment_scripts_only(pkg_cpp_topic)
[11.309s] DEBUG:colcon.colcon_core.event_handler.log_command:Invoked command in '/home/llw/git/ros2-study/chapt3/topic_ws/build/pkg_cpp_topic' returned '0': CMAKE_PREFIX_PATH=${CMAKE_PREFIX_PATH}:/opt/ros/humble /usr/bin/cmake --install /home/llw/git/ros2-study/chapt3/topic_ws/build/pkg_cpp_topic
[11.312s] Level 1:colcon.colcon_core.environment:checking '/home/llw/git/ros2-study/chapt3/topic_ws/install/pkg_cpp_topic' for CMake module files
[11.312s] Level 1:colcon.colcon_core.environment:checking '/home/llw/git/ros2-study/chapt3/topic_ws/install/pkg_cpp_topic' for CMake config files
[11.313s] Level 1:colcon.colcon_core.shell:create_environment_hook('pkg_cpp_topic', 'cmake_prefix_path')
[11.313s] INFO:colcon.colcon_core.shell:Creating environment hook '/home/llw/git/ros2-study/chapt3/topic_ws/install/pkg_cpp_topic/share/pkg_cpp_topic/hook/cmake_prefix_path.ps1'
[11.314s] INFO:colcon.colcon_core.shell:Creating environment descriptor '/home/llw/git/ros2-study/chapt3/topic_ws/install/pkg_cpp_topic/share/pkg_cpp_topic/hook/cmake_prefix_path.dsv'
[11.315s] INFO:colcon.colcon_core.shell:Creating environment hook '/home/llw/git/ros2-study/chapt3/topic_ws/install/pkg_cpp_topic/share/pkg_cpp_topic/hook/cmake_prefix_path.sh'
[11.316s] Level 1:colcon.colcon_core.environment:checking '/home/llw/git/ros2-study/chapt3/topic_ws/install/pkg_cpp_topic/lib'
[11.316s] Level 1:colcon.colcon_core.environment:checking '/home/llw/git/ros2-study/chapt3/topic_ws/install/pkg_cpp_topic/bin'
[11.316s] Level 1:colcon.colcon_core.environment:checking '/home/llw/git/ros2-study/chapt3/topic_ws/install/pkg_cpp_topic/lib/pkgconfig/pkg_cpp_topic.pc'
[11.317s] Level 1:colcon.colcon_core.environment:checking '/home/llw/git/ros2-study/chapt3/topic_ws/install/pkg_cpp_topic/lib/python3.10/site-packages'
[11.317s] Level 1:colcon.colcon_core.environment:checking '/home/llw/git/ros2-study/chapt3/topic_ws/install/pkg_cpp_topic/bin'
[11.317s] INFO:colcon.colcon_core.shell:Creating package script '/home/llw/git/ros2-study/chapt3/topic_ws/install/pkg_cpp_topic/share/pkg_cpp_topic/package.ps1'
[11.318s] INFO:colcon.colcon_core.shell:Creating package descriptor '/home/llw/git/ros2-study/chapt3/topic_ws/install/pkg_cpp_topic/share/pkg_cpp_topic/package.dsv'
[11.319s] INFO:colcon.colcon_core.shell:Creating package script '/home/llw/git/ros2-study/chapt3/topic_ws/install/pkg_cpp_topic/share/pkg_cpp_topic/package.sh'
[11.320s] INFO:colcon.colcon_core.shell:Creating package script '/home/llw/git/ros2-study/chapt3/topic_ws/install/pkg_cpp_topic/share/pkg_cpp_topic/package.bash'
[11.321s] INFO:colcon.colcon_core.shell:Creating package script '/home/llw/git/ros2-study/chapt3/topic_ws/install/pkg_cpp_topic/share/pkg_cpp_topic/package.zsh'
[11.321s] Level 1:colcon.colcon_core.environment:create_file_with_runtime_dependencies(/home/llw/git/ros2-study/chapt3/topic_ws/install/pkg_cpp_topic/share/colcon-core/packages/pkg_cpp_topic)
[11.322s] Level 1:colcon.colcon_core.environment:create_environment_scripts_only(pkg_cpp_topic)
[11.322s] Level 1:colcon.colcon_core.environment:checking '/home/llw/git/ros2-study/chapt3/topic_ws/install/pkg_cpp_topic' for CMake module files
[11.323s] Level 1:colcon.colcon_core.environment:checking '/home/llw/git/ros2-study/chapt3/topic_ws/install/pkg_cpp_topic' for CMake config files
[11.323s] Level 1:colcon.colcon_core.shell:create_environment_hook('pkg_cpp_topic', 'cmake_prefix_path')
[11.323s] INFO:colcon.colcon_core.shell:Creating environment hook '/home/llw/git/ros2-study/chapt3/topic_ws/install/pkg_cpp_topic/share/pkg_cpp_topic/hook/cmake_prefix_path.ps1'
[11.324s] INFO:colcon.colcon_core.shell:Creating environment descriptor '/home/llw/git/ros2-study/chapt3/topic_ws/install/pkg_cpp_topic/share/pkg_cpp_topic/hook/cmake_prefix_path.dsv'
[11.324s] INFO:colcon.colcon_core.shell:Creating environment hook '/home/llw/git/ros2-study/chapt3/topic_ws/install/pkg_cpp_topic/share/pkg_cpp_topic/hook/cmake_prefix_path.sh'
[11.325s] Level 1:colcon.colcon_core.environment:checking '/home/llw/git/ros2-study/chapt3/topic_ws/install/pkg_cpp_topic/lib'
[11.325s] Level 1:colcon.colcon_core.environment:checking '/home/llw/git/ros2-study/chapt3/topic_ws/install/pkg_cpp_topic/bin'
[11.325s] Level 1:colcon.colcon_core.environment:checking '/home/llw/git/ros2-study/chapt3/topic_ws/install/pkg_cpp_topic/lib/pkgconfig/pkg_cpp_topic.pc'
[11.325s] Level 1:colcon.colcon_core.environment:checking '/home/llw/git/ros2-study/chapt3/topic_ws/install/pkg_cpp_topic/lib/python3.10/site-packages'
[11.325s] Level 1:colcon.colcon_core.environment:checking '/home/llw/git/ros2-study/chapt3/topic_ws/install/pkg_cpp_topic/bin'
[11.326s] INFO:colcon.colcon_core.shell:Creating package script '/home/llw/git/ros2-study/chapt3/topic_ws/install/pkg_cpp_topic/share/pkg_cpp_topic/package.ps1'
[11.326s] INFO:colcon.colcon_core.shell:Creating package descriptor '/home/llw/git/ros2-study/chapt3/topic_ws/install/pkg_cpp_topic/share/pkg_cpp_topic/package.dsv'
[11.327s] INFO:colcon.colcon_core.shell:Creating package script '/home/llw/git/ros2-study/chapt3/topic_ws/install/pkg_cpp_topic/share/pkg_cpp_topic/package.sh'
[11.327s] INFO:colcon.colcon_core.shell:Creating package script '/home/llw/git/ros2-study/chapt3/topic_ws/install/pkg_cpp_topic/share/pkg_cpp_topic/package.bash'
[11.328s] INFO:colcon.colcon_core.shell:Creating package script '/home/llw/git/ros2-study/chapt3/topic_ws/install/pkg_cpp_topic/share/pkg_cpp_topic/package.zsh'
[11.328s] Level 1:colcon.colcon_core.environment:create_file_with_runtime_dependencies(/home/llw/git/ros2-study/chapt3/topic_ws/install/pkg_cpp_topic/share/colcon-core/packages/pkg_cpp_topic)
[11.328s] DEBUG:colcon.colcon_parallel_executor.executor.parallel:closing loop
[11.329s] DEBUG:colcon.colcon_parallel_executor.executor.parallel:loop closed
[11.329s] DEBUG:colcon.colcon_parallel_executor.executor.parallel:run_until_complete finished with '0'
[11.329s] DEBUG:colcon.colcon_core.event_reactor:joining thread
[11.334s] INFO:colcon.colcon_core.plugin_system:Skipping extension 'colcon_notification.desktop_notification.terminal_notifier': Not used on non-Darwin systems
[11.334s] INFO:colcon.colcon_core.plugin_system:Skipping extension 'colcon_notification.desktop_notification.win32': Not used on non-Windows systems
[11.334s] INFO:colcon.colcon_notification.desktop_notification:Sending desktop notification using 'notify2'
[36.360s] DEBUG:colcon.colcon_notification.desktop_notification.notify2:Failed to initialize notify2: org.freedesktop.DBus.Error.NoReply: Did not receive a reply. Possible causes include: the remote application did not send a reply, the message bus security policy blocked the reply, the reply timeout expired, or the network connection was broken.
[36.361s] DEBUG:colcon.colcon_core.event_reactor:joined thread
[36.361s] INFO:colcon.colcon_core.shell:Creating prefix script '/home/llw/git/ros2-study/chapt3/topic_ws/install/local_setup.ps1'
[36.362s] INFO:colcon.colcon_core.shell:Creating prefix util module '/home/llw/git/ros2-study/chapt3/topic_ws/install/_local_setup_util_ps1.py'
[36.364s] INFO:colcon.colcon_core.shell:Creating prefix chain script '/home/llw/git/ros2-study/chapt3/topic_ws/install/setup.ps1'
[36.366s] INFO:colcon.colcon_core.shell:Creating prefix script '/home/llw/git/ros2-study/chapt3/topic_ws/install/local_setup.sh'
[36.367s] INFO:colcon.colcon_core.shell:Creating prefix util module '/home/llw/git/ros2-study/chapt3/topic_ws/install/_local_setup_util_sh.py'
[36.368s] INFO:colcon.colcon_core.shell:Creating prefix chain script '/home/llw/git/ros2-study/chapt3/topic_ws/install/setup.sh'
[36.369s] INFO:colcon.colcon_core.shell:Creating prefix script '/home/llw/git/ros2-study/chapt3/topic_ws/install/local_setup.bash'
[36.369s] INFO:colcon.colcon_core.shell:Creating prefix chain script '/home/llw/git/ros2-study/chapt3/topic_ws/install/setup.bash'
[36.371s] INFO:colcon.colcon_core.shell:Creating prefix script '/home/llw/git/ros2-study/chapt3/topic_ws/install/local_setup.zsh'
[36.371s] INFO:colcon.colcon_core.shell:Creating prefix chain script '/home/llw/git/ros2-study/chapt3/topic_ws/install/setup.zsh'
