[  2%] Built target pkg_interfaces__cpp
[ 12%] Built target pkg_interfaces__rosidl_generator_c
[ 12%] Built target ament_cmake_python_symlink_pkg_interfaces
[ 23%] Built target pkg_interfaces__rosidl_typesupport_cpp
[ 33%] Built target pkg_interfaces__rosidl_typesupport_introspection_cpp
[ 43%] Built target pkg_interfaces__rosidl_typesupport_fastrtps_cpp
[ 64%] Built target pkg_interfaces__rosidl_typesupport_introspection_c
[ 64%] Built target pkg_interfaces__rosidl_typesupport_c
[ 74%] Built target pkg_interfaces__rosidl_typesupport_fastrtps_c
[ 74%] Built target pkg_interfaces
[ 76%] Built target pkg_interfaces__py
[ 84%] Built target pkg_interfaces__rosidl_generator_py
[ 89%] Built target pkg_interfaces__rosidl_typesupport_fastrtps_c__pyext
[ 94%] Built target pkg_interfaces__rosidl_typesupport_introspection_c__pyext
[100%] Built target pkg_interfaces__rosidl_typesupport_c__pyext
running egg_info
writing pkg_interfaces.egg-info/PKG-INFO
writing dependency_links to pkg_interfaces.egg-info/dependency_links.txt
writing top-level names to pkg_interfaces.egg-info/top_level.txt
reading manifest file 'pkg_interfaces.egg-info/SOURCES.txt'
writing manifest file 'pkg_interfaces.egg-info/SOURCES.txt'
[100%] Built target ament_cmake_python_build_pkg_interfaces_egg
-- Install configuration: ""
-- Execute custom install script
-- Up-to-date symlink: /home/llw/git/ros2-study/chapt4_ws/install/pkg_interfaces/share/ament_index/resource_index/rosidl_interfaces/pkg_interfaces
-- Up-to-date symlink: /home/llw/git/ros2-study/chapt4_ws/install/pkg_interfaces/include/pkg_interfaces/pkg_interfaces/msg/rosidl_generator_c__visibility_control.h
-- Up-to-date symlink: /home/llw/git/ros2-study/chapt4_ws/install/pkg_interfaces/include/pkg_interfaces/pkg_interfaces/srv/detail/face_detector__functions.h
-- Up-to-date symlink: /home/llw/git/ros2-study/chapt4_ws/install/pkg_interfaces/include/pkg_interfaces/pkg_interfaces/srv/detail/face_detector__struct.h
-- Up-to-date symlink: /home/llw/git/ros2-study/chapt4_ws/install/pkg_interfaces/include/pkg_interfaces/pkg_interfaces/srv/detail/face_detector__type_support.h
-- Up-to-date symlink: /home/llw/git/ros2-study/chapt4_ws/install/pkg_interfaces/include/pkg_interfaces/pkg_interfaces/srv/detail/partol__functions.h
-- Up-to-date symlink: /home/llw/git/ros2-study/chapt4_ws/install/pkg_interfaces/include/pkg_interfaces/pkg_interfaces/srv/detail/partol__struct.h
-- Up-to-date symlink: /home/llw/git/ros2-study/chapt4_ws/install/pkg_interfaces/include/pkg_interfaces/pkg_interfaces/srv/detail/partol__type_support.h
-- Up-to-date symlink: /home/llw/git/ros2-study/chapt4_ws/install/pkg_interfaces/include/pkg_interfaces/pkg_interfaces/srv/face_detector.h
-- Up-to-date symlink: /home/llw/git/ros2-study/chapt4_ws/install/pkg_interfaces/include/pkg_interfaces/pkg_interfaces/srv/partol.h
-- Up-to-date symlink: /home/llw/git/ros2-study/chapt4_ws/install/pkg_interfaces/share/pkg_interfaces/environment/library_path.sh
-- Up-to-date symlink: /home/llw/git/ros2-study/chapt4_ws/install/pkg_interfaces/share/pkg_interfaces/environment/library_path.dsv
-- Up-to-date symlink: /home/llw/git/ros2-study/chapt4_ws/install/pkg_interfaces/include/pkg_interfaces/pkg_interfaces/msg/rosidl_typesupport_fastrtps_c__visibility_control.h
-- Up-to-date symlink: /home/llw/git/ros2-study/chapt4_ws/install/pkg_interfaces/include/pkg_interfaces/pkg_interfaces/srv/detail/face_detector__rosidl_typesupport_fastrtps_c.h
-- Up-to-date symlink: /home/llw/git/ros2-study/chapt4_ws/install/pkg_interfaces/include/pkg_interfaces/pkg_interfaces/srv/detail/partol__rosidl_typesupport_fastrtps_c.h
-- Up-to-date symlink: /home/llw/git/ros2-study/chapt4_ws/install/pkg_interfaces/include/pkg_interfaces/pkg_interfaces/srv/detail/face_detector__builder.hpp
-- Up-to-date symlink: /home/llw/git/ros2-study/chapt4_ws/install/pkg_interfaces/include/pkg_interfaces/pkg_interfaces/srv/detail/face_detector__struct.hpp
-- Up-to-date symlink: /home/llw/git/ros2-study/chapt4_ws/install/pkg_interfaces/include/pkg_interfaces/pkg_interfaces/srv/detail/face_detector__traits.hpp
-- Up-to-date symlink: /home/llw/git/ros2-study/chapt4_ws/install/pkg_interfaces/include/pkg_interfaces/pkg_interfaces/srv/detail/partol__builder.hpp
-- Up-to-date symlink: /home/llw/git/ros2-study/chapt4_ws/install/pkg_interfaces/include/pkg_interfaces/pkg_interfaces/srv/detail/partol__struct.hpp
-- Up-to-date symlink: /home/llw/git/ros2-study/chapt4_ws/install/pkg_interfaces/include/pkg_interfaces/pkg_interfaces/srv/detail/partol__traits.hpp
-- Up-to-date symlink: /home/llw/git/ros2-study/chapt4_ws/install/pkg_interfaces/include/pkg_interfaces/pkg_interfaces/srv/face_detector.hpp
-- Up-to-date symlink: /home/llw/git/ros2-study/chapt4_ws/install/pkg_interfaces/include/pkg_interfaces/pkg_interfaces/srv/partol.hpp
-- Up-to-date symlink: /home/llw/git/ros2-study/chapt4_ws/install/pkg_interfaces/include/pkg_interfaces/pkg_interfaces/msg/rosidl_typesupport_fastrtps_cpp__visibility_control.h
-- Up-to-date symlink: /home/llw/git/ros2-study/chapt4_ws/install/pkg_interfaces/include/pkg_interfaces/pkg_interfaces/srv/detail/face_detector__rosidl_typesupport_fastrtps_cpp.hpp
-- Up-to-date symlink: /home/llw/git/ros2-study/chapt4_ws/install/pkg_interfaces/include/pkg_interfaces/pkg_interfaces/srv/detail/partol__rosidl_typesupport_fastrtps_cpp.hpp
-- Up-to-date symlink: /home/llw/git/ros2-study/chapt4_ws/install/pkg_interfaces/include/pkg_interfaces/pkg_interfaces/msg/rosidl_typesupport_introspection_c__visibility_control.h
-- Up-to-date symlink: /home/llw/git/ros2-study/chapt4_ws/install/pkg_interfaces/include/pkg_interfaces/pkg_interfaces/srv/detail/face_detector__rosidl_typesupport_introspection_c.h
-- Up-to-date symlink: /home/llw/git/ros2-study/chapt4_ws/install/pkg_interfaces/include/pkg_interfaces/pkg_interfaces/srv/detail/partol__rosidl_typesupport_introspection_c.h
-- Up-to-date symlink: /home/llw/git/ros2-study/chapt4_ws/install/pkg_interfaces/include/pkg_interfaces/pkg_interfaces/srv/detail/face_detector__rosidl_typesupport_introspection_cpp.hpp
-- Up-to-date symlink: /home/llw/git/ros2-study/chapt4_ws/install/pkg_interfaces/include/pkg_interfaces/pkg_interfaces/srv/detail/partol__rosidl_typesupport_introspection_cpp.hpp
-- Up-to-date symlink: /home/llw/git/ros2-study/chapt4_ws/install/pkg_interfaces/share/pkg_interfaces/environment/pythonpath.sh
-- Up-to-date symlink: /home/llw/git/ros2-study/chapt4_ws/install/pkg_interfaces/share/pkg_interfaces/environment/pythonpath.dsv
-- Up-to-date symlink: /home/llw/git/ros2-study/chapt4_ws/install/pkg_interfaces/local/lib/python3.10/dist-packages/pkg_interfaces-0.0.0-py3.10.egg-info/PKG-INFO
-- Up-to-date symlink: /home/llw/git/ros2-study/chapt4_ws/install/pkg_interfaces/local/lib/python3.10/dist-packages/pkg_interfaces-0.0.0-py3.10.egg-info/SOURCES.txt
-- Up-to-date symlink: /home/llw/git/ros2-study/chapt4_ws/install/pkg_interfaces/local/lib/python3.10/dist-packages/pkg_interfaces-0.0.0-py3.10.egg-info/dependency_links.txt
-- Up-to-date symlink: /home/llw/git/ros2-study/chapt4_ws/install/pkg_interfaces/local/lib/python3.10/dist-packages/pkg_interfaces-0.0.0-py3.10.egg-info/top_level.txt
-- Up-to-date symlink: /home/llw/git/ros2-study/chapt4_ws/install/pkg_interfaces/local/lib/python3.10/dist-packages/pkg_interfaces/__init__.py
-- Up-to-date symlink: /home/llw/git/ros2-study/chapt4_ws/install/pkg_interfaces/local/lib/python3.10/dist-packages/pkg_interfaces/_pkg_interfaces_s.ep.rosidl_typesupport_c.c
-- Up-to-date symlink: /home/llw/git/ros2-study/chapt4_ws/install/pkg_interfaces/local/lib/python3.10/dist-packages/pkg_interfaces/_pkg_interfaces_s.ep.rosidl_typesupport_fastrtps_c.c
-- Up-to-date symlink: /home/llw/git/ros2-study/chapt4_ws/install/pkg_interfaces/local/lib/python3.10/dist-packages/pkg_interfaces/_pkg_interfaces_s.ep.rosidl_typesupport_introspection_c.c
-- Up-to-date symlink: /home/llw/git/ros2-study/chapt4_ws/install/pkg_interfaces/local/lib/python3.10/dist-packages/pkg_interfaces/libpkg_interfaces__rosidl_generator_py.so
-- Up-to-date symlink: /home/llw/git/ros2-study/chapt4_ws/install/pkg_interfaces/local/lib/python3.10/dist-packages/pkg_interfaces/pkg_interfaces_s__rosidl_typesupport_c.cpython-310-x86_64-linux-gnu.so
-- Up-to-date symlink: /home/llw/git/ros2-study/chapt4_ws/install/pkg_interfaces/local/lib/python3.10/dist-packages/pkg_interfaces/pkg_interfaces_s__rosidl_typesupport_fastrtps_c.cpython-310-x86_64-linux-gnu.so
-- Up-to-date symlink: /home/llw/git/ros2-study/chapt4_ws/install/pkg_interfaces/local/lib/python3.10/dist-packages/pkg_interfaces/pkg_interfaces_s__rosidl_typesupport_introspection_c.cpython-310-x86_64-linux-gnu.so
-- Up-to-date symlink: /home/llw/git/ros2-study/chapt4_ws/install/pkg_interfaces/local/lib/python3.10/dist-packages/pkg_interfaces/srv/__init__.py
-- Up-to-date symlink: /home/llw/git/ros2-study/chapt4_ws/install/pkg_interfaces/local/lib/python3.10/dist-packages/pkg_interfaces/srv/_face_detector.py
-- Up-to-date symlink: /home/llw/git/ros2-study/chapt4_ws/install/pkg_interfaces/local/lib/python3.10/dist-packages/pkg_interfaces/srv/_face_detector_s.c
-- Up-to-date symlink: /home/llw/git/ros2-study/chapt4_ws/install/pkg_interfaces/local/lib/python3.10/dist-packages/pkg_interfaces/srv/_partol.py
-- Up-to-date symlink: /home/llw/git/ros2-study/chapt4_ws/install/pkg_interfaces/local/lib/python3.10/dist-packages/pkg_interfaces/srv/_partol_s.c
-- Up-to-date symlink: /home/llw/git/ros2-study/chapt4_ws/install/pkg_interfaces/local/lib/python3.10/dist-packages/pkg_interfaces/pkg_interfaces_s__rosidl_typesupport_fastrtps_c.cpython-310-x86_64-linux-gnu.so
-- Up-to-date symlink: /home/llw/git/ros2-study/chapt4_ws/install/pkg_interfaces/local/lib/python3.10/dist-packages/pkg_interfaces/pkg_interfaces_s__rosidl_typesupport_introspection_c.cpython-310-x86_64-linux-gnu.so
-- Up-to-date symlink: /home/llw/git/ros2-study/chapt4_ws/install/pkg_interfaces/local/lib/python3.10/dist-packages/pkg_interfaces/pkg_interfaces_s__rosidl_typesupport_c.cpython-310-x86_64-linux-gnu.so
-- Up-to-date symlink: /home/llw/git/ros2-study/chapt4_ws/install/pkg_interfaces/share/pkg_interfaces/srv/FaceDetector.idl
-- Up-to-date symlink: /home/llw/git/ros2-study/chapt4_ws/install/pkg_interfaces/share/pkg_interfaces/srv/Partol.idl
-- Up-to-date symlink: /home/llw/git/ros2-study/chapt4_ws/install/pkg_interfaces/share/pkg_interfaces/srv/FaceDetector.srv
-- Up-to-date symlink: /home/llw/git/ros2-study/chapt4_ws/install/pkg_interfaces/share/pkg_interfaces/srv/FaceDetector_Request.msg
-- Up-to-date symlink: /home/llw/git/ros2-study/chapt4_ws/install/pkg_interfaces/share/pkg_interfaces/srv/FaceDetector_Response.msg
-- Up-to-date symlink: /home/llw/git/ros2-study/chapt4_ws/install/pkg_interfaces/share/pkg_interfaces/srv/Partol.srv
-- Up-to-date symlink: /home/llw/git/ros2-study/chapt4_ws/install/pkg_interfaces/share/pkg_interfaces/srv/Partol_Request.msg
-- Up-to-date symlink: /home/llw/git/ros2-study/chapt4_ws/install/pkg_interfaces/share/pkg_interfaces/srv/Partol_Response.msg
-- Up-to-date symlink: /home/llw/git/ros2-study/chapt4_ws/install/pkg_interfaces/share/ament_index/resource_index/package_run_dependencies/pkg_interfaces
-- Up-to-date symlink: /home/llw/git/ros2-study/chapt4_ws/install/pkg_interfaces/share/ament_index/resource_index/parent_prefix_path/pkg_interfaces
-- Up-to-date symlink: /home/llw/git/ros2-study/chapt4_ws/install/pkg_interfaces/share/pkg_interfaces/environment/ament_prefix_path.sh
-- Up-to-date symlink: /home/llw/git/ros2-study/chapt4_ws/install/pkg_interfaces/share/pkg_interfaces/environment/ament_prefix_path.dsv
-- Up-to-date symlink: /home/llw/git/ros2-study/chapt4_ws/install/pkg_interfaces/share/pkg_interfaces/environment/path.sh
-- Up-to-date symlink: /home/llw/git/ros2-study/chapt4_ws/install/pkg_interfaces/share/pkg_interfaces/environment/path.dsv
-- Up-to-date symlink: /home/llw/git/ros2-study/chapt4_ws/install/pkg_interfaces/share/pkg_interfaces/local_setup.bash
-- Up-to-date symlink: /home/llw/git/ros2-study/chapt4_ws/install/pkg_interfaces/share/pkg_interfaces/local_setup.sh
-- Up-to-date symlink: /home/llw/git/ros2-study/chapt4_ws/install/pkg_interfaces/share/pkg_interfaces/local_setup.zsh
-- Up-to-date symlink: /home/llw/git/ros2-study/chapt4_ws/install/pkg_interfaces/share/pkg_interfaces/local_setup.dsv
-- Symlinking: /home/llw/git/ros2-study/chapt4_ws/install/pkg_interfaces/share/pkg_interfaces/package.dsv
-- Up-to-date symlink: /home/llw/git/ros2-study/chapt4_ws/install/pkg_interfaces/share/ament_index/resource_index/packages/pkg_interfaces
-- Up-to-date symlink: /home/llw/git/ros2-study/chapt4_ws/install/pkg_interfaces/share/pkg_interfaces/cmake/rosidl_cmake-extras.cmake
-- Up-to-date symlink: /home/llw/git/ros2-study/chapt4_ws/install/pkg_interfaces/share/pkg_interfaces/cmake/ament_cmake_export_dependencies-extras.cmake
-- Up-to-date symlink: /home/llw/git/ros2-study/chapt4_ws/install/pkg_interfaces/share/pkg_interfaces/cmake/ament_cmake_export_include_directories-extras.cmake
-- Up-to-date symlink: /home/llw/git/ros2-study/chapt4_ws/install/pkg_interfaces/share/pkg_interfaces/cmake/ament_cmake_export_libraries-extras.cmake
-- Up-to-date symlink: /home/llw/git/ros2-study/chapt4_ws/install/pkg_interfaces/share/pkg_interfaces/cmake/ament_cmake_export_targets-extras.cmake
-- Up-to-date symlink: /home/llw/git/ros2-study/chapt4_ws/install/pkg_interfaces/share/pkg_interfaces/cmake/rosidl_cmake_export_typesupport_targets-extras.cmake
-- Up-to-date symlink: /home/llw/git/ros2-study/chapt4_ws/install/pkg_interfaces/share/pkg_interfaces/cmake/rosidl_cmake_export_typesupport_libraries-extras.cmake
-- Up-to-date symlink: /home/llw/git/ros2-study/chapt4_ws/install/pkg_interfaces/share/pkg_interfaces/cmake/pkg_interfacesConfig.cmake
-- Up-to-date symlink: /home/llw/git/ros2-study/chapt4_ws/install/pkg_interfaces/share/pkg_interfaces/cmake/pkg_interfacesConfig-version.cmake
-- Up-to-date symlink: /home/llw/git/ros2-study/chapt4_ws/install/pkg_interfaces/share/pkg_interfaces/package.xml
-- Up-to-date: /home/llw/git/ros2-study/chapt4_ws/install/pkg_interfaces/lib/libpkg_interfaces__rosidl_generator_c.so
-- Up-to-date: /home/llw/git/ros2-study/chapt4_ws/install/pkg_interfaces/lib/libpkg_interfaces__rosidl_typesupport_fastrtps_c.so
-- Up-to-date: /home/llw/git/ros2-study/chapt4_ws/install/pkg_interfaces/lib/libpkg_interfaces__rosidl_typesupport_fastrtps_cpp.so
-- Up-to-date: /home/llw/git/ros2-study/chapt4_ws/install/pkg_interfaces/lib/libpkg_interfaces__rosidl_typesupport_introspection_c.so
-- Up-to-date: /home/llw/git/ros2-study/chapt4_ws/install/pkg_interfaces/lib/libpkg_interfaces__rosidl_typesupport_c.so
-- Up-to-date: /home/llw/git/ros2-study/chapt4_ws/install/pkg_interfaces/lib/libpkg_interfaces__rosidl_typesupport_introspection_cpp.so
-- Up-to-date: /home/llw/git/ros2-study/chapt4_ws/install/pkg_interfaces/lib/libpkg_interfaces__rosidl_typesupport_cpp.so
Listing '/home/llw/git/ros2-study/chapt4_ws/install/pkg_interfaces/local/lib/python3.10/dist-packages/pkg_interfaces'...
Listing '/home/llw/git/ros2-study/chapt4_ws/install/pkg_interfaces/local/lib/python3.10/dist-packages/pkg_interfaces/srv'...
-- Up-to-date: /home/llw/git/ros2-study/chapt4_ws/install/pkg_interfaces/lib/libpkg_interfaces__rosidl_generator_py.so
-- Up-to-date: /home/llw/git/ros2-study/chapt4_ws/install/pkg_interfaces/share/pkg_interfaces/cmake/export_pkg_interfaces__rosidl_generator_cExport.cmake
-- Up-to-date: /home/llw/git/ros2-study/chapt4_ws/install/pkg_interfaces/share/pkg_interfaces/cmake/export_pkg_interfaces__rosidl_generator_cExport-noconfig.cmake
-- Up-to-date: /home/llw/git/ros2-study/chapt4_ws/install/pkg_interfaces/share/pkg_interfaces/cmake/export_pkg_interfaces__rosidl_typesupport_fastrtps_cExport.cmake
-- Up-to-date: /home/llw/git/ros2-study/chapt4_ws/install/pkg_interfaces/share/pkg_interfaces/cmake/export_pkg_interfaces__rosidl_typesupport_fastrtps_cExport-noconfig.cmake
-- Up-to-date: /home/llw/git/ros2-study/chapt4_ws/install/pkg_interfaces/share/pkg_interfaces/cmake/export_pkg_interfaces__rosidl_generator_cppExport.cmake
-- Up-to-date: /home/llw/git/ros2-study/chapt4_ws/install/pkg_interfaces/share/pkg_interfaces/cmake/export_pkg_interfaces__rosidl_typesupport_fastrtps_cppExport.cmake
-- Up-to-date: /home/llw/git/ros2-study/chapt4_ws/install/pkg_interfaces/share/pkg_interfaces/cmake/export_pkg_interfaces__rosidl_typesupport_fastrtps_cppExport-noconfig.cmake
-- Up-to-date: /home/llw/git/ros2-study/chapt4_ws/install/pkg_interfaces/share/pkg_interfaces/cmake/pkg_interfaces__rosidl_typesupport_introspection_cExport.cmake
-- Up-to-date: /home/llw/git/ros2-study/chapt4_ws/install/pkg_interfaces/share/pkg_interfaces/cmake/pkg_interfaces__rosidl_typesupport_introspection_cExport-noconfig.cmake
-- Up-to-date: /home/llw/git/ros2-study/chapt4_ws/install/pkg_interfaces/share/pkg_interfaces/cmake/pkg_interfaces__rosidl_typesupport_cExport.cmake
-- Up-to-date: /home/llw/git/ros2-study/chapt4_ws/install/pkg_interfaces/share/pkg_interfaces/cmake/pkg_interfaces__rosidl_typesupport_cExport-noconfig.cmake
-- Up-to-date: /home/llw/git/ros2-study/chapt4_ws/install/pkg_interfaces/share/pkg_interfaces/cmake/pkg_interfaces__rosidl_typesupport_introspection_cppExport.cmake
-- Up-to-date: /home/llw/git/ros2-study/chapt4_ws/install/pkg_interfaces/share/pkg_interfaces/cmake/pkg_interfaces__rosidl_typesupport_introspection_cppExport-noconfig.cmake
-- Up-to-date: /home/llw/git/ros2-study/chapt4_ws/install/pkg_interfaces/share/pkg_interfaces/cmake/pkg_interfaces__rosidl_typesupport_cppExport.cmake
-- Up-to-date: /home/llw/git/ros2-study/chapt4_ws/install/pkg_interfaces/share/pkg_interfaces/cmake/pkg_interfaces__rosidl_typesupport_cppExport-noconfig.cmake
-- Up-to-date: /home/llw/git/ros2-study/chapt4_ws/install/pkg_interfaces/share/pkg_interfaces/cmake/export_pkg_interfaces__rosidl_generator_pyExport.cmake
-- Up-to-date: /home/llw/git/ros2-study/chapt4_ws/install/pkg_interfaces/share/pkg_interfaces/cmake/export_pkg_interfaces__rosidl_generator_pyExport-noconfig.cmake
