[0.110s] DEBUG:colcon:Command line arguments: ['/usr/bin/colcon', 'build']
[0.110s] DEBUG:colcon:Parsed command line arguments: Namespace(log_base=None, log_level=None, verb_name='build', build_base='build', install_base='install', merge_install=False, symlink_install=False, test_result_base=None, continue_on_error=False, executor='parallel', parallel_workers=16, event_handlers=None, ignore_user_meta=False, metas=['./colcon.meta'], base_paths=['.'], packages_ignore=None, packages_ignore_regex=None, paths=None, packages_up_to=None, packages_up_to_regex=None, packages_above=None, packages_above_and_dependencies=None, packages_above_depth=None, packages_select_by_dep=None, packages_skip_by_dep=None, packages_skip_up_to=None, packages_select_build_failed=False, packages_skip_build_finished=False, packages_select_test_failures=False, packages_skip_test_passed=False, packages_select=None, packages_skip=None, packages_select_regex=None, packages_skip_regex=None, packages_start=None, packages_end=None, allow_overriding=[], cmake_args=None, cmake_target=None, cmake_target_skip_unavailable=False, cmake_clean_cache=False, cmake_clean_first=False, cmake_force_configure=False, ament_cmake_args=None, catkin_cmake_args=None, catkin_skip_building_tests=False, verb_parser=<colcon_defaults.argument_parser.defaults.DefaultArgumentsDecorator object at 0x7f9f4b7cb9a0>, verb_extension=<colcon_core.verb.build.BuildVerb object at 0x7f9f4b7ca980>, main=<bound method BuildVerb.main of <colcon_core.verb.build.BuildVerb object at 0x7f9f4b7ca980>>)
[0.273s] Level 1:colcon.colcon_core.package_discovery:discover_packages(colcon_meta) check parameters
[0.273s] Level 1:colcon.colcon_core.package_discovery:discover_packages(recursive) check parameters
[0.273s] Level 1:colcon.colcon_core.package_discovery:discover_packages(ignore) check parameters
[0.273s] Level 1:colcon.colcon_core.package_discovery:discover_packages(path) check parameters
[0.273s] Level 1:colcon.colcon_core.package_discovery:discover_packages(colcon_meta) discover
[0.273s] Level 1:colcon.colcon_core.package_discovery:discover_packages(recursive) discover
[0.273s] INFO:colcon.colcon_core.package_discovery:Crawling recursively for packages in '/home/llw/git/ros2-study/chapt4_ws'
[0.273s] Level 1:colcon.colcon_core.package_identification:_identify(.) by extensions ['ignore', 'ignore_ament_install']
[0.273s] Level 1:colcon.colcon_core.package_identification:_identify(.) by extension 'ignore'
[0.273s] Level 1:colcon.colcon_core.package_identification:_identify(.) by extension 'ignore_ament_install'
[0.274s] Level 1:colcon.colcon_core.package_identification:_identify(.) by extensions ['colcon_pkg']
[0.274s] Level 1:colcon.colcon_core.package_identification:_identify(.) by extension 'colcon_pkg'
[0.274s] Level 1:colcon.colcon_core.package_identification:_identify(.) by extensions ['colcon_meta']
[0.274s] Level 1:colcon.colcon_core.package_identification:_identify(.) by extension 'colcon_meta'
[0.274s] Level 1:colcon.colcon_core.package_identification:_identify(.) by extensions ['ros']
[0.274s] Level 1:colcon.colcon_core.package_identification:_identify(.) by extension 'ros'
[0.286s] Level 1:colcon.colcon_core.package_identification:_identify(.) by extensions ['cmake', 'python']
[0.286s] Level 1:colcon.colcon_core.package_identification:_identify(.) by extension 'cmake'
[0.286s] Level 1:colcon.colcon_core.package_identification:_identify(.) by extension 'python'
[0.286s] Level 1:colcon.colcon_core.package_identification:_identify(.) by extensions ['python_setup_py']
[0.286s] Level 1:colcon.colcon_core.package_identification:_identify(.) by extension 'python_setup_py'
[0.287s] Level 1:colcon.colcon_core.package_identification:_identify(build) by extensions ['ignore', 'ignore_ament_install']
[0.287s] Level 1:colcon.colcon_core.package_identification:_identify(build) by extension 'ignore'
[0.287s] Level 1:colcon.colcon_core.package_identification:_identify(build) ignored
[0.287s] Level 1:colcon.colcon_core.package_identification:_identify(install) by extensions ['ignore', 'ignore_ament_install']
[0.287s] Level 1:colcon.colcon_core.package_identification:_identify(install) by extension 'ignore'
[0.287s] Level 1:colcon.colcon_core.package_identification:_identify(install) ignored
[0.287s] Level 1:colcon.colcon_core.package_identification:_identify(log) by extensions ['ignore', 'ignore_ament_install']
[0.287s] Level 1:colcon.colcon_core.package_identification:_identify(log) by extension 'ignore'
[0.287s] Level 1:colcon.colcon_core.package_identification:_identify(log) ignored
[0.287s] Level 1:colcon.colcon_core.package_identification:_identify(src) by extensions ['ignore', 'ignore_ament_install']
[0.287s] Level 1:colcon.colcon_core.package_identification:_identify(src) by extension 'ignore'
[0.288s] Level 1:colcon.colcon_core.package_identification:_identify(src) by extension 'ignore_ament_install'
[0.288s] Level 1:colcon.colcon_core.package_identification:_identify(src) by extensions ['colcon_pkg']
[0.288s] Level 1:colcon.colcon_core.package_identification:_identify(src) by extension 'colcon_pkg'
[0.288s] Level 1:colcon.colcon_core.package_identification:_identify(src) by extensions ['colcon_meta']
[0.288s] Level 1:colcon.colcon_core.package_identification:_identify(src) by extension 'colcon_meta'
[0.288s] Level 1:colcon.colcon_core.package_identification:_identify(src) by extensions ['ros']
[0.288s] Level 1:colcon.colcon_core.package_identification:_identify(src) by extension 'ros'
[0.288s] Level 1:colcon.colcon_core.package_identification:_identify(src) by extensions ['cmake', 'python']
[0.288s] Level 1:colcon.colcon_core.package_identification:_identify(src) by extension 'cmake'
[0.288s] Level 1:colcon.colcon_core.package_identification:_identify(src) by extension 'python'
[0.288s] Level 1:colcon.colcon_core.package_identification:_identify(src) by extensions ['python_setup_py']
[0.288s] Level 1:colcon.colcon_core.package_identification:_identify(src) by extension 'python_setup_py'
[0.288s] Level 1:colcon.colcon_core.package_identification:_identify(src/pkg_interfaces) by extensions ['ignore', 'ignore_ament_install']
[0.288s] Level 1:colcon.colcon_core.package_identification:_identify(src/pkg_interfaces) by extension 'ignore'
[0.288s] Level 1:colcon.colcon_core.package_identification:_identify(src/pkg_interfaces) by extension 'ignore_ament_install'
[0.288s] Level 1:colcon.colcon_core.package_identification:_identify(src/pkg_interfaces) by extensions ['colcon_pkg']
[0.288s] Level 1:colcon.colcon_core.package_identification:_identify(src/pkg_interfaces) by extension 'colcon_pkg'
[0.288s] Level 1:colcon.colcon_core.package_identification:_identify(src/pkg_interfaces) by extensions ['colcon_meta']
[0.288s] Level 1:colcon.colcon_core.package_identification:_identify(src/pkg_interfaces) by extension 'colcon_meta'
[0.288s] Level 1:colcon.colcon_core.package_identification:_identify(src/pkg_interfaces) by extensions ['ros']
[0.288s] Level 1:colcon.colcon_core.package_identification:_identify(src/pkg_interfaces) by extension 'ros'
[0.291s] DEBUG:colcon.colcon_core.package_identification:Package 'src/pkg_interfaces' with type 'ros.ament_cmake' and name 'pkg_interfaces'
[0.291s] Level 1:colcon.colcon_core.package_discovery:discover_packages(recursive) using defaults
[0.291s] Level 1:colcon.colcon_core.package_discovery:discover_packages(ignore) discover
[0.291s] Level 1:colcon.colcon_core.package_discovery:discover_packages(ignore) using defaults
[0.291s] Level 1:colcon.colcon_core.package_discovery:discover_packages(path) discover
[0.291s] Level 1:colcon.colcon_core.package_discovery:discover_packages(path) using defaults
[0.312s] Level 1:colcon.colcon_core.package_discovery:discover_packages(prefix_path) check parameters
[0.312s] Level 1:colcon.colcon_core.package_discovery:discover_packages(prefix_path) discover
[0.313s] WARNING:colcon.colcon_core.prefix_path.colcon:The path '/home/llw/git/ros2-study/chapt2/install' in the environment variable COLCON_PREFIX_PATH doesn't exist
[0.313s] WARNING:colcon.colcon_core.prefix_path.colcon:The path '/home/llw/git/ros2-study/package_example_cpp/src/install' in the environment variable COLCON_PREFIX_PATH doesn't exist
[0.313s] WARNING:colcon.colcon_ros.prefix_path.ament:The path '/home/llw/git/ros2-study/chapt2/install/demo_cpp_pkg' in the environment variable AMENT_PREFIX_PATH doesn't exist
[0.313s] WARNING:colcon.colcon_ros.prefix_path.ament:The path '/home/llw/git/ros2-study/package_example_cpp/src/install/example_cpp' in the environment variable AMENT_PREFIX_PATH doesn't exist
[0.314s] WARNING:colcon.colcon_ros.prefix_path.catkin:The path '/home/llw/git/ros2-study/chapt2/install/demo_cpp_pkg' in the environment variable CMAKE_PREFIX_PATH doesn't exist
[0.314s] WARNING:colcon.colcon_ros.prefix_path.catkin:The path '/home/llw/git/ros2-study/package_example_cpp/src/install/example_cpp' in the environment variable CMAKE_PREFIX_PATH doesn't exist
[0.314s] DEBUG:colcon.colcon_installed_package_information.package_discovery:Found 1 installed packages in /home/llw/git/ros2-study/chapt4_ws/install
[0.315s] DEBUG:colcon.colcon_installed_package_information.package_discovery:Found 1 installed packages in /home/llw/git/ros2-study/chapt3/topic_ws/install
[0.315s] DEBUG:colcon.colcon_installed_package_information.package_discovery:Found 1 installed packages in /home/llw/git/ros2-study/chapt2/chapt3_ws/install
[0.316s] DEBUG:colcon.colcon_installed_package_information.package_discovery:Found 1 installed packages in /home/llw/git/ros2-study/chapt2/chapt2_ws/install
[0.316s] DEBUG:colcon.colcon_installed_package_information.package_discovery:Found 1 installed packages in /home/llw/git/ros2-study/package_example_cpp/install
[0.317s] DEBUG:colcon.colcon_installed_package_information.package_discovery:Found 270 installed packages in /opt/ros/humble
[0.324s] Level 1:colcon.colcon_core.package_discovery:discover_packages(prefix_path) using defaults
[0.377s] Level 5:colcon.colcon_core.verb:set package 'pkg_interfaces' build argument 'cmake_args' from command line to 'None'
[0.377s] Level 5:colcon.colcon_core.verb:set package 'pkg_interfaces' build argument 'cmake_target' from command line to 'None'
[0.377s] Level 5:colcon.colcon_core.verb:set package 'pkg_interfaces' build argument 'cmake_target_skip_unavailable' from command line to 'False'
[0.377s] Level 5:colcon.colcon_core.verb:set package 'pkg_interfaces' build argument 'cmake_clean_cache' from command line to 'False'
[0.377s] Level 5:colcon.colcon_core.verb:set package 'pkg_interfaces' build argument 'cmake_clean_first' from command line to 'False'
[0.377s] Level 5:colcon.colcon_core.verb:set package 'pkg_interfaces' build argument 'cmake_force_configure' from command line to 'False'
[0.377s] Level 5:colcon.colcon_core.verb:set package 'pkg_interfaces' build argument 'ament_cmake_args' from command line to 'None'
[0.377s] Level 5:colcon.colcon_core.verb:set package 'pkg_interfaces' build argument 'catkin_cmake_args' from command line to 'None'
[0.377s] Level 5:colcon.colcon_core.verb:set package 'pkg_interfaces' build argument 'catkin_skip_building_tests' from command line to 'False'
[0.377s] DEBUG:colcon.colcon_core.verb:Building package 'pkg_interfaces' with the following arguments: {'ament_cmake_args': None, 'build_base': '/home/llw/git/ros2-study/chapt4_ws/build/pkg_interfaces', 'catkin_cmake_args': None, 'catkin_skip_building_tests': False, 'cmake_args': None, 'cmake_clean_cache': False, 'cmake_clean_first': False, 'cmake_force_configure': False, 'cmake_target': None, 'cmake_target_skip_unavailable': False, 'install_base': '/home/llw/git/ros2-study/chapt4_ws/install/pkg_interfaces', 'merge_install': False, 'path': '/home/llw/git/ros2-study/chapt4_ws/src/pkg_interfaces', 'symlink_install': False, 'test_result_base': None}
[0.377s] INFO:colcon.colcon_core.executor:Executing jobs using 'parallel' executor
[0.378s] DEBUG:colcon.colcon_parallel_executor.executor.parallel:run_until_complete
[0.379s] INFO:colcon.colcon_ros.task.ament_cmake.build:Building ROS package in '/home/llw/git/ros2-study/chapt4_ws/src/pkg_interfaces' with build type 'ament_cmake'
[0.379s] INFO:colcon.colcon_cmake.task.cmake.build:Building CMake package in '/home/llw/git/ros2-study/chapt4_ws/src/pkg_interfaces'
[0.381s] INFO:colcon.colcon_core.plugin_system:Skipping extension 'colcon_core.shell.bat': Not used on non-Windows systems
[0.381s] INFO:colcon.colcon_core.shell:Skip shell extension 'powershell' for command environment: Not usable outside of PowerShell
[0.381s] DEBUG:colcon.colcon_core.shell:Skip shell extension 'dsv' for command environment
[0.392s] DEBUG:colcon.colcon_core.event_handler.log_command:Invoking command in '/home/llw/git/ros2-study/chapt4_ws/build/pkg_interfaces': CMAKE_PREFIX_PATH=${CMAKE_PREFIX_PATH}:/opt/ros/humble /usr/bin/cmake /home/llw/git/ros2-study/chapt4_ws/src/pkg_interfaces -DCMAKE_INSTALL_PREFIX=/home/llw/git/ros2-study/chapt4_ws/install/pkg_interfaces
[1.941s] DEBUG:colcon.colcon_core.event_handler.log_command:Invoked command in '/home/llw/git/ros2-study/chapt4_ws/build/pkg_interfaces' returned '0': CMAKE_PREFIX_PATH=${CMAKE_PREFIX_PATH}:/opt/ros/humble /usr/bin/cmake /home/llw/git/ros2-study/chapt4_ws/src/pkg_interfaces -DCMAKE_INSTALL_PREFIX=/home/llw/git/ros2-study/chapt4_ws/install/pkg_interfaces
[1.943s] DEBUG:colcon.colcon_core.event_handler.log_command:Invoking command in '/home/llw/git/ros2-study/chapt4_ws/build/pkg_interfaces': CMAKE_PREFIX_PATH=${CMAKE_PREFIX_PATH}:/opt/ros/humble /usr/bin/cmake --build /home/llw/git/ros2-study/chapt4_ws/build/pkg_interfaces -- -j16 -l16
[4.773s] DEBUG:colcon.colcon_core.event_handler.log_command:Invoked command in '/home/llw/git/ros2-study/chapt4_ws/build/pkg_interfaces' returned '0': CMAKE_PREFIX_PATH=${CMAKE_PREFIX_PATH}:/opt/ros/humble /usr/bin/cmake --build /home/llw/git/ros2-study/chapt4_ws/build/pkg_interfaces -- -j16 -l16
[4.784s] DEBUG:colcon.colcon_core.event_handler.log_command:Invoking command in '/home/llw/git/ros2-study/chapt4_ws/build/pkg_interfaces': CMAKE_PREFIX_PATH=${CMAKE_PREFIX_PATH}:/opt/ros/humble /usr/bin/cmake --install /home/llw/git/ros2-study/chapt4_ws/build/pkg_interfaces
[5.024s] Level 1:colcon.colcon_core.environment:create_environment_scripts_only(pkg_interfaces)
[5.025s] DEBUG:colcon.colcon_core.event_handler.log_command:Invoked command in '/home/llw/git/ros2-study/chapt4_ws/build/pkg_interfaces' returned '0': CMAKE_PREFIX_PATH=${CMAKE_PREFIX_PATH}:/opt/ros/humble /usr/bin/cmake --install /home/llw/git/ros2-study/chapt4_ws/build/pkg_interfaces
[5.028s] Level 1:colcon.colcon_core.environment:checking '/home/llw/git/ros2-study/chapt4_ws/install/pkg_interfaces' for CMake module files
[5.028s] Level 1:colcon.colcon_core.environment:checking '/home/llw/git/ros2-study/chapt4_ws/install/pkg_interfaces' for CMake config files
[5.029s] Level 1:colcon.colcon_core.shell:create_environment_hook('pkg_interfaces', 'cmake_prefix_path')
[5.029s] INFO:colcon.colcon_core.shell:Creating environment hook '/home/llw/git/ros2-study/chapt4_ws/install/pkg_interfaces/share/pkg_interfaces/hook/cmake_prefix_path.ps1'
[5.030s] INFO:colcon.colcon_core.shell:Creating environment descriptor '/home/llw/git/ros2-study/chapt4_ws/install/pkg_interfaces/share/pkg_interfaces/hook/cmake_prefix_path.dsv'
[5.031s] INFO:colcon.colcon_core.shell:Creating environment hook '/home/llw/git/ros2-study/chapt4_ws/install/pkg_interfaces/share/pkg_interfaces/hook/cmake_prefix_path.sh'
[5.032s] Level 1:colcon.colcon_core.environment:checking '/home/llw/git/ros2-study/chapt4_ws/install/pkg_interfaces/lib'
[5.032s] Level 1:colcon.colcon_core.shell:create_environment_hook('pkg_interfaces', 'ld_library_path_lib')
[5.032s] INFO:colcon.colcon_core.shell:Creating environment hook '/home/llw/git/ros2-study/chapt4_ws/install/pkg_interfaces/share/pkg_interfaces/hook/ld_library_path_lib.ps1'
[5.032s] INFO:colcon.colcon_core.shell:Creating environment descriptor '/home/llw/git/ros2-study/chapt4_ws/install/pkg_interfaces/share/pkg_interfaces/hook/ld_library_path_lib.dsv'
[5.033s] INFO:colcon.colcon_core.shell:Creating environment hook '/home/llw/git/ros2-study/chapt4_ws/install/pkg_interfaces/share/pkg_interfaces/hook/ld_library_path_lib.sh'
[5.033s] Level 1:colcon.colcon_core.environment:checking '/home/llw/git/ros2-study/chapt4_ws/install/pkg_interfaces/bin'
[5.033s] Level 1:colcon.colcon_core.environment:checking '/home/llw/git/ros2-study/chapt4_ws/install/pkg_interfaces/lib/pkgconfig/pkg_interfaces.pc'
[5.034s] Level 1:colcon.colcon_core.environment:checking '/home/llw/git/ros2-study/chapt4_ws/install/pkg_interfaces/lib/python3.10/site-packages'
[5.034s] Level 1:colcon.colcon_core.environment:checking '/home/llw/git/ros2-study/chapt4_ws/install/pkg_interfaces/bin'
[5.034s] INFO:colcon.colcon_core.shell:Creating package script '/home/llw/git/ros2-study/chapt4_ws/install/pkg_interfaces/share/pkg_interfaces/package.ps1'
[5.035s] INFO:colcon.colcon_core.shell:Creating package descriptor '/home/llw/git/ros2-study/chapt4_ws/install/pkg_interfaces/share/pkg_interfaces/package.dsv'
[5.036s] INFO:colcon.colcon_core.shell:Creating package script '/home/llw/git/ros2-study/chapt4_ws/install/pkg_interfaces/share/pkg_interfaces/package.sh'
[5.037s] INFO:colcon.colcon_core.shell:Creating package script '/home/llw/git/ros2-study/chapt4_ws/install/pkg_interfaces/share/pkg_interfaces/package.bash'
[5.037s] INFO:colcon.colcon_core.shell:Creating package script '/home/llw/git/ros2-study/chapt4_ws/install/pkg_interfaces/share/pkg_interfaces/package.zsh'
[5.038s] Level 1:colcon.colcon_core.environment:create_file_with_runtime_dependencies(/home/llw/git/ros2-study/chapt4_ws/install/pkg_interfaces/share/colcon-core/packages/pkg_interfaces)
[5.039s] Level 1:colcon.colcon_core.environment:create_environment_scripts_only(pkg_interfaces)
[5.039s] Level 1:colcon.colcon_core.environment:checking '/home/llw/git/ros2-study/chapt4_ws/install/pkg_interfaces' for CMake module files
[5.040s] Level 1:colcon.colcon_core.environment:checking '/home/llw/git/ros2-study/chapt4_ws/install/pkg_interfaces' for CMake config files
[5.040s] Level 1:colcon.colcon_core.shell:create_environment_hook('pkg_interfaces', 'cmake_prefix_path')
[5.041s] INFO:colcon.colcon_core.shell:Creating environment hook '/home/llw/git/ros2-study/chapt4_ws/install/pkg_interfaces/share/pkg_interfaces/hook/cmake_prefix_path.ps1'
[5.041s] INFO:colcon.colcon_core.shell:Creating environment descriptor '/home/llw/git/ros2-study/chapt4_ws/install/pkg_interfaces/share/pkg_interfaces/hook/cmake_prefix_path.dsv'
[5.041s] INFO:colcon.colcon_core.shell:Creating environment hook '/home/llw/git/ros2-study/chapt4_ws/install/pkg_interfaces/share/pkg_interfaces/hook/cmake_prefix_path.sh'
[5.042s] Level 1:colcon.colcon_core.environment:checking '/home/llw/git/ros2-study/chapt4_ws/install/pkg_interfaces/lib'
[5.042s] Level 1:colcon.colcon_core.shell:create_environment_hook('pkg_interfaces', 'ld_library_path_lib')
[5.042s] INFO:colcon.colcon_core.shell:Creating environment hook '/home/llw/git/ros2-study/chapt4_ws/install/pkg_interfaces/share/pkg_interfaces/hook/ld_library_path_lib.ps1'
[5.043s] INFO:colcon.colcon_core.shell:Creating environment descriptor '/home/llw/git/ros2-study/chapt4_ws/install/pkg_interfaces/share/pkg_interfaces/hook/ld_library_path_lib.dsv'
[5.043s] INFO:colcon.colcon_core.shell:Creating environment hook '/home/llw/git/ros2-study/chapt4_ws/install/pkg_interfaces/share/pkg_interfaces/hook/ld_library_path_lib.sh'
[5.043s] Level 1:colcon.colcon_core.environment:checking '/home/llw/git/ros2-study/chapt4_ws/install/pkg_interfaces/bin'
[5.044s] Level 1:colcon.colcon_core.environment:checking '/home/llw/git/ros2-study/chapt4_ws/install/pkg_interfaces/lib/pkgconfig/pkg_interfaces.pc'
[5.044s] Level 1:colcon.colcon_core.environment:checking '/home/llw/git/ros2-study/chapt4_ws/install/pkg_interfaces/lib/python3.10/site-packages'
[5.044s] Level 1:colcon.colcon_core.environment:checking '/home/llw/git/ros2-study/chapt4_ws/install/pkg_interfaces/bin'
[5.044s] INFO:colcon.colcon_core.shell:Creating package script '/home/llw/git/ros2-study/chapt4_ws/install/pkg_interfaces/share/pkg_interfaces/package.ps1'
[5.045s] INFO:colcon.colcon_core.shell:Creating package descriptor '/home/llw/git/ros2-study/chapt4_ws/install/pkg_interfaces/share/pkg_interfaces/package.dsv'
[5.045s] INFO:colcon.colcon_core.shell:Creating package script '/home/llw/git/ros2-study/chapt4_ws/install/pkg_interfaces/share/pkg_interfaces/package.sh'
[5.046s] INFO:colcon.colcon_core.shell:Creating package script '/home/llw/git/ros2-study/chapt4_ws/install/pkg_interfaces/share/pkg_interfaces/package.bash'
[5.046s] INFO:colcon.colcon_core.shell:Creating package script '/home/llw/git/ros2-study/chapt4_ws/install/pkg_interfaces/share/pkg_interfaces/package.zsh'
[5.047s] Level 1:colcon.colcon_core.environment:create_file_with_runtime_dependencies(/home/llw/git/ros2-study/chapt4_ws/install/pkg_interfaces/share/colcon-core/packages/pkg_interfaces)
[5.047s] DEBUG:colcon.colcon_parallel_executor.executor.parallel:closing loop
[5.048s] DEBUG:colcon.colcon_parallel_executor.executor.parallel:loop closed
[5.048s] DEBUG:colcon.colcon_parallel_executor.executor.parallel:run_until_complete finished with '0'
[5.048s] DEBUG:colcon.colcon_core.event_reactor:joining thread
[5.053s] INFO:colcon.colcon_core.plugin_system:Skipping extension 'colcon_notification.desktop_notification.terminal_notifier': Not used on non-Darwin systems
[5.053s] INFO:colcon.colcon_core.plugin_system:Skipping extension 'colcon_notification.desktop_notification.win32': Not used on non-Windows systems
[5.053s] INFO:colcon.colcon_notification.desktop_notification:Sending desktop notification using 'notify2'
[30.079s] DEBUG:colcon.colcon_notification.desktop_notification.notify2:Failed to initialize notify2: org.freedesktop.DBus.Error.NoReply: Did not receive a reply. Possible causes include: the remote application did not send a reply, the message bus security policy blocked the reply, the reply timeout expired, or the network connection was broken.
[30.079s] DEBUG:colcon.colcon_core.event_reactor:joined thread
[30.080s] INFO:colcon.colcon_core.shell:Creating prefix script '/home/llw/git/ros2-study/chapt4_ws/install/local_setup.ps1'
[30.081s] INFO:colcon.colcon_core.shell:Creating prefix util module '/home/llw/git/ros2-study/chapt4_ws/install/_local_setup_util_ps1.py'
[30.083s] INFO:colcon.colcon_core.shell:Creating prefix chain script '/home/llw/git/ros2-study/chapt4_ws/install/setup.ps1'
[30.085s] INFO:colcon.colcon_core.shell:Creating prefix script '/home/llw/git/ros2-study/chapt4_ws/install/local_setup.sh'
[30.085s] INFO:colcon.colcon_core.shell:Creating prefix util module '/home/llw/git/ros2-study/chapt4_ws/install/_local_setup_util_sh.py'
[30.086s] INFO:colcon.colcon_core.shell:Creating prefix chain script '/home/llw/git/ros2-study/chapt4_ws/install/setup.sh'
[30.088s] INFO:colcon.colcon_core.shell:Creating prefix script '/home/llw/git/ros2-study/chapt4_ws/install/local_setup.bash'
[30.088s] INFO:colcon.colcon_core.shell:Creating prefix chain script '/home/llw/git/ros2-study/chapt4_ws/install/setup.bash'
[30.089s] INFO:colcon.colcon_core.shell:Creating prefix script '/home/llw/git/ros2-study/chapt4_ws/install/local_setup.zsh'
[30.090s] INFO:colcon.colcon_core.shell:Creating prefix chain script '/home/llw/git/ros2-study/chapt4_ws/install/setup.zsh'
