[0.010s] Invoking command in '/home/llw/git/ros2-study/chapt4_ws/build/demo_cpp_service': AMENT_PREFIX_PATH=/home/llw/git/ros2-study/chapt4_ws/install/pkg_interfaces:${AMENT_PREFIX_PATH} CMAKE_PREFIX_PATH=/home/llw/git/ros2-study/chapt4_ws/install/pkg_interfaces:/opt/ros/humble LD_LIBRARY_PATH=/home/llw/git/ros2-study/chapt4_ws/install/pkg_interfaces/lib:${LD_LIBRARY_PATH} PYTHONPATH=/home/llw/git/ros2-study/chapt4_ws/install/pkg_interfaces/local/lib/python3.10/dist-packages:${PYTHONPATH} /usr/bin/cmake --build /home/llw/git/ros2-study/chapt4_ws/build/demo_cpp_service -- -j16 -l16
[0.054s] Invoked command in '/home/llw/git/ros2-study/chapt4_ws/build/demo_cpp_service' returned '0': AMENT_PREFIX_PATH=/home/llw/git/ros2-study/chapt4_ws/install/pkg_interfaces:${AMENT_PREFIX_PATH} CMAKE_PREFIX_PATH=/home/llw/git/ros2-study/chapt4_ws/install/pkg_interfaces:/opt/ros/humble LD_LIBRARY_PATH=/home/llw/git/ros2-study/chapt4_ws/install/pkg_interfaces/lib:${LD_LIBRARY_PATH} PYTHONPATH=/home/llw/git/ros2-study/chapt4_ws/install/pkg_interfaces/local/lib/python3.10/dist-packages:${PYTHONPATH} /usr/bin/cmake --build /home/llw/git/ros2-study/chapt4_ws/build/demo_cpp_service -- -j16 -l16
[0.056s] Invoking command in '/home/llw/git/ros2-study/chapt4_ws/build/demo_cpp_service': AMENT_PREFIX_PATH=/home/llw/git/ros2-study/chapt4_ws/install/pkg_interfaces:${AMENT_PREFIX_PATH} CMAKE_PREFIX_PATH=/home/llw/git/ros2-study/chapt4_ws/install/pkg_interfaces:/opt/ros/humble LD_LIBRARY_PATH=/home/llw/git/ros2-study/chapt4_ws/install/pkg_interfaces/lib:${LD_LIBRARY_PATH} PYTHONPATH=/home/llw/git/ros2-study/chapt4_ws/install/pkg_interfaces/local/lib/python3.10/dist-packages:${PYTHONPATH} /usr/bin/cmake --install /home/llw/git/ros2-study/chapt4_ws/build/demo_cpp_service
[0.064s] -- Install configuration: ""
[0.064s] -- Up-to-date: /home/llw/git/ros2-study/chapt4_ws/install/demo_cpp_service/share/ament_index/resource_index/package_run_dependencies/demo_cpp_service
[0.064s] -- Up-to-date: /home/llw/git/ros2-study/chapt4_ws/install/demo_cpp_service/share/ament_index/resource_index/parent_prefix_path/demo_cpp_service
[0.064s] -- Up-to-date: /home/llw/git/ros2-study/chapt4_ws/install/demo_cpp_service/share/demo_cpp_service/environment/ament_prefix_path.sh
[0.064s] -- Up-to-date: /home/llw/git/ros2-study/chapt4_ws/install/demo_cpp_service/share/demo_cpp_service/environment/ament_prefix_path.dsv
[0.064s] -- Up-to-date: /home/llw/git/ros2-study/chapt4_ws/install/demo_cpp_service/share/demo_cpp_service/environment/path.sh
[0.064s] -- Up-to-date: /home/llw/git/ros2-study/chapt4_ws/install/demo_cpp_service/share/demo_cpp_service/environment/path.dsv
[0.064s] -- Up-to-date: /home/llw/git/ros2-study/chapt4_ws/install/demo_cpp_service/share/demo_cpp_service/local_setup.bash
[0.065s] -- Up-to-date: /home/llw/git/ros2-study/chapt4_ws/install/demo_cpp_service/share/demo_cpp_service/local_setup.sh
[0.065s] -- Up-to-date: /home/llw/git/ros2-study/chapt4_ws/install/demo_cpp_service/share/demo_cpp_service/local_setup.zsh
[0.065s] -- Up-to-date: /home/llw/git/ros2-study/chapt4_ws/install/demo_cpp_service/share/demo_cpp_service/local_setup.dsv
[0.065s] -- Up-to-date: /home/llw/git/ros2-study/chapt4_ws/install/demo_cpp_service/share/demo_cpp_service/package.dsv
[0.065s] -- Up-to-date: /home/llw/git/ros2-study/chapt4_ws/install/demo_cpp_service/share/ament_index/resource_index/packages/demo_cpp_service
[0.065s] -- Up-to-date: /home/llw/git/ros2-study/chapt4_ws/install/demo_cpp_service/share/demo_cpp_service/cmake/demo_cpp_serviceConfig.cmake
[0.065s] -- Up-to-date: /home/llw/git/ros2-study/chapt4_ws/install/demo_cpp_service/share/demo_cpp_service/cmake/demo_cpp_serviceConfig-version.cmake
[0.065s] -- Up-to-date: /home/llw/git/ros2-study/chapt4_ws/install/demo_cpp_service/share/demo_cpp_service/package.xml
[0.066s] Invoked command in '/home/llw/git/ros2-study/chapt4_ws/build/demo_cpp_service' returned '0': AMENT_PREFIX_PATH=/home/llw/git/ros2-study/chapt4_ws/install/pkg_interfaces:${AMENT_PREFIX_PATH} CMAKE_PREFIX_PATH=/home/llw/git/ros2-study/chapt4_ws/install/pkg_interfaces:/opt/ros/humble LD_LIBRARY_PATH=/home/llw/git/ros2-study/chapt4_ws/install/pkg_interfaces/lib:${LD_LIBRARY_PATH} PYTHONPATH=/home/llw/git/ros2-study/chapt4_ws/install/pkg_interfaces/local/lib/python3.10/dist-packages:${PYTHONPATH} /usr/bin/cmake --install /home/llw/git/ros2-study/chapt4_ws/build/demo_cpp_service
