[0.109s] DEBUG:colcon:Command line arguments: ['/usr/bin/colcon', 'build']
[0.109s] DEBUG:colcon:Parsed command line arguments: Namespace(log_base=None, log_level=None, verb_name='build', build_base='build', install_base='install', merge_install=False, symlink_install=False, test_result_base=None, continue_on_error=False, executor='parallel', parallel_workers=16, event_handlers=None, ignore_user_meta=False, metas=['./colcon.meta'], base_paths=['.'], packages_ignore=None, packages_ignore_regex=None, paths=None, packages_up_to=None, packages_up_to_regex=None, packages_above=None, packages_above_and_dependencies=None, packages_above_depth=None, packages_select_by_dep=None, packages_skip_by_dep=None, packages_skip_up_to=None, packages_select_build_failed=False, packages_skip_build_finished=False, packages_select_test_failures=False, packages_skip_test_passed=False, packages_select=None, packages_skip=None, packages_select_regex=None, packages_skip_regex=None, packages_start=None, packages_end=None, allow_overriding=[], cmake_args=None, cmake_target=None, cmake_target_skip_unavailable=False, cmake_clean_cache=False, cmake_clean_first=False, cmake_force_configure=False, ament_cmake_args=None, catkin_cmake_args=None, catkin_skip_building_tests=False, verb_parser=<colcon_defaults.argument_parser.defaults.DefaultArgumentsDecorator object at 0x7f1f3fa8b730>, verb_extension=<colcon_core.verb.build.BuildVerb object at 0x7f1f3fa8a710>, main=<bound method BuildVerb.main of <colcon_core.verb.build.BuildVerb object at 0x7f1f3fa8a710>>)
[0.271s] Level 1:colcon.colcon_core.package_discovery:discover_packages(colcon_meta) check parameters
[0.271s] Level 1:colcon.colcon_core.package_discovery:discover_packages(recursive) check parameters
[0.271s] Level 1:colcon.colcon_core.package_discovery:discover_packages(ignore) check parameters
[0.271s] Level 1:colcon.colcon_core.package_discovery:discover_packages(path) check parameters
[0.271s] Level 1:colcon.colcon_core.package_discovery:discover_packages(colcon_meta) discover
[0.271s] Level 1:colcon.colcon_core.package_discovery:discover_packages(recursive) discover
[0.271s] INFO:colcon.colcon_core.package_discovery:Crawling recursively for packages in '/home/llw/git/ros2-study/chapt5_ws'
[0.272s] Level 1:colcon.colcon_core.package_identification:_identify(.) by extensions ['ignore', 'ignore_ament_install']
[0.272s] Level 1:colcon.colcon_core.package_identification:_identify(.) by extension 'ignore'
[0.272s] Level 1:colcon.colcon_core.package_identification:_identify(.) by extension 'ignore_ament_install'
[0.272s] Level 1:colcon.colcon_core.package_identification:_identify(.) by extensions ['colcon_pkg']
[0.272s] Level 1:colcon.colcon_core.package_identification:_identify(.) by extension 'colcon_pkg'
[0.272s] Level 1:colcon.colcon_core.package_identification:_identify(.) by extensions ['colcon_meta']
[0.272s] Level 1:colcon.colcon_core.package_identification:_identify(.) by extension 'colcon_meta'
[0.272s] Level 1:colcon.colcon_core.package_identification:_identify(.) by extensions ['ros']
[0.272s] Level 1:colcon.colcon_core.package_identification:_identify(.) by extension 'ros'
[0.285s] Level 1:colcon.colcon_core.package_identification:_identify(.) by extensions ['cmake', 'python']
[0.285s] Level 1:colcon.colcon_core.package_identification:_identify(.) by extension 'cmake'
[0.285s] Level 1:colcon.colcon_core.package_identification:_identify(.) by extension 'python'
[0.285s] Level 1:colcon.colcon_core.package_identification:_identify(.) by extensions ['python_setup_py']
[0.285s] Level 1:colcon.colcon_core.package_identification:_identify(.) by extension 'python_setup_py'
[0.285s] Level 1:colcon.colcon_core.package_identification:_identify(build) by extensions ['ignore', 'ignore_ament_install']
[0.285s] Level 1:colcon.colcon_core.package_identification:_identify(build) by extension 'ignore'
[0.285s] Level 1:colcon.colcon_core.package_identification:_identify(build) ignored
[0.285s] Level 1:colcon.colcon_core.package_identification:_identify(install) by extensions ['ignore', 'ignore_ament_install']
[0.285s] Level 1:colcon.colcon_core.package_identification:_identify(install) by extension 'ignore'
[0.285s] Level 1:colcon.colcon_core.package_identification:_identify(install) ignored
[0.285s] Level 1:colcon.colcon_core.package_identification:_identify(log) by extensions ['ignore', 'ignore_ament_install']
[0.285s] Level 1:colcon.colcon_core.package_identification:_identify(log) by extension 'ignore'
[0.286s] Level 1:colcon.colcon_core.package_identification:_identify(log) ignored
[0.286s] Level 1:colcon.colcon_core.package_identification:_identify(src) by extensions ['ignore', 'ignore_ament_install']
[0.286s] Level 1:colcon.colcon_core.package_identification:_identify(src) by extension 'ignore'
[0.286s] Level 1:colcon.colcon_core.package_identification:_identify(src) by extension 'ignore_ament_install'
[0.286s] Level 1:colcon.colcon_core.package_identification:_identify(src) by extensions ['colcon_pkg']
[0.286s] Level 1:colcon.colcon_core.package_identification:_identify(src) by extension 'colcon_pkg'
[0.286s] Level 1:colcon.colcon_core.package_identification:_identify(src) by extensions ['colcon_meta']
[0.286s] Level 1:colcon.colcon_core.package_identification:_identify(src) by extension 'colcon_meta'
[0.286s] Level 1:colcon.colcon_core.package_identification:_identify(src) by extensions ['ros']
[0.286s] Level 1:colcon.colcon_core.package_identification:_identify(src) by extension 'ros'
[0.286s] Level 1:colcon.colcon_core.package_identification:_identify(src) by extensions ['cmake', 'python']
[0.286s] Level 1:colcon.colcon_core.package_identification:_identify(src) by extension 'cmake'
[0.286s] Level 1:colcon.colcon_core.package_identification:_identify(src) by extension 'python'
[0.286s] Level 1:colcon.colcon_core.package_identification:_identify(src) by extensions ['python_setup_py']
[0.286s] Level 1:colcon.colcon_core.package_identification:_identify(src) by extension 'python_setup_py'
[0.286s] Level 1:colcon.colcon_core.package_identification:_identify(src/demo_cpp_tf) by extensions ['ignore', 'ignore_ament_install']
[0.286s] Level 1:colcon.colcon_core.package_identification:_identify(src/demo_cpp_tf) by extension 'ignore'
[0.286s] Level 1:colcon.colcon_core.package_identification:_identify(src/demo_cpp_tf) by extension 'ignore_ament_install'
[0.287s] Level 1:colcon.colcon_core.package_identification:_identify(src/demo_cpp_tf) by extensions ['colcon_pkg']
[0.287s] Level 1:colcon.colcon_core.package_identification:_identify(src/demo_cpp_tf) by extension 'colcon_pkg'
[0.287s] Level 1:colcon.colcon_core.package_identification:_identify(src/demo_cpp_tf) by extensions ['colcon_meta']
[0.287s] Level 1:colcon.colcon_core.package_identification:_identify(src/demo_cpp_tf) by extension 'colcon_meta'
[0.287s] Level 1:colcon.colcon_core.package_identification:_identify(src/demo_cpp_tf) by extensions ['ros']
[0.287s] Level 1:colcon.colcon_core.package_identification:_identify(src/demo_cpp_tf) by extension 'ros'
[0.289s] DEBUG:colcon.colcon_core.package_identification:Package 'src/demo_cpp_tf' with type 'ros.ament_cmake' and name 'demo_cpp_tf'
[0.289s] Level 1:colcon.colcon_core.package_discovery:discover_packages(recursive) using defaults
[0.290s] Level 1:colcon.colcon_core.package_discovery:discover_packages(ignore) discover
[0.290s] Level 1:colcon.colcon_core.package_discovery:discover_packages(ignore) using defaults
[0.290s] Level 1:colcon.colcon_core.package_discovery:discover_packages(path) discover
[0.290s] Level 1:colcon.colcon_core.package_discovery:discover_packages(path) using defaults
[0.310s] Level 1:colcon.colcon_core.package_discovery:discover_packages(prefix_path) check parameters
[0.310s] Level 1:colcon.colcon_core.package_discovery:discover_packages(prefix_path) discover
[0.312s] DEBUG:colcon.colcon_installed_package_information.package_discovery:Found 1 installed packages in /home/llw/git/ros2-study/chapt5_ws/install
[0.313s] DEBUG:colcon.colcon_installed_package_information.package_discovery:Found 270 installed packages in /opt/ros/humble
[0.315s] Level 1:colcon.colcon_core.package_discovery:discover_packages(prefix_path) using defaults
[0.365s] Level 5:colcon.colcon_core.verb:set package 'demo_cpp_tf' build argument 'cmake_args' from command line to 'None'
[0.365s] Level 5:colcon.colcon_core.verb:set package 'demo_cpp_tf' build argument 'cmake_target' from command line to 'None'
[0.365s] Level 5:colcon.colcon_core.verb:set package 'demo_cpp_tf' build argument 'cmake_target_skip_unavailable' from command line to 'False'
[0.365s] Level 5:colcon.colcon_core.verb:set package 'demo_cpp_tf' build argument 'cmake_clean_cache' from command line to 'False'
[0.365s] Level 5:colcon.colcon_core.verb:set package 'demo_cpp_tf' build argument 'cmake_clean_first' from command line to 'False'
[0.365s] Level 5:colcon.colcon_core.verb:set package 'demo_cpp_tf' build argument 'cmake_force_configure' from command line to 'False'
[0.365s] Level 5:colcon.colcon_core.verb:set package 'demo_cpp_tf' build argument 'ament_cmake_args' from command line to 'None'
[0.365s] Level 5:colcon.colcon_core.verb:set package 'demo_cpp_tf' build argument 'catkin_cmake_args' from command line to 'None'
[0.365s] Level 5:colcon.colcon_core.verb:set package 'demo_cpp_tf' build argument 'catkin_skip_building_tests' from command line to 'False'
[0.365s] DEBUG:colcon.colcon_core.verb:Building package 'demo_cpp_tf' with the following arguments: {'ament_cmake_args': None, 'build_base': '/home/llw/git/ros2-study/chapt5_ws/build/demo_cpp_tf', 'catkin_cmake_args': None, 'catkin_skip_building_tests': False, 'cmake_args': None, 'cmake_clean_cache': False, 'cmake_clean_first': False, 'cmake_force_configure': False, 'cmake_target': None, 'cmake_target_skip_unavailable': False, 'install_base': '/home/llw/git/ros2-study/chapt5_ws/install/demo_cpp_tf', 'merge_install': False, 'path': '/home/llw/git/ros2-study/chapt5_ws/src/demo_cpp_tf', 'symlink_install': False, 'test_result_base': None}
[0.365s] INFO:colcon.colcon_core.executor:Executing jobs using 'parallel' executor
[0.366s] DEBUG:colcon.colcon_parallel_executor.executor.parallel:run_until_complete
[0.366s] INFO:colcon.colcon_ros.task.ament_cmake.build:Building ROS package in '/home/llw/git/ros2-study/chapt5_ws/src/demo_cpp_tf' with build type 'ament_cmake'
[0.367s] INFO:colcon.colcon_cmake.task.cmake.build:Building CMake package in '/home/llw/git/ros2-study/chapt5_ws/src/demo_cpp_tf'
[0.369s] INFO:colcon.colcon_core.plugin_system:Skipping extension 'colcon_core.shell.bat': Not used on non-Windows systems
[0.369s] INFO:colcon.colcon_core.shell:Skip shell extension 'powershell' for command environment: Not usable outside of PowerShell
[0.369s] DEBUG:colcon.colcon_core.shell:Skip shell extension 'dsv' for command environment
[0.379s] DEBUG:colcon.colcon_core.event_handler.log_command:Invoking command in '/home/llw/git/ros2-study/chapt5_ws/build/demo_cpp_tf': CMAKE_PREFIX_PATH=${CMAKE_PREFIX_PATH}:/opt/ros/humble /usr/bin/cmake --build /home/llw/git/ros2-study/chapt5_ws/build/demo_cpp_tf -- -j16 -l16
[11.448s] DEBUG:colcon.colcon_core.event_handler.log_command:Invoked command in '/home/llw/git/ros2-study/chapt5_ws/build/demo_cpp_tf' returned '0': CMAKE_PREFIX_PATH=${CMAKE_PREFIX_PATH}:/opt/ros/humble /usr/bin/cmake --build /home/llw/git/ros2-study/chapt5_ws/build/demo_cpp_tf -- -j16 -l16
[11.459s] DEBUG:colcon.colcon_core.event_handler.log_command:Invoking command in '/home/llw/git/ros2-study/chapt5_ws/build/demo_cpp_tf': CMAKE_PREFIX_PATH=${CMAKE_PREFIX_PATH}:/opt/ros/humble /usr/bin/cmake --install /home/llw/git/ros2-study/chapt5_ws/build/demo_cpp_tf
[11.475s] Level 1:colcon.colcon_core.environment:create_environment_scripts_only(demo_cpp_tf)
[11.475s] DEBUG:colcon.colcon_core.event_handler.log_command:Invoked command in '/home/llw/git/ros2-study/chapt5_ws/build/demo_cpp_tf' returned '0': CMAKE_PREFIX_PATH=${CMAKE_PREFIX_PATH}:/opt/ros/humble /usr/bin/cmake --install /home/llw/git/ros2-study/chapt5_ws/build/demo_cpp_tf
[11.478s] Level 1:colcon.colcon_core.environment:checking '/home/llw/git/ros2-study/chapt5_ws/install/demo_cpp_tf' for CMake module files
[11.478s] Level 1:colcon.colcon_core.environment:checking '/home/llw/git/ros2-study/chapt5_ws/install/demo_cpp_tf' for CMake config files
[11.479s] Level 1:colcon.colcon_core.shell:create_environment_hook('demo_cpp_tf', 'cmake_prefix_path')
[11.479s] INFO:colcon.colcon_core.shell:Creating environment hook '/home/llw/git/ros2-study/chapt5_ws/install/demo_cpp_tf/share/demo_cpp_tf/hook/cmake_prefix_path.ps1'
[11.480s] INFO:colcon.colcon_core.shell:Creating environment descriptor '/home/llw/git/ros2-study/chapt5_ws/install/demo_cpp_tf/share/demo_cpp_tf/hook/cmake_prefix_path.dsv'
[11.480s] INFO:colcon.colcon_core.shell:Creating environment hook '/home/llw/git/ros2-study/chapt5_ws/install/demo_cpp_tf/share/demo_cpp_tf/hook/cmake_prefix_path.sh'
[11.481s] Level 1:colcon.colcon_core.environment:checking '/home/llw/git/ros2-study/chapt5_ws/install/demo_cpp_tf/lib'
[11.481s] Level 1:colcon.colcon_core.environment:checking '/home/llw/git/ros2-study/chapt5_ws/install/demo_cpp_tf/bin'
[11.481s] Level 1:colcon.colcon_core.environment:checking '/home/llw/git/ros2-study/chapt5_ws/install/demo_cpp_tf/lib/pkgconfig/demo_cpp_tf.pc'
[11.482s] Level 1:colcon.colcon_core.environment:checking '/home/llw/git/ros2-study/chapt5_ws/install/demo_cpp_tf/lib/python3.10/site-packages'
[11.482s] Level 1:colcon.colcon_core.environment:checking '/home/llw/git/ros2-study/chapt5_ws/install/demo_cpp_tf/bin'
[11.482s] INFO:colcon.colcon_core.shell:Creating package script '/home/llw/git/ros2-study/chapt5_ws/install/demo_cpp_tf/share/demo_cpp_tf/package.ps1'
[11.483s] INFO:colcon.colcon_core.shell:Creating package descriptor '/home/llw/git/ros2-study/chapt5_ws/install/demo_cpp_tf/share/demo_cpp_tf/package.dsv'
[11.484s] INFO:colcon.colcon_core.shell:Creating package script '/home/llw/git/ros2-study/chapt5_ws/install/demo_cpp_tf/share/demo_cpp_tf/package.sh'
[11.485s] INFO:colcon.colcon_core.shell:Creating package script '/home/llw/git/ros2-study/chapt5_ws/install/demo_cpp_tf/share/demo_cpp_tf/package.bash'
[11.486s] INFO:colcon.colcon_core.shell:Creating package script '/home/llw/git/ros2-study/chapt5_ws/install/demo_cpp_tf/share/demo_cpp_tf/package.zsh'
[11.486s] Level 1:colcon.colcon_core.environment:create_file_with_runtime_dependencies(/home/llw/git/ros2-study/chapt5_ws/install/demo_cpp_tf/share/colcon-core/packages/demo_cpp_tf)
[11.487s] Level 1:colcon.colcon_core.environment:create_environment_scripts_only(demo_cpp_tf)
[11.487s] Level 1:colcon.colcon_core.environment:checking '/home/llw/git/ros2-study/chapt5_ws/install/demo_cpp_tf' for CMake module files
[11.488s] Level 1:colcon.colcon_core.environment:checking '/home/llw/git/ros2-study/chapt5_ws/install/demo_cpp_tf' for CMake config files
[11.488s] Level 1:colcon.colcon_core.shell:create_environment_hook('demo_cpp_tf', 'cmake_prefix_path')
[11.488s] INFO:colcon.colcon_core.shell:Creating environment hook '/home/llw/git/ros2-study/chapt5_ws/install/demo_cpp_tf/share/demo_cpp_tf/hook/cmake_prefix_path.ps1'
[11.489s] INFO:colcon.colcon_core.shell:Creating environment descriptor '/home/llw/git/ros2-study/chapt5_ws/install/demo_cpp_tf/share/demo_cpp_tf/hook/cmake_prefix_path.dsv'
[11.489s] INFO:colcon.colcon_core.shell:Creating environment hook '/home/llw/git/ros2-study/chapt5_ws/install/demo_cpp_tf/share/demo_cpp_tf/hook/cmake_prefix_path.sh'
[11.490s] Level 1:colcon.colcon_core.environment:checking '/home/llw/git/ros2-study/chapt5_ws/install/demo_cpp_tf/lib'
[11.490s] Level 1:colcon.colcon_core.environment:checking '/home/llw/git/ros2-study/chapt5_ws/install/demo_cpp_tf/bin'
[11.490s] Level 1:colcon.colcon_core.environment:checking '/home/llw/git/ros2-study/chapt5_ws/install/demo_cpp_tf/lib/pkgconfig/demo_cpp_tf.pc'
[11.490s] Level 1:colcon.colcon_core.environment:checking '/home/llw/git/ros2-study/chapt5_ws/install/demo_cpp_tf/lib/python3.10/site-packages'
[11.491s] Level 1:colcon.colcon_core.environment:checking '/home/llw/git/ros2-study/chapt5_ws/install/demo_cpp_tf/bin'
[11.491s] INFO:colcon.colcon_core.shell:Creating package script '/home/llw/git/ros2-study/chapt5_ws/install/demo_cpp_tf/share/demo_cpp_tf/package.ps1'
[11.491s] INFO:colcon.colcon_core.shell:Creating package descriptor '/home/llw/git/ros2-study/chapt5_ws/install/demo_cpp_tf/share/demo_cpp_tf/package.dsv'
[11.492s] INFO:colcon.colcon_core.shell:Creating package script '/home/llw/git/ros2-study/chapt5_ws/install/demo_cpp_tf/share/demo_cpp_tf/package.sh'
[11.493s] INFO:colcon.colcon_core.shell:Creating package script '/home/llw/git/ros2-study/chapt5_ws/install/demo_cpp_tf/share/demo_cpp_tf/package.bash'
[11.493s] INFO:colcon.colcon_core.shell:Creating package script '/home/llw/git/ros2-study/chapt5_ws/install/demo_cpp_tf/share/demo_cpp_tf/package.zsh'
[11.493s] Level 1:colcon.colcon_core.environment:create_file_with_runtime_dependencies(/home/llw/git/ros2-study/chapt5_ws/install/demo_cpp_tf/share/colcon-core/packages/demo_cpp_tf)
[11.494s] DEBUG:colcon.colcon_parallel_executor.executor.parallel:closing loop
[11.494s] DEBUG:colcon.colcon_parallel_executor.executor.parallel:loop closed
[11.494s] DEBUG:colcon.colcon_parallel_executor.executor.parallel:run_until_complete finished with '0'
[11.494s] DEBUG:colcon.colcon_core.event_reactor:joining thread
[11.500s] INFO:colcon.colcon_core.plugin_system:Skipping extension 'colcon_notification.desktop_notification.terminal_notifier': Not used on non-Darwin systems
[11.500s] INFO:colcon.colcon_core.plugin_system:Skipping extension 'colcon_notification.desktop_notification.win32': Not used on non-Windows systems
[11.500s] INFO:colcon.colcon_notification.desktop_notification:Sending desktop notification using 'notify2'
[36.525s] DEBUG:colcon.colcon_notification.desktop_notification.notify2:Failed to initialize notify2: org.freedesktop.DBus.Error.NoReply: Did not receive a reply. Possible causes include: the remote application did not send a reply, the message bus security policy blocked the reply, the reply timeout expired, or the network connection was broken.
[36.525s] DEBUG:colcon.colcon_core.event_reactor:joined thread
[36.526s] INFO:colcon.colcon_core.shell:Creating prefix script '/home/llw/git/ros2-study/chapt5_ws/install/local_setup.ps1'
[36.527s] INFO:colcon.colcon_core.shell:Creating prefix util module '/home/llw/git/ros2-study/chapt5_ws/install/_local_setup_util_ps1.py'
[36.528s] INFO:colcon.colcon_core.shell:Creating prefix chain script '/home/llw/git/ros2-study/chapt5_ws/install/setup.ps1'
[36.530s] INFO:colcon.colcon_core.shell:Creating prefix script '/home/llw/git/ros2-study/chapt5_ws/install/local_setup.sh'
[36.531s] INFO:colcon.colcon_core.shell:Creating prefix util module '/home/llw/git/ros2-study/chapt5_ws/install/_local_setup_util_sh.py'
[36.531s] INFO:colcon.colcon_core.shell:Creating prefix chain script '/home/llw/git/ros2-study/chapt5_ws/install/setup.sh'
[36.532s] INFO:colcon.colcon_core.shell:Creating prefix script '/home/llw/git/ros2-study/chapt5_ws/install/local_setup.bash'
[36.533s] INFO:colcon.colcon_core.shell:Creating prefix chain script '/home/llw/git/ros2-study/chapt5_ws/install/setup.bash'
[36.534s] INFO:colcon.colcon_core.shell:Creating prefix script '/home/llw/git/ros2-study/chapt5_ws/install/local_setup.zsh'
[36.534s] INFO:colcon.colcon_core.shell:Creating prefix chain script '/home/llw/git/ros2-study/chapt5_ws/install/setup.zsh'
