[0.013s] Invoking command in '/home/llw/git/ros2-study/chapt4_ws/build/pkg_interfaces': CMAKE_PREFIX_PATH=${CMAKE_PREFIX_PATH}:/opt/ros/humble /usr/bin/cmake --build /home/llw/git/ros2-study/chapt4_ws/build/pkg_interfaces -- -j16 -l16
[0.036s] [33mCMake Warning (dev) at CMakeLists.txt:21:
[0.036s]   Syntax Warning in cmake code at column 25
[0.036s] 
[0.036s]   Argument not separated from preceding token by whitespace.
[0.036s] This warning is for project developers.  Use -Wno-dev to suppress it.
[0.036s] [0m
[0.041s] -- Found ament_cmake: 1.3.10 (/opt/ros/humble/share/ament_cmake/cmake)
[0.165s] -- Override CMake install command with custom implementation using symlinks instead of copying resources
[0.174s] -- Found sensor_msgs: 4.2.4 (/opt/ros/humble/share/sensor_msgs/cmake)
[0.200s] -- Found rosidl_generator_c: 3.1.5 (/opt/ros/humble/share/rosidl_generator_c/cmake)
[0.203s] -- Found rosidl_adapter: 3.1.5 (/opt/ros/humble/share/rosidl_adapter/cmake)
[0.210s] -- Found rosidl_generator_cpp: 3.1.5 (/opt/ros/humble/share/rosidl_generator_cpp/cmake)
[0.221s] -- Using all available rosidl_typesupport_c: rosidl_typesupport_fastrtps_c;rosidl_typesupport_introspection_c
[0.236s] -- Using all available rosidl_typesupport_cpp: rosidl_typesupport_fastrtps_cpp;rosidl_typesupport_introspection_cpp
[0.295s] -- Found rosidl_default_generators: 1.2.0 (/opt/ros/humble/share/rosidl_default_generators/cmake)
[0.304s] [31mCMake Error at /opt/ros/humble/share/rosidl_cmake/cmake/rosidl_generate_interfaces.cmake:93 (message):
[0.304s]   rosidl_generate_interfaces() the passed file ',' doesn't exist relative to
[0.304s]   the CMAKE_CURRENT_SOURCE_DIR
[0.304s]   '/home/llw/git/ros2-study/chapt4_ws/src/pkg_interfaces'
[0.304s] Call Stack (most recent call first):
[0.304s]   CMakeLists.txt:26 (rosidl_generate_interfaces)
[0.304s] 
[0.304s] [0m
[0.304s] -- Configuring incomplete, errors occurred!
[0.304s] See also "/home/llw/git/ros2-study/chapt4_ws/build/pkg_interfaces/CMakeFiles/CMakeOutput.log".
[0.309s] gmake: *** [Makefile:963: cmake_check_build_system] Error 1
[0.311s] Invoked command in '/home/llw/git/ros2-study/chapt4_ws/build/pkg_interfaces' returned '2': CMAKE_PREFIX_PATH=${CMAKE_PREFIX_PATH}:/opt/ros/humble /usr/bin/cmake --build /home/llw/git/ros2-study/chapt4_ws/build/pkg_interfaces -- -j16 -l16
