[0.109s] DEBUG:colcon:Command line arguments: ['/usr/bin/colcon', 'build']
[0.109s] DEBUG:colcon:Parsed command line arguments: Namespace(log_base=None, log_level=None, verb_name='build', build_base='build', install_base='install', merge_install=False, symlink_install=False, test_result_base=None, continue_on_error=False, executor='parallel', parallel_workers=16, event_handlers=None, ignore_user_meta=False, metas=['./colcon.meta'], base_paths=['.'], packages_ignore=None, packages_ignore_regex=None, paths=None, packages_up_to=None, packages_up_to_regex=None, packages_above=None, packages_above_and_dependencies=None, packages_above_depth=None, packages_select_by_dep=None, packages_skip_by_dep=None, packages_skip_up_to=None, packages_select_build_failed=False, packages_skip_build_finished=False, packages_select_test_failures=False, packages_skip_test_passed=False, packages_select=None, packages_skip=None, packages_select_regex=None, packages_skip_regex=None, packages_start=None, packages_end=None, allow_overriding=[], cmake_args=None, cmake_target=None, cmake_target_skip_unavailable=False, cmake_clean_cache=False, cmake_clean_first=False, cmake_force_configure=False, ament_cmake_args=None, catkin_cmake_args=None, catkin_skip_building_tests=False, verb_parser=<colcon_defaults.argument_parser.defaults.DefaultArgumentsDecorator object at 0x7f5a9689f760>, verb_extension=<colcon_core.verb.build.BuildVerb object at 0x7f5a9689e740>, main=<bound method BuildVerb.main of <colcon_core.verb.build.BuildVerb object at 0x7f5a9689e740>>)
[0.272s] Level 1:colcon.colcon_core.package_discovery:discover_packages(colcon_meta) check parameters
[0.272s] Level 1:colcon.colcon_core.package_discovery:discover_packages(recursive) check parameters
[0.272s] Level 1:colcon.colcon_core.package_discovery:discover_packages(ignore) check parameters
[0.272s] Level 1:colcon.colcon_core.package_discovery:discover_packages(path) check parameters
[0.272s] Level 1:colcon.colcon_core.package_discovery:discover_packages(colcon_meta) discover
[0.272s] Level 1:colcon.colcon_core.package_discovery:discover_packages(recursive) discover
[0.272s] INFO:colcon.colcon_core.package_discovery:Crawling recursively for packages in '/home/llw/git/ros2-study/chapt4_ws'
[0.272s] Level 1:colcon.colcon_core.package_identification:_identify(.) by extensions ['ignore', 'ignore_ament_install']
[0.272s] Level 1:colcon.colcon_core.package_identification:_identify(.) by extension 'ignore'
[0.272s] Level 1:colcon.colcon_core.package_identification:_identify(.) by extension 'ignore_ament_install'
[0.272s] Level 1:colcon.colcon_core.package_identification:_identify(.) by extensions ['colcon_pkg']
[0.272s] Level 1:colcon.colcon_core.package_identification:_identify(.) by extension 'colcon_pkg'
[0.273s] Level 1:colcon.colcon_core.package_identification:_identify(.) by extensions ['colcon_meta']
[0.273s] Level 1:colcon.colcon_core.package_identification:_identify(.) by extension 'colcon_meta'
[0.273s] Level 1:colcon.colcon_core.package_identification:_identify(.) by extensions ['ros']
[0.273s] Level 1:colcon.colcon_core.package_identification:_identify(.) by extension 'ros'
[0.285s] Level 1:colcon.colcon_core.package_identification:_identify(.) by extensions ['cmake', 'python']
[0.285s] Level 1:colcon.colcon_core.package_identification:_identify(.) by extension 'cmake'
[0.286s] Level 1:colcon.colcon_core.package_identification:_identify(.) by extension 'python'
[0.286s] Level 1:colcon.colcon_core.package_identification:_identify(.) by extensions ['python_setup_py']
[0.286s] Level 1:colcon.colcon_core.package_identification:_identify(.) by extension 'python_setup_py'
[0.286s] Level 1:colcon.colcon_core.package_identification:_identify(build) by extensions ['ignore', 'ignore_ament_install']
[0.286s] Level 1:colcon.colcon_core.package_identification:_identify(build) by extension 'ignore'
[0.286s] Level 1:colcon.colcon_core.package_identification:_identify(build) ignored
[0.286s] Level 1:colcon.colcon_core.package_identification:_identify(install) by extensions ['ignore', 'ignore_ament_install']
[0.286s] Level 1:colcon.colcon_core.package_identification:_identify(install) by extension 'ignore'
[0.286s] Level 1:colcon.colcon_core.package_identification:_identify(install) ignored
[0.286s] Level 1:colcon.colcon_core.package_identification:_identify(log) by extensions ['ignore', 'ignore_ament_install']
[0.286s] Level 1:colcon.colcon_core.package_identification:_identify(log) by extension 'ignore'
[0.286s] Level 1:colcon.colcon_core.package_identification:_identify(log) ignored
[0.287s] Level 1:colcon.colcon_core.package_identification:_identify(src) by extensions ['ignore', 'ignore_ament_install']
[0.287s] Level 1:colcon.colcon_core.package_identification:_identify(src) by extension 'ignore'
[0.287s] Level 1:colcon.colcon_core.package_identification:_identify(src) by extension 'ignore_ament_install'
[0.287s] Level 1:colcon.colcon_core.package_identification:_identify(src) by extensions ['colcon_pkg']
[0.287s] Level 1:colcon.colcon_core.package_identification:_identify(src) by extension 'colcon_pkg'
[0.287s] Level 1:colcon.colcon_core.package_identification:_identify(src) by extensions ['colcon_meta']
[0.287s] Level 1:colcon.colcon_core.package_identification:_identify(src) by extension 'colcon_meta'
[0.287s] Level 1:colcon.colcon_core.package_identification:_identify(src) by extensions ['ros']
[0.287s] Level 1:colcon.colcon_core.package_identification:_identify(src) by extension 'ros'
[0.287s] Level 1:colcon.colcon_core.package_identification:_identify(src) by extensions ['cmake', 'python']
[0.287s] Level 1:colcon.colcon_core.package_identification:_identify(src) by extension 'cmake'
[0.287s] Level 1:colcon.colcon_core.package_identification:_identify(src) by extension 'python'
[0.287s] Level 1:colcon.colcon_core.package_identification:_identify(src) by extensions ['python_setup_py']
[0.287s] Level 1:colcon.colcon_core.package_identification:_identify(src) by extension 'python_setup_py'
[0.287s] Level 1:colcon.colcon_core.package_identification:_identify(src/demo_cpp_service) by extensions ['ignore', 'ignore_ament_install']
[0.287s] Level 1:colcon.colcon_core.package_identification:_identify(src/demo_cpp_service) by extension 'ignore'
[0.287s] Level 1:colcon.colcon_core.package_identification:_identify(src/demo_cpp_service) by extension 'ignore_ament_install'
[0.288s] Level 1:colcon.colcon_core.package_identification:_identify(src/demo_cpp_service) by extensions ['colcon_pkg']
[0.288s] Level 1:colcon.colcon_core.package_identification:_identify(src/demo_cpp_service) by extension 'colcon_pkg'
[0.288s] Level 1:colcon.colcon_core.package_identification:_identify(src/demo_cpp_service) by extensions ['colcon_meta']
[0.288s] Level 1:colcon.colcon_core.package_identification:_identify(src/demo_cpp_service) by extension 'colcon_meta'
[0.288s] Level 1:colcon.colcon_core.package_identification:_identify(src/demo_cpp_service) by extensions ['ros']
[0.288s] Level 1:colcon.colcon_core.package_identification:_identify(src/demo_cpp_service) by extension 'ros'
[0.290s] DEBUG:colcon.colcon_core.package_identification:Package 'src/demo_cpp_service' with type 'ros.ament_cmake' and name 'demo_cpp_service'
[0.291s] Level 1:colcon.colcon_core.package_identification:_identify(src/pkg_interfaces) by extensions ['ignore', 'ignore_ament_install']
[0.291s] Level 1:colcon.colcon_core.package_identification:_identify(src/pkg_interfaces) by extension 'ignore'
[0.291s] Level 1:colcon.colcon_core.package_identification:_identify(src/pkg_interfaces) by extension 'ignore_ament_install'
[0.291s] Level 1:colcon.colcon_core.package_identification:_identify(src/pkg_interfaces) by extensions ['colcon_pkg']
[0.291s] Level 1:colcon.colcon_core.package_identification:_identify(src/pkg_interfaces) by extension 'colcon_pkg'
[0.291s] Level 1:colcon.colcon_core.package_identification:_identify(src/pkg_interfaces) by extensions ['colcon_meta']
[0.291s] Level 1:colcon.colcon_core.package_identification:_identify(src/pkg_interfaces) by extension 'colcon_meta'
[0.291s] Level 1:colcon.colcon_core.package_identification:_identify(src/pkg_interfaces) by extensions ['ros']
[0.291s] Level 1:colcon.colcon_core.package_identification:_identify(src/pkg_interfaces) by extension 'ros'
[0.292s] DEBUG:colcon.colcon_core.package_identification:Package 'src/pkg_interfaces' with type 'ros.ament_cmake' and name 'pkg_interfaces'
[0.292s] Level 1:colcon.colcon_core.package_discovery:discover_packages(recursive) using defaults
[0.292s] Level 1:colcon.colcon_core.package_discovery:discover_packages(ignore) discover
[0.292s] Level 1:colcon.colcon_core.package_discovery:discover_packages(ignore) using defaults
[0.292s] Level 1:colcon.colcon_core.package_discovery:discover_packages(path) discover
[0.292s] Level 1:colcon.colcon_core.package_discovery:discover_packages(path) using defaults
[0.313s] Level 1:colcon.colcon_core.package_discovery:discover_packages(prefix_path) check parameters
[0.313s] Level 1:colcon.colcon_core.package_discovery:discover_packages(prefix_path) discover
[0.316s] DEBUG:colcon.colcon_installed_package_information.package_discovery:Found 270 installed packages in /opt/ros/humble
[0.317s] Level 1:colcon.colcon_core.package_discovery:discover_packages(prefix_path) using defaults
[0.370s] Level 5:colcon.colcon_core.verb:set package 'pkg_interfaces' build argument 'cmake_args' from command line to 'None'
[0.370s] Level 5:colcon.colcon_core.verb:set package 'pkg_interfaces' build argument 'cmake_target' from command line to 'None'
[0.370s] Level 5:colcon.colcon_core.verb:set package 'pkg_interfaces' build argument 'cmake_target_skip_unavailable' from command line to 'False'
[0.370s] Level 5:colcon.colcon_core.verb:set package 'pkg_interfaces' build argument 'cmake_clean_cache' from command line to 'False'
[0.370s] Level 5:colcon.colcon_core.verb:set package 'pkg_interfaces' build argument 'cmake_clean_first' from command line to 'False'
[0.370s] Level 5:colcon.colcon_core.verb:set package 'pkg_interfaces' build argument 'cmake_force_configure' from command line to 'False'
[0.370s] Level 5:colcon.colcon_core.verb:set package 'pkg_interfaces' build argument 'ament_cmake_args' from command line to 'None'
[0.370s] Level 5:colcon.colcon_core.verb:set package 'pkg_interfaces' build argument 'catkin_cmake_args' from command line to 'None'
[0.370s] Level 5:colcon.colcon_core.verb:set package 'pkg_interfaces' build argument 'catkin_skip_building_tests' from command line to 'False'
[0.370s] DEBUG:colcon.colcon_core.verb:Building package 'pkg_interfaces' with the following arguments: {'ament_cmake_args': None, 'build_base': '/home/llw/git/ros2-study/chapt4_ws/build/pkg_interfaces', 'catkin_cmake_args': None, 'catkin_skip_building_tests': False, 'cmake_args': None, 'cmake_clean_cache': False, 'cmake_clean_first': False, 'cmake_force_configure': False, 'cmake_target': None, 'cmake_target_skip_unavailable': False, 'install_base': '/home/llw/git/ros2-study/chapt4_ws/install/pkg_interfaces', 'merge_install': False, 'path': '/home/llw/git/ros2-study/chapt4_ws/src/pkg_interfaces', 'symlink_install': False, 'test_result_base': None}
[0.371s] Level 5:colcon.colcon_core.verb:set package 'demo_cpp_service' build argument 'cmake_args' from command line to 'None'
[0.371s] Level 5:colcon.colcon_core.verb:set package 'demo_cpp_service' build argument 'cmake_target' from command line to 'None'
[0.371s] Level 5:colcon.colcon_core.verb:set package 'demo_cpp_service' build argument 'cmake_target_skip_unavailable' from command line to 'False'
[0.371s] Level 5:colcon.colcon_core.verb:set package 'demo_cpp_service' build argument 'cmake_clean_cache' from command line to 'False'
[0.371s] Level 5:colcon.colcon_core.verb:set package 'demo_cpp_service' build argument 'cmake_clean_first' from command line to 'False'
[0.371s] Level 5:colcon.colcon_core.verb:set package 'demo_cpp_service' build argument 'cmake_force_configure' from command line to 'False'
[0.371s] Level 5:colcon.colcon_core.verb:set package 'demo_cpp_service' build argument 'ament_cmake_args' from command line to 'None'
[0.371s] Level 5:colcon.colcon_core.verb:set package 'demo_cpp_service' build argument 'catkin_cmake_args' from command line to 'None'
[0.371s] Level 5:colcon.colcon_core.verb:set package 'demo_cpp_service' build argument 'catkin_skip_building_tests' from command line to 'False'
[0.371s] DEBUG:colcon.colcon_core.verb:Building package 'demo_cpp_service' with the following arguments: {'ament_cmake_args': None, 'build_base': '/home/llw/git/ros2-study/chapt4_ws/build/demo_cpp_service', 'catkin_cmake_args': None, 'catkin_skip_building_tests': False, 'cmake_args': None, 'cmake_clean_cache': False, 'cmake_clean_first': False, 'cmake_force_configure': False, 'cmake_target': None, 'cmake_target_skip_unavailable': False, 'install_base': '/home/llw/git/ros2-study/chapt4_ws/install/demo_cpp_service', 'merge_install': False, 'path': '/home/llw/git/ros2-study/chapt4_ws/src/demo_cpp_service', 'symlink_install': False, 'test_result_base': None}
[0.371s] INFO:colcon.colcon_core.executor:Executing jobs using 'parallel' executor
[0.372s] DEBUG:colcon.colcon_parallel_executor.executor.parallel:run_until_complete
[0.373s] INFO:colcon.colcon_ros.task.ament_cmake.build:Building ROS package in '/home/llw/git/ros2-study/chapt4_ws/src/pkg_interfaces' with build type 'ament_cmake'
[0.373s] INFO:colcon.colcon_cmake.task.cmake.build:Building CMake package in '/home/llw/git/ros2-study/chapt4_ws/src/pkg_interfaces'
[0.375s] INFO:colcon.colcon_core.plugin_system:Skipping extension 'colcon_core.shell.bat': Not used on non-Windows systems
[0.375s] INFO:colcon.colcon_core.shell:Skip shell extension 'powershell' for command environment: Not usable outside of PowerShell
[0.375s] DEBUG:colcon.colcon_core.shell:Skip shell extension 'dsv' for command environment
[0.385s] DEBUG:colcon.colcon_core.event_handler.log_command:Invoking command in '/home/llw/git/ros2-study/chapt4_ws/build/pkg_interfaces': CMAKE_PREFIX_PATH=/opt/ros/humble /usr/bin/cmake --build /home/llw/git/ros2-study/chapt4_ws/build/pkg_interfaces -- -j16 -l16
[0.748s] DEBUG:colcon.colcon_core.event_handler.log_command:Invoked command in '/home/llw/git/ros2-study/chapt4_ws/build/pkg_interfaces' returned '0': CMAKE_PREFIX_PATH=/opt/ros/humble /usr/bin/cmake --build /home/llw/git/ros2-study/chapt4_ws/build/pkg_interfaces -- -j16 -l16
[0.760s] DEBUG:colcon.colcon_core.event_handler.log_command:Invoking command in '/home/llw/git/ros2-study/chapt4_ws/build/pkg_interfaces': CMAKE_PREFIX_PATH=/opt/ros/humble /usr/bin/cmake --install /home/llw/git/ros2-study/chapt4_ws/build/pkg_interfaces
[0.841s] Level 1:colcon.colcon_core.environment:create_environment_scripts_only(pkg_interfaces)
[0.842s] DEBUG:colcon.colcon_core.event_handler.log_command:Invoked command in '/home/llw/git/ros2-study/chapt4_ws/build/pkg_interfaces' returned '0': CMAKE_PREFIX_PATH=/opt/ros/humble /usr/bin/cmake --install /home/llw/git/ros2-study/chapt4_ws/build/pkg_interfaces
[0.844s] Level 1:colcon.colcon_core.environment:checking '/home/llw/git/ros2-study/chapt4_ws/install/pkg_interfaces' for CMake module files
[0.845s] Level 1:colcon.colcon_core.environment:checking '/home/llw/git/ros2-study/chapt4_ws/install/pkg_interfaces' for CMake config files
[0.846s] Level 1:colcon.colcon_core.shell:create_environment_hook('pkg_interfaces', 'cmake_prefix_path')
[0.846s] INFO:colcon.colcon_core.shell:Creating environment hook '/home/llw/git/ros2-study/chapt4_ws/install/pkg_interfaces/share/pkg_interfaces/hook/cmake_prefix_path.ps1'
[0.847s] INFO:colcon.colcon_core.shell:Creating environment descriptor '/home/llw/git/ros2-study/chapt4_ws/install/pkg_interfaces/share/pkg_interfaces/hook/cmake_prefix_path.dsv'
[0.848s] INFO:colcon.colcon_core.shell:Creating environment hook '/home/llw/git/ros2-study/chapt4_ws/install/pkg_interfaces/share/pkg_interfaces/hook/cmake_prefix_path.sh'
[0.849s] Level 1:colcon.colcon_core.environment:checking '/home/llw/git/ros2-study/chapt4_ws/install/pkg_interfaces/lib'
[0.849s] Level 1:colcon.colcon_core.shell:create_environment_hook('pkg_interfaces', 'ld_library_path_lib')
[0.849s] INFO:colcon.colcon_core.shell:Creating environment hook '/home/llw/git/ros2-study/chapt4_ws/install/pkg_interfaces/share/pkg_interfaces/hook/ld_library_path_lib.ps1'
[0.849s] INFO:colcon.colcon_core.shell:Creating environment descriptor '/home/llw/git/ros2-study/chapt4_ws/install/pkg_interfaces/share/pkg_interfaces/hook/ld_library_path_lib.dsv'
[0.850s] INFO:colcon.colcon_core.shell:Creating environment hook '/home/llw/git/ros2-study/chapt4_ws/install/pkg_interfaces/share/pkg_interfaces/hook/ld_library_path_lib.sh'
[0.850s] Level 1:colcon.colcon_core.environment:checking '/home/llw/git/ros2-study/chapt4_ws/install/pkg_interfaces/bin'
[0.850s] Level 1:colcon.colcon_core.environment:checking '/home/llw/git/ros2-study/chapt4_ws/install/pkg_interfaces/lib/pkgconfig/pkg_interfaces.pc'
[0.851s] Level 1:colcon.colcon_core.environment:checking '/home/llw/git/ros2-study/chapt4_ws/install/pkg_interfaces/lib/python3.10/site-packages'
[0.851s] Level 1:colcon.colcon_core.environment:checking '/home/llw/git/ros2-study/chapt4_ws/install/pkg_interfaces/bin'
[0.851s] INFO:colcon.colcon_core.shell:Creating package script '/home/llw/git/ros2-study/chapt4_ws/install/pkg_interfaces/share/pkg_interfaces/package.ps1'
[0.852s] INFO:colcon.colcon_core.shell:Creating package descriptor '/home/llw/git/ros2-study/chapt4_ws/install/pkg_interfaces/share/pkg_interfaces/package.dsv'
[0.853s] INFO:colcon.colcon_core.shell:Creating package script '/home/llw/git/ros2-study/chapt4_ws/install/pkg_interfaces/share/pkg_interfaces/package.sh'
[0.853s] INFO:colcon.colcon_core.shell:Creating package script '/home/llw/git/ros2-study/chapt4_ws/install/pkg_interfaces/share/pkg_interfaces/package.bash'
[0.854s] INFO:colcon.colcon_core.shell:Creating package script '/home/llw/git/ros2-study/chapt4_ws/install/pkg_interfaces/share/pkg_interfaces/package.zsh'
[0.855s] Level 1:colcon.colcon_core.environment:create_file_with_runtime_dependencies(/home/llw/git/ros2-study/chapt4_ws/install/pkg_interfaces/share/colcon-core/packages/pkg_interfaces)
[0.856s] Level 1:colcon.colcon_core.environment:create_environment_scripts_only(pkg_interfaces)
[0.856s] Level 1:colcon.colcon_core.environment:checking '/home/llw/git/ros2-study/chapt4_ws/install/pkg_interfaces' for CMake module files
[0.857s] Level 1:colcon.colcon_core.environment:checking '/home/llw/git/ros2-study/chapt4_ws/install/pkg_interfaces' for CMake config files
[0.857s] Level 1:colcon.colcon_core.shell:create_environment_hook('pkg_interfaces', 'cmake_prefix_path')
[0.857s] INFO:colcon.colcon_core.shell:Creating environment hook '/home/llw/git/ros2-study/chapt4_ws/install/pkg_interfaces/share/pkg_interfaces/hook/cmake_prefix_path.ps1'
[0.858s] INFO:colcon.colcon_core.shell:Creating environment descriptor '/home/llw/git/ros2-study/chapt4_ws/install/pkg_interfaces/share/pkg_interfaces/hook/cmake_prefix_path.dsv'
[0.858s] INFO:colcon.colcon_core.shell:Creating environment hook '/home/llw/git/ros2-study/chapt4_ws/install/pkg_interfaces/share/pkg_interfaces/hook/cmake_prefix_path.sh'
[0.859s] Level 1:colcon.colcon_core.environment:checking '/home/llw/git/ros2-study/chapt4_ws/install/pkg_interfaces/lib'
[0.859s] Level 1:colcon.colcon_core.shell:create_environment_hook('pkg_interfaces', 'ld_library_path_lib')
[0.859s] INFO:colcon.colcon_core.shell:Creating environment hook '/home/llw/git/ros2-study/chapt4_ws/install/pkg_interfaces/share/pkg_interfaces/hook/ld_library_path_lib.ps1'
[0.860s] INFO:colcon.colcon_core.shell:Creating environment descriptor '/home/llw/git/ros2-study/chapt4_ws/install/pkg_interfaces/share/pkg_interfaces/hook/ld_library_path_lib.dsv'
[0.860s] INFO:colcon.colcon_core.shell:Creating environment hook '/home/llw/git/ros2-study/chapt4_ws/install/pkg_interfaces/share/pkg_interfaces/hook/ld_library_path_lib.sh'
[0.860s] Level 1:colcon.colcon_core.environment:checking '/home/llw/git/ros2-study/chapt4_ws/install/pkg_interfaces/bin'
[0.861s] Level 1:colcon.colcon_core.environment:checking '/home/llw/git/ros2-study/chapt4_ws/install/pkg_interfaces/lib/pkgconfig/pkg_interfaces.pc'
[0.861s] Level 1:colcon.colcon_core.environment:checking '/home/llw/git/ros2-study/chapt4_ws/install/pkg_interfaces/lib/python3.10/site-packages'
[0.861s] Level 1:colcon.colcon_core.environment:checking '/home/llw/git/ros2-study/chapt4_ws/install/pkg_interfaces/bin'
[0.861s] INFO:colcon.colcon_core.shell:Creating package script '/home/llw/git/ros2-study/chapt4_ws/install/pkg_interfaces/share/pkg_interfaces/package.ps1'
[0.862s] INFO:colcon.colcon_core.shell:Creating package descriptor '/home/llw/git/ros2-study/chapt4_ws/install/pkg_interfaces/share/pkg_interfaces/package.dsv'
[0.863s] INFO:colcon.colcon_core.shell:Creating package script '/home/llw/git/ros2-study/chapt4_ws/install/pkg_interfaces/share/pkg_interfaces/package.sh'
[0.863s] INFO:colcon.colcon_core.shell:Creating package script '/home/llw/git/ros2-study/chapt4_ws/install/pkg_interfaces/share/pkg_interfaces/package.bash'
[0.864s] INFO:colcon.colcon_core.shell:Creating package script '/home/llw/git/ros2-study/chapt4_ws/install/pkg_interfaces/share/pkg_interfaces/package.zsh'
[0.864s] Level 1:colcon.colcon_core.environment:create_file_with_runtime_dependencies(/home/llw/git/ros2-study/chapt4_ws/install/pkg_interfaces/share/colcon-core/packages/pkg_interfaces)
[0.864s] INFO:colcon.colcon_ros.task.ament_cmake.build:Building ROS package in '/home/llw/git/ros2-study/chapt4_ws/src/demo_cpp_service' with build type 'ament_cmake'
[0.865s] INFO:colcon.colcon_cmake.task.cmake.build:Building CMake package in '/home/llw/git/ros2-study/chapt4_ws/src/demo_cpp_service'
[0.865s] INFO:colcon.colcon_core.shell:Skip shell extension 'powershell' for command environment: Not usable outside of PowerShell
[0.865s] DEBUG:colcon.colcon_core.shell:Skip shell extension 'dsv' for command environment
[0.876s] DEBUG:colcon.colcon_core.event_handler.log_command:Invoking command in '/home/llw/git/ros2-study/chapt4_ws/build/demo_cpp_service': AMENT_PREFIX_PATH=/home/llw/git/ros2-study/chapt4_ws/install/pkg_interfaces:${AMENT_PREFIX_PATH} CMAKE_PREFIX_PATH=/home/llw/git/ros2-study/chapt4_ws/install/pkg_interfaces:/opt/ros/humble LD_LIBRARY_PATH=/home/llw/git/ros2-study/chapt4_ws/install/pkg_interfaces/lib:${LD_LIBRARY_PATH} PYTHONPATH=/home/llw/git/ros2-study/chapt4_ws/install/pkg_interfaces/local/lib/python3.10/dist-packages:${PYTHONPATH} /usr/bin/cmake --build /home/llw/git/ros2-study/chapt4_ws/build/demo_cpp_service -- -j16 -l16
[0.920s] DEBUG:colcon.colcon_core.event_handler.log_command:Invoked command in '/home/llw/git/ros2-study/chapt4_ws/build/demo_cpp_service' returned '0': AMENT_PREFIX_PATH=/home/llw/git/ros2-study/chapt4_ws/install/pkg_interfaces:${AMENT_PREFIX_PATH} CMAKE_PREFIX_PATH=/home/llw/git/ros2-study/chapt4_ws/install/pkg_interfaces:/opt/ros/humble LD_LIBRARY_PATH=/home/llw/git/ros2-study/chapt4_ws/install/pkg_interfaces/lib:${LD_LIBRARY_PATH} PYTHONPATH=/home/llw/git/ros2-study/chapt4_ws/install/pkg_interfaces/local/lib/python3.10/dist-packages:${PYTHONPATH} /usr/bin/cmake --build /home/llw/git/ros2-study/chapt4_ws/build/demo_cpp_service -- -j16 -l16
[0.922s] DEBUG:colcon.colcon_core.event_handler.log_command:Invoking command in '/home/llw/git/ros2-study/chapt4_ws/build/demo_cpp_service': AMENT_PREFIX_PATH=/home/llw/git/ros2-study/chapt4_ws/install/pkg_interfaces:${AMENT_PREFIX_PATH} CMAKE_PREFIX_PATH=/home/llw/git/ros2-study/chapt4_ws/install/pkg_interfaces:/opt/ros/humble LD_LIBRARY_PATH=/home/llw/git/ros2-study/chapt4_ws/install/pkg_interfaces/lib:${LD_LIBRARY_PATH} PYTHONPATH=/home/llw/git/ros2-study/chapt4_ws/install/pkg_interfaces/local/lib/python3.10/dist-packages:${PYTHONPATH} /usr/bin/cmake --install /home/llw/git/ros2-study/chapt4_ws/build/demo_cpp_service
[0.932s] Level 1:colcon.colcon_core.environment:create_environment_scripts_only(demo_cpp_service)
[0.933s] Level 1:colcon.colcon_core.environment:checking '/home/llw/git/ros2-study/chapt4_ws/install/demo_cpp_service' for CMake module files
[0.933s] DEBUG:colcon.colcon_core.event_handler.log_command:Invoked command in '/home/llw/git/ros2-study/chapt4_ws/build/demo_cpp_service' returned '0': AMENT_PREFIX_PATH=/home/llw/git/ros2-study/chapt4_ws/install/pkg_interfaces:${AMENT_PREFIX_PATH} CMAKE_PREFIX_PATH=/home/llw/git/ros2-study/chapt4_ws/install/pkg_interfaces:/opt/ros/humble LD_LIBRARY_PATH=/home/llw/git/ros2-study/chapt4_ws/install/pkg_interfaces/lib:${LD_LIBRARY_PATH} PYTHONPATH=/home/llw/git/ros2-study/chapt4_ws/install/pkg_interfaces/local/lib/python3.10/dist-packages:${PYTHONPATH} /usr/bin/cmake --install /home/llw/git/ros2-study/chapt4_ws/build/demo_cpp_service
[0.933s] Level 1:colcon.colcon_core.environment:checking '/home/llw/git/ros2-study/chapt4_ws/install/demo_cpp_service' for CMake config files
[0.934s] Level 1:colcon.colcon_core.shell:create_environment_hook('demo_cpp_service', 'cmake_prefix_path')
[0.934s] INFO:colcon.colcon_core.shell:Creating environment hook '/home/llw/git/ros2-study/chapt4_ws/install/demo_cpp_service/share/demo_cpp_service/hook/cmake_prefix_path.ps1'
[0.935s] INFO:colcon.colcon_core.shell:Creating environment descriptor '/home/llw/git/ros2-study/chapt4_ws/install/demo_cpp_service/share/demo_cpp_service/hook/cmake_prefix_path.dsv'
[0.935s] INFO:colcon.colcon_core.shell:Creating environment hook '/home/llw/git/ros2-study/chapt4_ws/install/demo_cpp_service/share/demo_cpp_service/hook/cmake_prefix_path.sh'
[0.936s] Level 1:colcon.colcon_core.environment:checking '/home/llw/git/ros2-study/chapt4_ws/install/demo_cpp_service/bin'
[0.936s] Level 1:colcon.colcon_core.environment:checking '/home/llw/git/ros2-study/chapt4_ws/install/demo_cpp_service/lib/pkgconfig/demo_cpp_service.pc'
[0.936s] Level 1:colcon.colcon_core.environment:checking '/home/llw/git/ros2-study/chapt4_ws/install/demo_cpp_service/lib/python3.10/site-packages'
[0.937s] Level 1:colcon.colcon_core.environment:checking '/home/llw/git/ros2-study/chapt4_ws/install/demo_cpp_service/bin'
[0.937s] INFO:colcon.colcon_core.shell:Creating package script '/home/llw/git/ros2-study/chapt4_ws/install/demo_cpp_service/share/demo_cpp_service/package.ps1'
[0.938s] INFO:colcon.colcon_core.shell:Creating package descriptor '/home/llw/git/ros2-study/chapt4_ws/install/demo_cpp_service/share/demo_cpp_service/package.dsv'
[0.938s] INFO:colcon.colcon_core.shell:Creating package script '/home/llw/git/ros2-study/chapt4_ws/install/demo_cpp_service/share/demo_cpp_service/package.sh'
[0.938s] INFO:colcon.colcon_core.shell:Creating package script '/home/llw/git/ros2-study/chapt4_ws/install/demo_cpp_service/share/demo_cpp_service/package.bash'
[0.939s] INFO:colcon.colcon_core.shell:Creating package script '/home/llw/git/ros2-study/chapt4_ws/install/demo_cpp_service/share/demo_cpp_service/package.zsh'
[0.939s] Level 1:colcon.colcon_core.environment:create_file_with_runtime_dependencies(/home/llw/git/ros2-study/chapt4_ws/install/demo_cpp_service/share/colcon-core/packages/demo_cpp_service)
[0.940s] Level 1:colcon.colcon_core.environment:create_environment_scripts_only(demo_cpp_service)
[0.940s] Level 1:colcon.colcon_core.environment:checking '/home/llw/git/ros2-study/chapt4_ws/install/demo_cpp_service' for CMake module files
[0.941s] Level 1:colcon.colcon_core.environment:checking '/home/llw/git/ros2-study/chapt4_ws/install/demo_cpp_service' for CMake config files
[0.941s] Level 1:colcon.colcon_core.shell:create_environment_hook('demo_cpp_service', 'cmake_prefix_path')
[0.941s] INFO:colcon.colcon_core.shell:Creating environment hook '/home/llw/git/ros2-study/chapt4_ws/install/demo_cpp_service/share/demo_cpp_service/hook/cmake_prefix_path.ps1'
[0.942s] INFO:colcon.colcon_core.shell:Creating environment descriptor '/home/llw/git/ros2-study/chapt4_ws/install/demo_cpp_service/share/demo_cpp_service/hook/cmake_prefix_path.dsv'
[0.942s] INFO:colcon.colcon_core.shell:Creating environment hook '/home/llw/git/ros2-study/chapt4_ws/install/demo_cpp_service/share/demo_cpp_service/hook/cmake_prefix_path.sh'
[0.943s] Level 1:colcon.colcon_core.environment:checking '/home/llw/git/ros2-study/chapt4_ws/install/demo_cpp_service/bin'
[0.943s] Level 1:colcon.colcon_core.environment:checking '/home/llw/git/ros2-study/chapt4_ws/install/demo_cpp_service/lib/pkgconfig/demo_cpp_service.pc'
[0.943s] Level 1:colcon.colcon_core.environment:checking '/home/llw/git/ros2-study/chapt4_ws/install/demo_cpp_service/lib/python3.10/site-packages'
[0.944s] Level 1:colcon.colcon_core.environment:checking '/home/llw/git/ros2-study/chapt4_ws/install/demo_cpp_service/bin'
[0.944s] INFO:colcon.colcon_core.shell:Creating package script '/home/llw/git/ros2-study/chapt4_ws/install/demo_cpp_service/share/demo_cpp_service/package.ps1'
[0.945s] INFO:colcon.colcon_core.shell:Creating package descriptor '/home/llw/git/ros2-study/chapt4_ws/install/demo_cpp_service/share/demo_cpp_service/package.dsv'
[0.945s] INFO:colcon.colcon_core.shell:Creating package script '/home/llw/git/ros2-study/chapt4_ws/install/demo_cpp_service/share/demo_cpp_service/package.sh'
[0.946s] INFO:colcon.colcon_core.shell:Creating package script '/home/llw/git/ros2-study/chapt4_ws/install/demo_cpp_service/share/demo_cpp_service/package.bash'
[0.946s] INFO:colcon.colcon_core.shell:Creating package script '/home/llw/git/ros2-study/chapt4_ws/install/demo_cpp_service/share/demo_cpp_service/package.zsh'
[0.947s] Level 1:colcon.colcon_core.environment:create_file_with_runtime_dependencies(/home/llw/git/ros2-study/chapt4_ws/install/demo_cpp_service/share/colcon-core/packages/demo_cpp_service)
[0.947s] DEBUG:colcon.colcon_parallel_executor.executor.parallel:closing loop
[0.948s] DEBUG:colcon.colcon_parallel_executor.executor.parallel:loop closed
[0.948s] DEBUG:colcon.colcon_parallel_executor.executor.parallel:run_until_complete finished with '0'
[0.948s] DEBUG:colcon.colcon_core.event_reactor:joining thread
[0.954s] INFO:colcon.colcon_core.plugin_system:Skipping extension 'colcon_notification.desktop_notification.terminal_notifier': Not used on non-Darwin systems
[0.954s] INFO:colcon.colcon_core.plugin_system:Skipping extension 'colcon_notification.desktop_notification.win32': Not used on non-Windows systems
[0.954s] INFO:colcon.colcon_notification.desktop_notification:Sending desktop notification using 'notify2'
