[0.011s] Invoking command in '/home/llw/git/ros2-study/chapt4_ws/build/demo_cpp_service': CMAKE_PREFIX_PATH=${CMAKE_PREFIX_PATH}:/opt/ros/humble /usr/bin/cmake /home/llw/git/ros2-study/chapt4_ws/src/demo_cpp_service -DCMAKE_INSTALL_PREFIX=/home/llw/git/ros2-study/chapt4_ws/install/demo_cpp_service
[0.074s] -- The C compiler identification is GNU 11.4.0
[0.139s] -- The CXX compiler identification is GNU 11.4.0
[0.147s] -- Detecting C compiler ABI info
[0.228s] -- Detecting C compiler ABI info - done
[0.236s] -- Check for working C compiler: /usr/bin/cc - skipped
[0.237s] -- Detecting C compile features
[0.237s] -- Detecting C compile features - done
[0.240s] -- Detecting CXX compiler ABI info
[0.332s] -- Detecting CXX compiler ABI info - done
[0.341s] -- Check for working CXX compiler: /usr/bin/c++ - skipped
[0.341s] -- Detecting CXX compile features
[0.342s] -- Detecting CXX compile features - done
[0.345s] -- Found ament_cmake: 1.3.10 (/opt/ros/humble/share/ament_cmake/cmake)
[0.516s] -- Found Python3: /usr/bin/python3 (found version "3.10.12") found components: Interpreter 
[0.619s] -- Found pkg_interfaces: 0.0.0 (/home/llw/git/ros2-study/chapt4_ws/install/pkg_interfaces/share/pkg_interfaces/cmake)
[0.662s] -- Found rosidl_generator_c: 3.1.5 (/opt/ros/humble/share/rosidl_generator_c/cmake)
[0.668s] -- Found rosidl_adapter: 3.1.5 (/opt/ros/humble/share/rosidl_adapter/cmake)
[0.678s] -- Found rosidl_generator_cpp: 3.1.5 (/opt/ros/humble/share/rosidl_generator_cpp/cmake)
[0.694s] -- Using all available rosidl_typesupport_c: rosidl_typesupport_fastrtps_c;rosidl_typesupport_introspection_c
[0.713s] -- Using all available rosidl_typesupport_cpp: rosidl_typesupport_fastrtps_cpp;rosidl_typesupport_introspection_cpp
[0.800s] -- Found rclcpp: 16.0.10 (/opt/ros/humble/share/rclcpp/cmake)
[0.847s] -- Found rmw_implementation_cmake: 6.1.2 (/opt/ros/humble/share/rmw_implementation_cmake/cmake)
[0.850s] -- Found rmw_fastrtps_cpp: 6.2.7 (/opt/ros/humble/share/rmw_fastrtps_cpp/cmake)
[0.946s] -- Found OpenSSL: /usr/lib/x86_64-linux-gnu/libcrypto.so (found version "3.0.2")  
[0.973s] -- Found FastRTPS: /opt/ros/humble/include  
[1.016s] -- Using RMW implementation 'rmw_fastrtps_cpp' as default
[1.026s] -- Looking for pthread.h
[1.112s] -- Looking for pthread.h - found
[1.112s] -- Performing Test CMAKE_HAVE_LIBC_PTHREAD
[1.199s] -- Performing Test CMAKE_HAVE_LIBC_PTHREAD - Success
[1.200s] -- Found Threads: TRUE  
[1.246s] -- Found turtlesim: 1.4.2 (/opt/ros/humble/share/turtlesim/cmake)
[1.292s] -- Found ament_lint_auto: 0.12.11 (/opt/ros/humble/share/ament_lint_auto/cmake)
[1.383s] -- Added test 'cppcheck' to perform static code analysis on C / C++ code
[1.383s] -- Configured cppcheck include dirs: 
[1.383s] -- Configured cppcheck exclude dirs and/or files: 
[1.384s] -- Added test 'lint_cmake' to check CMake code style
[1.385s] -- Added test 'uncrustify' to check C / C++ code style
[1.385s] -- Configured uncrustify additional arguments: 
[1.386s] -- Added test 'xmllint' to check XML markup files
[1.388s] -- Configuring done
[1.394s] -- Generating done
[1.397s] -- Build files have been written to: /home/llw/git/ros2-study/chapt4_ws/build/demo_cpp_service
[1.409s] Invoked command in '/home/llw/git/ros2-study/chapt4_ws/build/demo_cpp_service' returned '0': CMAKE_PREFIX_PATH=${CMAKE_PREFIX_PATH}:/opt/ros/humble /usr/bin/cmake /home/llw/git/ros2-study/chapt4_ws/src/demo_cpp_service -DCMAKE_INSTALL_PREFIX=/home/llw/git/ros2-study/chapt4_ws/install/demo_cpp_service
[1.411s] Invoking command in '/home/llw/git/ros2-study/chapt4_ws/build/demo_cpp_service': CMAKE_PREFIX_PATH=${CMAKE_PREFIX_PATH}:/opt/ros/humble /usr/bin/cmake --build /home/llw/git/ros2-study/chapt4_ws/build/demo_cpp_service -- -j16 -l16
[1.455s] Invoked command in '/home/llw/git/ros2-study/chapt4_ws/build/demo_cpp_service' returned '0': CMAKE_PREFIX_PATH=${CMAKE_PREFIX_PATH}:/opt/ros/humble /usr/bin/cmake --build /home/llw/git/ros2-study/chapt4_ws/build/demo_cpp_service -- -j16 -l16
[1.458s] Invoking command in '/home/llw/git/ros2-study/chapt4_ws/build/demo_cpp_service': CMAKE_PREFIX_PATH=${CMAKE_PREFIX_PATH}:/opt/ros/humble /usr/bin/cmake --install /home/llw/git/ros2-study/chapt4_ws/build/demo_cpp_service
[1.465s] -- Install configuration: ""
[1.465s] -- Installing: /home/llw/git/ros2-study/chapt4_ws/install/demo_cpp_service/share/ament_index/resource_index/package_run_dependencies/demo_cpp_service
[1.465s] -- Installing: /home/llw/git/ros2-study/chapt4_ws/install/demo_cpp_service/share/ament_index/resource_index/parent_prefix_path/demo_cpp_service
[1.465s] -- Installing: /home/llw/git/ros2-study/chapt4_ws/install/demo_cpp_service/share/demo_cpp_service/environment/ament_prefix_path.sh
[1.466s] -- Installing: /home/llw/git/ros2-study/chapt4_ws/install/demo_cpp_service/share/demo_cpp_service/environment/ament_prefix_path.dsv
[1.466s] -- Installing: /home/llw/git/ros2-study/chapt4_ws/install/demo_cpp_service/share/demo_cpp_service/environment/path.sh
[1.466s] -- Installing: /home/llw/git/ros2-study/chapt4_ws/install/demo_cpp_service/share/demo_cpp_service/environment/path.dsv
[1.466s] -- Installing: /home/llw/git/ros2-study/chapt4_ws/install/demo_cpp_service/share/demo_cpp_service/local_setup.bash
[1.466s] -- Installing: /home/llw/git/ros2-study/chapt4_ws/install/demo_cpp_service/share/demo_cpp_service/local_setup.sh
[1.466s] -- Installing: /home/llw/git/ros2-study/chapt4_ws/install/demo_cpp_service/share/demo_cpp_service/local_setup.zsh
[1.466s] -- Installing: /home/llw/git/ros2-study/chapt4_ws/install/demo_cpp_service/share/demo_cpp_service/local_setup.dsv
[1.467s] -- Installing: /home/llw/git/ros2-study/chapt4_ws/install/demo_cpp_service/share/demo_cpp_service/package.dsv
[1.467s] -- Installing: /home/llw/git/ros2-study/chapt4_ws/install/demo_cpp_service/share/ament_index/resource_index/packages/demo_cpp_service
[1.467s] -- Installing: /home/llw/git/ros2-study/chapt4_ws/install/demo_cpp_service/share/demo_cpp_service/cmake/demo_cpp_serviceConfig.cmake
[1.467s] -- Installing: /home/llw/git/ros2-study/chapt4_ws/install/demo_cpp_service/share/demo_cpp_service/cmake/demo_cpp_serviceConfig-version.cmake
[1.467s] -- Installing: /home/llw/git/ros2-study/chapt4_ws/install/demo_cpp_service/share/demo_cpp_service/package.xml
[1.469s] Invoked command in '/home/llw/git/ros2-study/chapt4_ws/build/demo_cpp_service' returned '0': CMAKE_PREFIX_PATH=${CMAKE_PREFIX_PATH}:/opt/ros/humble /usr/bin/cmake --install /home/llw/git/ros2-study/chapt4_ws/build/demo_cpp_service
