[0.012s] Invoking command in '/home/llw/git/ros2-study/chapt2/chapt3_ws/build/pkg_cpp': CMAKE_PREFIX_PATH=${CMAKE_PREFIX_PATH}:/opt/ros/humble /usr/bin/cmake --build /home/llw/git/ros2-study/chapt2/chapt3_ws/build/pkg_cpp -- -j16 -l16
[0.039s] -- Found ament_cmake: 1.3.10 (/opt/ros/humble/share/ament_cmake/cmake)
[0.173s] -- Found rclcpp: 16.0.10 (/opt/ros/humble/share/rclcpp/cmake)
[0.203s] -- Found rosidl_generator_c: 3.1.5 (/opt/ros/humble/share/rosidl_generator_c/cmake)
[0.206s] -- Found rosidl_adapter: 3.1.5 (/opt/ros/humble/share/rosidl_adapter/cmake)
[0.212s] -- Found rosidl_generator_cpp: 3.1.5 (/opt/ros/humble/share/rosidl_generator_cpp/cmake)
[0.223s] -- Using all available rosidl_typesupport_c: rosidl_typesupport_fastrtps_c;rosidl_typesupport_introspection_c
[0.237s] -- Using all available rosidl_typesupport_cpp: rosidl_typesupport_fastrtps_cpp;rosidl_typesupport_introspection_cpp
[0.274s] -- Found rmw_implementation_cmake: 6.1.2 (/opt/ros/humble/share/rmw_implementation_cmake/cmake)
[0.275s] -- Found rmw_fastrtps_cpp: 6.2.7 (/opt/ros/humble/share/rmw_fastrtps_cpp/cmake)
[0.377s] -- Using RMW implementation 'rmw_fastrtps_cpp' as default
[0.432s] -- Found ament_lint_auto: 0.12.11 (/opt/ros/humble/share/ament_lint_auto/cmake)
[0.507s] -- Added test 'cppcheck' to perform static code analysis on C / C++ code
[0.507s] -- Configured cppcheck include dirs: 
[0.507s] -- Configured cppcheck exclude dirs and/or files: 
[0.508s] -- Added test 'lint_cmake' to check CMake code style
[0.509s] -- Added test 'uncrustify' to check C / C++ code style
[0.509s] -- Configured uncrustify additional arguments: 
[0.509s] -- Added test 'xmllint' to check XML markup files
[0.510s] -- Configuring done
[0.521s] -- Generating done
[0.525s] -- Build files have been written to: /home/llw/git/ros2-study/chapt2/chapt3_ws/build/pkg_cpp
[0.555s] [35m[1mConsolidate compiler generated dependencies of target person_node[0m
[0.566s] [ 25%] [32mBuilding CXX object CMakeFiles/test_auto.dir/src/test_auto.cpp.o[0m
[0.576s] [ 50%] [32mBuilding CXX object CMakeFiles/person_node.dir/src/person_node.cpp.o[0m
[0.817s] [ 75%] [32m[1mLinking CXX executable test_auto[0m
[0.901s] [ 75%] Built target test_auto
[3.942s] [100%] [32m[1mLinking CXX executable person_node[0m
[4.063s] [100%] Built target person_node
[4.075s] Invoked command in '/home/llw/git/ros2-study/chapt2/chapt3_ws/build/pkg_cpp' returned '0': CMAKE_PREFIX_PATH=${CMAKE_PREFIX_PATH}:/opt/ros/humble /usr/bin/cmake --build /home/llw/git/ros2-study/chapt2/chapt3_ws/build/pkg_cpp -- -j16 -l16
[4.085s] Invoking command in '/home/llw/git/ros2-study/chapt2/chapt3_ws/build/pkg_cpp': CMAKE_PREFIX_PATH=${CMAKE_PREFIX_PATH}:/opt/ros/humble /usr/bin/cmake --install /home/llw/git/ros2-study/chapt2/chapt3_ws/build/pkg_cpp
[4.093s] -- Install configuration: ""
[4.093s] -- Installing: /home/llw/git/ros2-study/chapt2/chapt3_ws/install/pkg_cpp/lib/pkg_cpp/person_node
[4.094s] -- Set runtime path of "/home/llw/git/ros2-study/chapt2/chapt3_ws/install/pkg_cpp/lib/pkg_cpp/person_node" to ""
[4.094s] -- Installing: /home/llw/git/ros2-study/chapt2/chapt3_ws/install/pkg_cpp/lib/pkg_cpp/test_auto
[4.094s] -- Up-to-date: /home/llw/git/ros2-study/chapt2/chapt3_ws/install/pkg_cpp/share/ament_index/resource_index/package_run_dependencies/pkg_cpp
[4.094s] -- Installing: /home/llw/git/ros2-study/chapt2/chapt3_ws/install/pkg_cpp/share/ament_index/resource_index/parent_prefix_path/pkg_cpp
[4.094s] -- Up-to-date: /home/llw/git/ros2-study/chapt2/chapt3_ws/install/pkg_cpp/share/pkg_cpp/environment/ament_prefix_path.sh
[4.094s] -- Installing: /home/llw/git/ros2-study/chapt2/chapt3_ws/install/pkg_cpp/share/pkg_cpp/environment/ament_prefix_path.dsv
[4.094s] -- Up-to-date: /home/llw/git/ros2-study/chapt2/chapt3_ws/install/pkg_cpp/share/pkg_cpp/environment/path.sh
[4.095s] -- Installing: /home/llw/git/ros2-study/chapt2/chapt3_ws/install/pkg_cpp/share/pkg_cpp/environment/path.dsv
[4.095s] -- Up-to-date: /home/llw/git/ros2-study/chapt2/chapt3_ws/install/pkg_cpp/share/pkg_cpp/local_setup.bash
[4.095s] -- Up-to-date: /home/llw/git/ros2-study/chapt2/chapt3_ws/install/pkg_cpp/share/pkg_cpp/local_setup.sh
[4.095s] -- Up-to-date: /home/llw/git/ros2-study/chapt2/chapt3_ws/install/pkg_cpp/share/pkg_cpp/local_setup.zsh
[4.095s] -- Installing: /home/llw/git/ros2-study/chapt2/chapt3_ws/install/pkg_cpp/share/pkg_cpp/local_setup.dsv
[4.095s] -- Installing: /home/llw/git/ros2-study/chapt2/chapt3_ws/install/pkg_cpp/share/pkg_cpp/package.dsv
[4.095s] -- Up-to-date: /home/llw/git/ros2-study/chapt2/chapt3_ws/install/pkg_cpp/share/ament_index/resource_index/packages/pkg_cpp
[4.095s] -- Up-to-date: /home/llw/git/ros2-study/chapt2/chapt3_ws/install/pkg_cpp/share/pkg_cpp/cmake/pkg_cppConfig.cmake
[4.095s] -- Up-to-date: /home/llw/git/ros2-study/chapt2/chapt3_ws/install/pkg_cpp/share/pkg_cpp/cmake/pkg_cppConfig-version.cmake
[4.095s] -- Up-to-date: /home/llw/git/ros2-study/chapt2/chapt3_ws/install/pkg_cpp/share/pkg_cpp/package.xml
[4.097s] Invoked command in '/home/llw/git/ros2-study/chapt2/chapt3_ws/build/pkg_cpp' returned '0': CMAKE_PREFIX_PATH=${CMAKE_PREFIX_PATH}:/opt/ros/humble /usr/bin/cmake --install /home/llw/git/ros2-study/chapt2/chapt3_ws/build/pkg_cpp
