[0.012s] Invoking command in '/home/llw/git/ros2-study/chapt4_ws/build/pkg_interfaces': CMAKE_PREFIX_PATH=/opt/ros/humble /usr/bin/cmake --build /home/llw/git/ros2-study/chapt4_ws/build/pkg_interfaces -- -j16 -l16
[0.056s] [35m[1mConsolidate compiler generated dependencies of target pkg_interfaces__rosidl_generator_c[0m
[0.066s] [  2%] Built target pkg_interfaces__cpp
[0.069s] [ 12%] Built target pkg_interfaces__rosidl_generator_c
[0.073s] [ 12%] Built target ament_cmake_python_symlink_pkg_interfaces
[0.078s] [35m[1mConsolidate compiler generated dependencies of target pkg_interfaces__rosidl_typesupport_cpp[0m
[0.079s] [35m[1mConsolidate compiler generated dependencies of target pkg_interfaces__rosidl_typesupport_introspection_cpp[0m
[0.080s] [35m[1mConsolidate compiler generated dependencies of target pkg_interfaces__rosidl_typesupport_fastrtps_cpp[0m
[0.081s] [35m[1mConsolidate compiler generated dependencies of target pkg_interfaces__rosidl_typesupport_c[0m
[0.081s] [35m[1mConsolidate compiler generated dependencies of target pkg_interfaces__rosidl_typesupport_introspection_c[0m
[0.082s] [35m[1mConsolidate compiler generated dependencies of target pkg_interfaces__rosidl_typesupport_fastrtps_c[0m
[0.093s] [ 23%] Built target pkg_interfaces__rosidl_typesupport_cpp
[0.094s] [ 33%] Built target pkg_interfaces__rosidl_typesupport_c
[0.095s] [ 43%] Built target pkg_interfaces__rosidl_typesupport_introspection_c
[0.096s] [ 53%] Built target pkg_interfaces__rosidl_typesupport_introspection_cpp
[0.098s] [ 64%] Built target pkg_interfaces__rosidl_typesupport_fastrtps_cpp
[0.099s] [ 74%] Built target pkg_interfaces__rosidl_typesupport_fastrtps_c
[0.120s] [ 74%] Built target pkg_interfaces
[0.142s] [ 76%] Built target pkg_interfaces__py
[0.154s] [35m[1mConsolidate compiler generated dependencies of target pkg_interfaces__rosidl_generator_py[0m
[0.170s] [ 84%] Built target pkg_interfaces__rosidl_generator_py
[0.181s] [35m[1mConsolidate compiler generated dependencies of target pkg_interfaces__rosidl_typesupport_fastrtps_c__pyext[0m
[0.182s] [35m[1mConsolidate compiler generated dependencies of target pkg_interfaces__rosidl_typesupport_c__pyext[0m
[0.184s] [35m[1mConsolidate compiler generated dependencies of target pkg_interfaces__rosidl_typesupport_introspection_c__pyext[0m
[0.196s] [ 89%] Built target pkg_interfaces__rosidl_typesupport_fastrtps_c__pyext
[0.197s] [ 94%] Built target pkg_interfaces__rosidl_typesupport_c__pyext
[0.199s] [100%] Built target pkg_interfaces__rosidl_typesupport_introspection_c__pyext
[0.318s] running egg_info
[0.319s] writing pkg_interfaces.egg-info/PKG-INFO
[0.319s] writing dependency_links to pkg_interfaces.egg-info/dependency_links.txt
[0.319s] writing top-level names to pkg_interfaces.egg-info/top_level.txt
[0.322s] reading manifest file 'pkg_interfaces.egg-info/SOURCES.txt'
[0.322s] writing manifest file 'pkg_interfaces.egg-info/SOURCES.txt'
[0.353s] [100%] Built target ament_cmake_python_build_pkg_interfaces_egg
[0.368s] Invoked command in '/home/llw/git/ros2-study/chapt4_ws/build/pkg_interfaces' returned '0': CMAKE_PREFIX_PATH=/opt/ros/humble /usr/bin/cmake --build /home/llw/git/ros2-study/chapt4_ws/build/pkg_interfaces -- -j16 -l16
[0.378s] Invoking command in '/home/llw/git/ros2-study/chapt4_ws/build/pkg_interfaces': CMAKE_PREFIX_PATH=/opt/ros/humble /usr/bin/cmake --install /home/llw/git/ros2-study/chapt4_ws/build/pkg_interfaces
[0.386s] -- Install configuration: ""
[0.386s] -- Execute custom install script
[0.386s] -- Up-to-date symlink: /home/llw/git/ros2-study/chapt4_ws/install/pkg_interfaces/share/ament_index/resource_index/rosidl_interfaces/pkg_interfaces
[0.387s] -- Up-to-date symlink: /home/llw/git/ros2-study/chapt4_ws/install/pkg_interfaces/include/pkg_interfaces/pkg_interfaces/msg/rosidl_generator_c__visibility_control.h
[0.387s] -- Up-to-date symlink: /home/llw/git/ros2-study/chapt4_ws/install/pkg_interfaces/include/pkg_interfaces/pkg_interfaces/srv/detail/face_detector__functions.h
[0.387s] -- Up-to-date symlink: /home/llw/git/ros2-study/chapt4_ws/install/pkg_interfaces/include/pkg_interfaces/pkg_interfaces/srv/detail/face_detector__struct.h
[0.387s] -- Up-to-date symlink: /home/llw/git/ros2-study/chapt4_ws/install/pkg_interfaces/include/pkg_interfaces/pkg_interfaces/srv/detail/face_detector__type_support.h
[0.387s] -- Up-to-date symlink: /home/llw/git/ros2-study/chapt4_ws/install/pkg_interfaces/include/pkg_interfaces/pkg_interfaces/srv/detail/partol__functions.h
[0.388s] -- Up-to-date symlink: /home/llw/git/ros2-study/chapt4_ws/install/pkg_interfaces/include/pkg_interfaces/pkg_interfaces/srv/detail/partol__struct.h
[0.388s] -- Up-to-date symlink: /home/llw/git/ros2-study/chapt4_ws/install/pkg_interfaces/include/pkg_interfaces/pkg_interfaces/srv/detail/partol__type_support.h
[0.388s] -- Up-to-date symlink: /home/llw/git/ros2-study/chapt4_ws/install/pkg_interfaces/include/pkg_interfaces/pkg_interfaces/srv/face_detector.h
[0.388s] -- Up-to-date symlink: /home/llw/git/ros2-study/chapt4_ws/install/pkg_interfaces/include/pkg_interfaces/pkg_interfaces/srv/partol.h
[0.388s] -- Up-to-date symlink: /home/llw/git/ros2-study/chapt4_ws/install/pkg_interfaces/share/pkg_interfaces/environment/library_path.sh
[0.388s] -- Up-to-date symlink: /home/llw/git/ros2-study/chapt4_ws/install/pkg_interfaces/share/pkg_interfaces/environment/library_path.dsv
[0.389s] -- Up-to-date symlink: /home/llw/git/ros2-study/chapt4_ws/install/pkg_interfaces/include/pkg_interfaces/pkg_interfaces/msg/rosidl_typesupport_fastrtps_c__visibility_control.h
[0.389s] -- Up-to-date symlink: /home/llw/git/ros2-study/chapt4_ws/install/pkg_interfaces/include/pkg_interfaces/pkg_interfaces/srv/detail/face_detector__rosidl_typesupport_fastrtps_c.h
[0.389s] -- Up-to-date symlink: /home/llw/git/ros2-study/chapt4_ws/install/pkg_interfaces/include/pkg_interfaces/pkg_interfaces/srv/detail/partol__rosidl_typesupport_fastrtps_c.h
[0.390s] -- Up-to-date symlink: /home/llw/git/ros2-study/chapt4_ws/install/pkg_interfaces/include/pkg_interfaces/pkg_interfaces/srv/detail/face_detector__builder.hpp
[0.390s] -- Up-to-date symlink: /home/llw/git/ros2-study/chapt4_ws/install/pkg_interfaces/include/pkg_interfaces/pkg_interfaces/srv/detail/face_detector__struct.hpp
[0.390s] -- Up-to-date symlink: /home/llw/git/ros2-study/chapt4_ws/install/pkg_interfaces/include/pkg_interfaces/pkg_interfaces/srv/detail/face_detector__traits.hpp
[0.390s] -- Up-to-date symlink: /home/llw/git/ros2-study/chapt4_ws/install/pkg_interfaces/include/pkg_interfaces/pkg_interfaces/srv/detail/partol__builder.hpp
[0.390s] -- Up-to-date symlink: /home/llw/git/ros2-study/chapt4_ws/install/pkg_interfaces/include/pkg_interfaces/pkg_interfaces/srv/detail/partol__struct.hpp
[0.391s] -- Up-to-date symlink: /home/llw/git/ros2-study/chapt4_ws/install/pkg_interfaces/include/pkg_interfaces/pkg_interfaces/srv/detail/partol__traits.hpp
[0.391s] -- Up-to-date symlink: /home/llw/git/ros2-study/chapt4_ws/install/pkg_interfaces/include/pkg_interfaces/pkg_interfaces/srv/face_detector.hpp
[0.391s] -- Up-to-date symlink: /home/llw/git/ros2-study/chapt4_ws/install/pkg_interfaces/include/pkg_interfaces/pkg_interfaces/srv/partol.hpp
[0.391s] -- Up-to-date symlink: /home/llw/git/ros2-study/chapt4_ws/install/pkg_interfaces/include/pkg_interfaces/pkg_interfaces/msg/rosidl_typesupport_fastrtps_cpp__visibility_control.h
[0.391s] -- Up-to-date symlink: /home/llw/git/ros2-study/chapt4_ws/install/pkg_interfaces/include/pkg_interfaces/pkg_interfaces/srv/detail/face_detector__rosidl_typesupport_fastrtps_cpp.hpp
[0.392s] -- Up-to-date symlink: /home/llw/git/ros2-study/chapt4_ws/install/pkg_interfaces/include/pkg_interfaces/pkg_interfaces/srv/detail/partol__rosidl_typesupport_fastrtps_cpp.hpp
[0.392s] -- Up-to-date symlink: /home/llw/git/ros2-study/chapt4_ws/install/pkg_interfaces/include/pkg_interfaces/pkg_interfaces/msg/rosidl_typesupport_introspection_c__visibility_control.h
[0.392s] -- Up-to-date symlink: /home/llw/git/ros2-study/chapt4_ws/install/pkg_interfaces/include/pkg_interfaces/pkg_interfaces/srv/detail/face_detector__rosidl_typesupport_introspection_c.h
[0.392s] -- Up-to-date symlink: /home/llw/git/ros2-study/chapt4_ws/install/pkg_interfaces/include/pkg_interfaces/pkg_interfaces/srv/detail/partol__rosidl_typesupport_introspection_c.h
[0.393s] -- Up-to-date symlink: /home/llw/git/ros2-study/chapt4_ws/install/pkg_interfaces/include/pkg_interfaces/pkg_interfaces/srv/detail/face_detector__rosidl_typesupport_introspection_cpp.hpp
[0.393s] -- Up-to-date symlink: /home/llw/git/ros2-study/chapt4_ws/install/pkg_interfaces/include/pkg_interfaces/pkg_interfaces/srv/detail/partol__rosidl_typesupport_introspection_cpp.hpp
[0.393s] -- Up-to-date symlink: /home/llw/git/ros2-study/chapt4_ws/install/pkg_interfaces/share/pkg_interfaces/environment/pythonpath.sh
[0.393s] -- Up-to-date symlink: /home/llw/git/ros2-study/chapt4_ws/install/pkg_interfaces/share/pkg_interfaces/environment/pythonpath.dsv
[0.394s] -- Up-to-date symlink: /home/llw/git/ros2-study/chapt4_ws/install/pkg_interfaces/local/lib/python3.10/dist-packages/pkg_interfaces-0.0.0-py3.10.egg-info/PKG-INFO
[0.394s] -- Up-to-date symlink: /home/llw/git/ros2-study/chapt4_ws/install/pkg_interfaces/local/lib/python3.10/dist-packages/pkg_interfaces-0.0.0-py3.10.egg-info/SOURCES.txt
[0.394s] -- Up-to-date symlink: /home/llw/git/ros2-study/chapt4_ws/install/pkg_interfaces/local/lib/python3.10/dist-packages/pkg_interfaces-0.0.0-py3.10.egg-info/dependency_links.txt
[0.394s] -- Up-to-date symlink: /home/llw/git/ros2-study/chapt4_ws/install/pkg_interfaces/local/lib/python3.10/dist-packages/pkg_interfaces-0.0.0-py3.10.egg-info/top_level.txt
[0.395s] -- Up-to-date symlink: /home/llw/git/ros2-study/chapt4_ws/install/pkg_interfaces/local/lib/python3.10/dist-packages/pkg_interfaces/__init__.py
[0.395s] -- Up-to-date symlink: /home/llw/git/ros2-study/chapt4_ws/install/pkg_interfaces/local/lib/python3.10/dist-packages/pkg_interfaces/_pkg_interfaces_s.ep.rosidl_typesupport_c.c
[0.395s] -- Up-to-date symlink: /home/llw/git/ros2-study/chapt4_ws/install/pkg_interfaces/local/lib/python3.10/dist-packages/pkg_interfaces/_pkg_interfaces_s.ep.rosidl_typesupport_fastrtps_c.c
[0.395s] -- Up-to-date symlink: /home/llw/git/ros2-study/chapt4_ws/install/pkg_interfaces/local/lib/python3.10/dist-packages/pkg_interfaces/_pkg_interfaces_s.ep.rosidl_typesupport_introspection_c.c
[0.395s] -- Up-to-date symlink: /home/llw/git/ros2-study/chapt4_ws/install/pkg_interfaces/local/lib/python3.10/dist-packages/pkg_interfaces/libpkg_interfaces__rosidl_generator_py.so
[0.395s] -- Up-to-date symlink: /home/llw/git/ros2-study/chapt4_ws/install/pkg_interfaces/local/lib/python3.10/dist-packages/pkg_interfaces/pkg_interfaces_s__rosidl_typesupport_c.cpython-310-x86_64-linux-gnu.so
[0.395s] -- Up-to-date symlink: /home/llw/git/ros2-study/chapt4_ws/install/pkg_interfaces/local/lib/python3.10/dist-packages/pkg_interfaces/pkg_interfaces_s__rosidl_typesupport_fastrtps_c.cpython-310-x86_64-linux-gnu.so
[0.396s] -- Up-to-date symlink: /home/llw/git/ros2-study/chapt4_ws/install/pkg_interfaces/local/lib/python3.10/dist-packages/pkg_interfaces/pkg_interfaces_s__rosidl_typesupport_introspection_c.cpython-310-x86_64-linux-gnu.so
[0.396s] -- Up-to-date symlink: /home/llw/git/ros2-study/chapt4_ws/install/pkg_interfaces/local/lib/python3.10/dist-packages/pkg_interfaces/srv/__init__.py
[0.396s] -- Up-to-date symlink: /home/llw/git/ros2-study/chapt4_ws/install/pkg_interfaces/local/lib/python3.10/dist-packages/pkg_interfaces/srv/_face_detector.py
[0.396s] -- Up-to-date symlink: /home/llw/git/ros2-study/chapt4_ws/install/pkg_interfaces/local/lib/python3.10/dist-packages/pkg_interfaces/srv/_face_detector_s.c
[0.396s] -- Up-to-date symlink: /home/llw/git/ros2-study/chapt4_ws/install/pkg_interfaces/local/lib/python3.10/dist-packages/pkg_interfaces/srv/_partol.py
[0.396s] -- Up-to-date symlink: /home/llw/git/ros2-study/chapt4_ws/install/pkg_interfaces/local/lib/python3.10/dist-packages/pkg_interfaces/srv/_partol_s.c
[0.397s] -- Up-to-date symlink: /home/llw/git/ros2-study/chapt4_ws/install/pkg_interfaces/local/lib/python3.10/dist-packages/pkg_interfaces/pkg_interfaces_s__rosidl_typesupport_fastrtps_c.cpython-310-x86_64-linux-gnu.so
[0.397s] -- Up-to-date symlink: /home/llw/git/ros2-study/chapt4_ws/install/pkg_interfaces/local/lib/python3.10/dist-packages/pkg_interfaces/pkg_interfaces_s__rosidl_typesupport_introspection_c.cpython-310-x86_64-linux-gnu.so
[0.397s] -- Up-to-date symlink: /home/llw/git/ros2-study/chapt4_ws/install/pkg_interfaces/local/lib/python3.10/dist-packages/pkg_interfaces/pkg_interfaces_s__rosidl_typesupport_c.cpython-310-x86_64-linux-gnu.so
[0.397s] -- Up-to-date symlink: /home/llw/git/ros2-study/chapt4_ws/install/pkg_interfaces/share/pkg_interfaces/srv/FaceDetector.idl
[0.398s] -- Up-to-date symlink: /home/llw/git/ros2-study/chapt4_ws/install/pkg_interfaces/share/pkg_interfaces/srv/Partol.idl
[0.398s] -- Up-to-date symlink: /home/llw/git/ros2-study/chapt4_ws/install/pkg_interfaces/share/pkg_interfaces/srv/FaceDetector.srv
[0.398s] -- Up-to-date symlink: /home/llw/git/ros2-study/chapt4_ws/install/pkg_interfaces/share/pkg_interfaces/srv/FaceDetector_Request.msg
[0.398s] -- Up-to-date symlink: /home/llw/git/ros2-study/chapt4_ws/install/pkg_interfaces/share/pkg_interfaces/srv/FaceDetector_Response.msg
[0.398s] -- Up-to-date symlink: /home/llw/git/ros2-study/chapt4_ws/install/pkg_interfaces/share/pkg_interfaces/srv/Partol.srv
[0.398s] -- Up-to-date symlink: /home/llw/git/ros2-study/chapt4_ws/install/pkg_interfaces/share/pkg_interfaces/srv/Partol_Request.msg
[0.399s] -- Up-to-date symlink: /home/llw/git/ros2-study/chapt4_ws/install/pkg_interfaces/share/pkg_interfaces/srv/Partol_Response.msg
[0.399s] -- Up-to-date symlink: /home/llw/git/ros2-study/chapt4_ws/install/pkg_interfaces/share/ament_index/resource_index/package_run_dependencies/pkg_interfaces
[0.399s] -- Up-to-date symlink: /home/llw/git/ros2-study/chapt4_ws/install/pkg_interfaces/share/ament_index/resource_index/parent_prefix_path/pkg_interfaces
[0.399s] -- Up-to-date symlink: /home/llw/git/ros2-study/chapt4_ws/install/pkg_interfaces/share/pkg_interfaces/environment/ament_prefix_path.sh
[0.399s] -- Up-to-date symlink: /home/llw/git/ros2-study/chapt4_ws/install/pkg_interfaces/share/pkg_interfaces/environment/ament_prefix_path.dsv
[0.400s] -- Up-to-date symlink: /home/llw/git/ros2-study/chapt4_ws/install/pkg_interfaces/share/pkg_interfaces/environment/path.sh
[0.400s] -- Up-to-date symlink: /home/llw/git/ros2-study/chapt4_ws/install/pkg_interfaces/share/pkg_interfaces/environment/path.dsv
[0.400s] -- Up-to-date symlink: /home/llw/git/ros2-study/chapt4_ws/install/pkg_interfaces/share/pkg_interfaces/local_setup.bash
[0.400s] -- Up-to-date symlink: /home/llw/git/ros2-study/chapt4_ws/install/pkg_interfaces/share/pkg_interfaces/local_setup.sh
[0.400s] -- Up-to-date symlink: /home/llw/git/ros2-study/chapt4_ws/install/pkg_interfaces/share/pkg_interfaces/local_setup.zsh
[0.400s] -- Up-to-date symlink: /home/llw/git/ros2-study/chapt4_ws/install/pkg_interfaces/share/pkg_interfaces/local_setup.dsv
[0.401s] -- Symlinking: /home/llw/git/ros2-study/chapt4_ws/install/pkg_interfaces/share/pkg_interfaces/package.dsv
[0.411s] -- Up-to-date symlink: /home/llw/git/ros2-study/chapt4_ws/install/pkg_interfaces/share/ament_index/resource_index/packages/pkg_interfaces
[0.411s] -- Up-to-date symlink: /home/llw/git/ros2-study/chapt4_ws/install/pkg_interfaces/share/pkg_interfaces/cmake/rosidl_cmake-extras.cmake
[0.411s] -- Up-to-date symlink: /home/llw/git/ros2-study/chapt4_ws/install/pkg_interfaces/share/pkg_interfaces/cmake/ament_cmake_export_dependencies-extras.cmake
[0.411s] -- Up-to-date symlink: /home/llw/git/ros2-study/chapt4_ws/install/pkg_interfaces/share/pkg_interfaces/cmake/ament_cmake_export_include_directories-extras.cmake
[0.412s] -- Up-to-date symlink: /home/llw/git/ros2-study/chapt4_ws/install/pkg_interfaces/share/pkg_interfaces/cmake/ament_cmake_export_libraries-extras.cmake
[0.412s] -- Up-to-date symlink: /home/llw/git/ros2-study/chapt4_ws/install/pkg_interfaces/share/pkg_interfaces/cmake/ament_cmake_export_targets-extras.cmake
[0.412s] -- Up-to-date symlink: /home/llw/git/ros2-study/chapt4_ws/install/pkg_interfaces/share/pkg_interfaces/cmake/rosidl_cmake_export_typesupport_targets-extras.cmake
[0.412s] -- Up-to-date symlink: /home/llw/git/ros2-study/chapt4_ws/install/pkg_interfaces/share/pkg_interfaces/cmake/rosidl_cmake_export_typesupport_libraries-extras.cmake
[0.412s] -- Up-to-date symlink: /home/llw/git/ros2-study/chapt4_ws/install/pkg_interfaces/share/pkg_interfaces/cmake/pkg_interfacesConfig.cmake
[0.413s] -- Up-to-date symlink: /home/llw/git/ros2-study/chapt4_ws/install/pkg_interfaces/share/pkg_interfaces/cmake/pkg_interfacesConfig-version.cmake
[0.413s] -- Up-to-date symlink: /home/llw/git/ros2-study/chapt4_ws/install/pkg_interfaces/share/pkg_interfaces/package.xml
[0.413s] -- Up-to-date: /home/llw/git/ros2-study/chapt4_ws/install/pkg_interfaces/lib/libpkg_interfaces__rosidl_generator_c.so
[0.414s] -- Up-to-date: /home/llw/git/ros2-study/chapt4_ws/install/pkg_interfaces/lib/libpkg_interfaces__rosidl_typesupport_fastrtps_c.so
[0.414s] -- Up-to-date: /home/llw/git/ros2-study/chapt4_ws/install/pkg_interfaces/lib/libpkg_interfaces__rosidl_typesupport_fastrtps_cpp.so
[0.415s] -- Up-to-date: /home/llw/git/ros2-study/chapt4_ws/install/pkg_interfaces/lib/libpkg_interfaces__rosidl_typesupport_introspection_c.so
[0.415s] -- Up-to-date: /home/llw/git/ros2-study/chapt4_ws/install/pkg_interfaces/lib/libpkg_interfaces__rosidl_typesupport_c.so
[0.416s] -- Up-to-date: /home/llw/git/ros2-study/chapt4_ws/install/pkg_interfaces/lib/libpkg_interfaces__rosidl_typesupport_introspection_cpp.so
[0.416s] -- Up-to-date: /home/llw/git/ros2-study/chapt4_ws/install/pkg_interfaces/lib/libpkg_interfaces__rosidl_typesupport_cpp.so
[0.449s] Listing '/home/llw/git/ros2-study/chapt4_ws/install/pkg_interfaces/local/lib/python3.10/dist-packages/pkg_interfaces'...
[0.449s] Listing '/home/llw/git/ros2-study/chapt4_ws/install/pkg_interfaces/local/lib/python3.10/dist-packages/pkg_interfaces/srv'...
[0.453s] -- Up-to-date: /home/llw/git/ros2-study/chapt4_ws/install/pkg_interfaces/lib/libpkg_interfaces__rosidl_generator_py.so
[0.454s] -- Up-to-date: /home/llw/git/ros2-study/chapt4_ws/install/pkg_interfaces/share/pkg_interfaces/cmake/export_pkg_interfaces__rosidl_generator_cExport.cmake
[0.454s] -- Up-to-date: /home/llw/git/ros2-study/chapt4_ws/install/pkg_interfaces/share/pkg_interfaces/cmake/export_pkg_interfaces__rosidl_generator_cExport-noconfig.cmake
[0.454s] -- Up-to-date: /home/llw/git/ros2-study/chapt4_ws/install/pkg_interfaces/share/pkg_interfaces/cmake/export_pkg_interfaces__rosidl_typesupport_fastrtps_cExport.cmake
[0.454s] -- Up-to-date: /home/llw/git/ros2-study/chapt4_ws/install/pkg_interfaces/share/pkg_interfaces/cmake/export_pkg_interfaces__rosidl_typesupport_fastrtps_cExport-noconfig.cmake
[0.454s] -- Up-to-date: /home/llw/git/ros2-study/chapt4_ws/install/pkg_interfaces/share/pkg_interfaces/cmake/export_pkg_interfaces__rosidl_generator_cppExport.cmake
[0.454s] -- Up-to-date: /home/llw/git/ros2-study/chapt4_ws/install/pkg_interfaces/share/pkg_interfaces/cmake/export_pkg_interfaces__rosidl_typesupport_fastrtps_cppExport.cmake
[0.454s] -- Up-to-date: /home/llw/git/ros2-study/chapt4_ws/install/pkg_interfaces/share/pkg_interfaces/cmake/export_pkg_interfaces__rosidl_typesupport_fastrtps_cppExport-noconfig.cmake
[0.454s] -- Up-to-date: /home/llw/git/ros2-study/chapt4_ws/install/pkg_interfaces/share/pkg_interfaces/cmake/pkg_interfaces__rosidl_typesupport_introspection_cExport.cmake
[0.454s] -- Up-to-date: /home/llw/git/ros2-study/chapt4_ws/install/pkg_interfaces/share/pkg_interfaces/cmake/pkg_interfaces__rosidl_typesupport_introspection_cExport-noconfig.cmake
[0.455s] -- Up-to-date: /home/llw/git/ros2-study/chapt4_ws/install/pkg_interfaces/share/pkg_interfaces/cmake/pkg_interfaces__rosidl_typesupport_cExport.cmake
[0.455s] -- Up-to-date: /home/llw/git/ros2-study/chapt4_ws/install/pkg_interfaces/share/pkg_interfaces/cmake/pkg_interfaces__rosidl_typesupport_cExport-noconfig.cmake
[0.455s] -- Up-to-date: /home/llw/git/ros2-study/chapt4_ws/install/pkg_interfaces/share/pkg_interfaces/cmake/pkg_interfaces__rosidl_typesupport_introspection_cppExport.cmake
[0.455s] -- Up-to-date: /home/llw/git/ros2-study/chapt4_ws/install/pkg_interfaces/share/pkg_interfaces/cmake/pkg_interfaces__rosidl_typesupport_introspection_cppExport-noconfig.cmake
[0.455s] -- Up-to-date: /home/llw/git/ros2-study/chapt4_ws/install/pkg_interfaces/share/pkg_interfaces/cmake/pkg_interfaces__rosidl_typesupport_cppExport.cmake
[0.455s] -- Up-to-date: /home/llw/git/ros2-study/chapt4_ws/install/pkg_interfaces/share/pkg_interfaces/cmake/pkg_interfaces__rosidl_typesupport_cppExport-noconfig.cmake
[0.455s] -- Up-to-date: /home/llw/git/ros2-study/chapt4_ws/install/pkg_interfaces/share/pkg_interfaces/cmake/export_pkg_interfaces__rosidl_generator_pyExport.cmake
[0.455s] -- Up-to-date: /home/llw/git/ros2-study/chapt4_ws/install/pkg_interfaces/share/pkg_interfaces/cmake/export_pkg_interfaces__rosidl_generator_pyExport-noconfig.cmake
[0.457s] Invoked command in '/home/llw/git/ros2-study/chapt4_ws/build/pkg_interfaces' returned '0': CMAKE_PREFIX_PATH=/opt/ros/humble /usr/bin/cmake --install /home/llw/git/ros2-study/chapt4_ws/build/pkg_interfaces
